[2024-04-27 23:02:42,679] {taskinstance.py:877} INFO - Dependencies all met for <TaskInstance: hello.hello_task 2022-02-05T00:00:00+00:00 [queued]>
[2024-04-27 23:02:43,058] {taskinstance.py:877} INFO - Dependencies all met for <TaskInstance: hello.hello_task 2022-02-05T00:00:00+00:00 [queued]>
[2024-04-27 23:02:43,077] {taskinstance.py:1068} INFO - 
--------------------------------------------------------------------------------
[2024-04-27 23:02:43,108] {taskinstance.py:1069} INFO - Starting attempt 1 of 2
[2024-04-27 23:02:43,111] {taskinstance.py:1070} INFO - 
--------------------------------------------------------------------------------
[2024-04-27 23:02:43,245] {taskinstance.py:1089} INFO - Executing <Task(PythonOperator): hello_task> on 2022-02-05T00:00:00+00:00
[2024-04-27 23:02:43,324] {standard_task_runner.py:52} INFO - Started process 109 to run task
[2024-04-27 23:02:43,465] {standard_task_runner.py:76} INFO - Running: ['airflow', 'tasks', 'run', 'hello', 'hello_task', '2022-02-05T00:00:00+00:00', '--job-id', '32', '--pool', 'default_pool', '--raw', '--subdir', 'DAGS_FOLDER/hello.py', '--cfg-path', '/tmp/tmpfg7qszvb', '--error-file', '/tmp/tmpx9p_9rbn']
[2024-04-27 23:02:43,472] {standard_task_runner.py:77} INFO - Job 32: Subtask hello_task
[2024-04-27 23:02:43,798] {logging_mixin.py:104} INFO - Running <TaskInstance: hello.hello_task 2022-02-05T00:00:00+00:00 [running]> on host 10d8235a57dc
[2024-04-27 23:02:44,465] {taskinstance.py:1283} INFO - Exporting the following env vars:
AIRFLOW_CTX_DAG_OWNER=airflow
AIRFLOW_CTX_DAG_ID=hello
AIRFLOW_CTX_TASK_ID=hello_task
AIRFLOW_CTX_EXECUTION_DATE=2022-02-05T00:00:00+00:00
AIRFLOW_CTX_DAG_RUN_ID=scheduled__2022-02-05T00:00:00+00:00
[2024-04-27 23:02:44,491] {python.py:118} INFO - Done. Returned value was: Hello Airflow!
[2024-04-27 23:02:44,935] {taskinstance.py:1192} INFO - Marking task as SUCCESS. dag_id=hello, task_id=hello_task, execution_date=20220205T000000, start_date=20240427T230242, end_date=20240427T230244
[2024-04-27 23:02:45,799] {taskinstance.py:1246} INFO - 0 downstream tasks scheduled from follow-on schedule check
[2024-04-27 23:02:46,044] {local_task_job.py:146} INFO - Task exited with return code 0
