[2024-04-27 23:00:28,782] {taskinstance.py:877} INFO - Dependencies all met for <TaskInstance: hello.hello_task 2022-01-23T00:00:00+00:00 [queued]>
[2024-04-27 23:00:28,918] {taskinstance.py:877} INFO - Dependencies all met for <TaskInstance: hello.hello_task 2022-01-23T00:00:00+00:00 [queued]>
[2024-04-27 23:00:28,941] {taskinstance.py:1068} INFO - 
--------------------------------------------------------------------------------
[2024-04-27 23:00:28,943] {taskinstance.py:1069} INFO - Starting attempt 1 of 2
[2024-04-27 23:00:28,947] {taskinstance.py:1070} INFO - 
--------------------------------------------------------------------------------
[2024-04-27 23:00:29,092] {taskinstance.py:1089} INFO - Executing <Task(PythonOperator): hello_task> on 2022-01-23T00:00:00+00:00
[2024-04-27 23:00:29,134] {standard_task_runner.py:52} INFO - Started process 65 to run task
[2024-04-27 23:00:29,298] {standard_task_runner.py:76} INFO - Running: ['airflow', 'tasks', 'run', 'hello', 'hello_task', '2022-01-23T00:00:00+00:00', '--job-id', '12', '--pool', 'default_pool', '--raw', '--subdir', 'DAGS_FOLDER/hello.py', '--cfg-path', '/tmp/tmpj5a1uola', '--error-file', '/tmp/tmp1pi615_u']
[2024-04-27 23:00:29,307] {standard_task_runner.py:77} INFO - Job 12: Subtask hello_task
[2024-04-27 23:00:29,732] {logging_mixin.py:104} INFO - Running <TaskInstance: hello.hello_task 2022-01-23T00:00:00+00:00 [running]> on host 10d8235a57dc
[2024-04-27 23:00:30,462] {taskinstance.py:1283} INFO - Exporting the following env vars:
AIRFLOW_CTX_DAG_OWNER=airflow
AIRFLOW_CTX_DAG_ID=hello
AIRFLOW_CTX_TASK_ID=hello_task
AIRFLOW_CTX_EXECUTION_DATE=2022-01-23T00:00:00+00:00
AIRFLOW_CTX_DAG_RUN_ID=scheduled__2022-01-23T00:00:00+00:00
[2024-04-27 23:00:30,481] {python.py:118} INFO - Done. Returned value was: Hello Airflow!
[2024-04-27 23:00:30,905] {taskinstance.py:1192} INFO - Marking task as SUCCESS. dag_id=hello, task_id=hello_task, execution_date=20220123T000000, start_date=20240427T230028, end_date=20240427T230030
[2024-04-27 23:00:31,721] {taskinstance.py:1246} INFO - 0 downstream tasks scheduled from follow-on schedule check
[2024-04-27 23:00:32,007] {local_task_job.py:146} INFO - Task exited with return code 0
