[2024-04-27 23:02:51,104] {taskinstance.py:877} INFO - Dependencies all met for <TaskInstance: hello.hello_task 2022-02-13T00:00:00+00:00 [queued]>
[2024-04-27 23:02:51,314] {taskinstance.py:877} INFO - Dependencies all met for <TaskInstance: hello.hello_task 2022-02-13T00:00:00+00:00 [queued]>
[2024-04-27 23:02:51,316] {taskinstance.py:1068} INFO - 
--------------------------------------------------------------------------------
[2024-04-27 23:02:51,317] {taskinstance.py:1069} INFO - Starting attempt 1 of 2
[2024-04-27 23:02:51,318] {taskinstance.py:1070} INFO - 
--------------------------------------------------------------------------------
[2024-04-27 23:02:51,395] {taskinstance.py:1089} INFO - Executing <Task(PythonOperator): hello_task> on 2022-02-13T00:00:00+00:00
[2024-04-27 23:02:51,450] {standard_task_runner.py:52} INFO - Started process 118 to run task
[2024-04-27 23:02:51,499] {standard_task_runner.py:76} INFO - Running: ['airflow', 'tasks', 'run', 'hello', 'hello_task', '2022-02-13T00:00:00+00:00', '--job-id', '39', '--pool', 'default_pool', '--raw', '--subdir', 'DAGS_FOLDER/hello.py', '--cfg-path', '/tmp/tmpripbgywl', '--error-file', '/tmp/tmpgpx2_plk']
[2024-04-27 23:02:51,516] {standard_task_runner.py:77} INFO - Job 39: Subtask hello_task
[2024-04-27 23:02:51,881] {logging_mixin.py:104} INFO - Running <TaskInstance: hello.hello_task 2022-02-13T00:00:00+00:00 [running]> on host 10d8235a57dc
[2024-04-27 23:02:52,310] {taskinstance.py:1283} INFO - Exporting the following env vars:
AIRFLOW_CTX_DAG_OWNER=airflow
AIRFLOW_CTX_DAG_ID=hello
AIRFLOW_CTX_TASK_ID=hello_task
AIRFLOW_CTX_EXECUTION_DATE=2022-02-13T00:00:00+00:00
AIRFLOW_CTX_DAG_RUN_ID=scheduled__2022-02-13T00:00:00+00:00
[2024-04-27 23:02:52,323] {python.py:118} INFO - Done. Returned value was: Hello Airflow!
[2024-04-27 23:02:52,616] {taskinstance.py:1192} INFO - Marking task as SUCCESS. dag_id=hello, task_id=hello_task, execution_date=20220213T000000, start_date=20240427T230251, end_date=20240427T230252
[2024-04-27 23:02:53,345] {taskinstance.py:1246} INFO - 1 downstream tasks scheduled from follow-on schedule check
[2024-04-27 23:02:53,482] {local_task_job.py:146} INFO - Task exited with return code 0
