[2024-04-27 23:02:46,784] {taskinstance.py:877} INFO - Dependencies all met for <TaskInstance: hello.hello_task 2022-02-09T00:00:00+00:00 [queued]>
[2024-04-27 23:02:47,223] {taskinstance.py:877} INFO - Dependencies all met for <TaskInstance: hello.hello_task 2022-02-09T00:00:00+00:00 [queued]>
[2024-04-27 23:02:47,230] {taskinstance.py:1068} INFO - 
--------------------------------------------------------------------------------
[2024-04-27 23:02:47,231] {taskinstance.py:1069} INFO - Starting attempt 1 of 2
[2024-04-27 23:02:47,250] {taskinstance.py:1070} INFO - 
--------------------------------------------------------------------------------
[2024-04-27 23:02:47,451] {taskinstance.py:1089} INFO - Executing <Task(PythonOperator): hello_task> on 2022-02-09T00:00:00+00:00
[2024-04-27 23:02:47,678] {standard_task_runner.py:52} INFO - Started process 114 to run task
[2024-04-27 23:02:47,832] {standard_task_runner.py:76} INFO - Running: ['airflow', 'tasks', 'run', 'hello', 'hello_task', '2022-02-09T00:00:00+00:00', '--job-id', '36', '--pool', 'default_pool', '--raw', '--subdir', 'DAGS_FOLDER/hello.py', '--cfg-path', '/tmp/tmpo3onpxy3', '--error-file', '/tmp/tmp_dmlocb2']
[2024-04-27 23:02:47,834] {standard_task_runner.py:77} INFO - Job 36: Subtask hello_task
[2024-04-27 23:02:48,452] {logging_mixin.py:104} INFO - Running <TaskInstance: hello.hello_task 2022-02-09T00:00:00+00:00 [running]> on host 10d8235a57dc
[2024-04-27 23:02:49,134] {taskinstance.py:1283} INFO - Exporting the following env vars:
AIRFLOW_CTX_DAG_OWNER=airflow
AIRFLOW_CTX_DAG_ID=hello
AIRFLOW_CTX_TASK_ID=hello_task
AIRFLOW_CTX_EXECUTION_DATE=2022-02-09T00:00:00+00:00
AIRFLOW_CTX_DAG_RUN_ID=scheduled__2022-02-09T00:00:00+00:00
[2024-04-27 23:02:49,168] {python.py:118} INFO - Done. Returned value was: Hello Airflow!
[2024-04-27 23:02:49,374] {taskinstance.py:1192} INFO - Marking task as SUCCESS. dag_id=hello, task_id=hello_task, execution_date=20220209T000000, start_date=20240427T230246, end_date=20240427T230249
[2024-04-27 23:02:50,256] {taskinstance.py:1246} INFO - 0 downstream tasks scheduled from follow-on schedule check
[2024-04-27 23:02:50,533] {local_task_job.py:146} INFO - Task exited with return code 0
