[2024-04-27 23:05:18,141] {taskinstance.py:877} INFO - Dependencies all met for <TaskInstance: hello.hello_task 2022-03-25T00:00:00+00:00 [queued]>
[2024-04-27 23:05:18,213] {taskinstance.py:877} INFO - Dependencies all met for <TaskInstance: hello.hello_task 2022-03-25T00:00:00+00:00 [queued]>
[2024-04-27 23:05:18,215] {taskinstance.py:1068} INFO - 
--------------------------------------------------------------------------------
[2024-04-27 23:05:18,229] {taskinstance.py:1069} INFO - Starting attempt 1 of 2
[2024-04-27 23:05:18,279] {taskinstance.py:1070} INFO - 
--------------------------------------------------------------------------------
[2024-04-27 23:05:18,401] {taskinstance.py:1089} INFO - Executing <Task(PythonOperator): hello_task> on 2022-03-25T00:00:00+00:00
[2024-04-27 23:05:18,433] {standard_task_runner.py:52} INFO - Started process 188 to run task
[2024-04-27 23:05:18,463] {standard_task_runner.py:76} INFO - Running: ['airflow', 'tasks', 'run', 'hello', 'hello_task', '2022-03-25T00:00:00+00:00', '--job-id', '75', '--pool', 'default_pool', '--raw', '--subdir', 'DAGS_FOLDER/hello.py', '--cfg-path', '/tmp/tmpm38coid_', '--error-file', '/tmp/tmpl8y88uwd']
[2024-04-27 23:05:18,474] {standard_task_runner.py:77} INFO - Job 75: Subtask hello_task
[2024-04-27 23:05:18,877] {logging_mixin.py:104} INFO - Running <TaskInstance: hello.hello_task 2022-03-25T00:00:00+00:00 [running]> on host 10d8235a57dc
[2024-04-27 23:05:19,135] {taskinstance.py:1283} INFO - Exporting the following env vars:
AIRFLOW_CTX_DAG_OWNER=airflow
AIRFLOW_CTX_DAG_ID=hello
AIRFLOW_CTX_TASK_ID=hello_task
AIRFLOW_CTX_EXECUTION_DATE=2022-03-25T00:00:00+00:00
AIRFLOW_CTX_DAG_RUN_ID=scheduled__2022-03-25T00:00:00+00:00
[2024-04-27 23:05:19,142] {python.py:118} INFO - Done. Returned value was: Hello Airflow!
[2024-04-27 23:05:19,325] {taskinstance.py:1192} INFO - Marking task as SUCCESS. dag_id=hello, task_id=hello_task, execution_date=20220325T000000, start_date=20240427T230518, end_date=20240427T230519
[2024-04-27 23:05:19,529] {taskinstance.py:1246} INFO - 1 downstream tasks scheduled from follow-on schedule check
[2024-04-27 23:05:19,586] {local_task_job.py:146} INFO - Task exited with return code 0
