[2024-04-27 23:05:17,609] {taskinstance.py:877} INFO - Dependencies all met for <TaskInstance: hello.hello_task 2022-03-19T00:00:00+00:00 [queued]>
[2024-04-27 23:05:17,692] {taskinstance.py:877} INFO - Dependencies all met for <TaskInstance: hello.hello_task 2022-03-19T00:00:00+00:00 [queued]>
[2024-04-27 23:05:17,694] {taskinstance.py:1068} INFO - 
--------------------------------------------------------------------------------
[2024-04-27 23:05:17,695] {taskinstance.py:1069} INFO - Starting attempt 1 of 2
[2024-04-27 23:05:17,696] {taskinstance.py:1070} INFO - 
--------------------------------------------------------------------------------
[2024-04-27 23:05:17,805] {taskinstance.py:1089} INFO - Executing <Task(PythonOperator): hello_task> on 2022-03-19T00:00:00+00:00
[2024-04-27 23:05:17,838] {standard_task_runner.py:52} INFO - Started process 187 to run task
[2024-04-27 23:05:17,890] {standard_task_runner.py:76} INFO - Running: ['airflow', 'tasks', 'run', 'hello', 'hello_task', '2022-03-19T00:00:00+00:00', '--job-id', '74', '--pool', 'default_pool', '--raw', '--subdir', 'DAGS_FOLDER/hello.py', '--cfg-path', '/tmp/tmplgxjr5xd', '--error-file', '/tmp/tmpmf0bdxo9']
[2024-04-27 23:05:17,894] {standard_task_runner.py:77} INFO - Job 74: Subtask hello_task
[2024-04-27 23:05:18,189] {logging_mixin.py:104} INFO - Running <TaskInstance: hello.hello_task 2022-03-19T00:00:00+00:00 [running]> on host 10d8235a57dc
[2024-04-27 23:05:18,591] {taskinstance.py:1283} INFO - Exporting the following env vars:
AIRFLOW_CTX_DAG_OWNER=airflow
AIRFLOW_CTX_DAG_ID=hello
AIRFLOW_CTX_TASK_ID=hello_task
AIRFLOW_CTX_EXECUTION_DATE=2022-03-19T00:00:00+00:00
AIRFLOW_CTX_DAG_RUN_ID=scheduled__2022-03-19T00:00:00+00:00
[2024-04-27 23:05:18,630] {python.py:118} INFO - Done. Returned value was: Hello Airflow!
[2024-04-27 23:05:18,814] {taskinstance.py:1192} INFO - Marking task as SUCCESS. dag_id=hello, task_id=hello_task, execution_date=20220319T000000, start_date=20240427T230517, end_date=20240427T230518
[2024-04-27 23:05:19,071] {taskinstance.py:1246} INFO - 1 downstream tasks scheduled from follow-on schedule check
[2024-04-27 23:05:19,175] {local_task_job.py:146} INFO - Task exited with return code 0
