[2024-04-27 23:02:55,290] {taskinstance.py:877} INFO - Dependencies all met for <TaskInstance: hello.hello_task 2022-02-18T00:00:00+00:00 [queued]>
[2024-04-27 23:02:55,385] {taskinstance.py:877} INFO - Dependencies all met for <TaskInstance: hello.hello_task 2022-02-18T00:00:00+00:00 [queued]>
[2024-04-27 23:02:55,395] {taskinstance.py:1068} INFO - 
--------------------------------------------------------------------------------
[2024-04-27 23:02:55,408] {taskinstance.py:1069} INFO - Starting attempt 1 of 2
[2024-04-27 23:02:55,410] {taskinstance.py:1070} INFO - 
--------------------------------------------------------------------------------
[2024-04-27 23:02:55,500] {taskinstance.py:1089} INFO - Executing <Task(PythonOperator): hello_task> on 2022-02-18T00:00:00+00:00
[2024-04-27 23:02:55,579] {standard_task_runner.py:76} INFO - Running: ['airflow', 'tasks', 'run', 'hello', 'hello_task', '2022-02-18T00:00:00+00:00', '--job-id', '44', '--pool', 'default_pool', '--raw', '--subdir', 'DAGS_FOLDER/hello.py', '--cfg-path', '/tmp/tmpoxz2rmex', '--error-file', '/tmp/tmpbukxpv79']
[2024-04-27 23:02:55,583] {standard_task_runner.py:77} INFO - Job 44: Subtask hello_task
[2024-04-27 23:02:55,548] {standard_task_runner.py:52} INFO - Started process 128 to run task
[2024-04-27 23:02:55,782] {logging_mixin.py:104} INFO - Running <TaskInstance: hello.hello_task 2022-02-18T00:00:00+00:00 [running]> on host 10d8235a57dc
[2024-04-27 23:02:56,055] {taskinstance.py:1283} INFO - Exporting the following env vars:
AIRFLOW_CTX_DAG_OWNER=airflow
AIRFLOW_CTX_DAG_ID=hello
AIRFLOW_CTX_TASK_ID=hello_task
AIRFLOW_CTX_EXECUTION_DATE=2022-02-18T00:00:00+00:00
AIRFLOW_CTX_DAG_RUN_ID=scheduled__2022-02-18T00:00:00+00:00
[2024-04-27 23:02:56,062] {python.py:118} INFO - Done. Returned value was: Hello Airflow!
[2024-04-27 23:02:56,261] {taskinstance.py:1192} INFO - Marking task as SUCCESS. dag_id=hello, task_id=hello_task, execution_date=20220218T000000, start_date=20240427T230255, end_date=20240427T230256
[2024-04-27 23:02:56,573] {taskinstance.py:1246} INFO - 0 downstream tasks scheduled from follow-on schedule check
[2024-04-27 23:02:56,662] {local_task_job.py:146} INFO - Task exited with return code 0
