[2024-04-27 23:19:33,826] {taskinstance.py:877} INFO - Dependencies all met for <TaskInstance: exampleSimon.also_run_this 2024-04-26T00:00:00+00:00 [queued]>
[2024-04-27 23:19:33,892] {taskinstance.py:877} INFO - Dependencies all met for <TaskInstance: exampleSimon.also_run_this 2024-04-26T00:00:00+00:00 [queued]>
[2024-04-27 23:19:33,894] {taskinstance.py:1068} INFO - 
--------------------------------------------------------------------------------
[2024-04-27 23:19:33,895] {taskinstance.py:1069} INFO - Starting attempt 1 of 1
[2024-04-27 23:19:33,896] {taskinstance.py:1070} INFO - 
--------------------------------------------------------------------------------
[2024-04-27 23:19:34,051] {taskinstance.py:1089} INFO - Executing <Task(BashOperator): also_run_this> on 2024-04-26T00:00:00+00:00
[2024-04-27 23:19:34,115] {standard_task_runner.py:52} INFO - Started process 222 to run task
[2024-04-27 23:19:34,161] {standard_task_runner.py:76} INFO - Running: ['airflow', 'tasks', 'run', 'exampleSimon', 'also_run_this', '2024-04-26T00:00:00+00:00', '--job-id', '91', '--pool', 'default_pool', '--raw', '--subdir', 'DAGS_FOLDER/helloAgain.py', '--cfg-path', '/tmp/tmpg8nxs1cy', '--error-file', '/tmp/tmpcydooo0p']
[2024-04-27 23:19:34,165] {standard_task_runner.py:77} INFO - Job 91: Subtask also_run_this
[2024-04-27 23:19:51,444] {logging_mixin.py:104} INFO - Running <TaskInstance: exampleSimon.also_run_this 2024-04-26T00:00:00+00:00 [running]> on host 10d8235a57dc
[2024-04-27 23:19:52,078] {taskinstance.py:1283} INFO - Exporting the following env vars:
AIRFLOW_CTX_DAG_OWNER=airflow
AIRFLOW_CTX_DAG_ID=exampleSimon
AIRFLOW_CTX_TASK_ID=also_run_this
AIRFLOW_CTX_EXECUTION_DATE=2024-04-26T00:00:00+00:00
AIRFLOW_CTX_DAG_RUN_ID=scheduled__2024-04-26T00:00:00+00:00
[2024-04-27 23:19:52,115] {bash.py:135} INFO - Tmp dir root location: 
 /tmp
[2024-04-27 23:19:52,127] {bash.py:158} INFO - Running command: echo "run_id=scheduled__2024-04-26T00:00:00+00:00 | dag_run=<DagRun exampleSimon @ 2024-04-26 00:00:00+00:00: scheduled__2024-04-26T00:00:00+00:00, externally triggered: False>"
[2024-04-27 23:19:52,295] {bash.py:169} INFO - Output:
[2024-04-27 23:19:52,357] {bash.py:173} INFO - run_id=scheduled__2024-04-26T00:00:00+00:00 | dag_run=<DagRun exampleSimon @ 2024-04-26 00:00:00+00:00: scheduled__2024-04-26T00:00:00+00:00, externally triggered: False>
[2024-04-27 23:19:52,363] {bash.py:177} INFO - Command exited with return code 0
[2024-04-27 23:19:52,477] {taskinstance.py:1192} INFO - Marking task as SUCCESS. dag_id=exampleSimon, task_id=also_run_this, execution_date=20240426T000000, start_date=20240427T231933, end_date=20240427T231952
[2024-04-27 23:19:52,571] {taskinstance.py:1246} INFO - 0 downstream tasks scheduled from follow-on schedule check
[2024-04-27 23:19:52,665] {local_task_job.py:146} INFO - Task exited with return code 0
