[2024-04-27 23:00:32,551] {taskinstance.py:877} INFO - Dependencies all met for <TaskInstance: hello.hello_task 2022-01-14T00:00:00+00:00 [queued]>
[2024-04-27 23:00:32,694] {taskinstance.py:877} INFO - Dependencies all met for <TaskInstance: hello.hello_task 2022-01-14T00:00:00+00:00 [queued]>
[2024-04-27 23:00:32,705] {taskinstance.py:1068} INFO - 
--------------------------------------------------------------------------------
[2024-04-27 23:00:32,708] {taskinstance.py:1069} INFO - Starting attempt 1 of 2
[2024-04-27 23:00:32,709] {taskinstance.py:1070} INFO - 
--------------------------------------------------------------------------------
[2024-04-27 23:00:32,810] {taskinstance.py:1089} INFO - Executing <Task(PythonOperator): hello_task> on 2022-01-14T00:00:00+00:00
[2024-04-27 23:00:32,860] {standard_task_runner.py:52} INFO - Started process 75 to run task
[2024-04-27 23:00:32,943] {standard_task_runner.py:76} INFO - Running: ['airflow', 'tasks', 'run', 'hello', 'hello_task', '2022-01-14T00:00:00+00:00', '--job-id', '19', '--pool', 'default_pool', '--raw', '--subdir', 'DAGS_FOLDER/hello.py', '--cfg-path', '/tmp/tmph73_r_66', '--error-file', '/tmp/tmptc02rw43']
[2024-04-27 23:00:32,944] {standard_task_runner.py:77} INFO - Job 19: Subtask hello_task
[2024-04-27 23:00:33,272] {logging_mixin.py:104} INFO - Running <TaskInstance: hello.hello_task 2022-01-14T00:00:00+00:00 [running]> on host 10d8235a57dc
[2024-04-27 23:00:33,539] {taskinstance.py:1283} INFO - Exporting the following env vars:
AIRFLOW_CTX_DAG_OWNER=airflow
AIRFLOW_CTX_DAG_ID=hello
AIRFLOW_CTX_TASK_ID=hello_task
AIRFLOW_CTX_EXECUTION_DATE=2022-01-14T00:00:00+00:00
AIRFLOW_CTX_DAG_RUN_ID=scheduled__2022-01-14T00:00:00+00:00
[2024-04-27 23:00:33,555] {python.py:118} INFO - Done. Returned value was: Hello Airflow!
[2024-04-27 23:00:33,641] {taskinstance.py:1192} INFO - Marking task as SUCCESS. dag_id=hello, task_id=hello_task, execution_date=20220114T000000, start_date=20240427T230032, end_date=20240427T230033
[2024-04-27 23:00:33,758] {taskinstance.py:1246} INFO - 1 downstream tasks scheduled from follow-on schedule check
[2024-04-27 23:00:33,847] {local_task_job.py:146} INFO - Task exited with return code 0
