[2024-04-27 23:02:13,877] {taskinstance.py:877} INFO - Dependencies all met for <TaskInstance: hello.hello_task 2022-01-28T00:00:00+00:00 [queued]>
[2024-04-27 23:02:13,963] {taskinstance.py:877} INFO - Dependencies all met for <TaskInstance: hello.hello_task 2022-01-28T00:00:00+00:00 [queued]>
[2024-04-27 23:02:13,965] {taskinstance.py:1068} INFO - 
--------------------------------------------------------------------------------
[2024-04-27 23:02:13,967] {taskinstance.py:1069} INFO - Starting attempt 1 of 2
[2024-04-27 23:02:13,970] {taskinstance.py:1070} INFO - 
--------------------------------------------------------------------------------
[2024-04-27 23:02:14,130] {taskinstance.py:1089} INFO - Executing <Task(PythonOperator): hello_task> on 2022-01-28T00:00:00+00:00
[2024-04-27 23:02:14,256] {standard_task_runner.py:76} INFO - Running: ['airflow', 'tasks', 'run', 'hello', 'hello_task', '2022-01-28T00:00:00+00:00', '--job-id', '23', '--pool', 'default_pool', '--raw', '--subdir', 'DAGS_FOLDER/hello.py', '--cfg-path', '/tmp/tmpn_1nosjc', '--error-file', '/tmp/tmplirx4x4m']
[2024-04-27 23:02:14,277] {standard_task_runner.py:77} INFO - Job 23: Subtask hello_task
[2024-04-27 23:02:14,149] {standard_task_runner.py:52} INFO - Started process 85 to run task
[2024-04-27 23:02:14,694] {logging_mixin.py:104} INFO - Running <TaskInstance: hello.hello_task 2022-01-28T00:00:00+00:00 [running]> on host 10d8235a57dc
[2024-04-27 23:02:15,126] {taskinstance.py:1283} INFO - Exporting the following env vars:
AIRFLOW_CTX_DAG_OWNER=airflow
AIRFLOW_CTX_DAG_ID=hello
AIRFLOW_CTX_TASK_ID=hello_task
AIRFLOW_CTX_EXECUTION_DATE=2022-01-28T00:00:00+00:00
AIRFLOW_CTX_DAG_RUN_ID=scheduled__2022-01-28T00:00:00+00:00
[2024-04-27 23:02:15,185] {python.py:118} INFO - Done. Returned value was: Hello Airflow!
[2024-04-27 23:02:15,476] {taskinstance.py:1192} INFO - Marking task as SUCCESS. dag_id=hello, task_id=hello_task, execution_date=20220128T000000, start_date=20240427T230213, end_date=20240427T230215
[2024-04-27 23:02:16,309] {taskinstance.py:1246} INFO - 0 downstream tasks scheduled from follow-on schedule check
[2024-04-27 23:02:16,491] {local_task_job.py:146} INFO - Task exited with return code 0
