[2024-04-27 22:16:42,313] {scheduler_job.py:182} INFO - Started process (PID=36) to work on /home/airflow/.local/lib/python3.6/site-packages/airflow/example_dags/example_external_task_marker_dag.py
[2024-04-27 22:16:42,320] {scheduler_job.py:629} INFO - Processing file /home/airflow/.local/lib/python3.6/site-packages/airflow/example_dags/example_external_task_marker_dag.py for tasks to queue
[2024-04-27 22:16:42,324] {logging_mixin.py:104} INFO - [2024-04-27 22:16:42,323] {dagbag.py:451} INFO - Filling up the DagBag from /home/airflow/.local/lib/python3.6/site-packages/airflow/example_dags/example_external_task_marker_dag.py
[2024-04-27 22:16:42,405] {scheduler_job.py:639} INFO - DAG(s) dict_keys(['example_external_task_marker_parent', 'example_external_task_marker_child']) retrieved from /home/airflow/.local/lib/python3.6/site-packages/airflow/example_dags/example_external_task_marker_dag.py
[2024-04-27 22:16:42,540] {logging_mixin.py:104} INFO - [2024-04-27 22:16:42,540] {dag.py:1824} INFO - Sync 2 DAGs
[2024-04-27 22:16:42,568] {logging_mixin.py:104} INFO - [2024-04-27 22:16:42,568] {dag.py:1843} INFO - Creating ORM DAG for example_external_task_marker_child
[2024-04-27 22:16:42,576] {logging_mixin.py:104} INFO - [2024-04-27 22:16:42,576] {dag.py:1843} INFO - Creating ORM DAG for example_external_task_marker_parent
[2024-04-27 22:16:42,596] {logging_mixin.py:104} INFO - [2024-04-27 22:16:42,596] {dag.py:2280} INFO - Setting next_dagrun for example_external_task_marker_child to None
[2024-04-27 22:16:42,602] {logging_mixin.py:104} INFO - [2024-04-27 22:16:42,602] {dag.py:2280} INFO - Setting next_dagrun for example_external_task_marker_parent to None
[2024-04-27 22:16:42,695] {scheduler_job.py:190} INFO - Processing /home/airflow/.local/lib/python3.6/site-packages/airflow/example_dags/example_external_task_marker_dag.py took 0.401 seconds
[2024-04-27 22:17:15,335] {scheduler_job.py:182} INFO - Started process (PID=66) to work on /home/airflow/.local/lib/python3.6/site-packages/airflow/example_dags/example_external_task_marker_dag.py
[2024-04-27 22:17:15,339] {scheduler_job.py:629} INFO - Processing file /home/airflow/.local/lib/python3.6/site-packages/airflow/example_dags/example_external_task_marker_dag.py for tasks to queue
[2024-04-27 22:17:15,348] {logging_mixin.py:104} INFO - [2024-04-27 22:17:15,348] {dagbag.py:451} INFO - Filling up the DagBag from /home/airflow/.local/lib/python3.6/site-packages/airflow/example_dags/example_external_task_marker_dag.py
[2024-04-27 22:17:15,468] {scheduler_job.py:639} INFO - DAG(s) dict_keys(['example_external_task_marker_parent', 'example_external_task_marker_child']) retrieved from /home/airflow/.local/lib/python3.6/site-packages/airflow/example_dags/example_external_task_marker_dag.py
[2024-04-27 22:17:15,574] {logging_mixin.py:104} INFO - [2024-04-27 22:17:15,574] {dag.py:1824} INFO - Sync 2 DAGs
[2024-04-27 22:17:15,637] {logging_mixin.py:104} INFO - [2024-04-27 22:17:15,637] {dag.py:2280} INFO - Setting next_dagrun for example_external_task_marker_child to None
[2024-04-27 22:17:15,640] {logging_mixin.py:104} INFO - [2024-04-27 22:17:15,640] {dag.py:2280} INFO - Setting next_dagrun for example_external_task_marker_parent to None
[2024-04-27 22:17:15,672] {scheduler_job.py:190} INFO - Processing /home/airflow/.local/lib/python3.6/site-packages/airflow/example_dags/example_external_task_marker_dag.py took 0.351 seconds
[2024-04-27 22:17:45,807] {scheduler_job.py:182} INFO - Started process (PID=92) to work on /home/airflow/.local/lib/python3.6/site-packages/airflow/example_dags/example_external_task_marker_dag.py
[2024-04-27 22:17:45,812] {scheduler_job.py:629} INFO - Processing file /home/airflow/.local/lib/python3.6/site-packages/airflow/example_dags/example_external_task_marker_dag.py for tasks to queue
[2024-04-27 22:17:45,814] {logging_mixin.py:104} INFO - [2024-04-27 22:17:45,814] {dagbag.py:451} INFO - Filling up the DagBag from /home/airflow/.local/lib/python3.6/site-packages/airflow/example_dags/example_external_task_marker_dag.py
[2024-04-27 22:17:45,836] {scheduler_job.py:639} INFO - DAG(s) dict_keys(['example_external_task_marker_parent', 'example_external_task_marker_child']) retrieved from /home/airflow/.local/lib/python3.6/site-packages/airflow/example_dags/example_external_task_marker_dag.py
[2024-04-27 22:17:45,903] {logging_mixin.py:104} INFO - [2024-04-27 22:17:45,903] {dag.py:1824} INFO - Sync 2 DAGs
[2024-04-27 22:17:45,955] {logging_mixin.py:104} INFO - [2024-04-27 22:17:45,955] {dag.py:2280} INFO - Setting next_dagrun for example_external_task_marker_child to None
[2024-04-27 22:17:45,964] {logging_mixin.py:104} INFO - [2024-04-27 22:17:45,964] {dag.py:2280} INFO - Setting next_dagrun for example_external_task_marker_parent to None
[2024-04-27 22:17:45,993] {scheduler_job.py:190} INFO - Processing /home/airflow/.local/lib/python3.6/site-packages/airflow/example_dags/example_external_task_marker_dag.py took 0.194 seconds
[2024-04-27 22:18:16,527] {scheduler_job.py:182} INFO - Started process (PID=119) to work on /home/airflow/.local/lib/python3.6/site-packages/airflow/example_dags/example_external_task_marker_dag.py
[2024-04-27 22:18:16,531] {scheduler_job.py:629} INFO - Processing file /home/airflow/.local/lib/python3.6/site-packages/airflow/example_dags/example_external_task_marker_dag.py for tasks to queue
[2024-04-27 22:18:16,535] {logging_mixin.py:104} INFO - [2024-04-27 22:18:16,534] {dagbag.py:451} INFO - Filling up the DagBag from /home/airflow/.local/lib/python3.6/site-packages/airflow/example_dags/example_external_task_marker_dag.py
[2024-04-27 22:18:16,561] {scheduler_job.py:639} INFO - DAG(s) dict_keys(['example_external_task_marker_parent', 'example_external_task_marker_child']) retrieved from /home/airflow/.local/lib/python3.6/site-packages/airflow/example_dags/example_external_task_marker_dag.py
[2024-04-27 22:18:16,605] {logging_mixin.py:104} INFO - [2024-04-27 22:18:16,605] {dag.py:1824} INFO - Sync 2 DAGs
[2024-04-27 22:18:16,640] {logging_mixin.py:104} INFO - [2024-04-27 22:18:16,640] {dag.py:2280} INFO - Setting next_dagrun for example_external_task_marker_child to None
[2024-04-27 22:18:16,643] {logging_mixin.py:104} INFO - [2024-04-27 22:18:16,643] {dag.py:2280} INFO - Setting next_dagrun for example_external_task_marker_parent to None
[2024-04-27 22:18:16,664] {scheduler_job.py:190} INFO - Processing /home/airflow/.local/lib/python3.6/site-packages/airflow/example_dags/example_external_task_marker_dag.py took 0.145 seconds
[2024-04-27 22:18:46,914] {scheduler_job.py:182} INFO - Started process (PID=145) to work on /home/airflow/.local/lib/python3.6/site-packages/airflow/example_dags/example_external_task_marker_dag.py
[2024-04-27 22:18:46,916] {scheduler_job.py:629} INFO - Processing file /home/airflow/.local/lib/python3.6/site-packages/airflow/example_dags/example_external_task_marker_dag.py for tasks to queue
[2024-04-27 22:18:46,918] {logging_mixin.py:104} INFO - [2024-04-27 22:18:46,918] {dagbag.py:451} INFO - Filling up the DagBag from /home/airflow/.local/lib/python3.6/site-packages/airflow/example_dags/example_external_task_marker_dag.py
[2024-04-27 22:18:46,939] {scheduler_job.py:639} INFO - DAG(s) dict_keys(['example_external_task_marker_parent', 'example_external_task_marker_child']) retrieved from /home/airflow/.local/lib/python3.6/site-packages/airflow/example_dags/example_external_task_marker_dag.py
[2024-04-27 22:18:46,980] {logging_mixin.py:104} INFO - [2024-04-27 22:18:46,980] {dag.py:1824} INFO - Sync 2 DAGs
[2024-04-27 22:18:47,001] {logging_mixin.py:104} INFO - [2024-04-27 22:18:47,001] {dag.py:2280} INFO - Setting next_dagrun for example_external_task_marker_child to None
[2024-04-27 22:18:47,004] {logging_mixin.py:104} INFO - [2024-04-27 22:18:47,003] {dag.py:2280} INFO - Setting next_dagrun for example_external_task_marker_parent to None
[2024-04-27 22:18:47,023] {scheduler_job.py:190} INFO - Processing /home/airflow/.local/lib/python3.6/site-packages/airflow/example_dags/example_external_task_marker_dag.py took 0.114 seconds
[2024-04-27 22:19:17,356] {scheduler_job.py:182} INFO - Started process (PID=171) to work on /home/airflow/.local/lib/python3.6/site-packages/airflow/example_dags/example_external_task_marker_dag.py
[2024-04-27 22:19:17,360] {scheduler_job.py:629} INFO - Processing file /home/airflow/.local/lib/python3.6/site-packages/airflow/example_dags/example_external_task_marker_dag.py for tasks to queue
[2024-04-27 22:19:17,362] {logging_mixin.py:104} INFO - [2024-04-27 22:19:17,362] {dagbag.py:451} INFO - Filling up the DagBag from /home/airflow/.local/lib/python3.6/site-packages/airflow/example_dags/example_external_task_marker_dag.py
[2024-04-27 22:19:17,383] {scheduler_job.py:639} INFO - DAG(s) dict_keys(['example_external_task_marker_parent', 'example_external_task_marker_child']) retrieved from /home/airflow/.local/lib/python3.6/site-packages/airflow/example_dags/example_external_task_marker_dag.py
[2024-04-27 22:19:17,425] {logging_mixin.py:104} INFO - [2024-04-27 22:19:17,425] {dag.py:1824} INFO - Sync 2 DAGs
[2024-04-27 22:19:17,474] {logging_mixin.py:104} INFO - [2024-04-27 22:19:17,474] {dag.py:2280} INFO - Setting next_dagrun for example_external_task_marker_child to None
[2024-04-27 22:19:17,507] {logging_mixin.py:104} INFO - [2024-04-27 22:19:17,507] {dag.py:2280} INFO - Setting next_dagrun for example_external_task_marker_parent to None
[2024-04-27 22:19:17,548] {scheduler_job.py:190} INFO - Processing /home/airflow/.local/lib/python3.6/site-packages/airflow/example_dags/example_external_task_marker_dag.py took 0.199 seconds
[2024-04-27 22:19:47,963] {scheduler_job.py:182} INFO - Started process (PID=197) to work on /home/airflow/.local/lib/python3.6/site-packages/airflow/example_dags/example_external_task_marker_dag.py
[2024-04-27 22:19:47,966] {scheduler_job.py:629} INFO - Processing file /home/airflow/.local/lib/python3.6/site-packages/airflow/example_dags/example_external_task_marker_dag.py for tasks to queue
[2024-04-27 22:19:47,968] {logging_mixin.py:104} INFO - [2024-04-27 22:19:47,968] {dagbag.py:451} INFO - Filling up the DagBag from /home/airflow/.local/lib/python3.6/site-packages/airflow/example_dags/example_external_task_marker_dag.py
[2024-04-27 22:19:47,991] {scheduler_job.py:639} INFO - DAG(s) dict_keys(['example_external_task_marker_parent', 'example_external_task_marker_child']) retrieved from /home/airflow/.local/lib/python3.6/site-packages/airflow/example_dags/example_external_task_marker_dag.py
[2024-04-27 22:19:48,043] {logging_mixin.py:104} INFO - [2024-04-27 22:19:48,043] {dag.py:1824} INFO - Sync 2 DAGs
[2024-04-27 22:19:48,072] {logging_mixin.py:104} INFO - [2024-04-27 22:19:48,071] {dag.py:2280} INFO - Setting next_dagrun for example_external_task_marker_child to None
[2024-04-27 22:19:48,075] {logging_mixin.py:104} INFO - [2024-04-27 22:19:48,074] {dag.py:2280} INFO - Setting next_dagrun for example_external_task_marker_parent to None
[2024-04-27 22:19:48,094] {scheduler_job.py:190} INFO - Processing /home/airflow/.local/lib/python3.6/site-packages/airflow/example_dags/example_external_task_marker_dag.py took 0.137 seconds
[2024-04-27 22:20:18,318] {scheduler_job.py:182} INFO - Started process (PID=223) to work on /home/airflow/.local/lib/python3.6/site-packages/airflow/example_dags/example_external_task_marker_dag.py
[2024-04-27 22:20:18,321] {scheduler_job.py:629} INFO - Processing file /home/airflow/.local/lib/python3.6/site-packages/airflow/example_dags/example_external_task_marker_dag.py for tasks to queue
[2024-04-27 22:20:18,323] {logging_mixin.py:104} INFO - [2024-04-27 22:20:18,322] {dagbag.py:451} INFO - Filling up the DagBag from /home/airflow/.local/lib/python3.6/site-packages/airflow/example_dags/example_external_task_marker_dag.py
[2024-04-27 22:20:18,342] {scheduler_job.py:639} INFO - DAG(s) dict_keys(['example_external_task_marker_parent', 'example_external_task_marker_child']) retrieved from /home/airflow/.local/lib/python3.6/site-packages/airflow/example_dags/example_external_task_marker_dag.py
[2024-04-27 22:20:18,384] {logging_mixin.py:104} INFO - [2024-04-27 22:20:18,384] {dag.py:1824} INFO - Sync 2 DAGs
[2024-04-27 22:20:18,407] {logging_mixin.py:104} INFO - [2024-04-27 22:20:18,407] {dag.py:2280} INFO - Setting next_dagrun for example_external_task_marker_child to None
[2024-04-27 22:20:18,411] {logging_mixin.py:104} INFO - [2024-04-27 22:20:18,410] {dag.py:2280} INFO - Setting next_dagrun for example_external_task_marker_parent to None
[2024-04-27 22:20:18,429] {scheduler_job.py:190} INFO - Processing /home/airflow/.local/lib/python3.6/site-packages/airflow/example_dags/example_external_task_marker_dag.py took 0.117 seconds
[2024-04-27 22:20:49,161] {scheduler_job.py:182} INFO - Started process (PID=248) to work on /home/airflow/.local/lib/python3.6/site-packages/airflow/example_dags/example_external_task_marker_dag.py
[2024-04-27 22:20:49,163] {scheduler_job.py:629} INFO - Processing file /home/airflow/.local/lib/python3.6/site-packages/airflow/example_dags/example_external_task_marker_dag.py for tasks to queue
[2024-04-27 22:20:49,165] {logging_mixin.py:104} INFO - [2024-04-27 22:20:49,165] {dagbag.py:451} INFO - Filling up the DagBag from /home/airflow/.local/lib/python3.6/site-packages/airflow/example_dags/example_external_task_marker_dag.py
[2024-04-27 22:20:49,187] {scheduler_job.py:639} INFO - DAG(s) dict_keys(['example_external_task_marker_parent', 'example_external_task_marker_child']) retrieved from /home/airflow/.local/lib/python3.6/site-packages/airflow/example_dags/example_external_task_marker_dag.py
[2024-04-27 22:20:49,232] {logging_mixin.py:104} INFO - [2024-04-27 22:20:49,232] {dag.py:1824} INFO - Sync 2 DAGs
[2024-04-27 22:20:49,254] {logging_mixin.py:104} INFO - [2024-04-27 22:20:49,254] {dag.py:2280} INFO - Setting next_dagrun for example_external_task_marker_child to None
[2024-04-27 22:20:49,256] {logging_mixin.py:104} INFO - [2024-04-27 22:20:49,256] {dag.py:2280} INFO - Setting next_dagrun for example_external_task_marker_parent to None
[2024-04-27 22:20:49,276] {scheduler_job.py:190} INFO - Processing /home/airflow/.local/lib/python3.6/site-packages/airflow/example_dags/example_external_task_marker_dag.py took 0.120 seconds
[2024-04-27 22:21:20,829] {scheduler_job.py:182} INFO - Started process (PID=275) to work on /home/airflow/.local/lib/python3.6/site-packages/airflow/example_dags/example_external_task_marker_dag.py
[2024-04-27 22:21:20,842] {scheduler_job.py:629} INFO - Processing file /home/airflow/.local/lib/python3.6/site-packages/airflow/example_dags/example_external_task_marker_dag.py for tasks to queue
[2024-04-27 22:21:20,845] {logging_mixin.py:104} INFO - [2024-04-27 22:21:20,845] {dagbag.py:451} INFO - Filling up the DagBag from /home/airflow/.local/lib/python3.6/site-packages/airflow/example_dags/example_external_task_marker_dag.py
[2024-04-27 22:21:20,923] {scheduler_job.py:639} INFO - DAG(s) dict_keys(['example_external_task_marker_parent', 'example_external_task_marker_child']) retrieved from /home/airflow/.local/lib/python3.6/site-packages/airflow/example_dags/example_external_task_marker_dag.py
[2024-04-27 22:21:21,054] {logging_mixin.py:104} INFO - [2024-04-27 22:21:21,054] {dag.py:1824} INFO - Sync 2 DAGs
[2024-04-27 22:21:21,117] {logging_mixin.py:104} INFO - [2024-04-27 22:21:21,117] {dag.py:2280} INFO - Setting next_dagrun for example_external_task_marker_child to None
[2024-04-27 22:21:21,129] {logging_mixin.py:104} INFO - [2024-04-27 22:21:21,120] {dag.py:2280} INFO - Setting next_dagrun for example_external_task_marker_parent to None
[2024-04-27 22:21:21,189] {scheduler_job.py:190} INFO - Processing /home/airflow/.local/lib/python3.6/site-packages/airflow/example_dags/example_external_task_marker_dag.py took 0.370 seconds
[2024-04-27 22:21:52,444] {scheduler_job.py:182} INFO - Started process (PID=305) to work on /home/airflow/.local/lib/python3.6/site-packages/airflow/example_dags/example_external_task_marker_dag.py
[2024-04-27 22:21:52,446] {scheduler_job.py:629} INFO - Processing file /home/airflow/.local/lib/python3.6/site-packages/airflow/example_dags/example_external_task_marker_dag.py for tasks to queue
[2024-04-27 22:21:52,449] {logging_mixin.py:104} INFO - [2024-04-27 22:21:52,448] {dagbag.py:451} INFO - Filling up the DagBag from /home/airflow/.local/lib/python3.6/site-packages/airflow/example_dags/example_external_task_marker_dag.py
[2024-04-27 22:21:52,477] {scheduler_job.py:639} INFO - DAG(s) dict_keys(['example_external_task_marker_parent', 'example_external_task_marker_child']) retrieved from /home/airflow/.local/lib/python3.6/site-packages/airflow/example_dags/example_external_task_marker_dag.py
[2024-04-27 22:21:52,515] {logging_mixin.py:104} INFO - [2024-04-27 22:21:52,515] {dag.py:1824} INFO - Sync 2 DAGs
[2024-04-27 22:21:52,540] {logging_mixin.py:104} INFO - [2024-04-27 22:21:52,540] {dag.py:2280} INFO - Setting next_dagrun for example_external_task_marker_child to None
[2024-04-27 22:21:52,543] {logging_mixin.py:104} INFO - [2024-04-27 22:21:52,542] {dag.py:2280} INFO - Setting next_dagrun for example_external_task_marker_parent to None
[2024-04-27 22:21:52,563] {scheduler_job.py:190} INFO - Processing /home/airflow/.local/lib/python3.6/site-packages/airflow/example_dags/example_external_task_marker_dag.py took 0.125 seconds
[2024-04-27 22:22:22,625] {scheduler_job.py:182} INFO - Started process (PID=331) to work on /home/airflow/.local/lib/python3.6/site-packages/airflow/example_dags/example_external_task_marker_dag.py
[2024-04-27 22:22:22,628] {scheduler_job.py:629} INFO - Processing file /home/airflow/.local/lib/python3.6/site-packages/airflow/example_dags/example_external_task_marker_dag.py for tasks to queue
[2024-04-27 22:22:22,631] {logging_mixin.py:104} INFO - [2024-04-27 22:22:22,631] {dagbag.py:451} INFO - Filling up the DagBag from /home/airflow/.local/lib/python3.6/site-packages/airflow/example_dags/example_external_task_marker_dag.py
[2024-04-27 22:22:22,658] {scheduler_job.py:639} INFO - DAG(s) dict_keys(['example_external_task_marker_parent', 'example_external_task_marker_child']) retrieved from /home/airflow/.local/lib/python3.6/site-packages/airflow/example_dags/example_external_task_marker_dag.py
[2024-04-27 22:22:22,696] {logging_mixin.py:104} INFO - [2024-04-27 22:22:22,696] {dag.py:1824} INFO - Sync 2 DAGs
[2024-04-27 22:22:22,716] {logging_mixin.py:104} INFO - [2024-04-27 22:22:22,716] {dag.py:2280} INFO - Setting next_dagrun for example_external_task_marker_child to None
[2024-04-27 22:22:22,718] {logging_mixin.py:104} INFO - [2024-04-27 22:22:22,718] {dag.py:2280} INFO - Setting next_dagrun for example_external_task_marker_parent to None
[2024-04-27 22:22:22,737] {scheduler_job.py:190} INFO - Processing /home/airflow/.local/lib/python3.6/site-packages/airflow/example_dags/example_external_task_marker_dag.py took 0.117 seconds
[2024-04-27 22:22:53,584] {scheduler_job.py:182} INFO - Started process (PID=358) to work on /home/airflow/.local/lib/python3.6/site-packages/airflow/example_dags/example_external_task_marker_dag.py
[2024-04-27 22:22:53,586] {scheduler_job.py:629} INFO - Processing file /home/airflow/.local/lib/python3.6/site-packages/airflow/example_dags/example_external_task_marker_dag.py for tasks to queue
[2024-04-27 22:22:53,588] {logging_mixin.py:104} INFO - [2024-04-27 22:22:53,588] {dagbag.py:451} INFO - Filling up the DagBag from /home/airflow/.local/lib/python3.6/site-packages/airflow/example_dags/example_external_task_marker_dag.py
[2024-04-27 22:22:53,615] {scheduler_job.py:639} INFO - DAG(s) dict_keys(['example_external_task_marker_parent', 'example_external_task_marker_child']) retrieved from /home/airflow/.local/lib/python3.6/site-packages/airflow/example_dags/example_external_task_marker_dag.py
[2024-04-27 22:22:53,656] {logging_mixin.py:104} INFO - [2024-04-27 22:22:53,656] {dag.py:1824} INFO - Sync 2 DAGs
[2024-04-27 22:22:53,681] {logging_mixin.py:104} INFO - [2024-04-27 22:22:53,681] {dag.py:2280} INFO - Setting next_dagrun for example_external_task_marker_child to None
[2024-04-27 22:22:53,683] {logging_mixin.py:104} INFO - [2024-04-27 22:22:53,683] {dag.py:2280} INFO - Setting next_dagrun for example_external_task_marker_parent to None
[2024-04-27 22:22:53,701] {scheduler_job.py:190} INFO - Processing /home/airflow/.local/lib/python3.6/site-packages/airflow/example_dags/example_external_task_marker_dag.py took 0.123 seconds
[2024-04-27 22:23:24,074] {scheduler_job.py:182} INFO - Started process (PID=383) to work on /home/airflow/.local/lib/python3.6/site-packages/airflow/example_dags/example_external_task_marker_dag.py
[2024-04-27 22:23:24,077] {scheduler_job.py:629} INFO - Processing file /home/airflow/.local/lib/python3.6/site-packages/airflow/example_dags/example_external_task_marker_dag.py for tasks to queue
[2024-04-27 22:23:24,079] {logging_mixin.py:104} INFO - [2024-04-27 22:23:24,079] {dagbag.py:451} INFO - Filling up the DagBag from /home/airflow/.local/lib/python3.6/site-packages/airflow/example_dags/example_external_task_marker_dag.py
[2024-04-27 22:23:24,109] {scheduler_job.py:639} INFO - DAG(s) dict_keys(['example_external_task_marker_parent', 'example_external_task_marker_child']) retrieved from /home/airflow/.local/lib/python3.6/site-packages/airflow/example_dags/example_external_task_marker_dag.py
[2024-04-27 22:23:24,150] {logging_mixin.py:104} INFO - [2024-04-27 22:23:24,150] {dag.py:1824} INFO - Sync 2 DAGs
[2024-04-27 22:23:24,177] {logging_mixin.py:104} INFO - [2024-04-27 22:23:24,177] {dag.py:2280} INFO - Setting next_dagrun for example_external_task_marker_child to None
[2024-04-27 22:23:24,180] {logging_mixin.py:104} INFO - [2024-04-27 22:23:24,179] {dag.py:2280} INFO - Setting next_dagrun for example_external_task_marker_parent to None
[2024-04-27 22:23:24,199] {scheduler_job.py:190} INFO - Processing /home/airflow/.local/lib/python3.6/site-packages/airflow/example_dags/example_external_task_marker_dag.py took 0.131 seconds
[2024-04-27 22:23:55,166] {scheduler_job.py:182} INFO - Started process (PID=410) to work on /home/airflow/.local/lib/python3.6/site-packages/airflow/example_dags/example_external_task_marker_dag.py
[2024-04-27 22:23:55,176] {scheduler_job.py:629} INFO - Processing file /home/airflow/.local/lib/python3.6/site-packages/airflow/example_dags/example_external_task_marker_dag.py for tasks to queue
[2024-04-27 22:23:55,178] {logging_mixin.py:104} INFO - [2024-04-27 22:23:55,178] {dagbag.py:451} INFO - Filling up the DagBag from /home/airflow/.local/lib/python3.6/site-packages/airflow/example_dags/example_external_task_marker_dag.py
[2024-04-27 22:23:55,206] {scheduler_job.py:639} INFO - DAG(s) dict_keys(['example_external_task_marker_parent', 'example_external_task_marker_child']) retrieved from /home/airflow/.local/lib/python3.6/site-packages/airflow/example_dags/example_external_task_marker_dag.py
[2024-04-27 22:23:55,246] {logging_mixin.py:104} INFO - [2024-04-27 22:23:55,246] {dag.py:1824} INFO - Sync 2 DAGs
[2024-04-27 22:23:55,270] {logging_mixin.py:104} INFO - [2024-04-27 22:23:55,270] {dag.py:2280} INFO - Setting next_dagrun for example_external_task_marker_child to None
[2024-04-27 22:23:55,272] {logging_mixin.py:104} INFO - [2024-04-27 22:23:55,272] {dag.py:2280} INFO - Setting next_dagrun for example_external_task_marker_parent to None
[2024-04-27 22:23:55,290] {scheduler_job.py:190} INFO - Processing /home/airflow/.local/lib/python3.6/site-packages/airflow/example_dags/example_external_task_marker_dag.py took 0.130 seconds
[2024-04-27 22:24:25,356] {scheduler_job.py:182} INFO - Started process (PID=435) to work on /home/airflow/.local/lib/python3.6/site-packages/airflow/example_dags/example_external_task_marker_dag.py
[2024-04-27 22:24:25,359] {scheduler_job.py:629} INFO - Processing file /home/airflow/.local/lib/python3.6/site-packages/airflow/example_dags/example_external_task_marker_dag.py for tasks to queue
[2024-04-27 22:24:25,361] {logging_mixin.py:104} INFO - [2024-04-27 22:24:25,360] {dagbag.py:451} INFO - Filling up the DagBag from /home/airflow/.local/lib/python3.6/site-packages/airflow/example_dags/example_external_task_marker_dag.py
[2024-04-27 22:24:25,382] {scheduler_job.py:639} INFO - DAG(s) dict_keys(['example_external_task_marker_parent', 'example_external_task_marker_child']) retrieved from /home/airflow/.local/lib/python3.6/site-packages/airflow/example_dags/example_external_task_marker_dag.py
[2024-04-27 22:24:25,420] {logging_mixin.py:104} INFO - [2024-04-27 22:24:25,420] {dag.py:1824} INFO - Sync 2 DAGs
[2024-04-27 22:24:25,441] {logging_mixin.py:104} INFO - [2024-04-27 22:24:25,441] {dag.py:2280} INFO - Setting next_dagrun for example_external_task_marker_child to None
[2024-04-27 22:24:25,444] {logging_mixin.py:104} INFO - [2024-04-27 22:24:25,444] {dag.py:2280} INFO - Setting next_dagrun for example_external_task_marker_parent to None
[2024-04-27 22:24:25,471] {scheduler_job.py:190} INFO - Processing /home/airflow/.local/lib/python3.6/site-packages/airflow/example_dags/example_external_task_marker_dag.py took 0.119 seconds
[2024-04-27 22:24:55,581] {scheduler_job.py:182} INFO - Started process (PID=461) to work on /home/airflow/.local/lib/python3.6/site-packages/airflow/example_dags/example_external_task_marker_dag.py
[2024-04-27 22:24:55,583] {scheduler_job.py:629} INFO - Processing file /home/airflow/.local/lib/python3.6/site-packages/airflow/example_dags/example_external_task_marker_dag.py for tasks to queue
[2024-04-27 22:24:55,585] {logging_mixin.py:104} INFO - [2024-04-27 22:24:55,585] {dagbag.py:451} INFO - Filling up the DagBag from /home/airflow/.local/lib/python3.6/site-packages/airflow/example_dags/example_external_task_marker_dag.py
[2024-04-27 22:24:55,602] {scheduler_job.py:639} INFO - DAG(s) dict_keys(['example_external_task_marker_parent', 'example_external_task_marker_child']) retrieved from /home/airflow/.local/lib/python3.6/site-packages/airflow/example_dags/example_external_task_marker_dag.py
[2024-04-27 22:24:55,638] {logging_mixin.py:104} INFO - [2024-04-27 22:24:55,637] {dag.py:1824} INFO - Sync 2 DAGs
[2024-04-27 22:24:55,658] {logging_mixin.py:104} INFO - [2024-04-27 22:24:55,658] {dag.py:2280} INFO - Setting next_dagrun for example_external_task_marker_child to None
[2024-04-27 22:24:55,660] {logging_mixin.py:104} INFO - [2024-04-27 22:24:55,660] {dag.py:2280} INFO - Setting next_dagrun for example_external_task_marker_parent to None
[2024-04-27 22:24:55,677] {scheduler_job.py:190} INFO - Processing /home/airflow/.local/lib/python3.6/site-packages/airflow/example_dags/example_external_task_marker_dag.py took 0.101 seconds
[2024-04-27 22:25:26,984] {scheduler_job.py:182} INFO - Started process (PID=490) to work on /home/airflow/.local/lib/python3.6/site-packages/airflow/example_dags/example_external_task_marker_dag.py
[2024-04-27 22:25:26,986] {scheduler_job.py:629} INFO - Processing file /home/airflow/.local/lib/python3.6/site-packages/airflow/example_dags/example_external_task_marker_dag.py for tasks to queue
[2024-04-27 22:25:26,988] {logging_mixin.py:104} INFO - [2024-04-27 22:25:26,987] {dagbag.py:451} INFO - Filling up the DagBag from /home/airflow/.local/lib/python3.6/site-packages/airflow/example_dags/example_external_task_marker_dag.py
[2024-04-27 22:25:27,005] {scheduler_job.py:639} INFO - DAG(s) dict_keys(['example_external_task_marker_parent', 'example_external_task_marker_child']) retrieved from /home/airflow/.local/lib/python3.6/site-packages/airflow/example_dags/example_external_task_marker_dag.py
[2024-04-27 22:25:27,044] {logging_mixin.py:104} INFO - [2024-04-27 22:25:27,044] {dag.py:1824} INFO - Sync 2 DAGs
[2024-04-27 22:25:27,065] {logging_mixin.py:104} INFO - [2024-04-27 22:25:27,065] {dag.py:2280} INFO - Setting next_dagrun for example_external_task_marker_child to None
[2024-04-27 22:25:27,068] {logging_mixin.py:104} INFO - [2024-04-27 22:25:27,067] {dag.py:2280} INFO - Setting next_dagrun for example_external_task_marker_parent to None
[2024-04-27 22:25:27,086] {scheduler_job.py:190} INFO - Processing /home/airflow/.local/lib/python3.6/site-packages/airflow/example_dags/example_external_task_marker_dag.py took 0.107 seconds
[2024-04-27 22:25:58,411] {scheduler_job.py:182} INFO - Started process (PID=519) to work on /home/airflow/.local/lib/python3.6/site-packages/airflow/example_dags/example_external_task_marker_dag.py
[2024-04-27 22:25:58,414] {scheduler_job.py:629} INFO - Processing file /home/airflow/.local/lib/python3.6/site-packages/airflow/example_dags/example_external_task_marker_dag.py for tasks to queue
[2024-04-27 22:25:58,416] {logging_mixin.py:104} INFO - [2024-04-27 22:25:58,416] {dagbag.py:451} INFO - Filling up the DagBag from /home/airflow/.local/lib/python3.6/site-packages/airflow/example_dags/example_external_task_marker_dag.py
[2024-04-27 22:25:58,434] {scheduler_job.py:639} INFO - DAG(s) dict_keys(['example_external_task_marker_parent', 'example_external_task_marker_child']) retrieved from /home/airflow/.local/lib/python3.6/site-packages/airflow/example_dags/example_external_task_marker_dag.py
[2024-04-27 22:25:58,467] {logging_mixin.py:104} INFO - [2024-04-27 22:25:58,467] {dag.py:1824} INFO - Sync 2 DAGs
[2024-04-27 22:25:58,488] {logging_mixin.py:104} INFO - [2024-04-27 22:25:58,488] {dag.py:2280} INFO - Setting next_dagrun for example_external_task_marker_child to None
[2024-04-27 22:25:58,490] {logging_mixin.py:104} INFO - [2024-04-27 22:25:58,490] {dag.py:2280} INFO - Setting next_dagrun for example_external_task_marker_parent to None
[2024-04-27 22:25:58,509] {scheduler_job.py:190} INFO - Processing /home/airflow/.local/lib/python3.6/site-packages/airflow/example_dags/example_external_task_marker_dag.py took 0.103 seconds
[2024-04-27 22:26:28,589] {scheduler_job.py:182} INFO - Started process (PID=544) to work on /home/airflow/.local/lib/python3.6/site-packages/airflow/example_dags/example_external_task_marker_dag.py
[2024-04-27 22:26:28,591] {scheduler_job.py:629} INFO - Processing file /home/airflow/.local/lib/python3.6/site-packages/airflow/example_dags/example_external_task_marker_dag.py for tasks to queue
[2024-04-27 22:26:28,593] {logging_mixin.py:104} INFO - [2024-04-27 22:26:28,593] {dagbag.py:451} INFO - Filling up the DagBag from /home/airflow/.local/lib/python3.6/site-packages/airflow/example_dags/example_external_task_marker_dag.py
[2024-04-27 22:26:28,612] {scheduler_job.py:639} INFO - DAG(s) dict_keys(['example_external_task_marker_parent', 'example_external_task_marker_child']) retrieved from /home/airflow/.local/lib/python3.6/site-packages/airflow/example_dags/example_external_task_marker_dag.py
[2024-04-27 22:26:28,648] {logging_mixin.py:104} INFO - [2024-04-27 22:26:28,648] {dag.py:1824} INFO - Sync 2 DAGs
[2024-04-27 22:26:28,670] {logging_mixin.py:104} INFO - [2024-04-27 22:26:28,669] {dag.py:2280} INFO - Setting next_dagrun for example_external_task_marker_child to None
[2024-04-27 22:26:28,672] {logging_mixin.py:104} INFO - [2024-04-27 22:26:28,672] {dag.py:2280} INFO - Setting next_dagrun for example_external_task_marker_parent to None
[2024-04-27 22:26:28,691] {scheduler_job.py:190} INFO - Processing /home/airflow/.local/lib/python3.6/site-packages/airflow/example_dags/example_external_task_marker_dag.py took 0.107 seconds
[2024-04-27 22:26:59,345] {scheduler_job.py:182} INFO - Started process (PID=572) to work on /home/airflow/.local/lib/python3.6/site-packages/airflow/example_dags/example_external_task_marker_dag.py
[2024-04-27 22:26:59,347] {scheduler_job.py:629} INFO - Processing file /home/airflow/.local/lib/python3.6/site-packages/airflow/example_dags/example_external_task_marker_dag.py for tasks to queue
[2024-04-27 22:26:59,350] {logging_mixin.py:104} INFO - [2024-04-27 22:26:59,349] {dagbag.py:451} INFO - Filling up the DagBag from /home/airflow/.local/lib/python3.6/site-packages/airflow/example_dags/example_external_task_marker_dag.py
[2024-04-27 22:26:59,373] {scheduler_job.py:639} INFO - DAG(s) dict_keys(['example_external_task_marker_parent', 'example_external_task_marker_child']) retrieved from /home/airflow/.local/lib/python3.6/site-packages/airflow/example_dags/example_external_task_marker_dag.py
[2024-04-27 22:26:59,413] {logging_mixin.py:104} INFO - [2024-04-27 22:26:59,413] {dag.py:1824} INFO - Sync 2 DAGs
[2024-04-27 22:26:59,436] {logging_mixin.py:104} INFO - [2024-04-27 22:26:59,435] {dag.py:2280} INFO - Setting next_dagrun for example_external_task_marker_child to None
[2024-04-27 22:26:59,438] {logging_mixin.py:104} INFO - [2024-04-27 22:26:59,438] {dag.py:2280} INFO - Setting next_dagrun for example_external_task_marker_parent to None
[2024-04-27 22:26:59,458] {scheduler_job.py:190} INFO - Processing /home/airflow/.local/lib/python3.6/site-packages/airflow/example_dags/example_external_task_marker_dag.py took 0.118 seconds
[2024-04-27 22:27:30,351] {scheduler_job.py:182} INFO - Started process (PID=598) to work on /home/airflow/.local/lib/python3.6/site-packages/airflow/example_dags/example_external_task_marker_dag.py
[2024-04-27 22:27:30,353] {scheduler_job.py:629} INFO - Processing file /home/airflow/.local/lib/python3.6/site-packages/airflow/example_dags/example_external_task_marker_dag.py for tasks to queue
[2024-04-27 22:27:30,355] {logging_mixin.py:104} INFO - [2024-04-27 22:27:30,355] {dagbag.py:451} INFO - Filling up the DagBag from /home/airflow/.local/lib/python3.6/site-packages/airflow/example_dags/example_external_task_marker_dag.py
[2024-04-27 22:27:30,372] {scheduler_job.py:639} INFO - DAG(s) dict_keys(['example_external_task_marker_parent', 'example_external_task_marker_child']) retrieved from /home/airflow/.local/lib/python3.6/site-packages/airflow/example_dags/example_external_task_marker_dag.py
[2024-04-27 22:27:30,406] {logging_mixin.py:104} INFO - [2024-04-27 22:27:30,406] {dag.py:1824} INFO - Sync 2 DAGs
[2024-04-27 22:27:30,426] {logging_mixin.py:104} INFO - [2024-04-27 22:27:30,425] {dag.py:2280} INFO - Setting next_dagrun for example_external_task_marker_child to None
[2024-04-27 22:27:30,427] {logging_mixin.py:104} INFO - [2024-04-27 22:27:30,427] {dag.py:2280} INFO - Setting next_dagrun for example_external_task_marker_parent to None
[2024-04-27 22:27:30,444] {scheduler_job.py:190} INFO - Processing /home/airflow/.local/lib/python3.6/site-packages/airflow/example_dags/example_external_task_marker_dag.py took 0.097 seconds
[2024-04-27 22:28:01,306] {scheduler_job.py:182} INFO - Started process (PID=625) to work on /home/airflow/.local/lib/python3.6/site-packages/airflow/example_dags/example_external_task_marker_dag.py
[2024-04-27 22:28:01,308] {scheduler_job.py:629} INFO - Processing file /home/airflow/.local/lib/python3.6/site-packages/airflow/example_dags/example_external_task_marker_dag.py for tasks to queue
[2024-04-27 22:28:01,310] {logging_mixin.py:104} INFO - [2024-04-27 22:28:01,310] {dagbag.py:451} INFO - Filling up the DagBag from /home/airflow/.local/lib/python3.6/site-packages/airflow/example_dags/example_external_task_marker_dag.py
[2024-04-27 22:28:01,332] {scheduler_job.py:639} INFO - DAG(s) dict_keys(['example_external_task_marker_parent', 'example_external_task_marker_child']) retrieved from /home/airflow/.local/lib/python3.6/site-packages/airflow/example_dags/example_external_task_marker_dag.py
[2024-04-27 22:28:01,367] {logging_mixin.py:104} INFO - [2024-04-27 22:28:01,367] {dag.py:1824} INFO - Sync 2 DAGs
[2024-04-27 22:28:01,391] {logging_mixin.py:104} INFO - [2024-04-27 22:28:01,391] {dag.py:2280} INFO - Setting next_dagrun for example_external_task_marker_child to None
[2024-04-27 22:28:01,393] {logging_mixin.py:104} INFO - [2024-04-27 22:28:01,393] {dag.py:2280} INFO - Setting next_dagrun for example_external_task_marker_parent to None
[2024-04-27 22:28:01,411] {scheduler_job.py:190} INFO - Processing /home/airflow/.local/lib/python3.6/site-packages/airflow/example_dags/example_external_task_marker_dag.py took 0.110 seconds
[2024-04-27 22:28:31,746] {scheduler_job.py:182} INFO - Started process (PID=651) to work on /home/airflow/.local/lib/python3.6/site-packages/airflow/example_dags/example_external_task_marker_dag.py
[2024-04-27 22:28:31,748] {scheduler_job.py:629} INFO - Processing file /home/airflow/.local/lib/python3.6/site-packages/airflow/example_dags/example_external_task_marker_dag.py for tasks to queue
[2024-04-27 22:28:31,751] {logging_mixin.py:104} INFO - [2024-04-27 22:28:31,751] {dagbag.py:451} INFO - Filling up the DagBag from /home/airflow/.local/lib/python3.6/site-packages/airflow/example_dags/example_external_task_marker_dag.py
[2024-04-27 22:28:31,770] {scheduler_job.py:639} INFO - DAG(s) dict_keys(['example_external_task_marker_parent', 'example_external_task_marker_child']) retrieved from /home/airflow/.local/lib/python3.6/site-packages/airflow/example_dags/example_external_task_marker_dag.py
[2024-04-27 22:28:31,808] {logging_mixin.py:104} INFO - [2024-04-27 22:28:31,807] {dag.py:1824} INFO - Sync 2 DAGs
[2024-04-27 22:28:31,829] {logging_mixin.py:104} INFO - [2024-04-27 22:28:31,829] {dag.py:2280} INFO - Setting next_dagrun for example_external_task_marker_child to None
[2024-04-27 22:28:31,831] {logging_mixin.py:104} INFO - [2024-04-27 22:28:31,831] {dag.py:2280} INFO - Setting next_dagrun for example_external_task_marker_parent to None
[2024-04-27 22:28:31,850] {scheduler_job.py:190} INFO - Processing /home/airflow/.local/lib/python3.6/site-packages/airflow/example_dags/example_external_task_marker_dag.py took 0.108 seconds
