[2024-04-27 22:16:41,833] {scheduler_job.py:182} INFO - Started process (PID=35) to work on /home/airflow/.local/lib/python3.6/site-packages/airflow/example_dags/example_xcom.py
[2024-04-27 22:16:41,863] {scheduler_job.py:629} INFO - Processing file /home/airflow/.local/lib/python3.6/site-packages/airflow/example_dags/example_xcom.py for tasks to queue
[2024-04-27 22:16:41,877] {logging_mixin.py:104} INFO - [2024-04-27 22:16:41,876] {dagbag.py:451} INFO - Filling up the DagBag from /home/airflow/.local/lib/python3.6/site-packages/airflow/example_dags/example_xcom.py
[2024-04-27 22:16:41,984] {scheduler_job.py:639} INFO - DAG(s) dict_keys(['example_xcom']) retrieved from /home/airflow/.local/lib/python3.6/site-packages/airflow/example_dags/example_xcom.py
[2024-04-27 22:16:42,078] {logging_mixin.py:104} INFO - [2024-04-27 22:16:42,078] {dag.py:1824} INFO - Sync 1 DAGs
[2024-04-27 22:16:42,138] {logging_mixin.py:104} INFO - [2024-04-27 22:16:42,138] {dag.py:1843} INFO - Creating ORM DAG for example_xcom
[2024-04-27 22:16:42,182] {logging_mixin.py:104} INFO - [2024-04-27 22:16:42,181] {dag.py:2280} INFO - Setting next_dagrun for example_xcom to 2024-04-25 00:00:00+00:00
[2024-04-27 22:16:42,282] {scheduler_job.py:190} INFO - Processing /home/airflow/.local/lib/python3.6/site-packages/airflow/example_dags/example_xcom.py took 0.460 seconds
[2024-04-27 22:17:13,303] {scheduler_job.py:182} INFO - Started process (PID=59) to work on /home/airflow/.local/lib/python3.6/site-packages/airflow/example_dags/example_xcom.py
[2024-04-27 22:17:13,306] {scheduler_job.py:629} INFO - Processing file /home/airflow/.local/lib/python3.6/site-packages/airflow/example_dags/example_xcom.py for tasks to queue
[2024-04-27 22:17:13,310] {logging_mixin.py:104} INFO - [2024-04-27 22:17:13,310] {dagbag.py:451} INFO - Filling up the DagBag from /home/airflow/.local/lib/python3.6/site-packages/airflow/example_dags/example_xcom.py
[2024-04-27 22:17:13,439] {scheduler_job.py:639} INFO - DAG(s) dict_keys(['example_xcom']) retrieved from /home/airflow/.local/lib/python3.6/site-packages/airflow/example_dags/example_xcom.py
[2024-04-27 22:17:13,664] {logging_mixin.py:104} INFO - [2024-04-27 22:17:13,664] {dag.py:1824} INFO - Sync 1 DAGs
[2024-04-27 22:17:13,720] {logging_mixin.py:104} INFO - [2024-04-27 22:17:13,720] {dag.py:2280} INFO - Setting next_dagrun for example_xcom to 2024-04-25 00:00:00+00:00
[2024-04-27 22:17:13,767] {scheduler_job.py:190} INFO - Processing /home/airflow/.local/lib/python3.6/site-packages/airflow/example_dags/example_xcom.py took 0.477 seconds
[2024-04-27 22:17:43,877] {scheduler_job.py:182} INFO - Started process (PID=85) to work on /home/airflow/.local/lib/python3.6/site-packages/airflow/example_dags/example_xcom.py
[2024-04-27 22:17:43,881] {scheduler_job.py:629} INFO - Processing file /home/airflow/.local/lib/python3.6/site-packages/airflow/example_dags/example_xcom.py for tasks to queue
[2024-04-27 22:17:43,884] {logging_mixin.py:104} INFO - [2024-04-27 22:17:43,883] {dagbag.py:451} INFO - Filling up the DagBag from /home/airflow/.local/lib/python3.6/site-packages/airflow/example_dags/example_xcom.py
[2024-04-27 22:17:43,907] {scheduler_job.py:639} INFO - DAG(s) dict_keys(['example_xcom']) retrieved from /home/airflow/.local/lib/python3.6/site-packages/airflow/example_dags/example_xcom.py
[2024-04-27 22:17:43,938] {logging_mixin.py:104} INFO - [2024-04-27 22:17:43,938] {dag.py:1824} INFO - Sync 1 DAGs
[2024-04-27 22:17:43,966] {logging_mixin.py:104} INFO - [2024-04-27 22:17:43,966] {dag.py:2280} INFO - Setting next_dagrun for example_xcom to 2024-04-25 00:00:00+00:00
[2024-04-27 22:17:43,984] {scheduler_job.py:190} INFO - Processing /home/airflow/.local/lib/python3.6/site-packages/airflow/example_dags/example_xcom.py took 0.113 seconds
[2024-04-27 22:18:14,709] {scheduler_job.py:182} INFO - Started process (PID=109) to work on /home/airflow/.local/lib/python3.6/site-packages/airflow/example_dags/example_xcom.py
[2024-04-27 22:18:14,711] {scheduler_job.py:629} INFO - Processing file /home/airflow/.local/lib/python3.6/site-packages/airflow/example_dags/example_xcom.py for tasks to queue
[2024-04-27 22:18:14,714] {logging_mixin.py:104} INFO - [2024-04-27 22:18:14,714] {dagbag.py:451} INFO - Filling up the DagBag from /home/airflow/.local/lib/python3.6/site-packages/airflow/example_dags/example_xcom.py
[2024-04-27 22:18:14,743] {scheduler_job.py:639} INFO - DAG(s) dict_keys(['example_xcom']) retrieved from /home/airflow/.local/lib/python3.6/site-packages/airflow/example_dags/example_xcom.py
[2024-04-27 22:18:14,784] {logging_mixin.py:104} INFO - [2024-04-27 22:18:14,784] {dag.py:1824} INFO - Sync 1 DAGs
[2024-04-27 22:18:14,822] {logging_mixin.py:104} INFO - [2024-04-27 22:18:14,822] {dag.py:2280} INFO - Setting next_dagrun for example_xcom to 2024-04-25 00:00:00+00:00
[2024-04-27 22:18:14,844] {scheduler_job.py:190} INFO - Processing /home/airflow/.local/lib/python3.6/site-packages/airflow/example_dags/example_xcom.py took 0.139 seconds
[2024-04-27 22:18:45,063] {scheduler_job.py:182} INFO - Started process (PID=135) to work on /home/airflow/.local/lib/python3.6/site-packages/airflow/example_dags/example_xcom.py
[2024-04-27 22:18:45,066] {scheduler_job.py:629} INFO - Processing file /home/airflow/.local/lib/python3.6/site-packages/airflow/example_dags/example_xcom.py for tasks to queue
[2024-04-27 22:18:45,068] {logging_mixin.py:104} INFO - [2024-04-27 22:18:45,067] {dagbag.py:451} INFO - Filling up the DagBag from /home/airflow/.local/lib/python3.6/site-packages/airflow/example_dags/example_xcom.py
[2024-04-27 22:18:45,094] {scheduler_job.py:639} INFO - DAG(s) dict_keys(['example_xcom']) retrieved from /home/airflow/.local/lib/python3.6/site-packages/airflow/example_dags/example_xcom.py
[2024-04-27 22:18:45,125] {logging_mixin.py:104} INFO - [2024-04-27 22:18:45,124] {dag.py:1824} INFO - Sync 1 DAGs
[2024-04-27 22:18:45,152] {logging_mixin.py:104} INFO - [2024-04-27 22:18:45,152] {dag.py:2280} INFO - Setting next_dagrun for example_xcom to 2024-04-25 00:00:00+00:00
[2024-04-27 22:18:45,175] {scheduler_job.py:190} INFO - Processing /home/airflow/.local/lib/python3.6/site-packages/airflow/example_dags/example_xcom.py took 0.117 seconds
[2024-04-27 22:19:15,426] {scheduler_job.py:182} INFO - Started process (PID=161) to work on /home/airflow/.local/lib/python3.6/site-packages/airflow/example_dags/example_xcom.py
[2024-04-27 22:19:15,430] {scheduler_job.py:629} INFO - Processing file /home/airflow/.local/lib/python3.6/site-packages/airflow/example_dags/example_xcom.py for tasks to queue
[2024-04-27 22:19:15,432] {logging_mixin.py:104} INFO - [2024-04-27 22:19:15,432] {dagbag.py:451} INFO - Filling up the DagBag from /home/airflow/.local/lib/python3.6/site-packages/airflow/example_dags/example_xcom.py
[2024-04-27 22:19:15,459] {scheduler_job.py:639} INFO - DAG(s) dict_keys(['example_xcom']) retrieved from /home/airflow/.local/lib/python3.6/site-packages/airflow/example_dags/example_xcom.py
[2024-04-27 22:19:15,499] {logging_mixin.py:104} INFO - [2024-04-27 22:19:15,499] {dag.py:1824} INFO - Sync 1 DAGs
[2024-04-27 22:19:15,529] {logging_mixin.py:104} INFO - [2024-04-27 22:19:15,529] {dag.py:2280} INFO - Setting next_dagrun for example_xcom to 2024-04-25 00:00:00+00:00
[2024-04-27 22:19:15,553] {scheduler_job.py:190} INFO - Processing /home/airflow/.local/lib/python3.6/site-packages/airflow/example_dags/example_xcom.py took 0.131 seconds
[2024-04-27 22:19:45,778] {scheduler_job.py:182} INFO - Started process (PID=187) to work on /home/airflow/.local/lib/python3.6/site-packages/airflow/example_dags/example_xcom.py
[2024-04-27 22:19:45,780] {scheduler_job.py:629} INFO - Processing file /home/airflow/.local/lib/python3.6/site-packages/airflow/example_dags/example_xcom.py for tasks to queue
[2024-04-27 22:19:45,782] {logging_mixin.py:104} INFO - [2024-04-27 22:19:45,781] {dagbag.py:451} INFO - Filling up the DagBag from /home/airflow/.local/lib/python3.6/site-packages/airflow/example_dags/example_xcom.py
[2024-04-27 22:19:45,803] {scheduler_job.py:639} INFO - DAG(s) dict_keys(['example_xcom']) retrieved from /home/airflow/.local/lib/python3.6/site-packages/airflow/example_dags/example_xcom.py
[2024-04-27 22:19:45,852] {logging_mixin.py:104} INFO - [2024-04-27 22:19:45,851] {dag.py:1824} INFO - Sync 1 DAGs
[2024-04-27 22:19:45,876] {logging_mixin.py:104} INFO - [2024-04-27 22:19:45,876] {dag.py:2280} INFO - Setting next_dagrun for example_xcom to 2024-04-25 00:00:00+00:00
[2024-04-27 22:19:45,897] {scheduler_job.py:190} INFO - Processing /home/airflow/.local/lib/python3.6/site-packages/airflow/example_dags/example_xcom.py took 0.124 seconds
[2024-04-27 22:20:16,620] {scheduler_job.py:182} INFO - Started process (PID=213) to work on /home/airflow/.local/lib/python3.6/site-packages/airflow/example_dags/example_xcom.py
[2024-04-27 22:20:16,622] {scheduler_job.py:629} INFO - Processing file /home/airflow/.local/lib/python3.6/site-packages/airflow/example_dags/example_xcom.py for tasks to queue
[2024-04-27 22:20:16,623] {logging_mixin.py:104} INFO - [2024-04-27 22:20:16,623] {dagbag.py:451} INFO - Filling up the DagBag from /home/airflow/.local/lib/python3.6/site-packages/airflow/example_dags/example_xcom.py
[2024-04-27 22:20:16,652] {scheduler_job.py:639} INFO - DAG(s) dict_keys(['example_xcom']) retrieved from /home/airflow/.local/lib/python3.6/site-packages/airflow/example_dags/example_xcom.py
[2024-04-27 22:20:16,700] {logging_mixin.py:104} INFO - [2024-04-27 22:20:16,700] {dag.py:1824} INFO - Sync 1 DAGs
[2024-04-27 22:20:16,745] {logging_mixin.py:104} INFO - [2024-04-27 22:20:16,745] {dag.py:2280} INFO - Setting next_dagrun for example_xcom to 2024-04-25 00:00:00+00:00
[2024-04-27 22:20:16,769] {scheduler_job.py:190} INFO - Processing /home/airflow/.local/lib/python3.6/site-packages/airflow/example_dags/example_xcom.py took 0.153 seconds
[2024-04-27 22:20:47,535] {scheduler_job.py:182} INFO - Started process (PID=239) to work on /home/airflow/.local/lib/python3.6/site-packages/airflow/example_dags/example_xcom.py
[2024-04-27 22:20:47,537] {scheduler_job.py:629} INFO - Processing file /home/airflow/.local/lib/python3.6/site-packages/airflow/example_dags/example_xcom.py for tasks to queue
[2024-04-27 22:20:47,539] {logging_mixin.py:104} INFO - [2024-04-27 22:20:47,538] {dagbag.py:451} INFO - Filling up the DagBag from /home/airflow/.local/lib/python3.6/site-packages/airflow/example_dags/example_xcom.py
[2024-04-27 22:20:47,569] {scheduler_job.py:639} INFO - DAG(s) dict_keys(['example_xcom']) retrieved from /home/airflow/.local/lib/python3.6/site-packages/airflow/example_dags/example_xcom.py
[2024-04-27 22:20:47,605] {logging_mixin.py:104} INFO - [2024-04-27 22:20:47,605] {dag.py:1824} INFO - Sync 1 DAGs
[2024-04-27 22:20:47,628] {logging_mixin.py:104} INFO - [2024-04-27 22:20:47,628] {dag.py:2280} INFO - Setting next_dagrun for example_xcom to 2024-04-25 00:00:00+00:00
[2024-04-27 22:20:47,647] {scheduler_job.py:190} INFO - Processing /home/airflow/.local/lib/python3.6/site-packages/airflow/example_dags/example_xcom.py took 0.117 seconds
[2024-04-27 22:21:18,598] {scheduler_job.py:182} INFO - Started process (PID=265) to work on /home/airflow/.local/lib/python3.6/site-packages/airflow/example_dags/example_xcom.py
[2024-04-27 22:21:18,602] {scheduler_job.py:629} INFO - Processing file /home/airflow/.local/lib/python3.6/site-packages/airflow/example_dags/example_xcom.py for tasks to queue
[2024-04-27 22:21:18,605] {logging_mixin.py:104} INFO - [2024-04-27 22:21:18,605] {dagbag.py:451} INFO - Filling up the DagBag from /home/airflow/.local/lib/python3.6/site-packages/airflow/example_dags/example_xcom.py
[2024-04-27 22:21:18,733] {scheduler_job.py:639} INFO - DAG(s) dict_keys(['example_xcom']) retrieved from /home/airflow/.local/lib/python3.6/site-packages/airflow/example_dags/example_xcom.py
[2024-04-27 22:21:18,839] {logging_mixin.py:104} INFO - [2024-04-27 22:21:18,839] {dag.py:1824} INFO - Sync 1 DAGs
[2024-04-27 22:21:18,887] {logging_mixin.py:104} INFO - [2024-04-27 22:21:18,886] {dag.py:2280} INFO - Setting next_dagrun for example_xcom to 2024-04-25 00:00:00+00:00
[2024-04-27 22:21:18,921] {scheduler_job.py:190} INFO - Processing /home/airflow/.local/lib/python3.6/site-packages/airflow/example_dags/example_xcom.py took 0.333 seconds
[2024-04-27 22:21:49,181] {scheduler_job.py:182} INFO - Started process (PID=291) to work on /home/airflow/.local/lib/python3.6/site-packages/airflow/example_dags/example_xcom.py
[2024-04-27 22:21:49,184] {scheduler_job.py:629} INFO - Processing file /home/airflow/.local/lib/python3.6/site-packages/airflow/example_dags/example_xcom.py for tasks to queue
[2024-04-27 22:21:49,186] {logging_mixin.py:104} INFO - [2024-04-27 22:21:49,186] {dagbag.py:451} INFO - Filling up the DagBag from /home/airflow/.local/lib/python3.6/site-packages/airflow/example_dags/example_xcom.py
[2024-04-27 22:21:49,247] {scheduler_job.py:639} INFO - DAG(s) dict_keys(['example_xcom']) retrieved from /home/airflow/.local/lib/python3.6/site-packages/airflow/example_dags/example_xcom.py
[2024-04-27 22:21:49,303] {logging_mixin.py:104} INFO - [2024-04-27 22:21:49,303] {dag.py:1824} INFO - Sync 1 DAGs
[2024-04-27 22:21:49,333] {logging_mixin.py:104} INFO - [2024-04-27 22:21:49,333] {dag.py:2280} INFO - Setting next_dagrun for example_xcom to 2024-04-25 00:00:00+00:00
[2024-04-27 22:21:49,360] {scheduler_job.py:190} INFO - Processing /home/airflow/.local/lib/python3.6/site-packages/airflow/example_dags/example_xcom.py took 0.186 seconds
[2024-04-27 22:22:20,249] {scheduler_job.py:182} INFO - Started process (PID=317) to work on /home/airflow/.local/lib/python3.6/site-packages/airflow/example_dags/example_xcom.py
[2024-04-27 22:22:20,251] {scheduler_job.py:629} INFO - Processing file /home/airflow/.local/lib/python3.6/site-packages/airflow/example_dags/example_xcom.py for tasks to queue
[2024-04-27 22:22:20,253] {logging_mixin.py:104} INFO - [2024-04-27 22:22:20,253] {dagbag.py:451} INFO - Filling up the DagBag from /home/airflow/.local/lib/python3.6/site-packages/airflow/example_dags/example_xcom.py
[2024-04-27 22:22:20,289] {scheduler_job.py:639} INFO - DAG(s) dict_keys(['example_xcom']) retrieved from /home/airflow/.local/lib/python3.6/site-packages/airflow/example_dags/example_xcom.py
[2024-04-27 22:22:20,346] {logging_mixin.py:104} INFO - [2024-04-27 22:22:20,346] {dag.py:1824} INFO - Sync 1 DAGs
[2024-04-27 22:22:20,372] {logging_mixin.py:104} INFO - [2024-04-27 22:22:20,372] {dag.py:2280} INFO - Setting next_dagrun for example_xcom to 2024-04-25 00:00:00+00:00
[2024-04-27 22:22:20,396] {scheduler_job.py:190} INFO - Processing /home/airflow/.local/lib/python3.6/site-packages/airflow/example_dags/example_xcom.py took 0.151 seconds
[2024-04-27 22:22:50,502] {scheduler_job.py:182} INFO - Started process (PID=343) to work on /home/airflow/.local/lib/python3.6/site-packages/airflow/example_dags/example_xcom.py
[2024-04-27 22:22:50,504] {scheduler_job.py:629} INFO - Processing file /home/airflow/.local/lib/python3.6/site-packages/airflow/example_dags/example_xcom.py for tasks to queue
[2024-04-27 22:22:50,506] {logging_mixin.py:104} INFO - [2024-04-27 22:22:50,506] {dagbag.py:451} INFO - Filling up the DagBag from /home/airflow/.local/lib/python3.6/site-packages/airflow/example_dags/example_xcom.py
[2024-04-27 22:22:50,541] {scheduler_job.py:639} INFO - DAG(s) dict_keys(['example_xcom']) retrieved from /home/airflow/.local/lib/python3.6/site-packages/airflow/example_dags/example_xcom.py
[2024-04-27 22:22:50,568] {logging_mixin.py:104} INFO - [2024-04-27 22:22:50,567] {dag.py:1824} INFO - Sync 1 DAGs
[2024-04-27 22:22:50,586] {logging_mixin.py:104} INFO - [2024-04-27 22:22:50,586] {dag.py:2280} INFO - Setting next_dagrun for example_xcom to 2024-04-25 00:00:00+00:00
[2024-04-27 22:22:50,604] {scheduler_job.py:190} INFO - Processing /home/airflow/.local/lib/python3.6/site-packages/airflow/example_dags/example_xcom.py took 0.108 seconds
[2024-04-27 22:23:21,312] {scheduler_job.py:182} INFO - Started process (PID=369) to work on /home/airflow/.local/lib/python3.6/site-packages/airflow/example_dags/example_xcom.py
[2024-04-27 22:23:21,315] {scheduler_job.py:629} INFO - Processing file /home/airflow/.local/lib/python3.6/site-packages/airflow/example_dags/example_xcom.py for tasks to queue
[2024-04-27 22:23:21,318] {logging_mixin.py:104} INFO - [2024-04-27 22:23:21,317] {dagbag.py:451} INFO - Filling up the DagBag from /home/airflow/.local/lib/python3.6/site-packages/airflow/example_dags/example_xcom.py
[2024-04-27 22:23:21,366] {scheduler_job.py:639} INFO - DAG(s) dict_keys(['example_xcom']) retrieved from /home/airflow/.local/lib/python3.6/site-packages/airflow/example_dags/example_xcom.py
[2024-04-27 22:23:21,396] {logging_mixin.py:104} INFO - [2024-04-27 22:23:21,396] {dag.py:1824} INFO - Sync 1 DAGs
[2024-04-27 22:23:21,422] {logging_mixin.py:104} INFO - [2024-04-27 22:23:21,421] {dag.py:2280} INFO - Setting next_dagrun for example_xcom to 2024-04-25 00:00:00+00:00
[2024-04-27 22:23:21,441] {scheduler_job.py:190} INFO - Processing /home/airflow/.local/lib/python3.6/site-packages/airflow/example_dags/example_xcom.py took 0.134 seconds
[2024-04-27 22:23:51,923] {scheduler_job.py:182} INFO - Started process (PID=395) to work on /home/airflow/.local/lib/python3.6/site-packages/airflow/example_dags/example_xcom.py
[2024-04-27 22:23:51,934] {scheduler_job.py:629} INFO - Processing file /home/airflow/.local/lib/python3.6/site-packages/airflow/example_dags/example_xcom.py for tasks to queue
[2024-04-27 22:23:51,936] {logging_mixin.py:104} INFO - [2024-04-27 22:23:51,936] {dagbag.py:451} INFO - Filling up the DagBag from /home/airflow/.local/lib/python3.6/site-packages/airflow/example_dags/example_xcom.py
[2024-04-27 22:23:51,970] {scheduler_job.py:639} INFO - DAG(s) dict_keys(['example_xcom']) retrieved from /home/airflow/.local/lib/python3.6/site-packages/airflow/example_dags/example_xcom.py
[2024-04-27 22:23:52,012] {logging_mixin.py:104} INFO - [2024-04-27 22:23:52,012] {dag.py:1824} INFO - Sync 1 DAGs
[2024-04-27 22:23:52,035] {logging_mixin.py:104} INFO - [2024-04-27 22:23:52,034] {dag.py:2280} INFO - Setting next_dagrun for example_xcom to 2024-04-25 00:00:00+00:00
[2024-04-27 22:23:52,051] {scheduler_job.py:190} INFO - Processing /home/airflow/.local/lib/python3.6/site-packages/airflow/example_dags/example_xcom.py took 0.133 seconds
[2024-04-27 22:24:22,103] {scheduler_job.py:182} INFO - Started process (PID=421) to work on /home/airflow/.local/lib/python3.6/site-packages/airflow/example_dags/example_xcom.py
[2024-04-27 22:24:22,106] {scheduler_job.py:629} INFO - Processing file /home/airflow/.local/lib/python3.6/site-packages/airflow/example_dags/example_xcom.py for tasks to queue
[2024-04-27 22:24:22,108] {logging_mixin.py:104} INFO - [2024-04-27 22:24:22,108] {dagbag.py:451} INFO - Filling up the DagBag from /home/airflow/.local/lib/python3.6/site-packages/airflow/example_dags/example_xcom.py
[2024-04-27 22:24:22,133] {scheduler_job.py:639} INFO - DAG(s) dict_keys(['example_xcom']) retrieved from /home/airflow/.local/lib/python3.6/site-packages/airflow/example_dags/example_xcom.py
[2024-04-27 22:24:22,165] {logging_mixin.py:104} INFO - [2024-04-27 22:24:22,165] {dag.py:1824} INFO - Sync 1 DAGs
[2024-04-27 22:24:22,192] {logging_mixin.py:104} INFO - [2024-04-27 22:24:22,192] {dag.py:2280} INFO - Setting next_dagrun for example_xcom to 2024-04-25 00:00:00+00:00
[2024-04-27 22:24:22,211] {scheduler_job.py:190} INFO - Processing /home/airflow/.local/lib/python3.6/site-packages/airflow/example_dags/example_xcom.py took 0.113 seconds
[2024-04-27 22:24:52,504] {scheduler_job.py:182} INFO - Started process (PID=447) to work on /home/airflow/.local/lib/python3.6/site-packages/airflow/example_dags/example_xcom.py
[2024-04-27 22:24:52,506] {scheduler_job.py:629} INFO - Processing file /home/airflow/.local/lib/python3.6/site-packages/airflow/example_dags/example_xcom.py for tasks to queue
[2024-04-27 22:24:52,508] {logging_mixin.py:104} INFO - [2024-04-27 22:24:52,508] {dagbag.py:451} INFO - Filling up the DagBag from /home/airflow/.local/lib/python3.6/site-packages/airflow/example_dags/example_xcom.py
[2024-04-27 22:24:52,556] {scheduler_job.py:639} INFO - DAG(s) dict_keys(['example_xcom']) retrieved from /home/airflow/.local/lib/python3.6/site-packages/airflow/example_dags/example_xcom.py
[2024-04-27 22:24:52,603] {logging_mixin.py:104} INFO - [2024-04-27 22:24:52,603] {dag.py:1824} INFO - Sync 1 DAGs
[2024-04-27 22:24:52,625] {logging_mixin.py:104} INFO - [2024-04-27 22:24:52,625] {dag.py:2280} INFO - Setting next_dagrun for example_xcom to 2024-04-25 00:00:00+00:00
[2024-04-27 22:24:52,641] {scheduler_job.py:190} INFO - Processing /home/airflow/.local/lib/python3.6/site-packages/airflow/example_dags/example_xcom.py took 0.142 seconds
[2024-04-27 22:25:22,720] {scheduler_job.py:182} INFO - Started process (PID=473) to work on /home/airflow/.local/lib/python3.6/site-packages/airflow/example_dags/example_xcom.py
[2024-04-27 22:25:22,722] {scheduler_job.py:629} INFO - Processing file /home/airflow/.local/lib/python3.6/site-packages/airflow/example_dags/example_xcom.py for tasks to queue
[2024-04-27 22:25:22,724] {logging_mixin.py:104} INFO - [2024-04-27 22:25:22,723] {dagbag.py:451} INFO - Filling up the DagBag from /home/airflow/.local/lib/python3.6/site-packages/airflow/example_dags/example_xcom.py
[2024-04-27 22:25:22,752] {scheduler_job.py:639} INFO - DAG(s) dict_keys(['example_xcom']) retrieved from /home/airflow/.local/lib/python3.6/site-packages/airflow/example_dags/example_xcom.py
[2024-04-27 22:25:22,784] {logging_mixin.py:104} INFO - [2024-04-27 22:25:22,784] {dag.py:1824} INFO - Sync 1 DAGs
[2024-04-27 22:25:22,804] {logging_mixin.py:104} INFO - [2024-04-27 22:25:22,804] {dag.py:2280} INFO - Setting next_dagrun for example_xcom to 2024-04-25 00:00:00+00:00
[2024-04-27 22:25:22,829] {scheduler_job.py:190} INFO - Processing /home/airflow/.local/lib/python3.6/site-packages/airflow/example_dags/example_xcom.py took 0.113 seconds
[2024-04-27 22:25:52,967] {scheduler_job.py:182} INFO - Started process (PID=499) to work on /home/airflow/.local/lib/python3.6/site-packages/airflow/example_dags/example_xcom.py
[2024-04-27 22:25:52,970] {scheduler_job.py:629} INFO - Processing file /home/airflow/.local/lib/python3.6/site-packages/airflow/example_dags/example_xcom.py for tasks to queue
[2024-04-27 22:25:52,972] {logging_mixin.py:104} INFO - [2024-04-27 22:25:52,972] {dagbag.py:451} INFO - Filling up the DagBag from /home/airflow/.local/lib/python3.6/site-packages/airflow/example_dags/example_xcom.py
[2024-04-27 22:25:53,004] {scheduler_job.py:639} INFO - DAG(s) dict_keys(['example_xcom']) retrieved from /home/airflow/.local/lib/python3.6/site-packages/airflow/example_dags/example_xcom.py
[2024-04-27 22:25:53,040] {logging_mixin.py:104} INFO - [2024-04-27 22:25:53,040] {dag.py:1824} INFO - Sync 1 DAGs
[2024-04-27 22:25:53,063] {logging_mixin.py:104} INFO - [2024-04-27 22:25:53,063] {dag.py:2280} INFO - Setting next_dagrun for example_xcom to 2024-04-25 00:00:00+00:00
[2024-04-27 22:25:53,085] {scheduler_job.py:190} INFO - Processing /home/airflow/.local/lib/python3.6/site-packages/airflow/example_dags/example_xcom.py took 0.122 seconds
[2024-04-27 22:26:23,179] {scheduler_job.py:182} INFO - Started process (PID=525) to work on /home/airflow/.local/lib/python3.6/site-packages/airflow/example_dags/example_xcom.py
[2024-04-27 22:26:23,182] {scheduler_job.py:629} INFO - Processing file /home/airflow/.local/lib/python3.6/site-packages/airflow/example_dags/example_xcom.py for tasks to queue
[2024-04-27 22:26:23,184] {logging_mixin.py:104} INFO - [2024-04-27 22:26:23,184] {dagbag.py:451} INFO - Filling up the DagBag from /home/airflow/.local/lib/python3.6/site-packages/airflow/example_dags/example_xcom.py
[2024-04-27 22:26:23,246] {scheduler_job.py:639} INFO - DAG(s) dict_keys(['example_xcom']) retrieved from /home/airflow/.local/lib/python3.6/site-packages/airflow/example_dags/example_xcom.py
[2024-04-27 22:26:23,328] {logging_mixin.py:104} INFO - [2024-04-27 22:26:23,328] {dag.py:1824} INFO - Sync 1 DAGs
[2024-04-27 22:26:23,352] {logging_mixin.py:104} INFO - [2024-04-27 22:26:23,351] {dag.py:2280} INFO - Setting next_dagrun for example_xcom to 2024-04-25 00:00:00+00:00
[2024-04-27 22:26:23,379] {scheduler_job.py:190} INFO - Processing /home/airflow/.local/lib/python3.6/site-packages/airflow/example_dags/example_xcom.py took 0.204 seconds
[2024-04-27 22:26:53,479] {scheduler_job.py:182} INFO - Started process (PID=551) to work on /home/airflow/.local/lib/python3.6/site-packages/airflow/example_dags/example_xcom.py
[2024-04-27 22:26:53,486] {scheduler_job.py:629} INFO - Processing file /home/airflow/.local/lib/python3.6/site-packages/airflow/example_dags/example_xcom.py for tasks to queue
[2024-04-27 22:26:53,488] {logging_mixin.py:104} INFO - [2024-04-27 22:26:53,488] {dagbag.py:451} INFO - Filling up the DagBag from /home/airflow/.local/lib/python3.6/site-packages/airflow/example_dags/example_xcom.py
[2024-04-27 22:26:53,536] {scheduler_job.py:639} INFO - DAG(s) dict_keys(['example_xcom']) retrieved from /home/airflow/.local/lib/python3.6/site-packages/airflow/example_dags/example_xcom.py
[2024-04-27 22:26:53,626] {logging_mixin.py:104} INFO - [2024-04-27 22:26:53,626] {dag.py:1824} INFO - Sync 1 DAGs
[2024-04-27 22:26:53,656] {logging_mixin.py:104} INFO - [2024-04-27 22:26:53,656] {dag.py:2280} INFO - Setting next_dagrun for example_xcom to 2024-04-25 00:00:00+00:00
[2024-04-27 22:26:53,693] {scheduler_job.py:190} INFO - Processing /home/airflow/.local/lib/python3.6/site-packages/airflow/example_dags/example_xcom.py took 0.220 seconds
[2024-04-27 22:27:23,859] {scheduler_job.py:182} INFO - Started process (PID=577) to work on /home/airflow/.local/lib/python3.6/site-packages/airflow/example_dags/example_xcom.py
[2024-04-27 22:27:23,862] {scheduler_job.py:629} INFO - Processing file /home/airflow/.local/lib/python3.6/site-packages/airflow/example_dags/example_xcom.py for tasks to queue
[2024-04-27 22:27:23,867] {logging_mixin.py:104} INFO - [2024-04-27 22:27:23,866] {dagbag.py:451} INFO - Filling up the DagBag from /home/airflow/.local/lib/python3.6/site-packages/airflow/example_dags/example_xcom.py
[2024-04-27 22:27:23,915] {scheduler_job.py:639} INFO - DAG(s) dict_keys(['example_xcom']) retrieved from /home/airflow/.local/lib/python3.6/site-packages/airflow/example_dags/example_xcom.py
[2024-04-27 22:27:24,006] {logging_mixin.py:104} INFO - [2024-04-27 22:27:24,006] {dag.py:1824} INFO - Sync 1 DAGs
[2024-04-27 22:27:24,032] {logging_mixin.py:104} INFO - [2024-04-27 22:27:24,032] {dag.py:2280} INFO - Setting next_dagrun for example_xcom to 2024-04-25 00:00:00+00:00
[2024-04-27 22:27:24,076] {scheduler_job.py:190} INFO - Processing /home/airflow/.local/lib/python3.6/site-packages/airflow/example_dags/example_xcom.py took 0.224 seconds
[2024-04-27 22:27:54,915] {scheduler_job.py:182} INFO - Started process (PID=603) to work on /home/airflow/.local/lib/python3.6/site-packages/airflow/example_dags/example_xcom.py
[2024-04-27 22:27:54,918] {scheduler_job.py:629} INFO - Processing file /home/airflow/.local/lib/python3.6/site-packages/airflow/example_dags/example_xcom.py for tasks to queue
[2024-04-27 22:27:54,921] {logging_mixin.py:104} INFO - [2024-04-27 22:27:54,920] {dagbag.py:451} INFO - Filling up the DagBag from /home/airflow/.local/lib/python3.6/site-packages/airflow/example_dags/example_xcom.py
[2024-04-27 22:27:54,976] {scheduler_job.py:639} INFO - DAG(s) dict_keys(['example_xcom']) retrieved from /home/airflow/.local/lib/python3.6/site-packages/airflow/example_dags/example_xcom.py
[2024-04-27 22:27:55,090] {logging_mixin.py:104} INFO - [2024-04-27 22:27:55,090] {dag.py:1824} INFO - Sync 1 DAGs
[2024-04-27 22:27:55,129] {logging_mixin.py:104} INFO - [2024-04-27 22:27:55,129] {dag.py:2280} INFO - Setting next_dagrun for example_xcom to 2024-04-25 00:00:00+00:00
[2024-04-27 22:27:55,171] {scheduler_job.py:190} INFO - Processing /home/airflow/.local/lib/python3.6/site-packages/airflow/example_dags/example_xcom.py took 0.264 seconds
[2024-04-27 22:28:25,727] {scheduler_job.py:182} INFO - Started process (PID=629) to work on /home/airflow/.local/lib/python3.6/site-packages/airflow/example_dags/example_xcom.py
[2024-04-27 22:28:25,732] {scheduler_job.py:629} INFO - Processing file /home/airflow/.local/lib/python3.6/site-packages/airflow/example_dags/example_xcom.py for tasks to queue
[2024-04-27 22:28:25,735] {logging_mixin.py:104} INFO - [2024-04-27 22:28:25,735] {dagbag.py:451} INFO - Filling up the DagBag from /home/airflow/.local/lib/python3.6/site-packages/airflow/example_dags/example_xcom.py
[2024-04-27 22:28:25,804] {scheduler_job.py:639} INFO - DAG(s) dict_keys(['example_xcom']) retrieved from /home/airflow/.local/lib/python3.6/site-packages/airflow/example_dags/example_xcom.py
[2024-04-27 22:28:25,889] {logging_mixin.py:104} INFO - [2024-04-27 22:28:25,889] {dag.py:1824} INFO - Sync 1 DAGs
[2024-04-27 22:28:25,915] {logging_mixin.py:104} INFO - [2024-04-27 22:28:25,915] {dag.py:2280} INFO - Setting next_dagrun for example_xcom to 2024-04-25 00:00:00+00:00
[2024-04-27 22:28:25,953] {scheduler_job.py:190} INFO - Processing /home/airflow/.local/lib/python3.6/site-packages/airflow/example_dags/example_xcom.py took 0.233 seconds
