[2024-04-27 22:16:41,292] {scheduler_job.py:182} INFO - Started process (PID=32) to work on /home/airflow/.local/lib/python3.6/site-packages/airflow/example_dags/example_latest_only_with_trigger.py
[2024-04-27 22:16:41,304] {scheduler_job.py:629} INFO - Processing file /home/airflow/.local/lib/python3.6/site-packages/airflow/example_dags/example_latest_only_with_trigger.py for tasks to queue
[2024-04-27 22:16:41,312] {logging_mixin.py:104} INFO - [2024-04-27 22:16:41,311] {dagbag.py:451} INFO - Filling up the DagBag from /home/airflow/.local/lib/python3.6/site-packages/airflow/example_dags/example_latest_only_with_trigger.py
[2024-04-27 22:16:41,381] {scheduler_job.py:639} INFO - DAG(s) dict_keys(['latest_only_with_trigger']) retrieved from /home/airflow/.local/lib/python3.6/site-packages/airflow/example_dags/example_latest_only_with_trigger.py
[2024-04-27 22:16:41,503] {logging_mixin.py:104} INFO - [2024-04-27 22:16:41,498] {dag.py:1824} INFO - Sync 1 DAGs
[2024-04-27 22:16:41,578] {logging_mixin.py:104} INFO - [2024-04-27 22:16:41,577] {dag.py:1843} INFO - Creating ORM DAG for latest_only_with_trigger
[2024-04-27 22:16:41,612] {logging_mixin.py:104} INFO - [2024-04-27 22:16:41,611] {dag.py:2280} INFO - Setting next_dagrun for latest_only_with_trigger to 2024-04-25 00:00:00+00:00
[2024-04-27 22:16:41,711] {scheduler_job.py:190} INFO - Processing /home/airflow/.local/lib/python3.6/site-packages/airflow/example_dags/example_latest_only_with_trigger.py took 0.434 seconds
[2024-04-27 22:17:13,881] {scheduler_job.py:182} INFO - Started process (PID=61) to work on /home/airflow/.local/lib/python3.6/site-packages/airflow/example_dags/example_latest_only_with_trigger.py
[2024-04-27 22:17:13,886] {scheduler_job.py:629} INFO - Processing file /home/airflow/.local/lib/python3.6/site-packages/airflow/example_dags/example_latest_only_with_trigger.py for tasks to queue
[2024-04-27 22:17:13,889] {logging_mixin.py:104} INFO - [2024-04-27 22:17:13,889] {dagbag.py:451} INFO - Filling up the DagBag from /home/airflow/.local/lib/python3.6/site-packages/airflow/example_dags/example_latest_only_with_trigger.py
[2024-04-27 22:17:13,956] {scheduler_job.py:639} INFO - DAG(s) dict_keys(['latest_only_with_trigger']) retrieved from /home/airflow/.local/lib/python3.6/site-packages/airflow/example_dags/example_latest_only_with_trigger.py
[2024-04-27 22:17:14,069] {logging_mixin.py:104} INFO - [2024-04-27 22:17:14,069] {dag.py:1824} INFO - Sync 1 DAGs
[2024-04-27 22:17:14,135] {logging_mixin.py:104} INFO - [2024-04-27 22:17:14,135] {dag.py:2280} INFO - Setting next_dagrun for latest_only_with_trigger to 2024-04-25 00:00:00+00:00
[2024-04-27 22:17:14,196] {scheduler_job.py:190} INFO - Processing /home/airflow/.local/lib/python3.6/site-packages/airflow/example_dags/example_latest_only_with_trigger.py took 0.340 seconds
[2024-04-27 22:17:45,114] {scheduler_job.py:182} INFO - Started process (PID=88) to work on /home/airflow/.local/lib/python3.6/site-packages/airflow/example_dags/example_latest_only_with_trigger.py
[2024-04-27 22:17:45,116] {scheduler_job.py:629} INFO - Processing file /home/airflow/.local/lib/python3.6/site-packages/airflow/example_dags/example_latest_only_with_trigger.py for tasks to queue
[2024-04-27 22:17:45,118] {logging_mixin.py:104} INFO - [2024-04-27 22:17:45,118] {dagbag.py:451} INFO - Filling up the DagBag from /home/airflow/.local/lib/python3.6/site-packages/airflow/example_dags/example_latest_only_with_trigger.py
[2024-04-27 22:17:45,145] {scheduler_job.py:639} INFO - DAG(s) dict_keys(['latest_only_with_trigger']) retrieved from /home/airflow/.local/lib/python3.6/site-packages/airflow/example_dags/example_latest_only_with_trigger.py
[2024-04-27 22:17:45,178] {logging_mixin.py:104} INFO - [2024-04-27 22:17:45,178] {dag.py:1824} INFO - Sync 1 DAGs
[2024-04-27 22:17:45,205] {logging_mixin.py:104} INFO - [2024-04-27 22:17:45,204] {dag.py:2280} INFO - Setting next_dagrun for latest_only_with_trigger to 2024-04-25 00:00:00+00:00
[2024-04-27 22:17:45,223] {scheduler_job.py:190} INFO - Processing /home/airflow/.local/lib/python3.6/site-packages/airflow/example_dags/example_latest_only_with_trigger.py took 0.115 seconds
[2024-04-27 22:18:16,116] {scheduler_job.py:182} INFO - Started process (PID=115) to work on /home/airflow/.local/lib/python3.6/site-packages/airflow/example_dags/example_latest_only_with_trigger.py
[2024-04-27 22:18:16,119] {scheduler_job.py:629} INFO - Processing file /home/airflow/.local/lib/python3.6/site-packages/airflow/example_dags/example_latest_only_with_trigger.py for tasks to queue
[2024-04-27 22:18:16,121] {logging_mixin.py:104} INFO - [2024-04-27 22:18:16,121] {dagbag.py:451} INFO - Filling up the DagBag from /home/airflow/.local/lib/python3.6/site-packages/airflow/example_dags/example_latest_only_with_trigger.py
[2024-04-27 22:18:16,143] {scheduler_job.py:639} INFO - DAG(s) dict_keys(['latest_only_with_trigger']) retrieved from /home/airflow/.local/lib/python3.6/site-packages/airflow/example_dags/example_latest_only_with_trigger.py
[2024-04-27 22:18:16,180] {logging_mixin.py:104} INFO - [2024-04-27 22:18:16,180] {dag.py:1824} INFO - Sync 1 DAGs
[2024-04-27 22:18:16,211] {logging_mixin.py:104} INFO - [2024-04-27 22:18:16,211] {dag.py:2280} INFO - Setting next_dagrun for latest_only_with_trigger to 2024-04-25 00:00:00+00:00
[2024-04-27 22:18:16,238] {scheduler_job.py:190} INFO - Processing /home/airflow/.local/lib/python3.6/site-packages/airflow/example_dags/example_latest_only_with_trigger.py took 0.127 seconds
[2024-04-27 22:18:46,411] {scheduler_job.py:182} INFO - Started process (PID=141) to work on /home/airflow/.local/lib/python3.6/site-packages/airflow/example_dags/example_latest_only_with_trigger.py
[2024-04-27 22:18:46,414] {scheduler_job.py:629} INFO - Processing file /home/airflow/.local/lib/python3.6/site-packages/airflow/example_dags/example_latest_only_with_trigger.py for tasks to queue
[2024-04-27 22:18:46,416] {logging_mixin.py:104} INFO - [2024-04-27 22:18:46,415] {dagbag.py:451} INFO - Filling up the DagBag from /home/airflow/.local/lib/python3.6/site-packages/airflow/example_dags/example_latest_only_with_trigger.py
[2024-04-27 22:18:46,436] {scheduler_job.py:639} INFO - DAG(s) dict_keys(['latest_only_with_trigger']) retrieved from /home/airflow/.local/lib/python3.6/site-packages/airflow/example_dags/example_latest_only_with_trigger.py
[2024-04-27 22:18:46,473] {logging_mixin.py:104} INFO - [2024-04-27 22:18:46,472] {dag.py:1824} INFO - Sync 1 DAGs
[2024-04-27 22:18:46,514] {logging_mixin.py:104} INFO - [2024-04-27 22:18:46,514] {dag.py:2280} INFO - Setting next_dagrun for latest_only_with_trigger to 2024-04-25 00:00:00+00:00
[2024-04-27 22:18:46,536] {scheduler_job.py:190} INFO - Processing /home/airflow/.local/lib/python3.6/site-packages/airflow/example_dags/example_latest_only_with_trigger.py took 0.130 seconds
[2024-04-27 22:19:16,828] {scheduler_job.py:182} INFO - Started process (PID=167) to work on /home/airflow/.local/lib/python3.6/site-packages/airflow/example_dags/example_latest_only_with_trigger.py
[2024-04-27 22:19:16,831] {scheduler_job.py:629} INFO - Processing file /home/airflow/.local/lib/python3.6/site-packages/airflow/example_dags/example_latest_only_with_trigger.py for tasks to queue
[2024-04-27 22:19:16,834] {logging_mixin.py:104} INFO - [2024-04-27 22:19:16,834] {dagbag.py:451} INFO - Filling up the DagBag from /home/airflow/.local/lib/python3.6/site-packages/airflow/example_dags/example_latest_only_with_trigger.py
[2024-04-27 22:19:16,857] {scheduler_job.py:639} INFO - DAG(s) dict_keys(['latest_only_with_trigger']) retrieved from /home/airflow/.local/lib/python3.6/site-packages/airflow/example_dags/example_latest_only_with_trigger.py
[2024-04-27 22:19:16,897] {logging_mixin.py:104} INFO - [2024-04-27 22:19:16,896] {dag.py:1824} INFO - Sync 1 DAGs
[2024-04-27 22:19:16,932] {logging_mixin.py:104} INFO - [2024-04-27 22:19:16,931] {dag.py:2280} INFO - Setting next_dagrun for latest_only_with_trigger to 2024-04-25 00:00:00+00:00
[2024-04-27 22:19:16,955] {scheduler_job.py:190} INFO - Processing /home/airflow/.local/lib/python3.6/site-packages/airflow/example_dags/example_latest_only_with_trigger.py took 0.133 seconds
[2024-04-27 22:19:47,324] {scheduler_job.py:182} INFO - Started process (PID=193) to work on /home/airflow/.local/lib/python3.6/site-packages/airflow/example_dags/example_latest_only_with_trigger.py
[2024-04-27 22:19:47,326] {scheduler_job.py:629} INFO - Processing file /home/airflow/.local/lib/python3.6/site-packages/airflow/example_dags/example_latest_only_with_trigger.py for tasks to queue
[2024-04-27 22:19:47,329] {logging_mixin.py:104} INFO - [2024-04-27 22:19:47,328] {dagbag.py:451} INFO - Filling up the DagBag from /home/airflow/.local/lib/python3.6/site-packages/airflow/example_dags/example_latest_only_with_trigger.py
[2024-04-27 22:19:47,351] {scheduler_job.py:639} INFO - DAG(s) dict_keys(['latest_only_with_trigger']) retrieved from /home/airflow/.local/lib/python3.6/site-packages/airflow/example_dags/example_latest_only_with_trigger.py
[2024-04-27 22:19:47,397] {logging_mixin.py:104} INFO - [2024-04-27 22:19:47,397] {dag.py:1824} INFO - Sync 1 DAGs
[2024-04-27 22:19:47,423] {logging_mixin.py:104} INFO - [2024-04-27 22:19:47,423] {dag.py:2280} INFO - Setting next_dagrun for latest_only_with_trigger to 2024-04-25 00:00:00+00:00
[2024-04-27 22:19:47,446] {scheduler_job.py:190} INFO - Processing /home/airflow/.local/lib/python3.6/site-packages/airflow/example_dags/example_latest_only_with_trigger.py took 0.129 seconds
[2024-04-27 22:20:18,002] {scheduler_job.py:182} INFO - Started process (PID=219) to work on /home/airflow/.local/lib/python3.6/site-packages/airflow/example_dags/example_latest_only_with_trigger.py
[2024-04-27 22:20:18,004] {scheduler_job.py:629} INFO - Processing file /home/airflow/.local/lib/python3.6/site-packages/airflow/example_dags/example_latest_only_with_trigger.py for tasks to queue
[2024-04-27 22:20:18,006] {logging_mixin.py:104} INFO - [2024-04-27 22:20:18,006] {dagbag.py:451} INFO - Filling up the DagBag from /home/airflow/.local/lib/python3.6/site-packages/airflow/example_dags/example_latest_only_with_trigger.py
[2024-04-27 22:20:18,028] {scheduler_job.py:639} INFO - DAG(s) dict_keys(['latest_only_with_trigger']) retrieved from /home/airflow/.local/lib/python3.6/site-packages/airflow/example_dags/example_latest_only_with_trigger.py
[2024-04-27 22:20:18,065] {logging_mixin.py:104} INFO - [2024-04-27 22:20:18,064] {dag.py:1824} INFO - Sync 1 DAGs
[2024-04-27 22:20:18,088] {logging_mixin.py:104} INFO - [2024-04-27 22:20:18,088] {dag.py:2280} INFO - Setting next_dagrun for latest_only_with_trigger to 2024-04-25 00:00:00+00:00
[2024-04-27 22:20:18,106] {scheduler_job.py:190} INFO - Processing /home/airflow/.local/lib/python3.6/site-packages/airflow/example_dags/example_latest_only_with_trigger.py took 0.110 seconds
[2024-04-27 22:20:48,700] {scheduler_job.py:182} INFO - Started process (PID=242) to work on /home/airflow/.local/lib/python3.6/site-packages/airflow/example_dags/example_latest_only_with_trigger.py
[2024-04-27 22:20:48,702] {scheduler_job.py:629} INFO - Processing file /home/airflow/.local/lib/python3.6/site-packages/airflow/example_dags/example_latest_only_with_trigger.py for tasks to queue
[2024-04-27 22:20:48,704] {logging_mixin.py:104} INFO - [2024-04-27 22:20:48,703] {dagbag.py:451} INFO - Filling up the DagBag from /home/airflow/.local/lib/python3.6/site-packages/airflow/example_dags/example_latest_only_with_trigger.py
[2024-04-27 22:20:48,721] {scheduler_job.py:639} INFO - DAG(s) dict_keys(['latest_only_with_trigger']) retrieved from /home/airflow/.local/lib/python3.6/site-packages/airflow/example_dags/example_latest_only_with_trigger.py
[2024-04-27 22:20:48,762] {logging_mixin.py:104} INFO - [2024-04-27 22:20:48,761] {dag.py:1824} INFO - Sync 1 DAGs
[2024-04-27 22:20:48,782] {logging_mixin.py:104} INFO - [2024-04-27 22:20:48,782] {dag.py:2280} INFO - Setting next_dagrun for latest_only_with_trigger to 2024-04-25 00:00:00+00:00
[2024-04-27 22:20:48,797] {scheduler_job.py:190} INFO - Processing /home/airflow/.local/lib/python3.6/site-packages/airflow/example_dags/example_latest_only_with_trigger.py took 0.102 seconds
[2024-04-27 22:21:19,628] {scheduler_job.py:182} INFO - Started process (PID=271) to work on /home/airflow/.local/lib/python3.6/site-packages/airflow/example_dags/example_latest_only_with_trigger.py
[2024-04-27 22:21:19,633] {scheduler_job.py:629} INFO - Processing file /home/airflow/.local/lib/python3.6/site-packages/airflow/example_dags/example_latest_only_with_trigger.py for tasks to queue
[2024-04-27 22:21:19,635] {logging_mixin.py:104} INFO - [2024-04-27 22:21:19,635] {dagbag.py:451} INFO - Filling up the DagBag from /home/airflow/.local/lib/python3.6/site-packages/airflow/example_dags/example_latest_only_with_trigger.py
[2024-04-27 22:21:19,664] {scheduler_job.py:639} INFO - DAG(s) dict_keys(['latest_only_with_trigger']) retrieved from /home/airflow/.local/lib/python3.6/site-packages/airflow/example_dags/example_latest_only_with_trigger.py
[2024-04-27 22:21:19,721] {logging_mixin.py:104} INFO - [2024-04-27 22:21:19,720] {dag.py:1824} INFO - Sync 1 DAGs
[2024-04-27 22:21:19,758] {logging_mixin.py:104} INFO - [2024-04-27 22:21:19,757] {dag.py:2280} INFO - Setting next_dagrun for latest_only_with_trigger to 2024-04-25 00:00:00+00:00
[2024-04-27 22:21:19,784] {scheduler_job.py:190} INFO - Processing /home/airflow/.local/lib/python3.6/site-packages/airflow/example_dags/example_latest_only_with_trigger.py took 0.164 seconds
[2024-04-27 22:21:50,640] {scheduler_job.py:182} INFO - Started process (PID=297) to work on /home/airflow/.local/lib/python3.6/site-packages/airflow/example_dags/example_latest_only_with_trigger.py
[2024-04-27 22:21:50,643] {scheduler_job.py:629} INFO - Processing file /home/airflow/.local/lib/python3.6/site-packages/airflow/example_dags/example_latest_only_with_trigger.py for tasks to queue
[2024-04-27 22:21:50,646] {logging_mixin.py:104} INFO - [2024-04-27 22:21:50,646] {dagbag.py:451} INFO - Filling up the DagBag from /home/airflow/.local/lib/python3.6/site-packages/airflow/example_dags/example_latest_only_with_trigger.py
[2024-04-27 22:21:50,675] {scheduler_job.py:639} INFO - DAG(s) dict_keys(['latest_only_with_trigger']) retrieved from /home/airflow/.local/lib/python3.6/site-packages/airflow/example_dags/example_latest_only_with_trigger.py
[2024-04-27 22:21:50,718] {logging_mixin.py:104} INFO - [2024-04-27 22:21:50,717] {dag.py:1824} INFO - Sync 1 DAGs
[2024-04-27 22:21:50,742] {logging_mixin.py:104} INFO - [2024-04-27 22:21:50,742] {dag.py:2280} INFO - Setting next_dagrun for latest_only_with_trigger to 2024-04-25 00:00:00+00:00
[2024-04-27 22:21:50,765] {scheduler_job.py:190} INFO - Processing /home/airflow/.local/lib/python3.6/site-packages/airflow/example_dags/example_latest_only_with_trigger.py took 0.130 seconds
[2024-04-27 22:22:20,908] {scheduler_job.py:182} INFO - Started process (PID=323) to work on /home/airflow/.local/lib/python3.6/site-packages/airflow/example_dags/example_latest_only_with_trigger.py
[2024-04-27 22:22:20,912] {scheduler_job.py:629} INFO - Processing file /home/airflow/.local/lib/python3.6/site-packages/airflow/example_dags/example_latest_only_with_trigger.py for tasks to queue
[2024-04-27 22:22:20,914] {logging_mixin.py:104} INFO - [2024-04-27 22:22:20,914] {dagbag.py:451} INFO - Filling up the DagBag from /home/airflow/.local/lib/python3.6/site-packages/airflow/example_dags/example_latest_only_with_trigger.py
[2024-04-27 22:22:20,945] {scheduler_job.py:639} INFO - DAG(s) dict_keys(['latest_only_with_trigger']) retrieved from /home/airflow/.local/lib/python3.6/site-packages/airflow/example_dags/example_latest_only_with_trigger.py
[2024-04-27 22:22:20,989] {logging_mixin.py:104} INFO - [2024-04-27 22:22:20,989] {dag.py:1824} INFO - Sync 1 DAGs
[2024-04-27 22:22:21,020] {logging_mixin.py:104} INFO - [2024-04-27 22:22:21,020] {dag.py:2280} INFO - Setting next_dagrun for latest_only_with_trigger to 2024-04-25 00:00:00+00:00
[2024-04-27 22:22:21,045] {scheduler_job.py:190} INFO - Processing /home/airflow/.local/lib/python3.6/site-packages/airflow/example_dags/example_latest_only_with_trigger.py took 0.143 seconds
[2024-04-27 22:22:51,945] {scheduler_job.py:182} INFO - Started process (PID=349) to work on /home/airflow/.local/lib/python3.6/site-packages/airflow/example_dags/example_latest_only_with_trigger.py
[2024-04-27 22:22:51,948] {scheduler_job.py:629} INFO - Processing file /home/airflow/.local/lib/python3.6/site-packages/airflow/example_dags/example_latest_only_with_trigger.py for tasks to queue
[2024-04-27 22:22:51,949] {logging_mixin.py:104} INFO - [2024-04-27 22:22:51,949] {dagbag.py:451} INFO - Filling up the DagBag from /home/airflow/.local/lib/python3.6/site-packages/airflow/example_dags/example_latest_only_with_trigger.py
[2024-04-27 22:22:51,970] {scheduler_job.py:639} INFO - DAG(s) dict_keys(['latest_only_with_trigger']) retrieved from /home/airflow/.local/lib/python3.6/site-packages/airflow/example_dags/example_latest_only_with_trigger.py
[2024-04-27 22:22:51,998] {logging_mixin.py:104} INFO - [2024-04-27 22:22:51,998] {dag.py:1824} INFO - Sync 1 DAGs
[2024-04-27 22:22:52,017] {logging_mixin.py:104} INFO - [2024-04-27 22:22:52,017] {dag.py:2280} INFO - Setting next_dagrun for latest_only_with_trigger to 2024-04-25 00:00:00+00:00
[2024-04-27 22:22:52,033] {scheduler_job.py:190} INFO - Processing /home/airflow/.local/lib/python3.6/site-packages/airflow/example_dags/example_latest_only_with_trigger.py took 0.092 seconds
[2024-04-27 22:23:22,696] {scheduler_job.py:182} INFO - Started process (PID=375) to work on /home/airflow/.local/lib/python3.6/site-packages/airflow/example_dags/example_latest_only_with_trigger.py
[2024-04-27 22:23:22,699] {scheduler_job.py:629} INFO - Processing file /home/airflow/.local/lib/python3.6/site-packages/airflow/example_dags/example_latest_only_with_trigger.py for tasks to queue
[2024-04-27 22:23:22,701] {logging_mixin.py:104} INFO - [2024-04-27 22:23:22,700] {dagbag.py:451} INFO - Filling up the DagBag from /home/airflow/.local/lib/python3.6/site-packages/airflow/example_dags/example_latest_only_with_trigger.py
[2024-04-27 22:23:22,727] {scheduler_job.py:639} INFO - DAG(s) dict_keys(['latest_only_with_trigger']) retrieved from /home/airflow/.local/lib/python3.6/site-packages/airflow/example_dags/example_latest_only_with_trigger.py
[2024-04-27 22:23:22,795] {logging_mixin.py:104} INFO - [2024-04-27 22:23:22,795] {dag.py:1824} INFO - Sync 1 DAGs
[2024-04-27 22:23:22,845] {logging_mixin.py:104} INFO - [2024-04-27 22:23:22,844] {dag.py:2280} INFO - Setting next_dagrun for latest_only_with_trigger to 2024-04-25 00:00:00+00:00
[2024-04-27 22:23:22,879] {scheduler_job.py:190} INFO - Processing /home/airflow/.local/lib/python3.6/site-packages/airflow/example_dags/example_latest_only_with_trigger.py took 0.190 seconds
[2024-04-27 22:23:53,246] {scheduler_job.py:182} INFO - Started process (PID=401) to work on /home/airflow/.local/lib/python3.6/site-packages/airflow/example_dags/example_latest_only_with_trigger.py
[2024-04-27 22:23:53,253] {scheduler_job.py:629} INFO - Processing file /home/airflow/.local/lib/python3.6/site-packages/airflow/example_dags/example_latest_only_with_trigger.py for tasks to queue
[2024-04-27 22:23:53,255] {logging_mixin.py:104} INFO - [2024-04-27 22:23:53,254] {dagbag.py:451} INFO - Filling up the DagBag from /home/airflow/.local/lib/python3.6/site-packages/airflow/example_dags/example_latest_only_with_trigger.py
[2024-04-27 22:23:53,271] {scheduler_job.py:639} INFO - DAG(s) dict_keys(['latest_only_with_trigger']) retrieved from /home/airflow/.local/lib/python3.6/site-packages/airflow/example_dags/example_latest_only_with_trigger.py
[2024-04-27 22:23:53,299] {logging_mixin.py:104} INFO - [2024-04-27 22:23:53,298] {dag.py:1824} INFO - Sync 1 DAGs
[2024-04-27 22:23:53,317] {logging_mixin.py:104} INFO - [2024-04-27 22:23:53,317] {dag.py:2280} INFO - Setting next_dagrun for latest_only_with_trigger to 2024-04-25 00:00:00+00:00
[2024-04-27 22:23:53,334] {scheduler_job.py:190} INFO - Processing /home/airflow/.local/lib/python3.6/site-packages/airflow/example_dags/example_latest_only_with_trigger.py took 0.094 seconds
[2024-04-27 22:24:23,564] {scheduler_job.py:182} INFO - Started process (PID=427) to work on /home/airflow/.local/lib/python3.6/site-packages/airflow/example_dags/example_latest_only_with_trigger.py
[2024-04-27 22:24:23,568] {scheduler_job.py:629} INFO - Processing file /home/airflow/.local/lib/python3.6/site-packages/airflow/example_dags/example_latest_only_with_trigger.py for tasks to queue
[2024-04-27 22:24:23,570] {logging_mixin.py:104} INFO - [2024-04-27 22:24:23,569] {dagbag.py:451} INFO - Filling up the DagBag from /home/airflow/.local/lib/python3.6/site-packages/airflow/example_dags/example_latest_only_with_trigger.py
[2024-04-27 22:24:23,591] {scheduler_job.py:639} INFO - DAG(s) dict_keys(['latest_only_with_trigger']) retrieved from /home/airflow/.local/lib/python3.6/site-packages/airflow/example_dags/example_latest_only_with_trigger.py
[2024-04-27 22:24:23,627] {logging_mixin.py:104} INFO - [2024-04-27 22:24:23,627] {dag.py:1824} INFO - Sync 1 DAGs
[2024-04-27 22:24:23,653] {logging_mixin.py:104} INFO - [2024-04-27 22:24:23,652] {dag.py:2280} INFO - Setting next_dagrun for latest_only_with_trigger to 2024-04-25 00:00:00+00:00
[2024-04-27 22:24:23,672] {scheduler_job.py:190} INFO - Processing /home/airflow/.local/lib/python3.6/site-packages/airflow/example_dags/example_latest_only_with_trigger.py took 0.113 seconds
[2024-04-27 22:24:53,836] {scheduler_job.py:182} INFO - Started process (PID=453) to work on /home/airflow/.local/lib/python3.6/site-packages/airflow/example_dags/example_latest_only_with_trigger.py
[2024-04-27 22:24:53,838] {scheduler_job.py:629} INFO - Processing file /home/airflow/.local/lib/python3.6/site-packages/airflow/example_dags/example_latest_only_with_trigger.py for tasks to queue
[2024-04-27 22:24:53,840] {logging_mixin.py:104} INFO - [2024-04-27 22:24:53,840] {dagbag.py:451} INFO - Filling up the DagBag from /home/airflow/.local/lib/python3.6/site-packages/airflow/example_dags/example_latest_only_with_trigger.py
[2024-04-27 22:24:53,855] {scheduler_job.py:639} INFO - DAG(s) dict_keys(['latest_only_with_trigger']) retrieved from /home/airflow/.local/lib/python3.6/site-packages/airflow/example_dags/example_latest_only_with_trigger.py
[2024-04-27 22:24:53,882] {logging_mixin.py:104} INFO - [2024-04-27 22:24:53,881] {dag.py:1824} INFO - Sync 1 DAGs
[2024-04-27 22:24:53,901] {logging_mixin.py:104} INFO - [2024-04-27 22:24:53,901] {dag.py:2280} INFO - Setting next_dagrun for latest_only_with_trigger to 2024-04-25 00:00:00+00:00
[2024-04-27 22:24:53,921] {scheduler_job.py:190} INFO - Processing /home/airflow/.local/lib/python3.6/site-packages/airflow/example_dags/example_latest_only_with_trigger.py took 0.089 seconds
[2024-04-27 22:25:24,023] {scheduler_job.py:182} INFO - Started process (PID=479) to work on /home/airflow/.local/lib/python3.6/site-packages/airflow/example_dags/example_latest_only_with_trigger.py
[2024-04-27 22:25:24,025] {scheduler_job.py:629} INFO - Processing file /home/airflow/.local/lib/python3.6/site-packages/airflow/example_dags/example_latest_only_with_trigger.py for tasks to queue
[2024-04-27 22:25:24,027] {logging_mixin.py:104} INFO - [2024-04-27 22:25:24,027] {dagbag.py:451} INFO - Filling up the DagBag from /home/airflow/.local/lib/python3.6/site-packages/airflow/example_dags/example_latest_only_with_trigger.py
[2024-04-27 22:25:24,045] {scheduler_job.py:639} INFO - DAG(s) dict_keys(['latest_only_with_trigger']) retrieved from /home/airflow/.local/lib/python3.6/site-packages/airflow/example_dags/example_latest_only_with_trigger.py
[2024-04-27 22:25:24,074] {logging_mixin.py:104} INFO - [2024-04-27 22:25:24,074] {dag.py:1824} INFO - Sync 1 DAGs
[2024-04-27 22:25:24,095] {logging_mixin.py:104} INFO - [2024-04-27 22:25:24,095] {dag.py:2280} INFO - Setting next_dagrun for latest_only_with_trigger to 2024-04-25 00:00:00+00:00
[2024-04-27 22:25:24,113] {scheduler_job.py:190} INFO - Processing /home/airflow/.local/lib/python3.6/site-packages/airflow/example_dags/example_latest_only_with_trigger.py took 0.095 seconds
[2024-04-27 22:25:54,273] {scheduler_job.py:182} INFO - Started process (PID=505) to work on /home/airflow/.local/lib/python3.6/site-packages/airflow/example_dags/example_latest_only_with_trigger.py
[2024-04-27 22:25:54,275] {scheduler_job.py:629} INFO - Processing file /home/airflow/.local/lib/python3.6/site-packages/airflow/example_dags/example_latest_only_with_trigger.py for tasks to queue
[2024-04-27 22:25:54,278] {logging_mixin.py:104} INFO - [2024-04-27 22:25:54,278] {dagbag.py:451} INFO - Filling up the DagBag from /home/airflow/.local/lib/python3.6/site-packages/airflow/example_dags/example_latest_only_with_trigger.py
[2024-04-27 22:25:54,297] {scheduler_job.py:639} INFO - DAG(s) dict_keys(['latest_only_with_trigger']) retrieved from /home/airflow/.local/lib/python3.6/site-packages/airflow/example_dags/example_latest_only_with_trigger.py
[2024-04-27 22:25:54,326] {logging_mixin.py:104} INFO - [2024-04-27 22:25:54,325] {dag.py:1824} INFO - Sync 1 DAGs
[2024-04-27 22:25:54,346] {logging_mixin.py:104} INFO - [2024-04-27 22:25:54,346] {dag.py:2280} INFO - Setting next_dagrun for latest_only_with_trigger to 2024-04-25 00:00:00+00:00
[2024-04-27 22:25:54,362] {scheduler_job.py:190} INFO - Processing /home/airflow/.local/lib/python3.6/site-packages/airflow/example_dags/example_latest_only_with_trigger.py took 0.094 seconds
[2024-04-27 22:26:24,634] {scheduler_job.py:182} INFO - Started process (PID=531) to work on /home/airflow/.local/lib/python3.6/site-packages/airflow/example_dags/example_latest_only_with_trigger.py
[2024-04-27 22:26:24,638] {scheduler_job.py:629} INFO - Processing file /home/airflow/.local/lib/python3.6/site-packages/airflow/example_dags/example_latest_only_with_trigger.py for tasks to queue
[2024-04-27 22:26:24,640] {logging_mixin.py:104} INFO - [2024-04-27 22:26:24,639] {dagbag.py:451} INFO - Filling up the DagBag from /home/airflow/.local/lib/python3.6/site-packages/airflow/example_dags/example_latest_only_with_trigger.py
[2024-04-27 22:26:24,659] {scheduler_job.py:639} INFO - DAG(s) dict_keys(['latest_only_with_trigger']) retrieved from /home/airflow/.local/lib/python3.6/site-packages/airflow/example_dags/example_latest_only_with_trigger.py
[2024-04-27 22:26:24,690] {logging_mixin.py:104} INFO - [2024-04-27 22:26:24,690] {dag.py:1824} INFO - Sync 1 DAGs
[2024-04-27 22:26:24,718] {logging_mixin.py:104} INFO - [2024-04-27 22:26:24,718] {dag.py:2280} INFO - Setting next_dagrun for latest_only_with_trigger to 2024-04-25 00:00:00+00:00
[2024-04-27 22:26:24,736] {scheduler_job.py:190} INFO - Processing /home/airflow/.local/lib/python3.6/site-packages/airflow/example_dags/example_latest_only_with_trigger.py took 0.107 seconds
[2024-04-27 22:26:55,459] {scheduler_job.py:182} INFO - Started process (PID=559) to work on /home/airflow/.local/lib/python3.6/site-packages/airflow/example_dags/example_latest_only_with_trigger.py
[2024-04-27 22:26:55,462] {scheduler_job.py:629} INFO - Processing file /home/airflow/.local/lib/python3.6/site-packages/airflow/example_dags/example_latest_only_with_trigger.py for tasks to queue
[2024-04-27 22:26:55,465] {logging_mixin.py:104} INFO - [2024-04-27 22:26:55,465] {dagbag.py:451} INFO - Filling up the DagBag from /home/airflow/.local/lib/python3.6/site-packages/airflow/example_dags/example_latest_only_with_trigger.py
[2024-04-27 22:26:55,510] {scheduler_job.py:639} INFO - DAG(s) dict_keys(['latest_only_with_trigger']) retrieved from /home/airflow/.local/lib/python3.6/site-packages/airflow/example_dags/example_latest_only_with_trigger.py
[2024-04-27 22:26:55,585] {logging_mixin.py:104} INFO - [2024-04-27 22:26:55,584] {dag.py:1824} INFO - Sync 1 DAGs
[2024-04-27 22:26:55,609] {logging_mixin.py:104} INFO - [2024-04-27 22:26:55,608] {dag.py:2280} INFO - Setting next_dagrun for latest_only_with_trigger to 2024-04-25 00:00:00+00:00
[2024-04-27 22:26:55,625] {scheduler_job.py:190} INFO - Processing /home/airflow/.local/lib/python3.6/site-packages/airflow/example_dags/example_latest_only_with_trigger.py took 0.174 seconds
[2024-04-27 22:27:26,432] {scheduler_job.py:182} INFO - Started process (PID=585) to work on /home/airflow/.local/lib/python3.6/site-packages/airflow/example_dags/example_latest_only_with_trigger.py
[2024-04-27 22:27:26,434] {scheduler_job.py:629} INFO - Processing file /home/airflow/.local/lib/python3.6/site-packages/airflow/example_dags/example_latest_only_with_trigger.py for tasks to queue
[2024-04-27 22:27:26,436] {logging_mixin.py:104} INFO - [2024-04-27 22:27:26,436] {dagbag.py:451} INFO - Filling up the DagBag from /home/airflow/.local/lib/python3.6/site-packages/airflow/example_dags/example_latest_only_with_trigger.py
[2024-04-27 22:27:26,451] {scheduler_job.py:639} INFO - DAG(s) dict_keys(['latest_only_with_trigger']) retrieved from /home/airflow/.local/lib/python3.6/site-packages/airflow/example_dags/example_latest_only_with_trigger.py
[2024-04-27 22:27:26,475] {logging_mixin.py:104} INFO - [2024-04-27 22:27:26,475] {dag.py:1824} INFO - Sync 1 DAGs
[2024-04-27 22:27:26,491] {logging_mixin.py:104} INFO - [2024-04-27 22:27:26,491] {dag.py:2280} INFO - Setting next_dagrun for latest_only_with_trigger to 2024-04-25 00:00:00+00:00
[2024-04-27 22:27:26,505] {scheduler_job.py:190} INFO - Processing /home/airflow/.local/lib/python3.6/site-packages/airflow/example_dags/example_latest_only_with_trigger.py took 0.077 seconds
[2024-04-27 22:27:57,251] {scheduler_job.py:182} INFO - Started process (PID=611) to work on /home/airflow/.local/lib/python3.6/site-packages/airflow/example_dags/example_latest_only_with_trigger.py
[2024-04-27 22:27:57,256] {scheduler_job.py:629} INFO - Processing file /home/airflow/.local/lib/python3.6/site-packages/airflow/example_dags/example_latest_only_with_trigger.py for tasks to queue
[2024-04-27 22:27:57,258] {logging_mixin.py:104} INFO - [2024-04-27 22:27:57,258] {dagbag.py:451} INFO - Filling up the DagBag from /home/airflow/.local/lib/python3.6/site-packages/airflow/example_dags/example_latest_only_with_trigger.py
[2024-04-27 22:27:57,290] {scheduler_job.py:639} INFO - DAG(s) dict_keys(['latest_only_with_trigger']) retrieved from /home/airflow/.local/lib/python3.6/site-packages/airflow/example_dags/example_latest_only_with_trigger.py
[2024-04-27 22:27:57,347] {logging_mixin.py:104} INFO - [2024-04-27 22:27:57,347] {dag.py:1824} INFO - Sync 1 DAGs
[2024-04-27 22:27:57,375] {logging_mixin.py:104} INFO - [2024-04-27 22:27:57,375] {dag.py:2280} INFO - Setting next_dagrun for latest_only_with_trigger to 2024-04-25 00:00:00+00:00
[2024-04-27 22:27:57,396] {scheduler_job.py:190} INFO - Processing /home/airflow/.local/lib/python3.6/site-packages/airflow/example_dags/example_latest_only_with_trigger.py took 0.151 seconds
[2024-04-27 22:28:27,596] {scheduler_job.py:182} INFO - Started process (PID=637) to work on /home/airflow/.local/lib/python3.6/site-packages/airflow/example_dags/example_latest_only_with_trigger.py
[2024-04-27 22:28:27,598] {scheduler_job.py:629} INFO - Processing file /home/airflow/.local/lib/python3.6/site-packages/airflow/example_dags/example_latest_only_with_trigger.py for tasks to queue
[2024-04-27 22:28:27,600] {logging_mixin.py:104} INFO - [2024-04-27 22:28:27,599] {dagbag.py:451} INFO - Filling up the DagBag from /home/airflow/.local/lib/python3.6/site-packages/airflow/example_dags/example_latest_only_with_trigger.py
[2024-04-27 22:28:27,628] {scheduler_job.py:639} INFO - DAG(s) dict_keys(['latest_only_with_trigger']) retrieved from /home/airflow/.local/lib/python3.6/site-packages/airflow/example_dags/example_latest_only_with_trigger.py
[2024-04-27 22:28:27,666] {logging_mixin.py:104} INFO - [2024-04-27 22:28:27,666] {dag.py:1824} INFO - Sync 1 DAGs
[2024-04-27 22:28:27,686] {logging_mixin.py:104} INFO - [2024-04-27 22:28:27,686] {dag.py:2280} INFO - Setting next_dagrun for latest_only_with_trigger to 2024-04-25 00:00:00+00:00
[2024-04-27 22:28:27,700] {scheduler_job.py:190} INFO - Processing /home/airflow/.local/lib/python3.6/site-packages/airflow/example_dags/example_latest_only_with_trigger.py took 0.109 seconds
[2024-04-27 22:28:58,222] {scheduler_job.py:182} INFO - Started process (PID=663) to work on /home/airflow/.local/lib/python3.6/site-packages/airflow/example_dags/example_latest_only_with_trigger.py
[2024-04-27 22:28:58,225] {scheduler_job.py:629} INFO - Processing file /home/airflow/.local/lib/python3.6/site-packages/airflow/example_dags/example_latest_only_with_trigger.py for tasks to queue
[2024-04-27 22:28:58,229] {logging_mixin.py:104} INFO - [2024-04-27 22:28:58,228] {dagbag.py:451} INFO - Filling up the DagBag from /home/airflow/.local/lib/python3.6/site-packages/airflow/example_dags/example_latest_only_with_trigger.py
[2024-04-27 22:28:58,265] {scheduler_job.py:639} INFO - DAG(s) dict_keys(['latest_only_with_trigger']) retrieved from /home/airflow/.local/lib/python3.6/site-packages/airflow/example_dags/example_latest_only_with_trigger.py
[2024-04-27 22:28:58,313] {logging_mixin.py:104} INFO - [2024-04-27 22:28:58,313] {dag.py:1824} INFO - Sync 1 DAGs
[2024-04-27 22:28:58,336] {logging_mixin.py:104} INFO - [2024-04-27 22:28:58,335] {dag.py:2280} INFO - Setting next_dagrun for latest_only_with_trigger to 2024-04-25 00:00:00+00:00
[2024-04-27 22:28:58,354] {scheduler_job.py:190} INFO - Processing /home/airflow/.local/lib/python3.6/site-packages/airflow/example_dags/example_latest_only_with_trigger.py took 0.138 seconds
[2024-04-27 22:29:29,351] {scheduler_job.py:182} INFO - Started process (PID=689) to work on /home/airflow/.local/lib/python3.6/site-packages/airflow/example_dags/example_latest_only_with_trigger.py
[2024-04-27 22:29:29,354] {scheduler_job.py:629} INFO - Processing file /home/airflow/.local/lib/python3.6/site-packages/airflow/example_dags/example_latest_only_with_trigger.py for tasks to queue
[2024-04-27 22:29:29,356] {logging_mixin.py:104} INFO - [2024-04-27 22:29:29,356] {dagbag.py:451} INFO - Filling up the DagBag from /home/airflow/.local/lib/python3.6/site-packages/airflow/example_dags/example_latest_only_with_trigger.py
[2024-04-27 22:29:29,397] {scheduler_job.py:639} INFO - DAG(s) dict_keys(['latest_only_with_trigger']) retrieved from /home/airflow/.local/lib/python3.6/site-packages/airflow/example_dags/example_latest_only_with_trigger.py
[2024-04-27 22:29:29,464] {logging_mixin.py:104} INFO - [2024-04-27 22:29:29,464] {dag.py:1824} INFO - Sync 1 DAGs
[2024-04-27 22:29:29,492] {logging_mixin.py:104} INFO - [2024-04-27 22:29:29,492] {dag.py:2280} INFO - Setting next_dagrun for latest_only_with_trigger to 2024-04-25 00:00:00+00:00
[2024-04-27 22:29:29,510] {scheduler_job.py:190} INFO - Processing /home/airflow/.local/lib/python3.6/site-packages/airflow/example_dags/example_latest_only_with_trigger.py took 0.164 seconds
[2024-04-27 22:30:00,059] {scheduler_job.py:182} INFO - Started process (PID=717) to work on /home/airflow/.local/lib/python3.6/site-packages/airflow/example_dags/example_latest_only_with_trigger.py
[2024-04-27 22:30:00,062] {scheduler_job.py:629} INFO - Processing file /home/airflow/.local/lib/python3.6/site-packages/airflow/example_dags/example_latest_only_with_trigger.py for tasks to queue
[2024-04-27 22:30:00,064] {logging_mixin.py:104} INFO - [2024-04-27 22:30:00,063] {dagbag.py:451} INFO - Filling up the DagBag from /home/airflow/.local/lib/python3.6/site-packages/airflow/example_dags/example_latest_only_with_trigger.py
[2024-04-27 22:30:00,083] {scheduler_job.py:639} INFO - DAG(s) dict_keys(['latest_only_with_trigger']) retrieved from /home/airflow/.local/lib/python3.6/site-packages/airflow/example_dags/example_latest_only_with_trigger.py
[2024-04-27 22:30:00,117] {logging_mixin.py:104} INFO - [2024-04-27 22:30:00,117] {dag.py:1824} INFO - Sync 1 DAGs
[2024-04-27 22:30:00,146] {logging_mixin.py:104} INFO - [2024-04-27 22:30:00,146] {dag.py:2280} INFO - Setting next_dagrun for latest_only_with_trigger to 2024-04-25 00:00:00+00:00
[2024-04-27 22:30:00,172] {scheduler_job.py:190} INFO - Processing /home/airflow/.local/lib/python3.6/site-packages/airflow/example_dags/example_latest_only_with_trigger.py took 0.119 seconds
[2024-04-27 22:30:30,543] {scheduler_job.py:182} INFO - Started process (PID=740) to work on /home/airflow/.local/lib/python3.6/site-packages/airflow/example_dags/example_latest_only_with_trigger.py
[2024-04-27 22:30:30,546] {scheduler_job.py:629} INFO - Processing file /home/airflow/.local/lib/python3.6/site-packages/airflow/example_dags/example_latest_only_with_trigger.py for tasks to queue
[2024-04-27 22:30:30,548] {logging_mixin.py:104} INFO - [2024-04-27 22:30:30,548] {dagbag.py:451} INFO - Filling up the DagBag from /home/airflow/.local/lib/python3.6/site-packages/airflow/example_dags/example_latest_only_with_trigger.py
[2024-04-27 22:30:30,575] {scheduler_job.py:639} INFO - DAG(s) dict_keys(['latest_only_with_trigger']) retrieved from /home/airflow/.local/lib/python3.6/site-packages/airflow/example_dags/example_latest_only_with_trigger.py
[2024-04-27 22:30:30,612] {logging_mixin.py:104} INFO - [2024-04-27 22:30:30,612] {dag.py:1824} INFO - Sync 1 DAGs
[2024-04-27 22:30:30,641] {logging_mixin.py:104} INFO - [2024-04-27 22:30:30,641] {dag.py:2280} INFO - Setting next_dagrun for latest_only_with_trigger to 2024-04-25 00:00:00+00:00
[2024-04-27 22:30:30,661] {scheduler_job.py:190} INFO - Processing /home/airflow/.local/lib/python3.6/site-packages/airflow/example_dags/example_latest_only_with_trigger.py took 0.122 seconds
[2024-04-27 22:31:00,864] {scheduler_job.py:182} INFO - Started process (PID=766) to work on /home/airflow/.local/lib/python3.6/site-packages/airflow/example_dags/example_latest_only_with_trigger.py
[2024-04-27 22:31:00,867] {scheduler_job.py:629} INFO - Processing file /home/airflow/.local/lib/python3.6/site-packages/airflow/example_dags/example_latest_only_with_trigger.py for tasks to queue
[2024-04-27 22:31:00,872] {logging_mixin.py:104} INFO - [2024-04-27 22:31:00,871] {dagbag.py:451} INFO - Filling up the DagBag from /home/airflow/.local/lib/python3.6/site-packages/airflow/example_dags/example_latest_only_with_trigger.py
[2024-04-27 22:31:00,914] {scheduler_job.py:639} INFO - DAG(s) dict_keys(['latest_only_with_trigger']) retrieved from /home/airflow/.local/lib/python3.6/site-packages/airflow/example_dags/example_latest_only_with_trigger.py
[2024-04-27 22:31:01,001] {logging_mixin.py:104} INFO - [2024-04-27 22:31:01,001] {dag.py:1824} INFO - Sync 1 DAGs
[2024-04-27 22:31:01,039] {logging_mixin.py:104} INFO - [2024-04-27 22:31:01,039] {dag.py:2280} INFO - Setting next_dagrun for latest_only_with_trigger to 2024-04-25 00:00:00+00:00
[2024-04-27 22:31:01,067] {scheduler_job.py:190} INFO - Processing /home/airflow/.local/lib/python3.6/site-packages/airflow/example_dags/example_latest_only_with_trigger.py took 0.212 seconds
[2024-04-27 22:31:31,576] {scheduler_job.py:182} INFO - Started process (PID=792) to work on /home/airflow/.local/lib/python3.6/site-packages/airflow/example_dags/example_latest_only_with_trigger.py
[2024-04-27 22:31:31,578] {scheduler_job.py:629} INFO - Processing file /home/airflow/.local/lib/python3.6/site-packages/airflow/example_dags/example_latest_only_with_trigger.py for tasks to queue
[2024-04-27 22:31:31,581] {logging_mixin.py:104} INFO - [2024-04-27 22:31:31,581] {dagbag.py:451} INFO - Filling up the DagBag from /home/airflow/.local/lib/python3.6/site-packages/airflow/example_dags/example_latest_only_with_trigger.py
[2024-04-27 22:31:31,606] {scheduler_job.py:639} INFO - DAG(s) dict_keys(['latest_only_with_trigger']) retrieved from /home/airflow/.local/lib/python3.6/site-packages/airflow/example_dags/example_latest_only_with_trigger.py
[2024-04-27 22:31:31,646] {logging_mixin.py:104} INFO - [2024-04-27 22:31:31,645] {dag.py:1824} INFO - Sync 1 DAGs
[2024-04-27 22:31:31,678] {logging_mixin.py:104} INFO - [2024-04-27 22:31:31,677] {dag.py:2280} INFO - Setting next_dagrun for latest_only_with_trigger to 2024-04-25 00:00:00+00:00
[2024-04-27 22:31:31,706] {scheduler_job.py:190} INFO - Processing /home/airflow/.local/lib/python3.6/site-packages/airflow/example_dags/example_latest_only_with_trigger.py took 0.139 seconds
[2024-04-27 22:32:02,515] {scheduler_job.py:182} INFO - Started process (PID=819) to work on /home/airflow/.local/lib/python3.6/site-packages/airflow/example_dags/example_latest_only_with_trigger.py
[2024-04-27 22:32:02,517] {scheduler_job.py:629} INFO - Processing file /home/airflow/.local/lib/python3.6/site-packages/airflow/example_dags/example_latest_only_with_trigger.py for tasks to queue
[2024-04-27 22:32:02,518] {logging_mixin.py:104} INFO - [2024-04-27 22:32:02,518] {dagbag.py:451} INFO - Filling up the DagBag from /home/airflow/.local/lib/python3.6/site-packages/airflow/example_dags/example_latest_only_with_trigger.py
[2024-04-27 22:32:02,535] {scheduler_job.py:639} INFO - DAG(s) dict_keys(['latest_only_with_trigger']) retrieved from /home/airflow/.local/lib/python3.6/site-packages/airflow/example_dags/example_latest_only_with_trigger.py
[2024-04-27 22:32:02,562] {logging_mixin.py:104} INFO - [2024-04-27 22:32:02,562] {dag.py:1824} INFO - Sync 1 DAGs
[2024-04-27 22:32:02,581] {logging_mixin.py:104} INFO - [2024-04-27 22:32:02,581] {dag.py:2280} INFO - Setting next_dagrun for latest_only_with_trigger to 2024-04-25 00:00:00+00:00
[2024-04-27 22:32:02,598] {scheduler_job.py:190} INFO - Processing /home/airflow/.local/lib/python3.6/site-packages/airflow/example_dags/example_latest_only_with_trigger.py took 0.087 seconds
[2024-04-27 22:32:32,975] {scheduler_job.py:182} INFO - Started process (PID=845) to work on /home/airflow/.local/lib/python3.6/site-packages/airflow/example_dags/example_latest_only_with_trigger.py
[2024-04-27 22:32:32,978] {scheduler_job.py:629} INFO - Processing file /home/airflow/.local/lib/python3.6/site-packages/airflow/example_dags/example_latest_only_with_trigger.py for tasks to queue
[2024-04-27 22:32:32,979] {logging_mixin.py:104} INFO - [2024-04-27 22:32:32,979] {dagbag.py:451} INFO - Filling up the DagBag from /home/airflow/.local/lib/python3.6/site-packages/airflow/example_dags/example_latest_only_with_trigger.py
[2024-04-27 22:32:33,000] {scheduler_job.py:639} INFO - DAG(s) dict_keys(['latest_only_with_trigger']) retrieved from /home/airflow/.local/lib/python3.6/site-packages/airflow/example_dags/example_latest_only_with_trigger.py
[2024-04-27 22:32:33,034] {logging_mixin.py:104} INFO - [2024-04-27 22:32:33,033] {dag.py:1824} INFO - Sync 1 DAGs
[2024-04-27 22:32:33,053] {logging_mixin.py:104} INFO - [2024-04-27 22:32:33,053] {dag.py:2280} INFO - Setting next_dagrun for latest_only_with_trigger to 2024-04-25 00:00:00+00:00
[2024-04-27 22:32:33,068] {scheduler_job.py:190} INFO - Processing /home/airflow/.local/lib/python3.6/site-packages/airflow/example_dags/example_latest_only_with_trigger.py took 0.097 seconds
[2024-04-27 22:33:03,417] {scheduler_job.py:182} INFO - Started process (PID=871) to work on /home/airflow/.local/lib/python3.6/site-packages/airflow/example_dags/example_latest_only_with_trigger.py
[2024-04-27 22:33:03,434] {scheduler_job.py:629} INFO - Processing file /home/airflow/.local/lib/python3.6/site-packages/airflow/example_dags/example_latest_only_with_trigger.py for tasks to queue
[2024-04-27 22:33:03,438] {logging_mixin.py:104} INFO - [2024-04-27 22:33:03,438] {dagbag.py:451} INFO - Filling up the DagBag from /home/airflow/.local/lib/python3.6/site-packages/airflow/example_dags/example_latest_only_with_trigger.py
[2024-04-27 22:33:03,575] {scheduler_job.py:639} INFO - DAG(s) dict_keys(['latest_only_with_trigger']) retrieved from /home/airflow/.local/lib/python3.6/site-packages/airflow/example_dags/example_latest_only_with_trigger.py
[2024-04-27 22:33:03,651] {logging_mixin.py:104} INFO - [2024-04-27 22:33:03,651] {dag.py:1824} INFO - Sync 1 DAGs
[2024-04-27 22:33:03,682] {logging_mixin.py:104} INFO - [2024-04-27 22:33:03,681] {dag.py:2280} INFO - Setting next_dagrun for latest_only_with_trigger to 2024-04-25 00:00:00+00:00
[2024-04-27 22:33:03,703] {scheduler_job.py:190} INFO - Processing /home/airflow/.local/lib/python3.6/site-packages/airflow/example_dags/example_latest_only_with_trigger.py took 0.313 seconds
[2024-04-27 22:33:33,833] {scheduler_job.py:182} INFO - Started process (PID=897) to work on /home/airflow/.local/lib/python3.6/site-packages/airflow/example_dags/example_latest_only_with_trigger.py
[2024-04-27 22:33:33,836] {scheduler_job.py:629} INFO - Processing file /home/airflow/.local/lib/python3.6/site-packages/airflow/example_dags/example_latest_only_with_trigger.py for tasks to queue
[2024-04-27 22:33:33,837] {logging_mixin.py:104} INFO - [2024-04-27 22:33:33,837] {dagbag.py:451} INFO - Filling up the DagBag from /home/airflow/.local/lib/python3.6/site-packages/airflow/example_dags/example_latest_only_with_trigger.py
[2024-04-27 22:33:33,856] {scheduler_job.py:639} INFO - DAG(s) dict_keys(['latest_only_with_trigger']) retrieved from /home/airflow/.local/lib/python3.6/site-packages/airflow/example_dags/example_latest_only_with_trigger.py
[2024-04-27 22:33:33,886] {logging_mixin.py:104} INFO - [2024-04-27 22:33:33,886] {dag.py:1824} INFO - Sync 1 DAGs
[2024-04-27 22:33:33,907] {logging_mixin.py:104} INFO - [2024-04-27 22:33:33,907] {dag.py:2280} INFO - Setting next_dagrun for latest_only_with_trigger to 2024-04-25 00:00:00+00:00
[2024-04-27 22:33:33,922] {scheduler_job.py:190} INFO - Processing /home/airflow/.local/lib/python3.6/site-packages/airflow/example_dags/example_latest_only_with_trigger.py took 0.093 seconds
[2024-04-27 22:34:04,629] {scheduler_job.py:182} INFO - Started process (PID=922) to work on /home/airflow/.local/lib/python3.6/site-packages/airflow/example_dags/example_latest_only_with_trigger.py
[2024-04-27 22:34:04,632] {scheduler_job.py:629} INFO - Processing file /home/airflow/.local/lib/python3.6/site-packages/airflow/example_dags/example_latest_only_with_trigger.py for tasks to queue
[2024-04-27 22:34:04,634] {logging_mixin.py:104} INFO - [2024-04-27 22:34:04,634] {dagbag.py:451} INFO - Filling up the DagBag from /home/airflow/.local/lib/python3.6/site-packages/airflow/example_dags/example_latest_only_with_trigger.py
[2024-04-27 22:34:04,651] {scheduler_job.py:639} INFO - DAG(s) dict_keys(['latest_only_with_trigger']) retrieved from /home/airflow/.local/lib/python3.6/site-packages/airflow/example_dags/example_latest_only_with_trigger.py
[2024-04-27 22:34:04,681] {logging_mixin.py:104} INFO - [2024-04-27 22:34:04,680] {dag.py:1824} INFO - Sync 1 DAGs
[2024-04-27 22:34:04,702] {logging_mixin.py:104} INFO - [2024-04-27 22:34:04,702] {dag.py:2280} INFO - Setting next_dagrun for latest_only_with_trigger to 2024-04-25 00:00:00+00:00
[2024-04-27 22:34:04,721] {scheduler_job.py:190} INFO - Processing /home/airflow/.local/lib/python3.6/site-packages/airflow/example_dags/example_latest_only_with_trigger.py took 0.097 seconds
[2024-04-27 22:34:35,608] {scheduler_job.py:182} INFO - Started process (PID=948) to work on /home/airflow/.local/lib/python3.6/site-packages/airflow/example_dags/example_latest_only_with_trigger.py
[2024-04-27 22:34:35,610] {scheduler_job.py:629} INFO - Processing file /home/airflow/.local/lib/python3.6/site-packages/airflow/example_dags/example_latest_only_with_trigger.py for tasks to queue
[2024-04-27 22:34:35,611] {logging_mixin.py:104} INFO - [2024-04-27 22:34:35,611] {dagbag.py:451} INFO - Filling up the DagBag from /home/airflow/.local/lib/python3.6/site-packages/airflow/example_dags/example_latest_only_with_trigger.py
[2024-04-27 22:34:35,628] {scheduler_job.py:639} INFO - DAG(s) dict_keys(['latest_only_with_trigger']) retrieved from /home/airflow/.local/lib/python3.6/site-packages/airflow/example_dags/example_latest_only_with_trigger.py
[2024-04-27 22:34:35,657] {logging_mixin.py:104} INFO - [2024-04-27 22:34:35,657] {dag.py:1824} INFO - Sync 1 DAGs
[2024-04-27 22:34:35,680] {logging_mixin.py:104} INFO - [2024-04-27 22:34:35,680] {dag.py:2280} INFO - Setting next_dagrun for latest_only_with_trigger to 2024-04-25 00:00:00+00:00
[2024-04-27 22:34:35,695] {scheduler_job.py:190} INFO - Processing /home/airflow/.local/lib/python3.6/site-packages/airflow/example_dags/example_latest_only_with_trigger.py took 0.092 seconds
[2024-04-27 22:35:06,558] {scheduler_job.py:182} INFO - Started process (PID=974) to work on /home/airflow/.local/lib/python3.6/site-packages/airflow/example_dags/example_latest_only_with_trigger.py
[2024-04-27 22:35:06,560] {scheduler_job.py:629} INFO - Processing file /home/airflow/.local/lib/python3.6/site-packages/airflow/example_dags/example_latest_only_with_trigger.py for tasks to queue
[2024-04-27 22:35:06,562] {logging_mixin.py:104} INFO - [2024-04-27 22:35:06,562] {dagbag.py:451} INFO - Filling up the DagBag from /home/airflow/.local/lib/python3.6/site-packages/airflow/example_dags/example_latest_only_with_trigger.py
[2024-04-27 22:35:06,581] {scheduler_job.py:639} INFO - DAG(s) dict_keys(['latest_only_with_trigger']) retrieved from /home/airflow/.local/lib/python3.6/site-packages/airflow/example_dags/example_latest_only_with_trigger.py
[2024-04-27 22:35:06,618] {logging_mixin.py:104} INFO - [2024-04-27 22:35:06,618] {dag.py:1824} INFO - Sync 1 DAGs
[2024-04-27 22:35:06,645] {logging_mixin.py:104} INFO - [2024-04-27 22:35:06,645] {dag.py:2280} INFO - Setting next_dagrun for latest_only_with_trigger to 2024-04-25 00:00:00+00:00
[2024-04-27 22:35:06,668] {scheduler_job.py:190} INFO - Processing /home/airflow/.local/lib/python3.6/site-packages/airflow/example_dags/example_latest_only_with_trigger.py took 0.116 seconds
[2024-04-27 22:35:38,024] {scheduler_job.py:182} INFO - Started process (PID=1000) to work on /home/airflow/.local/lib/python3.6/site-packages/airflow/example_dags/example_latest_only_with_trigger.py
[2024-04-27 22:35:38,026] {scheduler_job.py:629} INFO - Processing file /home/airflow/.local/lib/python3.6/site-packages/airflow/example_dags/example_latest_only_with_trigger.py for tasks to queue
[2024-04-27 22:35:38,028] {logging_mixin.py:104} INFO - [2024-04-27 22:35:38,028] {dagbag.py:451} INFO - Filling up the DagBag from /home/airflow/.local/lib/python3.6/site-packages/airflow/example_dags/example_latest_only_with_trigger.py
[2024-04-27 22:35:38,057] {scheduler_job.py:639} INFO - DAG(s) dict_keys(['latest_only_with_trigger']) retrieved from /home/airflow/.local/lib/python3.6/site-packages/airflow/example_dags/example_latest_only_with_trigger.py
[2024-04-27 22:35:38,098] {logging_mixin.py:104} INFO - [2024-04-27 22:35:38,098] {dag.py:1824} INFO - Sync 1 DAGs
[2024-04-27 22:35:38,122] {logging_mixin.py:104} INFO - [2024-04-27 22:35:38,122] {dag.py:2280} INFO - Setting next_dagrun for latest_only_with_trigger to 2024-04-25 00:00:00+00:00
[2024-04-27 22:35:38,140] {scheduler_job.py:190} INFO - Processing /home/airflow/.local/lib/python3.6/site-packages/airflow/example_dags/example_latest_only_with_trigger.py took 0.123 seconds
[2024-04-27 22:36:08,636] {scheduler_job.py:182} INFO - Started process (PID=1027) to work on /home/airflow/.local/lib/python3.6/site-packages/airflow/example_dags/example_latest_only_with_trigger.py
[2024-04-27 22:36:08,639] {scheduler_job.py:629} INFO - Processing file /home/airflow/.local/lib/python3.6/site-packages/airflow/example_dags/example_latest_only_with_trigger.py for tasks to queue
[2024-04-27 22:36:08,640] {logging_mixin.py:104} INFO - [2024-04-27 22:36:08,640] {dagbag.py:451} INFO - Filling up the DagBag from /home/airflow/.local/lib/python3.6/site-packages/airflow/example_dags/example_latest_only_with_trigger.py
[2024-04-27 22:36:08,658] {scheduler_job.py:639} INFO - DAG(s) dict_keys(['latest_only_with_trigger']) retrieved from /home/airflow/.local/lib/python3.6/site-packages/airflow/example_dags/example_latest_only_with_trigger.py
[2024-04-27 22:36:08,688] {logging_mixin.py:104} INFO - [2024-04-27 22:36:08,687] {dag.py:1824} INFO - Sync 1 DAGs
[2024-04-27 22:36:08,708] {logging_mixin.py:104} INFO - [2024-04-27 22:36:08,708] {dag.py:2280} INFO - Setting next_dagrun for latest_only_with_trigger to 2024-04-25 00:00:00+00:00
[2024-04-27 22:36:08,726] {scheduler_job.py:190} INFO - Processing /home/airflow/.local/lib/python3.6/site-packages/airflow/example_dags/example_latest_only_with_trigger.py took 0.094 seconds
[2024-04-27 22:36:39,324] {scheduler_job.py:182} INFO - Started process (PID=1053) to work on /home/airflow/.local/lib/python3.6/site-packages/airflow/example_dags/example_latest_only_with_trigger.py
[2024-04-27 22:36:39,327] {scheduler_job.py:629} INFO - Processing file /home/airflow/.local/lib/python3.6/site-packages/airflow/example_dags/example_latest_only_with_trigger.py for tasks to queue
[2024-04-27 22:36:39,329] {logging_mixin.py:104} INFO - [2024-04-27 22:36:39,329] {dagbag.py:451} INFO - Filling up the DagBag from /home/airflow/.local/lib/python3.6/site-packages/airflow/example_dags/example_latest_only_with_trigger.py
[2024-04-27 22:36:39,354] {scheduler_job.py:639} INFO - DAG(s) dict_keys(['latest_only_with_trigger']) retrieved from /home/airflow/.local/lib/python3.6/site-packages/airflow/example_dags/example_latest_only_with_trigger.py
[2024-04-27 22:36:39,395] {logging_mixin.py:104} INFO - [2024-04-27 22:36:39,395] {dag.py:1824} INFO - Sync 1 DAGs
[2024-04-27 22:36:39,419] {logging_mixin.py:104} INFO - [2024-04-27 22:36:39,419] {dag.py:2280} INFO - Setting next_dagrun for latest_only_with_trigger to 2024-04-25 00:00:00+00:00
[2024-04-27 22:36:39,442] {scheduler_job.py:190} INFO - Processing /home/airflow/.local/lib/python3.6/site-packages/airflow/example_dags/example_latest_only_with_trigger.py took 0.126 seconds
[2024-04-27 22:37:09,685] {scheduler_job.py:182} INFO - Started process (PID=1079) to work on /home/airflow/.local/lib/python3.6/site-packages/airflow/example_dags/example_latest_only_with_trigger.py
[2024-04-27 22:37:09,687] {scheduler_job.py:629} INFO - Processing file /home/airflow/.local/lib/python3.6/site-packages/airflow/example_dags/example_latest_only_with_trigger.py for tasks to queue
[2024-04-27 22:37:09,689] {logging_mixin.py:104} INFO - [2024-04-27 22:37:09,689] {dagbag.py:451} INFO - Filling up the DagBag from /home/airflow/.local/lib/python3.6/site-packages/airflow/example_dags/example_latest_only_with_trigger.py
[2024-04-27 22:37:09,705] {scheduler_job.py:639} INFO - DAG(s) dict_keys(['latest_only_with_trigger']) retrieved from /home/airflow/.local/lib/python3.6/site-packages/airflow/example_dags/example_latest_only_with_trigger.py
[2024-04-27 22:37:09,733] {logging_mixin.py:104} INFO - [2024-04-27 22:37:09,733] {dag.py:1824} INFO - Sync 1 DAGs
[2024-04-27 22:37:09,752] {logging_mixin.py:104} INFO - [2024-04-27 22:37:09,752] {dag.py:2280} INFO - Setting next_dagrun for latest_only_with_trigger to 2024-04-25 00:00:00+00:00
[2024-04-27 22:37:09,766] {scheduler_job.py:190} INFO - Processing /home/airflow/.local/lib/python3.6/site-packages/airflow/example_dags/example_latest_only_with_trigger.py took 0.085 seconds
[2024-04-27 22:37:39,872] {scheduler_job.py:182} INFO - Started process (PID=1105) to work on /home/airflow/.local/lib/python3.6/site-packages/airflow/example_dags/example_latest_only_with_trigger.py
[2024-04-27 22:37:39,874] {scheduler_job.py:629} INFO - Processing file /home/airflow/.local/lib/python3.6/site-packages/airflow/example_dags/example_latest_only_with_trigger.py for tasks to queue
[2024-04-27 22:37:39,875] {logging_mixin.py:104} INFO - [2024-04-27 22:37:39,875] {dagbag.py:451} INFO - Filling up the DagBag from /home/airflow/.local/lib/python3.6/site-packages/airflow/example_dags/example_latest_only_with_trigger.py
[2024-04-27 22:37:39,891] {scheduler_job.py:639} INFO - DAG(s) dict_keys(['latest_only_with_trigger']) retrieved from /home/airflow/.local/lib/python3.6/site-packages/airflow/example_dags/example_latest_only_with_trigger.py
[2024-04-27 22:37:39,926] {logging_mixin.py:104} INFO - [2024-04-27 22:37:39,926] {dag.py:1824} INFO - Sync 1 DAGs
[2024-04-27 22:37:39,952] {logging_mixin.py:104} INFO - [2024-04-27 22:37:39,952] {dag.py:2280} INFO - Setting next_dagrun for latest_only_with_trigger to 2024-04-25 00:00:00+00:00
[2024-04-27 22:37:39,970] {scheduler_job.py:190} INFO - Processing /home/airflow/.local/lib/python3.6/site-packages/airflow/example_dags/example_latest_only_with_trigger.py took 0.103 seconds
[2024-04-27 22:38:10,883] {scheduler_job.py:182} INFO - Started process (PID=1130) to work on /home/airflow/.local/lib/python3.6/site-packages/airflow/example_dags/example_latest_only_with_trigger.py
[2024-04-27 22:38:10,886] {scheduler_job.py:629} INFO - Processing file /home/airflow/.local/lib/python3.6/site-packages/airflow/example_dags/example_latest_only_with_trigger.py for tasks to queue
[2024-04-27 22:38:10,888] {logging_mixin.py:104} INFO - [2024-04-27 22:38:10,888] {dagbag.py:451} INFO - Filling up the DagBag from /home/airflow/.local/lib/python3.6/site-packages/airflow/example_dags/example_latest_only_with_trigger.py
[2024-04-27 22:38:10,928] {scheduler_job.py:639} INFO - DAG(s) dict_keys(['latest_only_with_trigger']) retrieved from /home/airflow/.local/lib/python3.6/site-packages/airflow/example_dags/example_latest_only_with_trigger.py
[2024-04-27 22:38:10,979] {logging_mixin.py:104} INFO - [2024-04-27 22:38:10,979] {dag.py:1824} INFO - Sync 1 DAGs
[2024-04-27 22:38:11,031] {logging_mixin.py:104} INFO - [2024-04-27 22:38:11,031] {dag.py:2280} INFO - Setting next_dagrun for latest_only_with_trigger to 2024-04-25 00:00:00+00:00
[2024-04-27 22:38:11,067] {scheduler_job.py:190} INFO - Processing /home/airflow/.local/lib/python3.6/site-packages/airflow/example_dags/example_latest_only_with_trigger.py took 0.191 seconds
[2024-04-27 22:38:41,476] {scheduler_job.py:182} INFO - Started process (PID=1156) to work on /home/airflow/.local/lib/python3.6/site-packages/airflow/example_dags/example_latest_only_with_trigger.py
[2024-04-27 22:38:41,478] {scheduler_job.py:629} INFO - Processing file /home/airflow/.local/lib/python3.6/site-packages/airflow/example_dags/example_latest_only_with_trigger.py for tasks to queue
[2024-04-27 22:38:41,480] {logging_mixin.py:104} INFO - [2024-04-27 22:38:41,480] {dagbag.py:451} INFO - Filling up the DagBag from /home/airflow/.local/lib/python3.6/site-packages/airflow/example_dags/example_latest_only_with_trigger.py
[2024-04-27 22:38:41,498] {scheduler_job.py:639} INFO - DAG(s) dict_keys(['latest_only_with_trigger']) retrieved from /home/airflow/.local/lib/python3.6/site-packages/airflow/example_dags/example_latest_only_with_trigger.py
[2024-04-27 22:38:41,529] {logging_mixin.py:104} INFO - [2024-04-27 22:38:41,528] {dag.py:1824} INFO - Sync 1 DAGs
[2024-04-27 22:38:41,566] {logging_mixin.py:104} INFO - [2024-04-27 22:38:41,566] {dag.py:2280} INFO - Setting next_dagrun for latest_only_with_trigger to 2024-04-25 00:00:00+00:00
[2024-04-27 22:38:41,586] {scheduler_job.py:190} INFO - Processing /home/airflow/.local/lib/python3.6/site-packages/airflow/example_dags/example_latest_only_with_trigger.py took 0.115 seconds
[2024-04-27 22:39:12,635] {scheduler_job.py:182} INFO - Started process (PID=1182) to work on /home/airflow/.local/lib/python3.6/site-packages/airflow/example_dags/example_latest_only_with_trigger.py
[2024-04-27 22:39:12,638] {scheduler_job.py:629} INFO - Processing file /home/airflow/.local/lib/python3.6/site-packages/airflow/example_dags/example_latest_only_with_trigger.py for tasks to queue
[2024-04-27 22:39:12,639] {logging_mixin.py:104} INFO - [2024-04-27 22:39:12,639] {dagbag.py:451} INFO - Filling up the DagBag from /home/airflow/.local/lib/python3.6/site-packages/airflow/example_dags/example_latest_only_with_trigger.py
[2024-04-27 22:39:12,664] {scheduler_job.py:639} INFO - DAG(s) dict_keys(['latest_only_with_trigger']) retrieved from /home/airflow/.local/lib/python3.6/site-packages/airflow/example_dags/example_latest_only_with_trigger.py
[2024-04-27 22:39:12,762] {logging_mixin.py:104} INFO - [2024-04-27 22:39:12,762] {dag.py:1824} INFO - Sync 1 DAGs
[2024-04-27 22:39:12,792] {logging_mixin.py:104} INFO - [2024-04-27 22:39:12,792] {dag.py:2280} INFO - Setting next_dagrun for latest_only_with_trigger to 2024-04-25 00:00:00+00:00
[2024-04-27 22:39:12,816] {scheduler_job.py:190} INFO - Processing /home/airflow/.local/lib/python3.6/site-packages/airflow/example_dags/example_latest_only_with_trigger.py took 0.187 seconds
[2024-04-27 22:39:44,113] {scheduler_job.py:182} INFO - Started process (PID=1211) to work on /home/airflow/.local/lib/python3.6/site-packages/airflow/example_dags/example_latest_only_with_trigger.py
[2024-04-27 22:39:44,115] {scheduler_job.py:629} INFO - Processing file /home/airflow/.local/lib/python3.6/site-packages/airflow/example_dags/example_latest_only_with_trigger.py for tasks to queue
[2024-04-27 22:39:44,117] {logging_mixin.py:104} INFO - [2024-04-27 22:39:44,117] {dagbag.py:451} INFO - Filling up the DagBag from /home/airflow/.local/lib/python3.6/site-packages/airflow/example_dags/example_latest_only_with_trigger.py
[2024-04-27 22:39:44,142] {scheduler_job.py:639} INFO - DAG(s) dict_keys(['latest_only_with_trigger']) retrieved from /home/airflow/.local/lib/python3.6/site-packages/airflow/example_dags/example_latest_only_with_trigger.py
[2024-04-27 22:39:44,182] {logging_mixin.py:104} INFO - [2024-04-27 22:39:44,181] {dag.py:1824} INFO - Sync 1 DAGs
[2024-04-27 22:39:44,210] {logging_mixin.py:104} INFO - [2024-04-27 22:39:44,209] {dag.py:2280} INFO - Setting next_dagrun for latest_only_with_trigger to 2024-04-25 00:00:00+00:00
[2024-04-27 22:39:44,231] {scheduler_job.py:190} INFO - Processing /home/airflow/.local/lib/python3.6/site-packages/airflow/example_dags/example_latest_only_with_trigger.py took 0.125 seconds
[2024-04-27 22:40:14,474] {scheduler_job.py:182} INFO - Started process (PID=1238) to work on /home/airflow/.local/lib/python3.6/site-packages/airflow/example_dags/example_latest_only_with_trigger.py
[2024-04-27 22:40:14,477] {scheduler_job.py:629} INFO - Processing file /home/airflow/.local/lib/python3.6/site-packages/airflow/example_dags/example_latest_only_with_trigger.py for tasks to queue
[2024-04-27 22:40:14,479] {logging_mixin.py:104} INFO - [2024-04-27 22:40:14,478] {dagbag.py:451} INFO - Filling up the DagBag from /home/airflow/.local/lib/python3.6/site-packages/airflow/example_dags/example_latest_only_with_trigger.py
[2024-04-27 22:40:14,506] {scheduler_job.py:639} INFO - DAG(s) dict_keys(['latest_only_with_trigger']) retrieved from /home/airflow/.local/lib/python3.6/site-packages/airflow/example_dags/example_latest_only_with_trigger.py
[2024-04-27 22:40:14,544] {logging_mixin.py:104} INFO - [2024-04-27 22:40:14,544] {dag.py:1824} INFO - Sync 1 DAGs
[2024-04-27 22:40:14,578] {logging_mixin.py:104} INFO - [2024-04-27 22:40:14,578] {dag.py:2280} INFO - Setting next_dagrun for latest_only_with_trigger to 2024-04-25 00:00:00+00:00
[2024-04-27 22:40:14,599] {scheduler_job.py:190} INFO - Processing /home/airflow/.local/lib/python3.6/site-packages/airflow/example_dags/example_latest_only_with_trigger.py took 0.131 seconds
[2024-04-27 22:40:44,923] {scheduler_job.py:182} INFO - Started process (PID=1265) to work on /home/airflow/.local/lib/python3.6/site-packages/airflow/example_dags/example_latest_only_with_trigger.py
[2024-04-27 22:40:44,926] {scheduler_job.py:629} INFO - Processing file /home/airflow/.local/lib/python3.6/site-packages/airflow/example_dags/example_latest_only_with_trigger.py for tasks to queue
[2024-04-27 22:40:44,928] {logging_mixin.py:104} INFO - [2024-04-27 22:40:44,928] {dagbag.py:451} INFO - Filling up the DagBag from /home/airflow/.local/lib/python3.6/site-packages/airflow/example_dags/example_latest_only_with_trigger.py
[2024-04-27 22:40:44,950] {scheduler_job.py:639} INFO - DAG(s) dict_keys(['latest_only_with_trigger']) retrieved from /home/airflow/.local/lib/python3.6/site-packages/airflow/example_dags/example_latest_only_with_trigger.py
[2024-04-27 22:40:44,987] {logging_mixin.py:104} INFO - [2024-04-27 22:40:44,987] {dag.py:1824} INFO - Sync 1 DAGs
[2024-04-27 22:40:45,014] {logging_mixin.py:104} INFO - [2024-04-27 22:40:45,014] {dag.py:2280} INFO - Setting next_dagrun for latest_only_with_trigger to 2024-04-25 00:00:00+00:00
[2024-04-27 22:40:45,038] {scheduler_job.py:190} INFO - Processing /home/airflow/.local/lib/python3.6/site-packages/airflow/example_dags/example_latest_only_with_trigger.py took 0.120 seconds
[2024-04-27 22:41:15,265] {scheduler_job.py:182} INFO - Started process (PID=1291) to work on /home/airflow/.local/lib/python3.6/site-packages/airflow/example_dags/example_latest_only_with_trigger.py
[2024-04-27 22:41:15,268] {scheduler_job.py:629} INFO - Processing file /home/airflow/.local/lib/python3.6/site-packages/airflow/example_dags/example_latest_only_with_trigger.py for tasks to queue
[2024-04-27 22:41:15,270] {logging_mixin.py:104} INFO - [2024-04-27 22:41:15,270] {dagbag.py:451} INFO - Filling up the DagBag from /home/airflow/.local/lib/python3.6/site-packages/airflow/example_dags/example_latest_only_with_trigger.py
[2024-04-27 22:41:15,290] {scheduler_job.py:639} INFO - DAG(s) dict_keys(['latest_only_with_trigger']) retrieved from /home/airflow/.local/lib/python3.6/site-packages/airflow/example_dags/example_latest_only_with_trigger.py
[2024-04-27 22:41:15,322] {logging_mixin.py:104} INFO - [2024-04-27 22:41:15,321] {dag.py:1824} INFO - Sync 1 DAGs
[2024-04-27 22:41:15,343] {logging_mixin.py:104} INFO - [2024-04-27 22:41:15,343] {dag.py:2280} INFO - Setting next_dagrun for latest_only_with_trigger to 2024-04-25 00:00:00+00:00
[2024-04-27 22:41:15,361] {scheduler_job.py:190} INFO - Processing /home/airflow/.local/lib/python3.6/site-packages/airflow/example_dags/example_latest_only_with_trigger.py took 0.101 seconds
[2024-04-27 22:41:45,639] {scheduler_job.py:182} INFO - Started process (PID=1317) to work on /home/airflow/.local/lib/python3.6/site-packages/airflow/example_dags/example_latest_only_with_trigger.py
[2024-04-27 22:41:45,642] {scheduler_job.py:629} INFO - Processing file /home/airflow/.local/lib/python3.6/site-packages/airflow/example_dags/example_latest_only_with_trigger.py for tasks to queue
[2024-04-27 22:41:45,644] {logging_mixin.py:104} INFO - [2024-04-27 22:41:45,644] {dagbag.py:451} INFO - Filling up the DagBag from /home/airflow/.local/lib/python3.6/site-packages/airflow/example_dags/example_latest_only_with_trigger.py
[2024-04-27 22:41:45,669] {scheduler_job.py:639} INFO - DAG(s) dict_keys(['latest_only_with_trigger']) retrieved from /home/airflow/.local/lib/python3.6/site-packages/airflow/example_dags/example_latest_only_with_trigger.py
[2024-04-27 22:41:45,721] {logging_mixin.py:104} INFO - [2024-04-27 22:41:45,721] {dag.py:1824} INFO - Sync 1 DAGs
[2024-04-27 22:41:45,749] {logging_mixin.py:104} INFO - [2024-04-27 22:41:45,749] {dag.py:2280} INFO - Setting next_dagrun for latest_only_with_trigger to 2024-04-25 00:00:00+00:00
[2024-04-27 22:41:45,770] {scheduler_job.py:190} INFO - Processing /home/airflow/.local/lib/python3.6/site-packages/airflow/example_dags/example_latest_only_with_trigger.py took 0.138 seconds
[2024-04-27 22:42:16,626] {scheduler_job.py:182} INFO - Started process (PID=1340) to work on /home/airflow/.local/lib/python3.6/site-packages/airflow/example_dags/example_latest_only_with_trigger.py
[2024-04-27 22:42:16,629] {scheduler_job.py:629} INFO - Processing file /home/airflow/.local/lib/python3.6/site-packages/airflow/example_dags/example_latest_only_with_trigger.py for tasks to queue
[2024-04-27 22:42:16,633] {logging_mixin.py:104} INFO - [2024-04-27 22:42:16,632] {dagbag.py:451} INFO - Filling up the DagBag from /home/airflow/.local/lib/python3.6/site-packages/airflow/example_dags/example_latest_only_with_trigger.py
[2024-04-27 22:42:16,656] {scheduler_job.py:639} INFO - DAG(s) dict_keys(['latest_only_with_trigger']) retrieved from /home/airflow/.local/lib/python3.6/site-packages/airflow/example_dags/example_latest_only_with_trigger.py
[2024-04-27 22:42:16,728] {logging_mixin.py:104} INFO - [2024-04-27 22:42:16,728] {dag.py:1824} INFO - Sync 1 DAGs
[2024-04-27 22:42:16,765] {logging_mixin.py:104} INFO - [2024-04-27 22:42:16,765] {dag.py:2280} INFO - Setting next_dagrun for latest_only_with_trigger to 2024-04-25 00:00:00+00:00
[2024-04-27 22:42:16,789] {scheduler_job.py:190} INFO - Processing /home/airflow/.local/lib/python3.6/site-packages/airflow/example_dags/example_latest_only_with_trigger.py took 0.169 seconds
[2024-04-27 22:42:47,480] {scheduler_job.py:182} INFO - Started process (PID=1366) to work on /home/airflow/.local/lib/python3.6/site-packages/airflow/example_dags/example_latest_only_with_trigger.py
[2024-04-27 22:42:47,483] {scheduler_job.py:629} INFO - Processing file /home/airflow/.local/lib/python3.6/site-packages/airflow/example_dags/example_latest_only_with_trigger.py for tasks to queue
[2024-04-27 22:42:47,484] {logging_mixin.py:104} INFO - [2024-04-27 22:42:47,484] {dagbag.py:451} INFO - Filling up the DagBag from /home/airflow/.local/lib/python3.6/site-packages/airflow/example_dags/example_latest_only_with_trigger.py
[2024-04-27 22:42:47,504] {scheduler_job.py:639} INFO - DAG(s) dict_keys(['latest_only_with_trigger']) retrieved from /home/airflow/.local/lib/python3.6/site-packages/airflow/example_dags/example_latest_only_with_trigger.py
[2024-04-27 22:42:47,538] {logging_mixin.py:104} INFO - [2024-04-27 22:42:47,538] {dag.py:1824} INFO - Sync 1 DAGs
[2024-04-27 22:42:47,559] {logging_mixin.py:104} INFO - [2024-04-27 22:42:47,559] {dag.py:2280} INFO - Setting next_dagrun for latest_only_with_trigger to 2024-04-25 00:00:00+00:00
[2024-04-27 22:42:47,576] {scheduler_job.py:190} INFO - Processing /home/airflow/.local/lib/python3.6/site-packages/airflow/example_dags/example_latest_only_with_trigger.py took 0.102 seconds
[2024-04-27 22:43:18,411] {scheduler_job.py:182} INFO - Started process (PID=1391) to work on /home/airflow/.local/lib/python3.6/site-packages/airflow/example_dags/example_latest_only_with_trigger.py
[2024-04-27 22:43:18,414] {scheduler_job.py:629} INFO - Processing file /home/airflow/.local/lib/python3.6/site-packages/airflow/example_dags/example_latest_only_with_trigger.py for tasks to queue
[2024-04-27 22:43:18,416] {logging_mixin.py:104} INFO - [2024-04-27 22:43:18,416] {dagbag.py:451} INFO - Filling up the DagBag from /home/airflow/.local/lib/python3.6/site-packages/airflow/example_dags/example_latest_only_with_trigger.py
[2024-04-27 22:43:18,447] {scheduler_job.py:639} INFO - DAG(s) dict_keys(['latest_only_with_trigger']) retrieved from /home/airflow/.local/lib/python3.6/site-packages/airflow/example_dags/example_latest_only_with_trigger.py
[2024-04-27 22:43:18,495] {logging_mixin.py:104} INFO - [2024-04-27 22:43:18,495] {dag.py:1824} INFO - Sync 1 DAGs
[2024-04-27 22:43:18,539] {logging_mixin.py:104} INFO - [2024-04-27 22:43:18,539] {dag.py:2280} INFO - Setting next_dagrun for latest_only_with_trigger to 2024-04-25 00:00:00+00:00
[2024-04-27 22:43:18,583] {scheduler_job.py:190} INFO - Processing /home/airflow/.local/lib/python3.6/site-packages/airflow/example_dags/example_latest_only_with_trigger.py took 0.182 seconds
