[2024-04-27 22:16:44,919] {scheduler_job.py:182} INFO - Started process (PID=46) to work on /home/airflow/.local/lib/python3.6/site-packages/airflow/example_dags/example_xcomargs.py
[2024-04-27 22:16:44,933] {scheduler_job.py:629} INFO - Processing file /home/airflow/.local/lib/python3.6/site-packages/airflow/example_dags/example_xcomargs.py for tasks to queue
[2024-04-27 22:16:44,939] {logging_mixin.py:104} INFO - [2024-04-27 22:16:44,939] {dagbag.py:451} INFO - Filling up the DagBag from /home/airflow/.local/lib/python3.6/site-packages/airflow/example_dags/example_xcomargs.py
[2024-04-27 22:16:45,046] {scheduler_job.py:639} INFO - DAG(s) dict_keys(['example_xcom_args', 'example_xcom_args_with_operators']) retrieved from /home/airflow/.local/lib/python3.6/site-packages/airflow/example_dags/example_xcomargs.py
[2024-04-27 22:16:45,345] {logging_mixin.py:104} INFO - [2024-04-27 22:16:45,319] {dag.py:1824} INFO - Sync 2 DAGs
[2024-04-27 22:16:45,410] {logging_mixin.py:104} INFO - [2024-04-27 22:16:45,410] {dag.py:1843} INFO - Creating ORM DAG for example_xcom_args
[2024-04-27 22:16:45,415] {logging_mixin.py:104} INFO - [2024-04-27 22:16:45,414] {dag.py:1843} INFO - Creating ORM DAG for example_xcom_args_with_operators
[2024-04-27 22:16:45,441] {logging_mixin.py:104} INFO - [2024-04-27 22:16:45,441] {dag.py:2280} INFO - Setting next_dagrun for example_xcom_args to None
[2024-04-27 22:16:45,450] {logging_mixin.py:104} INFO - [2024-04-27 22:16:45,450] {dag.py:2280} INFO - Setting next_dagrun for example_xcom_args_with_operators to None
[2024-04-27 22:16:46,025] {scheduler_job.py:190} INFO - Processing /home/airflow/.local/lib/python3.6/site-packages/airflow/example_dags/example_xcomargs.py took 1.114 seconds
[2024-04-27 22:17:17,054] {scheduler_job.py:182} INFO - Started process (PID=73) to work on /home/airflow/.local/lib/python3.6/site-packages/airflow/example_dags/example_xcomargs.py
[2024-04-27 22:17:17,062] {scheduler_job.py:629} INFO - Processing file /home/airflow/.local/lib/python3.6/site-packages/airflow/example_dags/example_xcomargs.py for tasks to queue
[2024-04-27 22:17:17,065] {logging_mixin.py:104} INFO - [2024-04-27 22:17:17,064] {dagbag.py:451} INFO - Filling up the DagBag from /home/airflow/.local/lib/python3.6/site-packages/airflow/example_dags/example_xcomargs.py
[2024-04-27 22:17:17,142] {scheduler_job.py:639} INFO - DAG(s) dict_keys(['example_xcom_args', 'example_xcom_args_with_operators']) retrieved from /home/airflow/.local/lib/python3.6/site-packages/airflow/example_dags/example_xcomargs.py
[2024-04-27 22:17:17,314] {logging_mixin.py:104} INFO - [2024-04-27 22:17:17,313] {dag.py:1824} INFO - Sync 2 DAGs
[2024-04-27 22:17:17,383] {logging_mixin.py:104} INFO - [2024-04-27 22:17:17,383] {dag.py:2280} INFO - Setting next_dagrun for example_xcom_args to None
[2024-04-27 22:17:17,390] {logging_mixin.py:104} INFO - [2024-04-27 22:17:17,390] {dag.py:2280} INFO - Setting next_dagrun for example_xcom_args_with_operators to None
[2024-04-27 22:17:17,421] {scheduler_job.py:190} INFO - Processing /home/airflow/.local/lib/python3.6/site-packages/airflow/example_dags/example_xcomargs.py took 0.382 seconds
[2024-04-27 22:17:47,521] {scheduler_job.py:182} INFO - Started process (PID=99) to work on /home/airflow/.local/lib/python3.6/site-packages/airflow/example_dags/example_xcomargs.py
[2024-04-27 22:17:47,525] {scheduler_job.py:629} INFO - Processing file /home/airflow/.local/lib/python3.6/site-packages/airflow/example_dags/example_xcomargs.py for tasks to queue
[2024-04-27 22:17:47,527] {logging_mixin.py:104} INFO - [2024-04-27 22:17:47,527] {dagbag.py:451} INFO - Filling up the DagBag from /home/airflow/.local/lib/python3.6/site-packages/airflow/example_dags/example_xcomargs.py
[2024-04-27 22:17:47,561] {scheduler_job.py:639} INFO - DAG(s) dict_keys(['example_xcom_args', 'example_xcom_args_with_operators']) retrieved from /home/airflow/.local/lib/python3.6/site-packages/airflow/example_dags/example_xcomargs.py
[2024-04-27 22:17:47,617] {logging_mixin.py:104} INFO - [2024-04-27 22:17:47,617] {dag.py:1824} INFO - Sync 2 DAGs
[2024-04-27 22:17:47,638] {logging_mixin.py:104} INFO - [2024-04-27 22:17:47,638] {dag.py:2280} INFO - Setting next_dagrun for example_xcom_args to None
[2024-04-27 22:17:47,641] {logging_mixin.py:104} INFO - [2024-04-27 22:17:47,641] {dag.py:2280} INFO - Setting next_dagrun for example_xcom_args_with_operators to None
[2024-04-27 22:17:47,662] {scheduler_job.py:190} INFO - Processing /home/airflow/.local/lib/python3.6/site-packages/airflow/example_dags/example_xcomargs.py took 0.149 seconds
[2024-04-27 22:18:18,147] {scheduler_job.py:182} INFO - Started process (PID=125) to work on /home/airflow/.local/lib/python3.6/site-packages/airflow/example_dags/example_xcomargs.py
[2024-04-27 22:18:18,150] {scheduler_job.py:629} INFO - Processing file /home/airflow/.local/lib/python3.6/site-packages/airflow/example_dags/example_xcomargs.py for tasks to queue
[2024-04-27 22:18:18,152] {logging_mixin.py:104} INFO - [2024-04-27 22:18:18,151] {dagbag.py:451} INFO - Filling up the DagBag from /home/airflow/.local/lib/python3.6/site-packages/airflow/example_dags/example_xcomargs.py
[2024-04-27 22:18:18,178] {scheduler_job.py:639} INFO - DAG(s) dict_keys(['example_xcom_args', 'example_xcom_args_with_operators']) retrieved from /home/airflow/.local/lib/python3.6/site-packages/airflow/example_dags/example_xcomargs.py
[2024-04-27 22:18:18,232] {logging_mixin.py:104} INFO - [2024-04-27 22:18:18,232] {dag.py:1824} INFO - Sync 2 DAGs
[2024-04-27 22:18:18,261] {logging_mixin.py:104} INFO - [2024-04-27 22:18:18,261] {dag.py:2280} INFO - Setting next_dagrun for example_xcom_args to None
[2024-04-27 22:18:18,264] {logging_mixin.py:104} INFO - [2024-04-27 22:18:18,264] {dag.py:2280} INFO - Setting next_dagrun for example_xcom_args_with_operators to None
[2024-04-27 22:18:18,293] {scheduler_job.py:190} INFO - Processing /home/airflow/.local/lib/python3.6/site-packages/airflow/example_dags/example_xcomargs.py took 0.153 seconds
[2024-04-27 22:18:48,442] {scheduler_job.py:182} INFO - Started process (PID=150) to work on /home/airflow/.local/lib/python3.6/site-packages/airflow/example_dags/example_xcomargs.py
[2024-04-27 22:18:48,445] {scheduler_job.py:629} INFO - Processing file /home/airflow/.local/lib/python3.6/site-packages/airflow/example_dags/example_xcomargs.py for tasks to queue
[2024-04-27 22:18:48,448] {logging_mixin.py:104} INFO - [2024-04-27 22:18:48,447] {dagbag.py:451} INFO - Filling up the DagBag from /home/airflow/.local/lib/python3.6/site-packages/airflow/example_dags/example_xcomargs.py
[2024-04-27 22:18:48,495] {scheduler_job.py:639} INFO - DAG(s) dict_keys(['example_xcom_args', 'example_xcom_args_with_operators']) retrieved from /home/airflow/.local/lib/python3.6/site-packages/airflow/example_dags/example_xcomargs.py
[2024-04-27 22:18:48,571] {logging_mixin.py:104} INFO - [2024-04-27 22:18:48,571] {dag.py:1824} INFO - Sync 2 DAGs
[2024-04-27 22:18:48,600] {logging_mixin.py:104} INFO - [2024-04-27 22:18:48,600] {dag.py:2280} INFO - Setting next_dagrun for example_xcom_args to None
[2024-04-27 22:18:48,603] {logging_mixin.py:104} INFO - [2024-04-27 22:18:48,603] {dag.py:2280} INFO - Setting next_dagrun for example_xcom_args_with_operators to None
[2024-04-27 22:18:48,624] {scheduler_job.py:190} INFO - Processing /home/airflow/.local/lib/python3.6/site-packages/airflow/example_dags/example_xcomargs.py took 0.191 seconds
[2024-04-27 22:19:18,766] {scheduler_job.py:182} INFO - Started process (PID=176) to work on /home/airflow/.local/lib/python3.6/site-packages/airflow/example_dags/example_xcomargs.py
[2024-04-27 22:19:18,770] {scheduler_job.py:629} INFO - Processing file /home/airflow/.local/lib/python3.6/site-packages/airflow/example_dags/example_xcomargs.py for tasks to queue
[2024-04-27 22:19:18,772] {logging_mixin.py:104} INFO - [2024-04-27 22:19:18,772] {dagbag.py:451} INFO - Filling up the DagBag from /home/airflow/.local/lib/python3.6/site-packages/airflow/example_dags/example_xcomargs.py
[2024-04-27 22:19:18,799] {scheduler_job.py:639} INFO - DAG(s) dict_keys(['example_xcom_args', 'example_xcom_args_with_operators']) retrieved from /home/airflow/.local/lib/python3.6/site-packages/airflow/example_dags/example_xcomargs.py
[2024-04-27 22:19:18,865] {logging_mixin.py:104} INFO - [2024-04-27 22:19:18,865] {dag.py:1824} INFO - Sync 2 DAGs
[2024-04-27 22:19:18,890] {logging_mixin.py:104} INFO - [2024-04-27 22:19:18,890] {dag.py:2280} INFO - Setting next_dagrun for example_xcom_args to None
[2024-04-27 22:19:18,892] {logging_mixin.py:104} INFO - [2024-04-27 22:19:18,892] {dag.py:2280} INFO - Setting next_dagrun for example_xcom_args_with_operators to None
[2024-04-27 22:19:18,914] {scheduler_job.py:190} INFO - Processing /home/airflow/.local/lib/python3.6/site-packages/airflow/example_dags/example_xcomargs.py took 0.157 seconds
[2024-04-27 22:19:49,255] {scheduler_job.py:182} INFO - Started process (PID=201) to work on /home/airflow/.local/lib/python3.6/site-packages/airflow/example_dags/example_xcomargs.py
[2024-04-27 22:19:49,260] {scheduler_job.py:629} INFO - Processing file /home/airflow/.local/lib/python3.6/site-packages/airflow/example_dags/example_xcomargs.py for tasks to queue
[2024-04-27 22:19:49,262] {logging_mixin.py:104} INFO - [2024-04-27 22:19:49,262] {dagbag.py:451} INFO - Filling up the DagBag from /home/airflow/.local/lib/python3.6/site-packages/airflow/example_dags/example_xcomargs.py
[2024-04-27 22:19:49,303] {scheduler_job.py:639} INFO - DAG(s) dict_keys(['example_xcom_args', 'example_xcom_args_with_operators']) retrieved from /home/airflow/.local/lib/python3.6/site-packages/airflow/example_dags/example_xcomargs.py
[2024-04-27 22:19:49,382] {logging_mixin.py:104} INFO - [2024-04-27 22:19:49,382] {dag.py:1824} INFO - Sync 2 DAGs
[2024-04-27 22:19:49,418] {logging_mixin.py:104} INFO - [2024-04-27 22:19:49,417] {dag.py:2280} INFO - Setting next_dagrun for example_xcom_args to None
[2024-04-27 22:19:49,421] {logging_mixin.py:104} INFO - [2024-04-27 22:19:49,421] {dag.py:2280} INFO - Setting next_dagrun for example_xcom_args_with_operators to None
[2024-04-27 22:19:49,457] {scheduler_job.py:190} INFO - Processing /home/airflow/.local/lib/python3.6/site-packages/airflow/example_dags/example_xcomargs.py took 0.210 seconds
[2024-04-27 22:20:19,656] {scheduler_job.py:182} INFO - Started process (PID=227) to work on /home/airflow/.local/lib/python3.6/site-packages/airflow/example_dags/example_xcomargs.py
[2024-04-27 22:20:19,659] {scheduler_job.py:629} INFO - Processing file /home/airflow/.local/lib/python3.6/site-packages/airflow/example_dags/example_xcomargs.py for tasks to queue
[2024-04-27 22:20:19,661] {logging_mixin.py:104} INFO - [2024-04-27 22:20:19,661] {dagbag.py:451} INFO - Filling up the DagBag from /home/airflow/.local/lib/python3.6/site-packages/airflow/example_dags/example_xcomargs.py
[2024-04-27 22:20:19,692] {scheduler_job.py:639} INFO - DAG(s) dict_keys(['example_xcom_args', 'example_xcom_args_with_operators']) retrieved from /home/airflow/.local/lib/python3.6/site-packages/airflow/example_dags/example_xcomargs.py
[2024-04-27 22:20:19,730] {logging_mixin.py:104} INFO - [2024-04-27 22:20:19,730] {dag.py:1824} INFO - Sync 2 DAGs
[2024-04-27 22:20:19,752] {logging_mixin.py:104} INFO - [2024-04-27 22:20:19,752] {dag.py:2280} INFO - Setting next_dagrun for example_xcom_args to None
[2024-04-27 22:20:19,754] {logging_mixin.py:104} INFO - [2024-04-27 22:20:19,754] {dag.py:2280} INFO - Setting next_dagrun for example_xcom_args_with_operators to None
[2024-04-27 22:20:19,774] {scheduler_job.py:190} INFO - Processing /home/airflow/.local/lib/python3.6/site-packages/airflow/example_dags/example_xcomargs.py took 0.124 seconds
[2024-04-27 22:20:50,513] {scheduler_job.py:182} INFO - Started process (PID=253) to work on /home/airflow/.local/lib/python3.6/site-packages/airflow/example_dags/example_xcomargs.py
[2024-04-27 22:20:50,516] {scheduler_job.py:629} INFO - Processing file /home/airflow/.local/lib/python3.6/site-packages/airflow/example_dags/example_xcomargs.py for tasks to queue
[2024-04-27 22:20:50,518] {logging_mixin.py:104} INFO - [2024-04-27 22:20:50,517] {dagbag.py:451} INFO - Filling up the DagBag from /home/airflow/.local/lib/python3.6/site-packages/airflow/example_dags/example_xcomargs.py
[2024-04-27 22:20:50,556] {scheduler_job.py:639} INFO - DAG(s) dict_keys(['example_xcom_args', 'example_xcom_args_with_operators']) retrieved from /home/airflow/.local/lib/python3.6/site-packages/airflow/example_dags/example_xcomargs.py
[2024-04-27 22:20:50,600] {logging_mixin.py:104} INFO - [2024-04-27 22:20:50,600] {dag.py:1824} INFO - Sync 2 DAGs
[2024-04-27 22:20:50,624] {logging_mixin.py:104} INFO - [2024-04-27 22:20:50,624] {dag.py:2280} INFO - Setting next_dagrun for example_xcom_args to None
[2024-04-27 22:20:50,627] {logging_mixin.py:104} INFO - [2024-04-27 22:20:50,627] {dag.py:2280} INFO - Setting next_dagrun for example_xcom_args_with_operators to None
[2024-04-27 22:20:50,647] {scheduler_job.py:190} INFO - Processing /home/airflow/.local/lib/python3.6/site-packages/airflow/example_dags/example_xcomargs.py took 0.140 seconds
[2024-04-27 22:21:21,656] {scheduler_job.py:182} INFO - Started process (PID=279) to work on /home/airflow/.local/lib/python3.6/site-packages/airflow/example_dags/example_xcomargs.py
[2024-04-27 22:21:21,665] {scheduler_job.py:629} INFO - Processing file /home/airflow/.local/lib/python3.6/site-packages/airflow/example_dags/example_xcomargs.py for tasks to queue
[2024-04-27 22:21:21,668] {logging_mixin.py:104} INFO - [2024-04-27 22:21:21,668] {dagbag.py:451} INFO - Filling up the DagBag from /home/airflow/.local/lib/python3.6/site-packages/airflow/example_dags/example_xcomargs.py
[2024-04-27 22:21:21,738] {scheduler_job.py:639} INFO - DAG(s) dict_keys(['example_xcom_args', 'example_xcom_args_with_operators']) retrieved from /home/airflow/.local/lib/python3.6/site-packages/airflow/example_dags/example_xcomargs.py
[2024-04-27 22:21:21,832] {logging_mixin.py:104} INFO - [2024-04-27 22:21:21,831] {dag.py:1824} INFO - Sync 2 DAGs
[2024-04-27 22:21:21,887] {logging_mixin.py:104} INFO - [2024-04-27 22:21:21,887] {dag.py:2280} INFO - Setting next_dagrun for example_xcom_args to None
[2024-04-27 22:21:21,892] {logging_mixin.py:104} INFO - [2024-04-27 22:21:21,891] {dag.py:2280} INFO - Setting next_dagrun for example_xcom_args_with_operators to None
[2024-04-27 22:21:21,959] {scheduler_job.py:190} INFO - Processing /home/airflow/.local/lib/python3.6/site-packages/airflow/example_dags/example_xcomargs.py took 0.313 seconds
[2024-04-27 22:21:52,270] {scheduler_job.py:182} INFO - Started process (PID=304) to work on /home/airflow/.local/lib/python3.6/site-packages/airflow/example_dags/example_xcomargs.py
[2024-04-27 22:21:52,273] {scheduler_job.py:629} INFO - Processing file /home/airflow/.local/lib/python3.6/site-packages/airflow/example_dags/example_xcomargs.py for tasks to queue
[2024-04-27 22:21:52,275] {logging_mixin.py:104} INFO - [2024-04-27 22:21:52,274] {dagbag.py:451} INFO - Filling up the DagBag from /home/airflow/.local/lib/python3.6/site-packages/airflow/example_dags/example_xcomargs.py
[2024-04-27 22:21:52,308] {scheduler_job.py:639} INFO - DAG(s) dict_keys(['example_xcom_args', 'example_xcom_args_with_operators']) retrieved from /home/airflow/.local/lib/python3.6/site-packages/airflow/example_dags/example_xcomargs.py
[2024-04-27 22:21:52,357] {logging_mixin.py:104} INFO - [2024-04-27 22:21:52,357] {dag.py:1824} INFO - Sync 2 DAGs
[2024-04-27 22:21:52,398] {logging_mixin.py:104} INFO - [2024-04-27 22:21:52,398] {dag.py:2280} INFO - Setting next_dagrun for example_xcom_args to None
[2024-04-27 22:21:52,408] {logging_mixin.py:104} INFO - [2024-04-27 22:21:52,408] {dag.py:2280} INFO - Setting next_dagrun for example_xcom_args_with_operators to None
[2024-04-27 22:21:52,441] {scheduler_job.py:190} INFO - Processing /home/airflow/.local/lib/python3.6/site-packages/airflow/example_dags/example_xcomargs.py took 0.177 seconds
[2024-04-27 22:22:22,489] {scheduler_job.py:182} INFO - Started process (PID=330) to work on /home/airflow/.local/lib/python3.6/site-packages/airflow/example_dags/example_xcomargs.py
[2024-04-27 22:22:22,491] {scheduler_job.py:629} INFO - Processing file /home/airflow/.local/lib/python3.6/site-packages/airflow/example_dags/example_xcomargs.py for tasks to queue
[2024-04-27 22:22:22,494] {logging_mixin.py:104} INFO - [2024-04-27 22:22:22,494] {dagbag.py:451} INFO - Filling up the DagBag from /home/airflow/.local/lib/python3.6/site-packages/airflow/example_dags/example_xcomargs.py
[2024-04-27 22:22:22,525] {scheduler_job.py:639} INFO - DAG(s) dict_keys(['example_xcom_args', 'example_xcom_args_with_operators']) retrieved from /home/airflow/.local/lib/python3.6/site-packages/airflow/example_dags/example_xcomargs.py
[2024-04-27 22:22:22,567] {logging_mixin.py:104} INFO - [2024-04-27 22:22:22,567] {dag.py:1824} INFO - Sync 2 DAGs
[2024-04-27 22:22:22,596] {logging_mixin.py:104} INFO - [2024-04-27 22:22:22,596] {dag.py:2280} INFO - Setting next_dagrun for example_xcom_args to None
[2024-04-27 22:22:22,599] {logging_mixin.py:104} INFO - [2024-04-27 22:22:22,598] {dag.py:2280} INFO - Setting next_dagrun for example_xcom_args_with_operators to None
[2024-04-27 22:22:22,620] {scheduler_job.py:190} INFO - Processing /home/airflow/.local/lib/python3.6/site-packages/airflow/example_dags/example_xcomargs.py took 0.136 seconds
[2024-04-27 22:22:53,413] {scheduler_job.py:182} INFO - Started process (PID=356) to work on /home/airflow/.local/lib/python3.6/site-packages/airflow/example_dags/example_xcomargs.py
[2024-04-27 22:22:53,415] {scheduler_job.py:629} INFO - Processing file /home/airflow/.local/lib/python3.6/site-packages/airflow/example_dags/example_xcomargs.py for tasks to queue
[2024-04-27 22:22:53,417] {logging_mixin.py:104} INFO - [2024-04-27 22:22:53,417] {dagbag.py:451} INFO - Filling up the DagBag from /home/airflow/.local/lib/python3.6/site-packages/airflow/example_dags/example_xcomargs.py
[2024-04-27 22:22:53,447] {scheduler_job.py:639} INFO - DAG(s) dict_keys(['example_xcom_args', 'example_xcom_args_with_operators']) retrieved from /home/airflow/.local/lib/python3.6/site-packages/airflow/example_dags/example_xcomargs.py
[2024-04-27 22:22:53,487] {logging_mixin.py:104} INFO - [2024-04-27 22:22:53,487] {dag.py:1824} INFO - Sync 2 DAGs
[2024-04-27 22:22:53,511] {logging_mixin.py:104} INFO - [2024-04-27 22:22:53,511] {dag.py:2280} INFO - Setting next_dagrun for example_xcom_args to None
[2024-04-27 22:22:53,513] {logging_mixin.py:104} INFO - [2024-04-27 22:22:53,513] {dag.py:2280} INFO - Setting next_dagrun for example_xcom_args_with_operators to None
[2024-04-27 22:22:53,536] {scheduler_job.py:190} INFO - Processing /home/airflow/.local/lib/python3.6/site-packages/airflow/example_dags/example_xcomargs.py took 0.128 seconds
[2024-04-27 22:23:24,075] {scheduler_job.py:182} INFO - Started process (PID=384) to work on /home/airflow/.local/lib/python3.6/site-packages/airflow/example_dags/example_xcomargs.py
[2024-04-27 22:23:24,078] {scheduler_job.py:629} INFO - Processing file /home/airflow/.local/lib/python3.6/site-packages/airflow/example_dags/example_xcomargs.py for tasks to queue
[2024-04-27 22:23:24,080] {logging_mixin.py:104} INFO - [2024-04-27 22:23:24,080] {dagbag.py:451} INFO - Filling up the DagBag from /home/airflow/.local/lib/python3.6/site-packages/airflow/example_dags/example_xcomargs.py
[2024-04-27 22:23:24,114] {scheduler_job.py:639} INFO - DAG(s) dict_keys(['example_xcom_args', 'example_xcom_args_with_operators']) retrieved from /home/airflow/.local/lib/python3.6/site-packages/airflow/example_dags/example_xcomargs.py
[2024-04-27 22:23:24,161] {logging_mixin.py:104} INFO - [2024-04-27 22:23:24,161] {dag.py:1824} INFO - Sync 2 DAGs
[2024-04-27 22:23:24,187] {logging_mixin.py:104} INFO - [2024-04-27 22:23:24,186] {dag.py:2280} INFO - Setting next_dagrun for example_xcom_args to None
[2024-04-27 22:23:24,189] {logging_mixin.py:104} INFO - [2024-04-27 22:23:24,189] {dag.py:2280} INFO - Setting next_dagrun for example_xcom_args_with_operators to None
[2024-04-27 22:23:24,214] {scheduler_job.py:190} INFO - Processing /home/airflow/.local/lib/python3.6/site-packages/airflow/example_dags/example_xcomargs.py took 0.146 seconds
[2024-04-27 22:23:54,983] {scheduler_job.py:182} INFO - Started process (PID=408) to work on /home/airflow/.local/lib/python3.6/site-packages/airflow/example_dags/example_xcomargs.py
[2024-04-27 22:23:54,994] {scheduler_job.py:629} INFO - Processing file /home/airflow/.local/lib/python3.6/site-packages/airflow/example_dags/example_xcomargs.py for tasks to queue
[2024-04-27 22:23:54,995] {logging_mixin.py:104} INFO - [2024-04-27 22:23:54,995] {dagbag.py:451} INFO - Filling up the DagBag from /home/airflow/.local/lib/python3.6/site-packages/airflow/example_dags/example_xcomargs.py
[2024-04-27 22:23:55,020] {scheduler_job.py:639} INFO - DAG(s) dict_keys(['example_xcom_args', 'example_xcom_args_with_operators']) retrieved from /home/airflow/.local/lib/python3.6/site-packages/airflow/example_dags/example_xcomargs.py
[2024-04-27 22:23:55,066] {logging_mixin.py:104} INFO - [2024-04-27 22:23:55,066] {dag.py:1824} INFO - Sync 2 DAGs
[2024-04-27 22:23:55,090] {logging_mixin.py:104} INFO - [2024-04-27 22:23:55,090] {dag.py:2280} INFO - Setting next_dagrun for example_xcom_args to None
[2024-04-27 22:23:55,093] {logging_mixin.py:104} INFO - [2024-04-27 22:23:55,092] {dag.py:2280} INFO - Setting next_dagrun for example_xcom_args_with_operators to None
[2024-04-27 22:23:55,116] {scheduler_job.py:190} INFO - Processing /home/airflow/.local/lib/python3.6/site-packages/airflow/example_dags/example_xcomargs.py took 0.139 seconds
[2024-04-27 22:24:25,493] {scheduler_job.py:182} INFO - Started process (PID=436) to work on /home/airflow/.local/lib/python3.6/site-packages/airflow/example_dags/example_xcomargs.py
[2024-04-27 22:24:25,496] {scheduler_job.py:629} INFO - Processing file /home/airflow/.local/lib/python3.6/site-packages/airflow/example_dags/example_xcomargs.py for tasks to queue
[2024-04-27 22:24:25,499] {logging_mixin.py:104} INFO - [2024-04-27 22:24:25,498] {dagbag.py:451} INFO - Filling up the DagBag from /home/airflow/.local/lib/python3.6/site-packages/airflow/example_dags/example_xcomargs.py
[2024-04-27 22:24:25,536] {scheduler_job.py:639} INFO - DAG(s) dict_keys(['example_xcom_args', 'example_xcom_args_with_operators']) retrieved from /home/airflow/.local/lib/python3.6/site-packages/airflow/example_dags/example_xcomargs.py
[2024-04-27 22:24:25,601] {logging_mixin.py:104} INFO - [2024-04-27 22:24:25,601] {dag.py:1824} INFO - Sync 2 DAGs
[2024-04-27 22:24:25,646] {logging_mixin.py:104} INFO - [2024-04-27 22:24:25,645] {dag.py:2280} INFO - Setting next_dagrun for example_xcom_args to None
[2024-04-27 22:24:25,648] {logging_mixin.py:104} INFO - [2024-04-27 22:24:25,648] {dag.py:2280} INFO - Setting next_dagrun for example_xcom_args_with_operators to None
[2024-04-27 22:24:25,675] {scheduler_job.py:190} INFO - Processing /home/airflow/.local/lib/python3.6/site-packages/airflow/example_dags/example_xcomargs.py took 0.190 seconds
[2024-04-27 22:24:55,716] {scheduler_job.py:182} INFO - Started process (PID=462) to work on /home/airflow/.local/lib/python3.6/site-packages/airflow/example_dags/example_xcomargs.py
[2024-04-27 22:24:55,718] {scheduler_job.py:629} INFO - Processing file /home/airflow/.local/lib/python3.6/site-packages/airflow/example_dags/example_xcomargs.py for tasks to queue
[2024-04-27 22:24:55,719] {logging_mixin.py:104} INFO - [2024-04-27 22:24:55,719] {dagbag.py:451} INFO - Filling up the DagBag from /home/airflow/.local/lib/python3.6/site-packages/airflow/example_dags/example_xcomargs.py
[2024-04-27 22:24:55,739] {scheduler_job.py:639} INFO - DAG(s) dict_keys(['example_xcom_args', 'example_xcom_args_with_operators']) retrieved from /home/airflow/.local/lib/python3.6/site-packages/airflow/example_dags/example_xcomargs.py
[2024-04-27 22:24:55,772] {logging_mixin.py:104} INFO - [2024-04-27 22:24:55,772] {dag.py:1824} INFO - Sync 2 DAGs
[2024-04-27 22:24:55,791] {logging_mixin.py:104} INFO - [2024-04-27 22:24:55,791] {dag.py:2280} INFO - Setting next_dagrun for example_xcom_args to None
[2024-04-27 22:24:55,793] {logging_mixin.py:104} INFO - [2024-04-27 22:24:55,793] {dag.py:2280} INFO - Setting next_dagrun for example_xcom_args_with_operators to None
[2024-04-27 22:24:55,808] {scheduler_job.py:190} INFO - Processing /home/airflow/.local/lib/python3.6/site-packages/airflow/example_dags/example_xcomargs.py took 0.097 seconds
[2024-04-27 22:25:26,664] {scheduler_job.py:182} INFO - Started process (PID=486) to work on /home/airflow/.local/lib/python3.6/site-packages/airflow/example_dags/example_xcomargs.py
[2024-04-27 22:25:26,666] {scheduler_job.py:629} INFO - Processing file /home/airflow/.local/lib/python3.6/site-packages/airflow/example_dags/example_xcomargs.py for tasks to queue
[2024-04-27 22:25:26,668] {logging_mixin.py:104} INFO - [2024-04-27 22:25:26,668] {dagbag.py:451} INFO - Filling up the DagBag from /home/airflow/.local/lib/python3.6/site-packages/airflow/example_dags/example_xcomargs.py
[2024-04-27 22:25:26,690] {scheduler_job.py:639} INFO - DAG(s) dict_keys(['example_xcom_args', 'example_xcom_args_with_operators']) retrieved from /home/airflow/.local/lib/python3.6/site-packages/airflow/example_dags/example_xcomargs.py
[2024-04-27 22:25:26,731] {logging_mixin.py:104} INFO - [2024-04-27 22:25:26,731] {dag.py:1824} INFO - Sync 2 DAGs
[2024-04-27 22:25:26,755] {logging_mixin.py:104} INFO - [2024-04-27 22:25:26,754] {dag.py:2280} INFO - Setting next_dagrun for example_xcom_args to None
[2024-04-27 22:25:26,757] {logging_mixin.py:104} INFO - [2024-04-27 22:25:26,757] {dag.py:2280} INFO - Setting next_dagrun for example_xcom_args_with_operators to None
[2024-04-27 22:25:26,778] {scheduler_job.py:190} INFO - Processing /home/airflow/.local/lib/python3.6/site-packages/airflow/example_dags/example_xcomargs.py took 0.118 seconds
[2024-04-27 22:25:57,841] {scheduler_job.py:182} INFO - Started process (PID=512) to work on /home/airflow/.local/lib/python3.6/site-packages/airflow/example_dags/example_xcomargs.py
[2024-04-27 22:25:57,845] {scheduler_job.py:629} INFO - Processing file /home/airflow/.local/lib/python3.6/site-packages/airflow/example_dags/example_xcomargs.py for tasks to queue
[2024-04-27 22:25:57,847] {logging_mixin.py:104} INFO - [2024-04-27 22:25:57,847] {dagbag.py:451} INFO - Filling up the DagBag from /home/airflow/.local/lib/python3.6/site-packages/airflow/example_dags/example_xcomargs.py
[2024-04-27 22:25:57,876] {scheduler_job.py:639} INFO - DAG(s) dict_keys(['example_xcom_args', 'example_xcom_args_with_operators']) retrieved from /home/airflow/.local/lib/python3.6/site-packages/airflow/example_dags/example_xcomargs.py
[2024-04-27 22:25:57,916] {logging_mixin.py:104} INFO - [2024-04-27 22:25:57,916] {dag.py:1824} INFO - Sync 2 DAGs
[2024-04-27 22:25:57,938] {logging_mixin.py:104} INFO - [2024-04-27 22:25:57,938] {dag.py:2280} INFO - Setting next_dagrun for example_xcom_args to None
[2024-04-27 22:25:57,941] {logging_mixin.py:104} INFO - [2024-04-27 22:25:57,940] {dag.py:2280} INFO - Setting next_dagrun for example_xcom_args_with_operators to None
[2024-04-27 22:25:57,961] {scheduler_job.py:190} INFO - Processing /home/airflow/.local/lib/python3.6/site-packages/airflow/example_dags/example_xcomargs.py took 0.126 seconds
[2024-04-27 22:26:28,195] {scheduler_job.py:182} INFO - Started process (PID=538) to work on /home/airflow/.local/lib/python3.6/site-packages/airflow/example_dags/example_xcomargs.py
[2024-04-27 22:26:28,197] {scheduler_job.py:629} INFO - Processing file /home/airflow/.local/lib/python3.6/site-packages/airflow/example_dags/example_xcomargs.py for tasks to queue
[2024-04-27 22:26:28,199] {logging_mixin.py:104} INFO - [2024-04-27 22:26:28,199] {dagbag.py:451} INFO - Filling up the DagBag from /home/airflow/.local/lib/python3.6/site-packages/airflow/example_dags/example_xcomargs.py
[2024-04-27 22:26:28,220] {scheduler_job.py:639} INFO - DAG(s) dict_keys(['example_xcom_args', 'example_xcom_args_with_operators']) retrieved from /home/airflow/.local/lib/python3.6/site-packages/airflow/example_dags/example_xcomargs.py
[2024-04-27 22:26:28,254] {logging_mixin.py:104} INFO - [2024-04-27 22:26:28,254] {dag.py:1824} INFO - Sync 2 DAGs
[2024-04-27 22:26:28,276] {logging_mixin.py:104} INFO - [2024-04-27 22:26:28,276] {dag.py:2280} INFO - Setting next_dagrun for example_xcom_args to None
[2024-04-27 22:26:28,278] {logging_mixin.py:104} INFO - [2024-04-27 22:26:28,277] {dag.py:2280} INFO - Setting next_dagrun for example_xcom_args_with_operators to None
[2024-04-27 22:26:28,295] {scheduler_job.py:190} INFO - Processing /home/airflow/.local/lib/python3.6/site-packages/airflow/example_dags/example_xcomargs.py took 0.105 seconds
[2024-04-27 22:26:58,719] {scheduler_job.py:182} INFO - Started process (PID=565) to work on /home/airflow/.local/lib/python3.6/site-packages/airflow/example_dags/example_xcomargs.py
[2024-04-27 22:26:58,721] {scheduler_job.py:629} INFO - Processing file /home/airflow/.local/lib/python3.6/site-packages/airflow/example_dags/example_xcomargs.py for tasks to queue
[2024-04-27 22:26:58,723] {logging_mixin.py:104} INFO - [2024-04-27 22:26:58,723] {dagbag.py:451} INFO - Filling up the DagBag from /home/airflow/.local/lib/python3.6/site-packages/airflow/example_dags/example_xcomargs.py
[2024-04-27 22:26:58,748] {scheduler_job.py:639} INFO - DAG(s) dict_keys(['example_xcom_args', 'example_xcom_args_with_operators']) retrieved from /home/airflow/.local/lib/python3.6/site-packages/airflow/example_dags/example_xcomargs.py
[2024-04-27 22:26:58,795] {logging_mixin.py:104} INFO - [2024-04-27 22:26:58,794] {dag.py:1824} INFO - Sync 2 DAGs
[2024-04-27 22:26:58,825] {logging_mixin.py:104} INFO - [2024-04-27 22:26:58,825] {dag.py:2280} INFO - Setting next_dagrun for example_xcom_args to None
[2024-04-27 22:26:58,828] {logging_mixin.py:104} INFO - [2024-04-27 22:26:58,828] {dag.py:2280} INFO - Setting next_dagrun for example_xcom_args_with_operators to None
[2024-04-27 22:26:58,854] {scheduler_job.py:190} INFO - Processing /home/airflow/.local/lib/python3.6/site-packages/airflow/example_dags/example_xcomargs.py took 0.139 seconds
[2024-04-27 22:27:29,698] {scheduler_job.py:182} INFO - Started process (PID=590) to work on /home/airflow/.local/lib/python3.6/site-packages/airflow/example_dags/example_xcomargs.py
[2024-04-27 22:27:29,700] {scheduler_job.py:629} INFO - Processing file /home/airflow/.local/lib/python3.6/site-packages/airflow/example_dags/example_xcomargs.py for tasks to queue
[2024-04-27 22:27:29,701] {logging_mixin.py:104} INFO - [2024-04-27 22:27:29,701] {dagbag.py:451} INFO - Filling up the DagBag from /home/airflow/.local/lib/python3.6/site-packages/airflow/example_dags/example_xcomargs.py
[2024-04-27 22:27:29,723] {scheduler_job.py:639} INFO - DAG(s) dict_keys(['example_xcom_args', 'example_xcom_args_with_operators']) retrieved from /home/airflow/.local/lib/python3.6/site-packages/airflow/example_dags/example_xcomargs.py
[2024-04-27 22:27:29,758] {logging_mixin.py:104} INFO - [2024-04-27 22:27:29,757] {dag.py:1824} INFO - Sync 2 DAGs
[2024-04-27 22:27:29,780] {logging_mixin.py:104} INFO - [2024-04-27 22:27:29,780] {dag.py:2280} INFO - Setting next_dagrun for example_xcom_args to None
[2024-04-27 22:27:29,783] {logging_mixin.py:104} INFO - [2024-04-27 22:27:29,783] {dag.py:2280} INFO - Setting next_dagrun for example_xcom_args_with_operators to None
[2024-04-27 22:27:29,808] {scheduler_job.py:190} INFO - Processing /home/airflow/.local/lib/python3.6/site-packages/airflow/example_dags/example_xcomargs.py took 0.114 seconds
[2024-04-27 22:28:00,574] {scheduler_job.py:182} INFO - Started process (PID=616) to work on /home/airflow/.local/lib/python3.6/site-packages/airflow/example_dags/example_xcomargs.py
[2024-04-27 22:28:00,576] {scheduler_job.py:629} INFO - Processing file /home/airflow/.local/lib/python3.6/site-packages/airflow/example_dags/example_xcomargs.py for tasks to queue
[2024-04-27 22:28:00,578] {logging_mixin.py:104} INFO - [2024-04-27 22:28:00,578] {dagbag.py:451} INFO - Filling up the DagBag from /home/airflow/.local/lib/python3.6/site-packages/airflow/example_dags/example_xcomargs.py
[2024-04-27 22:28:00,602] {scheduler_job.py:639} INFO - DAG(s) dict_keys(['example_xcom_args', 'example_xcom_args_with_operators']) retrieved from /home/airflow/.local/lib/python3.6/site-packages/airflow/example_dags/example_xcomargs.py
[2024-04-27 22:28:00,639] {logging_mixin.py:104} INFO - [2024-04-27 22:28:00,639] {dag.py:1824} INFO - Sync 2 DAGs
[2024-04-27 22:28:00,662] {logging_mixin.py:104} INFO - [2024-04-27 22:28:00,662] {dag.py:2280} INFO - Setting next_dagrun for example_xcom_args to None
[2024-04-27 22:28:00,665] {logging_mixin.py:104} INFO - [2024-04-27 22:28:00,665] {dag.py:2280} INFO - Setting next_dagrun for example_xcom_args_with_operators to None
[2024-04-27 22:28:00,684] {scheduler_job.py:190} INFO - Processing /home/airflow/.local/lib/python3.6/site-packages/airflow/example_dags/example_xcomargs.py took 0.116 seconds
[2024-04-27 22:28:30,897] {scheduler_job.py:182} INFO - Started process (PID=642) to work on /home/airflow/.local/lib/python3.6/site-packages/airflow/example_dags/example_xcomargs.py
[2024-04-27 22:28:30,899] {scheduler_job.py:629} INFO - Processing file /home/airflow/.local/lib/python3.6/site-packages/airflow/example_dags/example_xcomargs.py for tasks to queue
[2024-04-27 22:28:30,901] {logging_mixin.py:104} INFO - [2024-04-27 22:28:30,901] {dagbag.py:451} INFO - Filling up the DagBag from /home/airflow/.local/lib/python3.6/site-packages/airflow/example_dags/example_xcomargs.py
[2024-04-27 22:28:30,930] {scheduler_job.py:639} INFO - DAG(s) dict_keys(['example_xcom_args', 'example_xcom_args_with_operators']) retrieved from /home/airflow/.local/lib/python3.6/site-packages/airflow/example_dags/example_xcomargs.py
[2024-04-27 22:28:30,975] {logging_mixin.py:104} INFO - [2024-04-27 22:28:30,975] {dag.py:1824} INFO - Sync 2 DAGs
[2024-04-27 22:28:30,997] {logging_mixin.py:104} INFO - [2024-04-27 22:28:30,997] {dag.py:2280} INFO - Setting next_dagrun for example_xcom_args to None
[2024-04-27 22:28:31,000] {logging_mixin.py:104} INFO - [2024-04-27 22:28:30,999] {dag.py:2280} INFO - Setting next_dagrun for example_xcom_args_with_operators to None
[2024-04-27 22:28:31,020] {scheduler_job.py:190} INFO - Processing /home/airflow/.local/lib/python3.6/site-packages/airflow/example_dags/example_xcomargs.py took 0.128 seconds
[2024-04-27 22:29:01,603] {scheduler_job.py:182} INFO - Started process (PID=669) to work on /home/airflow/.local/lib/python3.6/site-packages/airflow/example_dags/example_xcomargs.py
[2024-04-27 22:29:01,606] {scheduler_job.py:629} INFO - Processing file /home/airflow/.local/lib/python3.6/site-packages/airflow/example_dags/example_xcomargs.py for tasks to queue
[2024-04-27 22:29:01,607] {logging_mixin.py:104} INFO - [2024-04-27 22:29:01,607] {dagbag.py:451} INFO - Filling up the DagBag from /home/airflow/.local/lib/python3.6/site-packages/airflow/example_dags/example_xcomargs.py
[2024-04-27 22:29:01,629] {scheduler_job.py:639} INFO - DAG(s) dict_keys(['example_xcom_args', 'example_xcom_args_with_operators']) retrieved from /home/airflow/.local/lib/python3.6/site-packages/airflow/example_dags/example_xcomargs.py
[2024-04-27 22:29:01,665] {logging_mixin.py:104} INFO - [2024-04-27 22:29:01,665] {dag.py:1824} INFO - Sync 2 DAGs
[2024-04-27 22:29:01,688] {logging_mixin.py:104} INFO - [2024-04-27 22:29:01,687] {dag.py:2280} INFO - Setting next_dagrun for example_xcom_args to None
[2024-04-27 22:29:01,690] {logging_mixin.py:104} INFO - [2024-04-27 22:29:01,690] {dag.py:2280} INFO - Setting next_dagrun for example_xcom_args_with_operators to None
[2024-04-27 22:29:01,713] {scheduler_job.py:190} INFO - Processing /home/airflow/.local/lib/python3.6/site-packages/airflow/example_dags/example_xcomargs.py took 0.115 seconds
[2024-04-27 22:29:31,882] {scheduler_job.py:182} INFO - Started process (PID=696) to work on /home/airflow/.local/lib/python3.6/site-packages/airflow/example_dags/example_xcomargs.py
[2024-04-27 22:29:31,884] {scheduler_job.py:629} INFO - Processing file /home/airflow/.local/lib/python3.6/site-packages/airflow/example_dags/example_xcomargs.py for tasks to queue
[2024-04-27 22:29:31,886] {logging_mixin.py:104} INFO - [2024-04-27 22:29:31,886] {dagbag.py:451} INFO - Filling up the DagBag from /home/airflow/.local/lib/python3.6/site-packages/airflow/example_dags/example_xcomargs.py
[2024-04-27 22:29:31,911] {scheduler_job.py:639} INFO - DAG(s) dict_keys(['example_xcom_args', 'example_xcom_args_with_operators']) retrieved from /home/airflow/.local/lib/python3.6/site-packages/airflow/example_dags/example_xcomargs.py
[2024-04-27 22:29:31,949] {logging_mixin.py:104} INFO - [2024-04-27 22:29:31,949] {dag.py:1824} INFO - Sync 2 DAGs
[2024-04-27 22:29:31,973] {logging_mixin.py:104} INFO - [2024-04-27 22:29:31,973] {dag.py:2280} INFO - Setting next_dagrun for example_xcom_args to None
[2024-04-27 22:29:31,975] {logging_mixin.py:104} INFO - [2024-04-27 22:29:31,975] {dag.py:2280} INFO - Setting next_dagrun for example_xcom_args_with_operators to None
[2024-04-27 22:29:31,999] {scheduler_job.py:190} INFO - Processing /home/airflow/.local/lib/python3.6/site-packages/airflow/example_dags/example_xcomargs.py took 0.122 seconds
[2024-04-27 22:30:02,424] {scheduler_job.py:182} INFO - Started process (PID=721) to work on /home/airflow/.local/lib/python3.6/site-packages/airflow/example_dags/example_xcomargs.py
[2024-04-27 22:30:02,427] {scheduler_job.py:629} INFO - Processing file /home/airflow/.local/lib/python3.6/site-packages/airflow/example_dags/example_xcomargs.py for tasks to queue
[2024-04-27 22:30:02,430] {logging_mixin.py:104} INFO - [2024-04-27 22:30:02,429] {dagbag.py:451} INFO - Filling up the DagBag from /home/airflow/.local/lib/python3.6/site-packages/airflow/example_dags/example_xcomargs.py
[2024-04-27 22:30:02,466] {scheduler_job.py:639} INFO - DAG(s) dict_keys(['example_xcom_args', 'example_xcom_args_with_operators']) retrieved from /home/airflow/.local/lib/python3.6/site-packages/airflow/example_dags/example_xcomargs.py
[2024-04-27 22:30:02,519] {logging_mixin.py:104} INFO - [2024-04-27 22:30:02,519] {dag.py:1824} INFO - Sync 2 DAGs
[2024-04-27 22:30:02,548] {logging_mixin.py:104} INFO - [2024-04-27 22:30:02,548] {dag.py:2280} INFO - Setting next_dagrun for example_xcom_args to None
[2024-04-27 22:30:02,554] {logging_mixin.py:104} INFO - [2024-04-27 22:30:02,554] {dag.py:2280} INFO - Setting next_dagrun for example_xcom_args_with_operators to None
[2024-04-27 22:30:02,580] {scheduler_job.py:190} INFO - Processing /home/airflow/.local/lib/python3.6/site-packages/airflow/example_dags/example_xcomargs.py took 0.163 seconds
[2024-04-27 22:30:33,158] {scheduler_job.py:182} INFO - Started process (PID=747) to work on /home/airflow/.local/lib/python3.6/site-packages/airflow/example_dags/example_xcomargs.py
[2024-04-27 22:30:33,160] {scheduler_job.py:629} INFO - Processing file /home/airflow/.local/lib/python3.6/site-packages/airflow/example_dags/example_xcomargs.py for tasks to queue
[2024-04-27 22:30:33,162] {logging_mixin.py:104} INFO - [2024-04-27 22:30:33,162] {dagbag.py:451} INFO - Filling up the DagBag from /home/airflow/.local/lib/python3.6/site-packages/airflow/example_dags/example_xcomargs.py
[2024-04-27 22:30:33,185] {scheduler_job.py:639} INFO - DAG(s) dict_keys(['example_xcom_args', 'example_xcom_args_with_operators']) retrieved from /home/airflow/.local/lib/python3.6/site-packages/airflow/example_dags/example_xcomargs.py
[2024-04-27 22:30:33,219] {logging_mixin.py:104} INFO - [2024-04-27 22:30:33,219] {dag.py:1824} INFO - Sync 2 DAGs
[2024-04-27 22:30:33,239] {logging_mixin.py:104} INFO - [2024-04-27 22:30:33,239] {dag.py:2280} INFO - Setting next_dagrun for example_xcom_args to None
[2024-04-27 22:30:33,241] {logging_mixin.py:104} INFO - [2024-04-27 22:30:33,241] {dag.py:2280} INFO - Setting next_dagrun for example_xcom_args_with_operators to None
[2024-04-27 22:30:33,261] {scheduler_job.py:190} INFO - Processing /home/airflow/.local/lib/python3.6/site-packages/airflow/example_dags/example_xcomargs.py took 0.108 seconds
[2024-04-27 22:31:03,597] {scheduler_job.py:182} INFO - Started process (PID=773) to work on /home/airflow/.local/lib/python3.6/site-packages/airflow/example_dags/example_xcomargs.py
[2024-04-27 22:31:03,599] {scheduler_job.py:629} INFO - Processing file /home/airflow/.local/lib/python3.6/site-packages/airflow/example_dags/example_xcomargs.py for tasks to queue
[2024-04-27 22:31:03,600] {logging_mixin.py:104} INFO - [2024-04-27 22:31:03,600] {dagbag.py:451} INFO - Filling up the DagBag from /home/airflow/.local/lib/python3.6/site-packages/airflow/example_dags/example_xcomargs.py
[2024-04-27 22:31:03,622] {scheduler_job.py:639} INFO - DAG(s) dict_keys(['example_xcom_args', 'example_xcom_args_with_operators']) retrieved from /home/airflow/.local/lib/python3.6/site-packages/airflow/example_dags/example_xcomargs.py
[2024-04-27 22:31:03,658] {logging_mixin.py:104} INFO - [2024-04-27 22:31:03,657] {dag.py:1824} INFO - Sync 2 DAGs
[2024-04-27 22:31:03,678] {logging_mixin.py:104} INFO - [2024-04-27 22:31:03,678] {dag.py:2280} INFO - Setting next_dagrun for example_xcom_args to None
[2024-04-27 22:31:03,680] {logging_mixin.py:104} INFO - [2024-04-27 22:31:03,680] {dag.py:2280} INFO - Setting next_dagrun for example_xcom_args_with_operators to None
[2024-04-27 22:31:03,701] {scheduler_job.py:190} INFO - Processing /home/airflow/.local/lib/python3.6/site-packages/airflow/example_dags/example_xcomargs.py took 0.109 seconds
[2024-04-27 22:31:34,186] {scheduler_job.py:182} INFO - Started process (PID=799) to work on /home/airflow/.local/lib/python3.6/site-packages/airflow/example_dags/example_xcomargs.py
[2024-04-27 22:31:34,189] {scheduler_job.py:629} INFO - Processing file /home/airflow/.local/lib/python3.6/site-packages/airflow/example_dags/example_xcomargs.py for tasks to queue
[2024-04-27 22:31:34,193] {logging_mixin.py:104} INFO - [2024-04-27 22:31:34,192] {dagbag.py:451} INFO - Filling up the DagBag from /home/airflow/.local/lib/python3.6/site-packages/airflow/example_dags/example_xcomargs.py
[2024-04-27 22:31:34,236] {scheduler_job.py:639} INFO - DAG(s) dict_keys(['example_xcom_args', 'example_xcom_args_with_operators']) retrieved from /home/airflow/.local/lib/python3.6/site-packages/airflow/example_dags/example_xcomargs.py
[2024-04-27 22:31:34,328] {logging_mixin.py:104} INFO - [2024-04-27 22:31:34,328] {dag.py:1824} INFO - Sync 2 DAGs
[2024-04-27 22:31:34,362] {logging_mixin.py:104} INFO - [2024-04-27 22:31:34,362] {dag.py:2280} INFO - Setting next_dagrun for example_xcom_args to None
[2024-04-27 22:31:34,368] {logging_mixin.py:104} INFO - [2024-04-27 22:31:34,368] {dag.py:2280} INFO - Setting next_dagrun for example_xcom_args_with_operators to None
[2024-04-27 22:31:34,412] {scheduler_job.py:190} INFO - Processing /home/airflow/.local/lib/python3.6/site-packages/airflow/example_dags/example_xcomargs.py took 0.234 seconds
[2024-04-27 22:32:04,863] {scheduler_job.py:182} INFO - Started process (PID=825) to work on /home/airflow/.local/lib/python3.6/site-packages/airflow/example_dags/example_xcomargs.py
[2024-04-27 22:32:04,866] {scheduler_job.py:629} INFO - Processing file /home/airflow/.local/lib/python3.6/site-packages/airflow/example_dags/example_xcomargs.py for tasks to queue
[2024-04-27 22:32:04,867] {logging_mixin.py:104} INFO - [2024-04-27 22:32:04,867] {dagbag.py:451} INFO - Filling up the DagBag from /home/airflow/.local/lib/python3.6/site-packages/airflow/example_dags/example_xcomargs.py
[2024-04-27 22:32:04,892] {scheduler_job.py:639} INFO - DAG(s) dict_keys(['example_xcom_args', 'example_xcom_args_with_operators']) retrieved from /home/airflow/.local/lib/python3.6/site-packages/airflow/example_dags/example_xcomargs.py
[2024-04-27 22:32:04,936] {logging_mixin.py:104} INFO - [2024-04-27 22:32:04,936] {dag.py:1824} INFO - Sync 2 DAGs
[2024-04-27 22:32:04,962] {logging_mixin.py:104} INFO - [2024-04-27 22:32:04,962] {dag.py:2280} INFO - Setting next_dagrun for example_xcom_args to None
[2024-04-27 22:32:04,974] {logging_mixin.py:104} INFO - [2024-04-27 22:32:04,974] {dag.py:2280} INFO - Setting next_dagrun for example_xcom_args_with_operators to None
[2024-04-27 22:32:05,000] {scheduler_job.py:190} INFO - Processing /home/airflow/.local/lib/python3.6/site-packages/airflow/example_dags/example_xcomargs.py took 0.144 seconds
[2024-04-27 22:32:35,297] {scheduler_job.py:182} INFO - Started process (PID=851) to work on /home/airflow/.local/lib/python3.6/site-packages/airflow/example_dags/example_xcomargs.py
[2024-04-27 22:32:35,299] {scheduler_job.py:629} INFO - Processing file /home/airflow/.local/lib/python3.6/site-packages/airflow/example_dags/example_xcomargs.py for tasks to queue
[2024-04-27 22:32:35,301] {logging_mixin.py:104} INFO - [2024-04-27 22:32:35,301] {dagbag.py:451} INFO - Filling up the DagBag from /home/airflow/.local/lib/python3.6/site-packages/airflow/example_dags/example_xcomargs.py
[2024-04-27 22:32:35,322] {scheduler_job.py:639} INFO - DAG(s) dict_keys(['example_xcom_args', 'example_xcom_args_with_operators']) retrieved from /home/airflow/.local/lib/python3.6/site-packages/airflow/example_dags/example_xcomargs.py
[2024-04-27 22:32:35,359] {logging_mixin.py:104} INFO - [2024-04-27 22:32:35,359] {dag.py:1824} INFO - Sync 2 DAGs
[2024-04-27 22:32:35,382] {logging_mixin.py:104} INFO - [2024-04-27 22:32:35,381] {dag.py:2280} INFO - Setting next_dagrun for example_xcom_args to None
[2024-04-27 22:32:35,384] {logging_mixin.py:104} INFO - [2024-04-27 22:32:35,384] {dag.py:2280} INFO - Setting next_dagrun for example_xcom_args_with_operators to None
[2024-04-27 22:32:35,405] {scheduler_job.py:190} INFO - Processing /home/airflow/.local/lib/python3.6/site-packages/airflow/example_dags/example_xcomargs.py took 0.113 seconds
[2024-04-27 22:33:05,677] {scheduler_job.py:182} INFO - Started process (PID=877) to work on /home/airflow/.local/lib/python3.6/site-packages/airflow/example_dags/example_xcomargs.py
[2024-04-27 22:33:05,680] {scheduler_job.py:629} INFO - Processing file /home/airflow/.local/lib/python3.6/site-packages/airflow/example_dags/example_xcomargs.py for tasks to queue
[2024-04-27 22:33:05,682] {logging_mixin.py:104} INFO - [2024-04-27 22:33:05,682] {dagbag.py:451} INFO - Filling up the DagBag from /home/airflow/.local/lib/python3.6/site-packages/airflow/example_dags/example_xcomargs.py
[2024-04-27 22:33:05,706] {scheduler_job.py:639} INFO - DAG(s) dict_keys(['example_xcom_args', 'example_xcom_args_with_operators']) retrieved from /home/airflow/.local/lib/python3.6/site-packages/airflow/example_dags/example_xcomargs.py
[2024-04-27 22:33:05,755] {logging_mixin.py:104} INFO - [2024-04-27 22:33:05,755] {dag.py:1824} INFO - Sync 2 DAGs
[2024-04-27 22:33:05,785] {logging_mixin.py:104} INFO - [2024-04-27 22:33:05,785] {dag.py:2280} INFO - Setting next_dagrun for example_xcom_args to None
[2024-04-27 22:33:05,789] {logging_mixin.py:104} INFO - [2024-04-27 22:33:05,789] {dag.py:2280} INFO - Setting next_dagrun for example_xcom_args_with_operators to None
[2024-04-27 22:33:05,818] {scheduler_job.py:190} INFO - Processing /home/airflow/.local/lib/python3.6/site-packages/airflow/example_dags/example_xcomargs.py took 0.145 seconds
[2024-04-27 22:33:36,125] {scheduler_job.py:182} INFO - Started process (PID=903) to work on /home/airflow/.local/lib/python3.6/site-packages/airflow/example_dags/example_xcomargs.py
[2024-04-27 22:33:36,127] {scheduler_job.py:629} INFO - Processing file /home/airflow/.local/lib/python3.6/site-packages/airflow/example_dags/example_xcomargs.py for tasks to queue
[2024-04-27 22:33:36,129] {logging_mixin.py:104} INFO - [2024-04-27 22:33:36,129] {dagbag.py:451} INFO - Filling up the DagBag from /home/airflow/.local/lib/python3.6/site-packages/airflow/example_dags/example_xcomargs.py
[2024-04-27 22:33:36,149] {scheduler_job.py:639} INFO - DAG(s) dict_keys(['example_xcom_args', 'example_xcom_args_with_operators']) retrieved from /home/airflow/.local/lib/python3.6/site-packages/airflow/example_dags/example_xcomargs.py
[2024-04-27 22:33:36,184] {logging_mixin.py:104} INFO - [2024-04-27 22:33:36,184] {dag.py:1824} INFO - Sync 2 DAGs
[2024-04-27 22:33:36,204] {logging_mixin.py:104} INFO - [2024-04-27 22:33:36,204] {dag.py:2280} INFO - Setting next_dagrun for example_xcom_args to None
[2024-04-27 22:33:36,206] {logging_mixin.py:104} INFO - [2024-04-27 22:33:36,206] {dag.py:2280} INFO - Setting next_dagrun for example_xcom_args_with_operators to None
[2024-04-27 22:33:36,227] {scheduler_job.py:190} INFO - Processing /home/airflow/.local/lib/python3.6/site-packages/airflow/example_dags/example_xcomargs.py took 0.107 seconds
[2024-04-27 22:34:07,042] {scheduler_job.py:182} INFO - Started process (PID=929) to work on /home/airflow/.local/lib/python3.6/site-packages/airflow/example_dags/example_xcomargs.py
[2024-04-27 22:34:07,045] {scheduler_job.py:629} INFO - Processing file /home/airflow/.local/lib/python3.6/site-packages/airflow/example_dags/example_xcomargs.py for tasks to queue
[2024-04-27 22:34:07,048] {logging_mixin.py:104} INFO - [2024-04-27 22:34:07,047] {dagbag.py:451} INFO - Filling up the DagBag from /home/airflow/.local/lib/python3.6/site-packages/airflow/example_dags/example_xcomargs.py
[2024-04-27 22:34:07,073] {scheduler_job.py:639} INFO - DAG(s) dict_keys(['example_xcom_args', 'example_xcom_args_with_operators']) retrieved from /home/airflow/.local/lib/python3.6/site-packages/airflow/example_dags/example_xcomargs.py
[2024-04-27 22:34:07,113] {logging_mixin.py:104} INFO - [2024-04-27 22:34:07,113] {dag.py:1824} INFO - Sync 2 DAGs
[2024-04-27 22:34:07,135] {logging_mixin.py:104} INFO - [2024-04-27 22:34:07,135] {dag.py:2280} INFO - Setting next_dagrun for example_xcom_args to None
[2024-04-27 22:34:07,137] {logging_mixin.py:104} INFO - [2024-04-27 22:34:07,137] {dag.py:2280} INFO - Setting next_dagrun for example_xcom_args_with_operators to None
[2024-04-27 22:34:07,158] {scheduler_job.py:190} INFO - Processing /home/airflow/.local/lib/python3.6/site-packages/airflow/example_dags/example_xcomargs.py took 0.121 seconds
[2024-04-27 22:34:38,047] {scheduler_job.py:182} INFO - Started process (PID=955) to work on /home/airflow/.local/lib/python3.6/site-packages/airflow/example_dags/example_xcomargs.py
[2024-04-27 22:34:38,050] {scheduler_job.py:629} INFO - Processing file /home/airflow/.local/lib/python3.6/site-packages/airflow/example_dags/example_xcomargs.py for tasks to queue
[2024-04-27 22:34:38,051] {logging_mixin.py:104} INFO - [2024-04-27 22:34:38,051] {dagbag.py:451} INFO - Filling up the DagBag from /home/airflow/.local/lib/python3.6/site-packages/airflow/example_dags/example_xcomargs.py
[2024-04-27 22:34:38,075] {scheduler_job.py:639} INFO - DAG(s) dict_keys(['example_xcom_args', 'example_xcom_args_with_operators']) retrieved from /home/airflow/.local/lib/python3.6/site-packages/airflow/example_dags/example_xcomargs.py
[2024-04-27 22:34:38,110] {logging_mixin.py:104} INFO - [2024-04-27 22:34:38,110] {dag.py:1824} INFO - Sync 2 DAGs
[2024-04-27 22:34:38,130] {logging_mixin.py:104} INFO - [2024-04-27 22:34:38,129] {dag.py:2280} INFO - Setting next_dagrun for example_xcom_args to None
[2024-04-27 22:34:38,132] {logging_mixin.py:104} INFO - [2024-04-27 22:34:38,131] {dag.py:2280} INFO - Setting next_dagrun for example_xcom_args_with_operators to None
[2024-04-27 22:34:38,151] {scheduler_job.py:190} INFO - Processing /home/airflow/.local/lib/python3.6/site-packages/airflow/example_dags/example_xcomargs.py took 0.108 seconds
[2024-04-27 22:35:08,988] {scheduler_job.py:182} INFO - Started process (PID=981) to work on /home/airflow/.local/lib/python3.6/site-packages/airflow/example_dags/example_xcomargs.py
[2024-04-27 22:35:08,991] {scheduler_job.py:629} INFO - Processing file /home/airflow/.local/lib/python3.6/site-packages/airflow/example_dags/example_xcomargs.py for tasks to queue
[2024-04-27 22:35:08,992] {logging_mixin.py:104} INFO - [2024-04-27 22:35:08,992] {dagbag.py:451} INFO - Filling up the DagBag from /home/airflow/.local/lib/python3.6/site-packages/airflow/example_dags/example_xcomargs.py
[2024-04-27 22:35:09,014] {scheduler_job.py:639} INFO - DAG(s) dict_keys(['example_xcom_args', 'example_xcom_args_with_operators']) retrieved from /home/airflow/.local/lib/python3.6/site-packages/airflow/example_dags/example_xcomargs.py
[2024-04-27 22:35:09,053] {logging_mixin.py:104} INFO - [2024-04-27 22:35:09,053] {dag.py:1824} INFO - Sync 2 DAGs
[2024-04-27 22:35:09,076] {logging_mixin.py:104} INFO - [2024-04-27 22:35:09,076] {dag.py:2280} INFO - Setting next_dagrun for example_xcom_args to None
[2024-04-27 22:35:09,079] {logging_mixin.py:104} INFO - [2024-04-27 22:35:09,079] {dag.py:2280} INFO - Setting next_dagrun for example_xcom_args_with_operators to None
[2024-04-27 22:35:09,103] {scheduler_job.py:190} INFO - Processing /home/airflow/.local/lib/python3.6/site-packages/airflow/example_dags/example_xcomargs.py took 0.121 seconds
[2024-04-27 22:35:39,637] {scheduler_job.py:182} INFO - Started process (PID=1007) to work on /home/airflow/.local/lib/python3.6/site-packages/airflow/example_dags/example_xcomargs.py
[2024-04-27 22:35:39,639] {scheduler_job.py:629} INFO - Processing file /home/airflow/.local/lib/python3.6/site-packages/airflow/example_dags/example_xcomargs.py for tasks to queue
[2024-04-27 22:35:39,641] {logging_mixin.py:104} INFO - [2024-04-27 22:35:39,641] {dagbag.py:451} INFO - Filling up the DagBag from /home/airflow/.local/lib/python3.6/site-packages/airflow/example_dags/example_xcomargs.py
[2024-04-27 22:35:39,663] {scheduler_job.py:639} INFO - DAG(s) dict_keys(['example_xcom_args', 'example_xcom_args_with_operators']) retrieved from /home/airflow/.local/lib/python3.6/site-packages/airflow/example_dags/example_xcomargs.py
[2024-04-27 22:35:39,696] {logging_mixin.py:104} INFO - [2024-04-27 22:35:39,696] {dag.py:1824} INFO - Sync 2 DAGs
[2024-04-27 22:35:39,717] {logging_mixin.py:104} INFO - [2024-04-27 22:35:39,717] {dag.py:2280} INFO - Setting next_dagrun for example_xcom_args to None
[2024-04-27 22:35:39,719] {logging_mixin.py:104} INFO - [2024-04-27 22:35:39,719] {dag.py:2280} INFO - Setting next_dagrun for example_xcom_args_with_operators to None
[2024-04-27 22:35:39,739] {scheduler_job.py:190} INFO - Processing /home/airflow/.local/lib/python3.6/site-packages/airflow/example_dags/example_xcomargs.py took 0.106 seconds
[2024-04-27 22:36:10,097] {scheduler_job.py:182} INFO - Started process (PID=1033) to work on /home/airflow/.local/lib/python3.6/site-packages/airflow/example_dags/example_xcomargs.py
[2024-04-27 22:36:10,100] {scheduler_job.py:629} INFO - Processing file /home/airflow/.local/lib/python3.6/site-packages/airflow/example_dags/example_xcomargs.py for tasks to queue
[2024-04-27 22:36:10,101] {logging_mixin.py:104} INFO - [2024-04-27 22:36:10,101] {dagbag.py:451} INFO - Filling up the DagBag from /home/airflow/.local/lib/python3.6/site-packages/airflow/example_dags/example_xcomargs.py
[2024-04-27 22:36:10,131] {scheduler_job.py:639} INFO - DAG(s) dict_keys(['example_xcom_args', 'example_xcom_args_with_operators']) retrieved from /home/airflow/.local/lib/python3.6/site-packages/airflow/example_dags/example_xcomargs.py
[2024-04-27 22:36:10,186] {logging_mixin.py:104} INFO - [2024-04-27 22:36:10,186] {dag.py:1824} INFO - Sync 2 DAGs
[2024-04-27 22:36:10,218] {logging_mixin.py:104} INFO - [2024-04-27 22:36:10,218] {dag.py:2280} INFO - Setting next_dagrun for example_xcom_args to None
[2024-04-27 22:36:10,221] {logging_mixin.py:104} INFO - [2024-04-27 22:36:10,221] {dag.py:2280} INFO - Setting next_dagrun for example_xcom_args_with_operators to None
[2024-04-27 22:36:10,248] {scheduler_job.py:190} INFO - Processing /home/airflow/.local/lib/python3.6/site-packages/airflow/example_dags/example_xcomargs.py took 0.156 seconds
[2024-04-27 22:36:40,949] {scheduler_job.py:182} INFO - Started process (PID=1059) to work on /home/airflow/.local/lib/python3.6/site-packages/airflow/example_dags/example_xcomargs.py
[2024-04-27 22:36:40,951] {scheduler_job.py:629} INFO - Processing file /home/airflow/.local/lib/python3.6/site-packages/airflow/example_dags/example_xcomargs.py for tasks to queue
[2024-04-27 22:36:40,953] {logging_mixin.py:104} INFO - [2024-04-27 22:36:40,952] {dagbag.py:451} INFO - Filling up the DagBag from /home/airflow/.local/lib/python3.6/site-packages/airflow/example_dags/example_xcomargs.py
[2024-04-27 22:36:40,980] {scheduler_job.py:639} INFO - DAG(s) dict_keys(['example_xcom_args', 'example_xcom_args_with_operators']) retrieved from /home/airflow/.local/lib/python3.6/site-packages/airflow/example_dags/example_xcomargs.py
[2024-04-27 22:36:41,028] {logging_mixin.py:104} INFO - [2024-04-27 22:36:41,028] {dag.py:1824} INFO - Sync 2 DAGs
[2024-04-27 22:36:41,052] {logging_mixin.py:104} INFO - [2024-04-27 22:36:41,052] {dag.py:2280} INFO - Setting next_dagrun for example_xcom_args to None
[2024-04-27 22:36:41,057] {logging_mixin.py:104} INFO - [2024-04-27 22:36:41,056] {dag.py:2280} INFO - Setting next_dagrun for example_xcom_args_with_operators to None
[2024-04-27 22:36:41,086] {scheduler_job.py:190} INFO - Processing /home/airflow/.local/lib/python3.6/site-packages/airflow/example_dags/example_xcomargs.py took 0.144 seconds
[2024-04-27 22:37:11,162] {scheduler_job.py:182} INFO - Started process (PID=1085) to work on /home/airflow/.local/lib/python3.6/site-packages/airflow/example_dags/example_xcomargs.py
[2024-04-27 22:37:11,165] {scheduler_job.py:629} INFO - Processing file /home/airflow/.local/lib/python3.6/site-packages/airflow/example_dags/example_xcomargs.py for tasks to queue
[2024-04-27 22:37:11,167] {logging_mixin.py:104} INFO - [2024-04-27 22:37:11,167] {dagbag.py:451} INFO - Filling up the DagBag from /home/airflow/.local/lib/python3.6/site-packages/airflow/example_dags/example_xcomargs.py
[2024-04-27 22:37:11,198] {scheduler_job.py:639} INFO - DAG(s) dict_keys(['example_xcom_args', 'example_xcom_args_with_operators']) retrieved from /home/airflow/.local/lib/python3.6/site-packages/airflow/example_dags/example_xcomargs.py
[2024-04-27 22:37:11,243] {logging_mixin.py:104} INFO - [2024-04-27 22:37:11,243] {dag.py:1824} INFO - Sync 2 DAGs
[2024-04-27 22:37:11,268] {logging_mixin.py:104} INFO - [2024-04-27 22:37:11,268] {dag.py:2280} INFO - Setting next_dagrun for example_xcom_args to None
[2024-04-27 22:37:11,270] {logging_mixin.py:104} INFO - [2024-04-27 22:37:11,270] {dag.py:2280} INFO - Setting next_dagrun for example_xcom_args_with_operators to None
[2024-04-27 22:37:11,292] {scheduler_job.py:190} INFO - Processing /home/airflow/.local/lib/python3.6/site-packages/airflow/example_dags/example_xcomargs.py took 0.136 seconds
[2024-04-27 22:37:41,349] {scheduler_job.py:182} INFO - Started process (PID=1111) to work on /home/airflow/.local/lib/python3.6/site-packages/airflow/example_dags/example_xcomargs.py
[2024-04-27 22:37:41,351] {scheduler_job.py:629} INFO - Processing file /home/airflow/.local/lib/python3.6/site-packages/airflow/example_dags/example_xcomargs.py for tasks to queue
[2024-04-27 22:37:41,353] {logging_mixin.py:104} INFO - [2024-04-27 22:37:41,353] {dagbag.py:451} INFO - Filling up the DagBag from /home/airflow/.local/lib/python3.6/site-packages/airflow/example_dags/example_xcomargs.py
[2024-04-27 22:37:41,375] {scheduler_job.py:639} INFO - DAG(s) dict_keys(['example_xcom_args', 'example_xcom_args_with_operators']) retrieved from /home/airflow/.local/lib/python3.6/site-packages/airflow/example_dags/example_xcomargs.py
[2024-04-27 22:37:41,409] {logging_mixin.py:104} INFO - [2024-04-27 22:37:41,409] {dag.py:1824} INFO - Sync 2 DAGs
[2024-04-27 22:37:41,432] {logging_mixin.py:104} INFO - [2024-04-27 22:37:41,432] {dag.py:2280} INFO - Setting next_dagrun for example_xcom_args to None
[2024-04-27 22:37:41,434] {logging_mixin.py:104} INFO - [2024-04-27 22:37:41,434] {dag.py:2280} INFO - Setting next_dagrun for example_xcom_args_with_operators to None
[2024-04-27 22:37:41,453] {scheduler_job.py:190} INFO - Processing /home/airflow/.local/lib/python3.6/site-packages/airflow/example_dags/example_xcomargs.py took 0.109 seconds
