[2024-04-27 22:16:48,120] {scheduler_job.py:182} INFO - Started process (PID=51) to work on /home/airflow/.local/lib/python3.6/site-packages/airflow/example_dags/example_trigger_controller_dag.py
[2024-04-27 22:16:48,128] {scheduler_job.py:629} INFO - Processing file /home/airflow/.local/lib/python3.6/site-packages/airflow/example_dags/example_trigger_controller_dag.py for tasks to queue
[2024-04-27 22:16:48,132] {logging_mixin.py:104} INFO - [2024-04-27 22:16:48,131] {dagbag.py:451} INFO - Filling up the DagBag from /home/airflow/.local/lib/python3.6/site-packages/airflow/example_dags/example_trigger_controller_dag.py
[2024-04-27 22:16:48,173] {scheduler_job.py:639} INFO - DAG(s) dict_keys(['example_trigger_controller_dag']) retrieved from /home/airflow/.local/lib/python3.6/site-packages/airflow/example_dags/example_trigger_controller_dag.py
[2024-04-27 22:16:48,254] {logging_mixin.py:104} INFO - [2024-04-27 22:16:48,254] {dag.py:1824} INFO - Sync 1 DAGs
[2024-04-27 22:16:48,305] {logging_mixin.py:104} INFO - [2024-04-27 22:16:48,305] {dag.py:1843} INFO - Creating ORM DAG for example_trigger_controller_dag
[2024-04-27 22:16:48,342] {logging_mixin.py:104} INFO - [2024-04-27 22:16:48,342] {dag.py:2280} INFO - Setting next_dagrun for example_trigger_controller_dag to 2024-04-25 00:00:00+00:00
[2024-04-27 22:16:48,391] {scheduler_job.py:190} INFO - Processing /home/airflow/.local/lib/python3.6/site-packages/airflow/example_dags/example_trigger_controller_dag.py took 0.283 seconds
[2024-04-27 22:17:19,566] {scheduler_job.py:182} INFO - Started process (PID=77) to work on /home/airflow/.local/lib/python3.6/site-packages/airflow/example_dags/example_trigger_controller_dag.py
[2024-04-27 22:17:19,571] {scheduler_job.py:629} INFO - Processing file /home/airflow/.local/lib/python3.6/site-packages/airflow/example_dags/example_trigger_controller_dag.py for tasks to queue
[2024-04-27 22:17:19,574] {logging_mixin.py:104} INFO - [2024-04-27 22:17:19,573] {dagbag.py:451} INFO - Filling up the DagBag from /home/airflow/.local/lib/python3.6/site-packages/airflow/example_dags/example_trigger_controller_dag.py
[2024-04-27 22:17:19,652] {scheduler_job.py:639} INFO - DAG(s) dict_keys(['example_trigger_controller_dag']) retrieved from /home/airflow/.local/lib/python3.6/site-packages/airflow/example_dags/example_trigger_controller_dag.py
[2024-04-27 22:17:19,739] {logging_mixin.py:104} INFO - [2024-04-27 22:17:19,739] {dag.py:1824} INFO - Sync 1 DAGs
[2024-04-27 22:17:19,804] {logging_mixin.py:104} INFO - [2024-04-27 22:17:19,804] {dag.py:2280} INFO - Setting next_dagrun for example_trigger_controller_dag to 2024-04-25 00:00:00+00:00
[2024-04-27 22:17:19,868] {scheduler_job.py:190} INFO - Processing /home/airflow/.local/lib/python3.6/site-packages/airflow/example_dags/example_trigger_controller_dag.py took 0.321 seconds
[2024-04-27 22:17:50,067] {scheduler_job.py:182} INFO - Started process (PID=104) to work on /home/airflow/.local/lib/python3.6/site-packages/airflow/example_dags/example_trigger_controller_dag.py
[2024-04-27 22:17:50,069] {scheduler_job.py:629} INFO - Processing file /home/airflow/.local/lib/python3.6/site-packages/airflow/example_dags/example_trigger_controller_dag.py for tasks to queue
[2024-04-27 22:17:50,072] {logging_mixin.py:104} INFO - [2024-04-27 22:17:50,072] {dagbag.py:451} INFO - Filling up the DagBag from /home/airflow/.local/lib/python3.6/site-packages/airflow/example_dags/example_trigger_controller_dag.py
[2024-04-27 22:17:50,093] {scheduler_job.py:639} INFO - DAG(s) dict_keys(['example_trigger_controller_dag']) retrieved from /home/airflow/.local/lib/python3.6/site-packages/airflow/example_dags/example_trigger_controller_dag.py
[2024-04-27 22:17:50,136] {logging_mixin.py:104} INFO - [2024-04-27 22:17:50,135] {dag.py:1824} INFO - Sync 1 DAGs
[2024-04-27 22:17:50,164] {logging_mixin.py:104} INFO - [2024-04-27 22:17:50,164] {dag.py:2280} INFO - Setting next_dagrun for example_trigger_controller_dag to 2024-04-25 00:00:00+00:00
[2024-04-27 22:17:50,188] {scheduler_job.py:190} INFO - Processing /home/airflow/.local/lib/python3.6/site-packages/airflow/example_dags/example_trigger_controller_dag.py took 0.128 seconds
[2024-04-27 22:18:20,555] {scheduler_job.py:182} INFO - Started process (PID=129) to work on /home/airflow/.local/lib/python3.6/site-packages/airflow/example_dags/example_trigger_controller_dag.py
[2024-04-27 22:18:20,558] {scheduler_job.py:629} INFO - Processing file /home/airflow/.local/lib/python3.6/site-packages/airflow/example_dags/example_trigger_controller_dag.py for tasks to queue
[2024-04-27 22:18:20,560] {logging_mixin.py:104} INFO - [2024-04-27 22:18:20,560] {dagbag.py:451} INFO - Filling up the DagBag from /home/airflow/.local/lib/python3.6/site-packages/airflow/example_dags/example_trigger_controller_dag.py
[2024-04-27 22:18:20,584] {scheduler_job.py:639} INFO - DAG(s) dict_keys(['example_trigger_controller_dag']) retrieved from /home/airflow/.local/lib/python3.6/site-packages/airflow/example_dags/example_trigger_controller_dag.py
[2024-04-27 22:18:20,628] {logging_mixin.py:104} INFO - [2024-04-27 22:18:20,627] {dag.py:1824} INFO - Sync 1 DAGs
[2024-04-27 22:18:20,670] {logging_mixin.py:104} INFO - [2024-04-27 22:18:20,670] {dag.py:2280} INFO - Setting next_dagrun for example_trigger_controller_dag to 2024-04-25 00:00:00+00:00
[2024-04-27 22:18:20,695] {scheduler_job.py:190} INFO - Processing /home/airflow/.local/lib/python3.6/site-packages/airflow/example_dags/example_trigger_controller_dag.py took 0.146 seconds
[2024-04-27 22:18:50,862] {scheduler_job.py:182} INFO - Started process (PID=155) to work on /home/airflow/.local/lib/python3.6/site-packages/airflow/example_dags/example_trigger_controller_dag.py
[2024-04-27 22:18:50,868] {scheduler_job.py:629} INFO - Processing file /home/airflow/.local/lib/python3.6/site-packages/airflow/example_dags/example_trigger_controller_dag.py for tasks to queue
[2024-04-27 22:18:50,870] {logging_mixin.py:104} INFO - [2024-04-27 22:18:50,870] {dagbag.py:451} INFO - Filling up the DagBag from /home/airflow/.local/lib/python3.6/site-packages/airflow/example_dags/example_trigger_controller_dag.py
[2024-04-27 22:18:50,901] {scheduler_job.py:639} INFO - DAG(s) dict_keys(['example_trigger_controller_dag']) retrieved from /home/airflow/.local/lib/python3.6/site-packages/airflow/example_dags/example_trigger_controller_dag.py
[2024-04-27 22:18:50,954] {logging_mixin.py:104} INFO - [2024-04-27 22:18:50,954] {dag.py:1824} INFO - Sync 1 DAGs
[2024-04-27 22:18:51,001] {logging_mixin.py:104} INFO - [2024-04-27 22:18:51,000] {dag.py:2280} INFO - Setting next_dagrun for example_trigger_controller_dag to 2024-04-25 00:00:00+00:00
[2024-04-27 22:18:51,020] {scheduler_job.py:190} INFO - Processing /home/airflow/.local/lib/python3.6/site-packages/airflow/example_dags/example_trigger_controller_dag.py took 0.166 seconds
[2024-04-27 22:19:21,147] {scheduler_job.py:182} INFO - Started process (PID=181) to work on /home/airflow/.local/lib/python3.6/site-packages/airflow/example_dags/example_trigger_controller_dag.py
[2024-04-27 22:19:21,151] {scheduler_job.py:629} INFO - Processing file /home/airflow/.local/lib/python3.6/site-packages/airflow/example_dags/example_trigger_controller_dag.py for tasks to queue
[2024-04-27 22:19:21,154] {logging_mixin.py:104} INFO - [2024-04-27 22:19:21,153] {dagbag.py:451} INFO - Filling up the DagBag from /home/airflow/.local/lib/python3.6/site-packages/airflow/example_dags/example_trigger_controller_dag.py
[2024-04-27 22:19:21,171] {scheduler_job.py:639} INFO - DAG(s) dict_keys(['example_trigger_controller_dag']) retrieved from /home/airflow/.local/lib/python3.6/site-packages/airflow/example_dags/example_trigger_controller_dag.py
[2024-04-27 22:19:21,209] {logging_mixin.py:104} INFO - [2024-04-27 22:19:21,209] {dag.py:1824} INFO - Sync 1 DAGs
[2024-04-27 22:19:21,238] {logging_mixin.py:104} INFO - [2024-04-27 22:19:21,238] {dag.py:2280} INFO - Setting next_dagrun for example_trigger_controller_dag to 2024-04-25 00:00:00+00:00
[2024-04-27 22:19:21,260] {scheduler_job.py:190} INFO - Processing /home/airflow/.local/lib/python3.6/site-packages/airflow/example_dags/example_trigger_controller_dag.py took 0.119 seconds
[2024-04-27 22:19:51,968] {scheduler_job.py:182} INFO - Started process (PID=207) to work on /home/airflow/.local/lib/python3.6/site-packages/airflow/example_dags/example_trigger_controller_dag.py
[2024-04-27 22:19:51,971] {scheduler_job.py:629} INFO - Processing file /home/airflow/.local/lib/python3.6/site-packages/airflow/example_dags/example_trigger_controller_dag.py for tasks to queue
[2024-04-27 22:19:51,974] {logging_mixin.py:104} INFO - [2024-04-27 22:19:51,973] {dagbag.py:451} INFO - Filling up the DagBag from /home/airflow/.local/lib/python3.6/site-packages/airflow/example_dags/example_trigger_controller_dag.py
[2024-04-27 22:19:51,998] {scheduler_job.py:639} INFO - DAG(s) dict_keys(['example_trigger_controller_dag']) retrieved from /home/airflow/.local/lib/python3.6/site-packages/airflow/example_dags/example_trigger_controller_dag.py
[2024-04-27 22:19:52,042] {logging_mixin.py:104} INFO - [2024-04-27 22:19:52,041] {dag.py:1824} INFO - Sync 1 DAGs
[2024-04-27 22:19:52,092] {logging_mixin.py:104} INFO - [2024-04-27 22:19:52,092] {dag.py:2280} INFO - Setting next_dagrun for example_trigger_controller_dag to 2024-04-25 00:00:00+00:00
[2024-04-27 22:19:52,116] {scheduler_job.py:190} INFO - Processing /home/airflow/.local/lib/python3.6/site-packages/airflow/example_dags/example_trigger_controller_dag.py took 0.155 seconds
[2024-04-27 22:20:23,201] {scheduler_job.py:182} INFO - Started process (PID=234) to work on /home/airflow/.local/lib/python3.6/site-packages/airflow/example_dags/example_trigger_controller_dag.py
[2024-04-27 22:20:23,203] {scheduler_job.py:629} INFO - Processing file /home/airflow/.local/lib/python3.6/site-packages/airflow/example_dags/example_trigger_controller_dag.py for tasks to queue
[2024-04-27 22:20:23,204] {logging_mixin.py:104} INFO - [2024-04-27 22:20:23,204] {dagbag.py:451} INFO - Filling up the DagBag from /home/airflow/.local/lib/python3.6/site-packages/airflow/example_dags/example_trigger_controller_dag.py
[2024-04-27 22:20:23,218] {scheduler_job.py:639} INFO - DAG(s) dict_keys(['example_trigger_controller_dag']) retrieved from /home/airflow/.local/lib/python3.6/site-packages/airflow/example_dags/example_trigger_controller_dag.py
[2024-04-27 22:20:23,245] {logging_mixin.py:104} INFO - [2024-04-27 22:20:23,245] {dag.py:1824} INFO - Sync 1 DAGs
[2024-04-27 22:20:23,260] {logging_mixin.py:104} INFO - [2024-04-27 22:20:23,260] {dag.py:2280} INFO - Setting next_dagrun for example_trigger_controller_dag to 2024-04-25 00:00:00+00:00
[2024-04-27 22:20:23,273] {scheduler_job.py:190} INFO - Processing /home/airflow/.local/lib/python3.6/site-packages/airflow/example_dags/example_trigger_controller_dag.py took 0.075 seconds
[2024-04-27 22:20:54,159] {scheduler_job.py:182} INFO - Started process (PID=260) to work on /home/airflow/.local/lib/python3.6/site-packages/airflow/example_dags/example_trigger_controller_dag.py
[2024-04-27 22:20:54,161] {scheduler_job.py:629} INFO - Processing file /home/airflow/.local/lib/python3.6/site-packages/airflow/example_dags/example_trigger_controller_dag.py for tasks to queue
[2024-04-27 22:20:54,162] {logging_mixin.py:104} INFO - [2024-04-27 22:20:54,162] {dagbag.py:451} INFO - Filling up the DagBag from /home/airflow/.local/lib/python3.6/site-packages/airflow/example_dags/example_trigger_controller_dag.py
[2024-04-27 22:20:54,180] {scheduler_job.py:639} INFO - DAG(s) dict_keys(['example_trigger_controller_dag']) retrieved from /home/airflow/.local/lib/python3.6/site-packages/airflow/example_dags/example_trigger_controller_dag.py
[2024-04-27 22:20:54,215] {logging_mixin.py:104} INFO - [2024-04-27 22:20:54,215] {dag.py:1824} INFO - Sync 1 DAGs
[2024-04-27 22:20:54,237] {logging_mixin.py:104} INFO - [2024-04-27 22:20:54,237] {dag.py:2280} INFO - Setting next_dagrun for example_trigger_controller_dag to 2024-04-25 00:00:00+00:00
[2024-04-27 22:20:54,255] {scheduler_job.py:190} INFO - Processing /home/airflow/.local/lib/python3.6/site-packages/airflow/example_dags/example_trigger_controller_dag.py took 0.102 seconds
[2024-04-27 22:21:24,550] {scheduler_job.py:182} INFO - Started process (PID=286) to work on /home/airflow/.local/lib/python3.6/site-packages/airflow/example_dags/example_trigger_controller_dag.py
[2024-04-27 22:21:24,553] {scheduler_job.py:629} INFO - Processing file /home/airflow/.local/lib/python3.6/site-packages/airflow/example_dags/example_trigger_controller_dag.py for tasks to queue
[2024-04-27 22:21:24,555] {logging_mixin.py:104} INFO - [2024-04-27 22:21:24,555] {dagbag.py:451} INFO - Filling up the DagBag from /home/airflow/.local/lib/python3.6/site-packages/airflow/example_dags/example_trigger_controller_dag.py
[2024-04-27 22:21:24,572] {scheduler_job.py:639} INFO - DAG(s) dict_keys(['example_trigger_controller_dag']) retrieved from /home/airflow/.local/lib/python3.6/site-packages/airflow/example_dags/example_trigger_controller_dag.py
[2024-04-27 22:21:24,604] {logging_mixin.py:104} INFO - [2024-04-27 22:21:24,603] {dag.py:1824} INFO - Sync 1 DAGs
[2024-04-27 22:21:24,621] {logging_mixin.py:104} INFO - [2024-04-27 22:21:24,620] {dag.py:2280} INFO - Setting next_dagrun for example_trigger_controller_dag to 2024-04-25 00:00:00+00:00
[2024-04-27 22:21:24,635] {scheduler_job.py:190} INFO - Processing /home/airflow/.local/lib/python3.6/site-packages/airflow/example_dags/example_trigger_controller_dag.py took 0.090 seconds
[2024-04-27 22:21:54,967] {scheduler_job.py:182} INFO - Started process (PID=312) to work on /home/airflow/.local/lib/python3.6/site-packages/airflow/example_dags/example_trigger_controller_dag.py
[2024-04-27 22:21:54,969] {scheduler_job.py:629} INFO - Processing file /home/airflow/.local/lib/python3.6/site-packages/airflow/example_dags/example_trigger_controller_dag.py for tasks to queue
[2024-04-27 22:21:54,971] {logging_mixin.py:104} INFO - [2024-04-27 22:21:54,971] {dagbag.py:451} INFO - Filling up the DagBag from /home/airflow/.local/lib/python3.6/site-packages/airflow/example_dags/example_trigger_controller_dag.py
[2024-04-27 22:21:54,989] {scheduler_job.py:639} INFO - DAG(s) dict_keys(['example_trigger_controller_dag']) retrieved from /home/airflow/.local/lib/python3.6/site-packages/airflow/example_dags/example_trigger_controller_dag.py
[2024-04-27 22:21:55,017] {logging_mixin.py:104} INFO - [2024-04-27 22:21:55,017] {dag.py:1824} INFO - Sync 1 DAGs
[2024-04-27 22:21:55,033] {logging_mixin.py:104} INFO - [2024-04-27 22:21:55,033] {dag.py:2280} INFO - Setting next_dagrun for example_trigger_controller_dag to 2024-04-25 00:00:00+00:00
[2024-04-27 22:21:55,048] {scheduler_job.py:190} INFO - Processing /home/airflow/.local/lib/python3.6/site-packages/airflow/example_dags/example_trigger_controller_dag.py took 0.085 seconds
[2024-04-27 22:22:25,215] {scheduler_job.py:182} INFO - Started process (PID=338) to work on /home/airflow/.local/lib/python3.6/site-packages/airflow/example_dags/example_trigger_controller_dag.py
[2024-04-27 22:22:25,217] {scheduler_job.py:629} INFO - Processing file /home/airflow/.local/lib/python3.6/site-packages/airflow/example_dags/example_trigger_controller_dag.py for tasks to queue
[2024-04-27 22:22:25,219] {logging_mixin.py:104} INFO - [2024-04-27 22:22:25,218] {dagbag.py:451} INFO - Filling up the DagBag from /home/airflow/.local/lib/python3.6/site-packages/airflow/example_dags/example_trigger_controller_dag.py
[2024-04-27 22:22:25,240] {scheduler_job.py:639} INFO - DAG(s) dict_keys(['example_trigger_controller_dag']) retrieved from /home/airflow/.local/lib/python3.6/site-packages/airflow/example_dags/example_trigger_controller_dag.py
[2024-04-27 22:22:25,266] {logging_mixin.py:104} INFO - [2024-04-27 22:22:25,266] {dag.py:1824} INFO - Sync 1 DAGs
[2024-04-27 22:22:25,284] {logging_mixin.py:104} INFO - [2024-04-27 22:22:25,284] {dag.py:2280} INFO - Setting next_dagrun for example_trigger_controller_dag to 2024-04-25 00:00:00+00:00
[2024-04-27 22:22:25,298] {scheduler_job.py:190} INFO - Processing /home/airflow/.local/lib/python3.6/site-packages/airflow/example_dags/example_trigger_controller_dag.py took 0.087 seconds
[2024-04-27 22:22:55,993] {scheduler_job.py:182} INFO - Started process (PID=364) to work on /home/airflow/.local/lib/python3.6/site-packages/airflow/example_dags/example_trigger_controller_dag.py
[2024-04-27 22:22:55,996] {scheduler_job.py:629} INFO - Processing file /home/airflow/.local/lib/python3.6/site-packages/airflow/example_dags/example_trigger_controller_dag.py for tasks to queue
[2024-04-27 22:22:55,997] {logging_mixin.py:104} INFO - [2024-04-27 22:22:55,997] {dagbag.py:451} INFO - Filling up the DagBag from /home/airflow/.local/lib/python3.6/site-packages/airflow/example_dags/example_trigger_controller_dag.py
[2024-04-27 22:22:56,015] {scheduler_job.py:639} INFO - DAG(s) dict_keys(['example_trigger_controller_dag']) retrieved from /home/airflow/.local/lib/python3.6/site-packages/airflow/example_dags/example_trigger_controller_dag.py
[2024-04-27 22:22:56,040] {logging_mixin.py:104} INFO - [2024-04-27 22:22:56,040] {dag.py:1824} INFO - Sync 1 DAGs
[2024-04-27 22:22:56,056] {logging_mixin.py:104} INFO - [2024-04-27 22:22:56,056] {dag.py:2280} INFO - Setting next_dagrun for example_trigger_controller_dag to 2024-04-25 00:00:00+00:00
[2024-04-27 22:22:56,069] {scheduler_job.py:190} INFO - Processing /home/airflow/.local/lib/python3.6/site-packages/airflow/example_dags/example_trigger_controller_dag.py took 0.080 seconds
[2024-04-27 22:23:26,607] {scheduler_job.py:182} INFO - Started process (PID=390) to work on /home/airflow/.local/lib/python3.6/site-packages/airflow/example_dags/example_trigger_controller_dag.py
[2024-04-27 22:23:26,609] {scheduler_job.py:629} INFO - Processing file /home/airflow/.local/lib/python3.6/site-packages/airflow/example_dags/example_trigger_controller_dag.py for tasks to queue
[2024-04-27 22:23:26,610] {logging_mixin.py:104} INFO - [2024-04-27 22:23:26,610] {dagbag.py:451} INFO - Filling up the DagBag from /home/airflow/.local/lib/python3.6/site-packages/airflow/example_dags/example_trigger_controller_dag.py
[2024-04-27 22:23:26,631] {scheduler_job.py:639} INFO - DAG(s) dict_keys(['example_trigger_controller_dag']) retrieved from /home/airflow/.local/lib/python3.6/site-packages/airflow/example_dags/example_trigger_controller_dag.py
[2024-04-27 22:23:26,665] {logging_mixin.py:104} INFO - [2024-04-27 22:23:26,664] {dag.py:1824} INFO - Sync 1 DAGs
[2024-04-27 22:23:26,690] {logging_mixin.py:104} INFO - [2024-04-27 22:23:26,690] {dag.py:2280} INFO - Setting next_dagrun for example_trigger_controller_dag to 2024-04-25 00:00:00+00:00
[2024-04-27 22:23:26,707] {scheduler_job.py:190} INFO - Processing /home/airflow/.local/lib/python3.6/site-packages/airflow/example_dags/example_trigger_controller_dag.py took 0.106 seconds
[2024-04-27 22:23:56,762] {scheduler_job.py:182} INFO - Started process (PID=416) to work on /home/airflow/.local/lib/python3.6/site-packages/airflow/example_dags/example_trigger_controller_dag.py
[2024-04-27 22:23:56,769] {scheduler_job.py:629} INFO - Processing file /home/airflow/.local/lib/python3.6/site-packages/airflow/example_dags/example_trigger_controller_dag.py for tasks to queue
[2024-04-27 22:23:56,771] {logging_mixin.py:104} INFO - [2024-04-27 22:23:56,771] {dagbag.py:451} INFO - Filling up the DagBag from /home/airflow/.local/lib/python3.6/site-packages/airflow/example_dags/example_trigger_controller_dag.py
[2024-04-27 22:23:56,785] {scheduler_job.py:639} INFO - DAG(s) dict_keys(['example_trigger_controller_dag']) retrieved from /home/airflow/.local/lib/python3.6/site-packages/airflow/example_dags/example_trigger_controller_dag.py
[2024-04-27 22:23:56,810] {logging_mixin.py:104} INFO - [2024-04-27 22:23:56,810] {dag.py:1824} INFO - Sync 1 DAGs
[2024-04-27 22:23:56,827] {logging_mixin.py:104} INFO - [2024-04-27 22:23:56,827] {dag.py:2280} INFO - Setting next_dagrun for example_trigger_controller_dag to 2024-04-25 00:00:00+00:00
[2024-04-27 22:23:56,840] {scheduler_job.py:190} INFO - Processing /home/airflow/.local/lib/python3.6/site-packages/airflow/example_dags/example_trigger_controller_dag.py took 0.084 seconds
[2024-04-27 22:24:27,042] {scheduler_job.py:182} INFO - Started process (PID=442) to work on /home/airflow/.local/lib/python3.6/site-packages/airflow/example_dags/example_trigger_controller_dag.py
[2024-04-27 22:24:27,045] {scheduler_job.py:629} INFO - Processing file /home/airflow/.local/lib/python3.6/site-packages/airflow/example_dags/example_trigger_controller_dag.py for tasks to queue
[2024-04-27 22:24:27,046] {logging_mixin.py:104} INFO - [2024-04-27 22:24:27,046] {dagbag.py:451} INFO - Filling up the DagBag from /home/airflow/.local/lib/python3.6/site-packages/airflow/example_dags/example_trigger_controller_dag.py
[2024-04-27 22:24:27,063] {scheduler_job.py:639} INFO - DAG(s) dict_keys(['example_trigger_controller_dag']) retrieved from /home/airflow/.local/lib/python3.6/site-packages/airflow/example_dags/example_trigger_controller_dag.py
[2024-04-27 22:24:27,094] {logging_mixin.py:104} INFO - [2024-04-27 22:24:27,094] {dag.py:1824} INFO - Sync 1 DAGs
[2024-04-27 22:24:27,114] {logging_mixin.py:104} INFO - [2024-04-27 22:24:27,114] {dag.py:2280} INFO - Setting next_dagrun for example_trigger_controller_dag to 2024-04-25 00:00:00+00:00
[2024-04-27 22:24:27,129] {scheduler_job.py:190} INFO - Processing /home/airflow/.local/lib/python3.6/site-packages/airflow/example_dags/example_trigger_controller_dag.py took 0.091 seconds
[2024-04-27 22:24:57,265] {scheduler_job.py:182} INFO - Started process (PID=468) to work on /home/airflow/.local/lib/python3.6/site-packages/airflow/example_dags/example_trigger_controller_dag.py
[2024-04-27 22:24:57,267] {scheduler_job.py:629} INFO - Processing file /home/airflow/.local/lib/python3.6/site-packages/airflow/example_dags/example_trigger_controller_dag.py for tasks to queue
[2024-04-27 22:24:57,269] {logging_mixin.py:104} INFO - [2024-04-27 22:24:57,269] {dagbag.py:451} INFO - Filling up the DagBag from /home/airflow/.local/lib/python3.6/site-packages/airflow/example_dags/example_trigger_controller_dag.py
[2024-04-27 22:24:57,284] {scheduler_job.py:639} INFO - DAG(s) dict_keys(['example_trigger_controller_dag']) retrieved from /home/airflow/.local/lib/python3.6/site-packages/airflow/example_dags/example_trigger_controller_dag.py
[2024-04-27 22:24:57,311] {logging_mixin.py:104} INFO - [2024-04-27 22:24:57,311] {dag.py:1824} INFO - Sync 1 DAGs
[2024-04-27 22:24:57,330] {logging_mixin.py:104} INFO - [2024-04-27 22:24:57,330] {dag.py:2280} INFO - Setting next_dagrun for example_trigger_controller_dag to 2024-04-25 00:00:00+00:00
[2024-04-27 22:24:57,345] {scheduler_job.py:190} INFO - Processing /home/airflow/.local/lib/python3.6/site-packages/airflow/example_dags/example_trigger_controller_dag.py took 0.084 seconds
[2024-04-27 22:25:27,411] {scheduler_job.py:182} INFO - Started process (PID=494) to work on /home/airflow/.local/lib/python3.6/site-packages/airflow/example_dags/example_trigger_controller_dag.py
[2024-04-27 22:25:27,414] {scheduler_job.py:629} INFO - Processing file /home/airflow/.local/lib/python3.6/site-packages/airflow/example_dags/example_trigger_controller_dag.py for tasks to queue
[2024-04-27 22:25:27,416] {logging_mixin.py:104} INFO - [2024-04-27 22:25:27,415] {dagbag.py:451} INFO - Filling up the DagBag from /home/airflow/.local/lib/python3.6/site-packages/airflow/example_dags/example_trigger_controller_dag.py
[2024-04-27 22:25:27,438] {scheduler_job.py:639} INFO - DAG(s) dict_keys(['example_trigger_controller_dag']) retrieved from /home/airflow/.local/lib/python3.6/site-packages/airflow/example_dags/example_trigger_controller_dag.py
[2024-04-27 22:25:27,473] {logging_mixin.py:104} INFO - [2024-04-27 22:25:27,473] {dag.py:1824} INFO - Sync 1 DAGs
[2024-04-27 22:25:27,499] {logging_mixin.py:104} INFO - [2024-04-27 22:25:27,498] {dag.py:2280} INFO - Setting next_dagrun for example_trigger_controller_dag to 2024-04-25 00:00:00+00:00
[2024-04-27 22:25:27,517] {scheduler_job.py:190} INFO - Processing /home/airflow/.local/lib/python3.6/site-packages/airflow/example_dags/example_trigger_controller_dag.py took 0.113 seconds
[2024-04-27 22:25:58,278] {scheduler_job.py:182} INFO - Started process (PID=517) to work on /home/airflow/.local/lib/python3.6/site-packages/airflow/example_dags/example_trigger_controller_dag.py
[2024-04-27 22:25:58,281] {scheduler_job.py:629} INFO - Processing file /home/airflow/.local/lib/python3.6/site-packages/airflow/example_dags/example_trigger_controller_dag.py for tasks to queue
[2024-04-27 22:25:58,283] {logging_mixin.py:104} INFO - [2024-04-27 22:25:58,283] {dagbag.py:451} INFO - Filling up the DagBag from /home/airflow/.local/lib/python3.6/site-packages/airflow/example_dags/example_trigger_controller_dag.py
[2024-04-27 22:25:58,299] {scheduler_job.py:639} INFO - DAG(s) dict_keys(['example_trigger_controller_dag']) retrieved from /home/airflow/.local/lib/python3.6/site-packages/airflow/example_dags/example_trigger_controller_dag.py
[2024-04-27 22:25:58,328] {logging_mixin.py:104} INFO - [2024-04-27 22:25:58,328] {dag.py:1824} INFO - Sync 1 DAGs
[2024-04-27 22:25:58,349] {logging_mixin.py:104} INFO - [2024-04-27 22:25:58,348] {dag.py:2280} INFO - Setting next_dagrun for example_trigger_controller_dag to 2024-04-25 00:00:00+00:00
[2024-04-27 22:25:58,364] {scheduler_job.py:190} INFO - Processing /home/airflow/.local/lib/python3.6/site-packages/airflow/example_dags/example_trigger_controller_dag.py took 0.090 seconds
[2024-04-27 22:26:28,725] {scheduler_job.py:182} INFO - Started process (PID=545) to work on /home/airflow/.local/lib/python3.6/site-packages/airflow/example_dags/example_trigger_controller_dag.py
[2024-04-27 22:26:28,727] {scheduler_job.py:629} INFO - Processing file /home/airflow/.local/lib/python3.6/site-packages/airflow/example_dags/example_trigger_controller_dag.py for tasks to queue
[2024-04-27 22:26:28,729] {logging_mixin.py:104} INFO - [2024-04-27 22:26:28,728] {dagbag.py:451} INFO - Filling up the DagBag from /home/airflow/.local/lib/python3.6/site-packages/airflow/example_dags/example_trigger_controller_dag.py
[2024-04-27 22:26:28,750] {scheduler_job.py:639} INFO - DAG(s) dict_keys(['example_trigger_controller_dag']) retrieved from /home/airflow/.local/lib/python3.6/site-packages/airflow/example_dags/example_trigger_controller_dag.py
[2024-04-27 22:26:28,786] {logging_mixin.py:104} INFO - [2024-04-27 22:26:28,785] {dag.py:1824} INFO - Sync 1 DAGs
[2024-04-27 22:26:28,813] {logging_mixin.py:104} INFO - [2024-04-27 22:26:28,813] {dag.py:2280} INFO - Setting next_dagrun for example_trigger_controller_dag to 2024-04-25 00:00:00+00:00
[2024-04-27 22:26:28,830] {scheduler_job.py:190} INFO - Processing /home/airflow/.local/lib/python3.6/site-packages/airflow/example_dags/example_trigger_controller_dag.py took 0.110 seconds
[2024-04-27 22:26:59,078] {scheduler_job.py:182} INFO - Started process (PID=569) to work on /home/airflow/.local/lib/python3.6/site-packages/airflow/example_dags/example_trigger_controller_dag.py
[2024-04-27 22:26:59,081] {scheduler_job.py:629} INFO - Processing file /home/airflow/.local/lib/python3.6/site-packages/airflow/example_dags/example_trigger_controller_dag.py for tasks to queue
[2024-04-27 22:26:59,083] {logging_mixin.py:104} INFO - [2024-04-27 22:26:59,082] {dagbag.py:451} INFO - Filling up the DagBag from /home/airflow/.local/lib/python3.6/site-packages/airflow/example_dags/example_trigger_controller_dag.py
[2024-04-27 22:26:59,102] {scheduler_job.py:639} INFO - DAG(s) dict_keys(['example_trigger_controller_dag']) retrieved from /home/airflow/.local/lib/python3.6/site-packages/airflow/example_dags/example_trigger_controller_dag.py
[2024-04-27 22:26:59,138] {logging_mixin.py:104} INFO - [2024-04-27 22:26:59,138] {dag.py:1824} INFO - Sync 1 DAGs
[2024-04-27 22:26:59,164] {logging_mixin.py:104} INFO - [2024-04-27 22:26:59,164] {dag.py:2280} INFO - Setting next_dagrun for example_trigger_controller_dag to 2024-04-25 00:00:00+00:00
[2024-04-27 22:26:59,183] {scheduler_job.py:190} INFO - Processing /home/airflow/.local/lib/python3.6/site-packages/airflow/example_dags/example_trigger_controller_dag.py took 0.111 seconds
[2024-04-27 22:27:30,102] {scheduler_job.py:182} INFO - Started process (PID=595) to work on /home/airflow/.local/lib/python3.6/site-packages/airflow/example_dags/example_trigger_controller_dag.py
[2024-04-27 22:27:30,104] {scheduler_job.py:629} INFO - Processing file /home/airflow/.local/lib/python3.6/site-packages/airflow/example_dags/example_trigger_controller_dag.py for tasks to queue
[2024-04-27 22:27:30,106] {logging_mixin.py:104} INFO - [2024-04-27 22:27:30,106] {dagbag.py:451} INFO - Filling up the DagBag from /home/airflow/.local/lib/python3.6/site-packages/airflow/example_dags/example_trigger_controller_dag.py
[2024-04-27 22:27:30,123] {scheduler_job.py:639} INFO - DAG(s) dict_keys(['example_trigger_controller_dag']) retrieved from /home/airflow/.local/lib/python3.6/site-packages/airflow/example_dags/example_trigger_controller_dag.py
[2024-04-27 22:27:30,149] {logging_mixin.py:104} INFO - [2024-04-27 22:27:30,149] {dag.py:1824} INFO - Sync 1 DAGs
[2024-04-27 22:27:30,168] {logging_mixin.py:104} INFO - [2024-04-27 22:27:30,168] {dag.py:2280} INFO - Setting next_dagrun for example_trigger_controller_dag to 2024-04-25 00:00:00+00:00
[2024-04-27 22:27:30,182] {scheduler_job.py:190} INFO - Processing /home/airflow/.local/lib/python3.6/site-packages/airflow/example_dags/example_trigger_controller_dag.py took 0.085 seconds
[2024-04-27 22:28:01,034] {scheduler_job.py:182} INFO - Started process (PID=621) to work on /home/airflow/.local/lib/python3.6/site-packages/airflow/example_dags/example_trigger_controller_dag.py
[2024-04-27 22:28:01,036] {scheduler_job.py:629} INFO - Processing file /home/airflow/.local/lib/python3.6/site-packages/airflow/example_dags/example_trigger_controller_dag.py for tasks to queue
[2024-04-27 22:28:01,038] {logging_mixin.py:104} INFO - [2024-04-27 22:28:01,037] {dagbag.py:451} INFO - Filling up the DagBag from /home/airflow/.local/lib/python3.6/site-packages/airflow/example_dags/example_trigger_controller_dag.py
[2024-04-27 22:28:01,056] {scheduler_job.py:639} INFO - DAG(s) dict_keys(['example_trigger_controller_dag']) retrieved from /home/airflow/.local/lib/python3.6/site-packages/airflow/example_dags/example_trigger_controller_dag.py
[2024-04-27 22:28:01,087] {logging_mixin.py:104} INFO - [2024-04-27 22:28:01,087] {dag.py:1824} INFO - Sync 1 DAGs
[2024-04-27 22:28:01,109] {logging_mixin.py:104} INFO - [2024-04-27 22:28:01,108] {dag.py:2280} INFO - Setting next_dagrun for example_trigger_controller_dag to 2024-04-25 00:00:00+00:00
[2024-04-27 22:28:01,126] {scheduler_job.py:190} INFO - Processing /home/airflow/.local/lib/python3.6/site-packages/airflow/example_dags/example_trigger_controller_dag.py took 0.097 seconds
[2024-04-27 22:28:31,610] {scheduler_job.py:182} INFO - Started process (PID=650) to work on /home/airflow/.local/lib/python3.6/site-packages/airflow/example_dags/example_trigger_controller_dag.py
[2024-04-27 22:28:31,613] {scheduler_job.py:629} INFO - Processing file /home/airflow/.local/lib/python3.6/site-packages/airflow/example_dags/example_trigger_controller_dag.py for tasks to queue
[2024-04-27 22:28:31,615] {logging_mixin.py:104} INFO - [2024-04-27 22:28:31,615] {dagbag.py:451} INFO - Filling up the DagBag from /home/airflow/.local/lib/python3.6/site-packages/airflow/example_dags/example_trigger_controller_dag.py
[2024-04-27 22:28:31,631] {scheduler_job.py:639} INFO - DAG(s) dict_keys(['example_trigger_controller_dag']) retrieved from /home/airflow/.local/lib/python3.6/site-packages/airflow/example_dags/example_trigger_controller_dag.py
[2024-04-27 22:28:31,659] {logging_mixin.py:104} INFO - [2024-04-27 22:28:31,659] {dag.py:1824} INFO - Sync 1 DAGs
[2024-04-27 22:28:31,680] {logging_mixin.py:104} INFO - [2024-04-27 22:28:31,680] {dag.py:2280} INFO - Setting next_dagrun for example_trigger_controller_dag to 2024-04-25 00:00:00+00:00
[2024-04-27 22:28:31,696] {scheduler_job.py:190} INFO - Processing /home/airflow/.local/lib/python3.6/site-packages/airflow/example_dags/example_trigger_controller_dag.py took 0.090 seconds
[2024-04-27 22:29:01,896] {scheduler_job.py:182} INFO - Started process (PID=673) to work on /home/airflow/.local/lib/python3.6/site-packages/airflow/example_dags/example_trigger_controller_dag.py
[2024-04-27 22:29:01,900] {scheduler_job.py:629} INFO - Processing file /home/airflow/.local/lib/python3.6/site-packages/airflow/example_dags/example_trigger_controller_dag.py for tasks to queue
[2024-04-27 22:29:01,903] {logging_mixin.py:104} INFO - [2024-04-27 22:29:01,903] {dagbag.py:451} INFO - Filling up the DagBag from /home/airflow/.local/lib/python3.6/site-packages/airflow/example_dags/example_trigger_controller_dag.py
[2024-04-27 22:29:01,928] {scheduler_job.py:639} INFO - DAG(s) dict_keys(['example_trigger_controller_dag']) retrieved from /home/airflow/.local/lib/python3.6/site-packages/airflow/example_dags/example_trigger_controller_dag.py
[2024-04-27 22:29:01,963] {logging_mixin.py:104} INFO - [2024-04-27 22:29:01,963] {dag.py:1824} INFO - Sync 1 DAGs
[2024-04-27 22:29:01,988] {logging_mixin.py:104} INFO - [2024-04-27 22:29:01,988] {dag.py:2280} INFO - Setting next_dagrun for example_trigger_controller_dag to 2024-04-25 00:00:00+00:00
[2024-04-27 22:29:02,006] {scheduler_job.py:190} INFO - Processing /home/airflow/.local/lib/python3.6/site-packages/airflow/example_dags/example_trigger_controller_dag.py took 0.116 seconds
[2024-04-27 22:29:32,191] {scheduler_job.py:182} INFO - Started process (PID=700) to work on /home/airflow/.local/lib/python3.6/site-packages/airflow/example_dags/example_trigger_controller_dag.py
[2024-04-27 22:29:32,194] {scheduler_job.py:629} INFO - Processing file /home/airflow/.local/lib/python3.6/site-packages/airflow/example_dags/example_trigger_controller_dag.py for tasks to queue
[2024-04-27 22:29:32,196] {logging_mixin.py:104} INFO - [2024-04-27 22:29:32,196] {dagbag.py:451} INFO - Filling up the DagBag from /home/airflow/.local/lib/python3.6/site-packages/airflow/example_dags/example_trigger_controller_dag.py
[2024-04-27 22:29:32,218] {scheduler_job.py:639} INFO - DAG(s) dict_keys(['example_trigger_controller_dag']) retrieved from /home/airflow/.local/lib/python3.6/site-packages/airflow/example_dags/example_trigger_controller_dag.py
[2024-04-27 22:29:32,258] {logging_mixin.py:104} INFO - [2024-04-27 22:29:32,258] {dag.py:1824} INFO - Sync 1 DAGs
[2024-04-27 22:29:32,286] {logging_mixin.py:104} INFO - [2024-04-27 22:29:32,285] {dag.py:2280} INFO - Setting next_dagrun for example_trigger_controller_dag to 2024-04-25 00:00:00+00:00
[2024-04-27 22:29:32,305] {scheduler_job.py:190} INFO - Processing /home/airflow/.local/lib/python3.6/site-packages/airflow/example_dags/example_trigger_controller_dag.py took 0.121 seconds
[2024-04-27 22:30:03,448] {scheduler_job.py:182} INFO - Started process (PID=727) to work on /home/airflow/.local/lib/python3.6/site-packages/airflow/example_dags/example_trigger_controller_dag.py
[2024-04-27 22:30:03,452] {scheduler_job.py:629} INFO - Processing file /home/airflow/.local/lib/python3.6/site-packages/airflow/example_dags/example_trigger_controller_dag.py for tasks to queue
[2024-04-27 22:30:03,458] {logging_mixin.py:104} INFO - [2024-04-27 22:30:03,458] {dagbag.py:451} INFO - Filling up the DagBag from /home/airflow/.local/lib/python3.6/site-packages/airflow/example_dags/example_trigger_controller_dag.py
[2024-04-27 22:30:03,495] {scheduler_job.py:639} INFO - DAG(s) dict_keys(['example_trigger_controller_dag']) retrieved from /home/airflow/.local/lib/python3.6/site-packages/airflow/example_dags/example_trigger_controller_dag.py
[2024-04-27 22:30:03,567] {logging_mixin.py:104} INFO - [2024-04-27 22:30:03,567] {dag.py:1824} INFO - Sync 1 DAGs
[2024-04-27 22:30:03,609] {logging_mixin.py:104} INFO - [2024-04-27 22:30:03,609] {dag.py:2280} INFO - Setting next_dagrun for example_trigger_controller_dag to 2024-04-25 00:00:00+00:00
[2024-04-27 22:30:03,638] {scheduler_job.py:190} INFO - Processing /home/airflow/.local/lib/python3.6/site-packages/airflow/example_dags/example_trigger_controller_dag.py took 0.219 seconds
[2024-04-27 22:30:34,691] {scheduler_job.py:182} INFO - Started process (PID=754) to work on /home/airflow/.local/lib/python3.6/site-packages/airflow/example_dags/example_trigger_controller_dag.py
[2024-04-27 22:30:34,693] {scheduler_job.py:629} INFO - Processing file /home/airflow/.local/lib/python3.6/site-packages/airflow/example_dags/example_trigger_controller_dag.py for tasks to queue
[2024-04-27 22:30:34,695] {logging_mixin.py:104} INFO - [2024-04-27 22:30:34,695] {dagbag.py:451} INFO - Filling up the DagBag from /home/airflow/.local/lib/python3.6/site-packages/airflow/example_dags/example_trigger_controller_dag.py
[2024-04-27 22:30:34,714] {scheduler_job.py:639} INFO - DAG(s) dict_keys(['example_trigger_controller_dag']) retrieved from /home/airflow/.local/lib/python3.6/site-packages/airflow/example_dags/example_trigger_controller_dag.py
[2024-04-27 22:30:34,744] {logging_mixin.py:104} INFO - [2024-04-27 22:30:34,744] {dag.py:1824} INFO - Sync 1 DAGs
[2024-04-27 22:30:34,766] {logging_mixin.py:104} INFO - [2024-04-27 22:30:34,766] {dag.py:2280} INFO - Setting next_dagrun for example_trigger_controller_dag to 2024-04-25 00:00:00+00:00
[2024-04-27 22:30:34,782] {scheduler_job.py:190} INFO - Processing /home/airflow/.local/lib/python3.6/site-packages/airflow/example_dags/example_trigger_controller_dag.py took 0.098 seconds
