[2024-04-27 22:16:47,788] {scheduler_job.py:182} INFO - Started process (PID=50) to work on /home/airflow/.local/lib/python3.6/site-packages/airflow/example_dags/example_trigger_target_dag.py
[2024-04-27 22:16:47,791] {scheduler_job.py:629} INFO - Processing file /home/airflow/.local/lib/python3.6/site-packages/airflow/example_dags/example_trigger_target_dag.py for tasks to queue
[2024-04-27 22:16:47,793] {logging_mixin.py:104} INFO - [2024-04-27 22:16:47,793] {dagbag.py:451} INFO - Filling up the DagBag from /home/airflow/.local/lib/python3.6/site-packages/airflow/example_dags/example_trigger_target_dag.py
[2024-04-27 22:16:47,825] {scheduler_job.py:639} INFO - DAG(s) dict_keys(['example_trigger_target_dag']) retrieved from /home/airflow/.local/lib/python3.6/site-packages/airflow/example_dags/example_trigger_target_dag.py
[2024-04-27 22:16:47,893] {logging_mixin.py:104} INFO - [2024-04-27 22:16:47,893] {dag.py:1824} INFO - Sync 1 DAGs
[2024-04-27 22:16:47,925] {logging_mixin.py:104} INFO - [2024-04-27 22:16:47,925] {dag.py:1843} INFO - Creating ORM DAG for example_trigger_target_dag
[2024-04-27 22:16:47,939] {logging_mixin.py:104} INFO - [2024-04-27 22:16:47,938] {dag.py:2280} INFO - Setting next_dagrun for example_trigger_target_dag to None
[2024-04-27 22:16:47,984] {scheduler_job.py:190} INFO - Processing /home/airflow/.local/lib/python3.6/site-packages/airflow/example_dags/example_trigger_target_dag.py took 0.202 seconds
[2024-04-27 22:17:19,179] {scheduler_job.py:182} INFO - Started process (PID=76) to work on /home/airflow/.local/lib/python3.6/site-packages/airflow/example_dags/example_trigger_target_dag.py
[2024-04-27 22:17:19,185] {scheduler_job.py:629} INFO - Processing file /home/airflow/.local/lib/python3.6/site-packages/airflow/example_dags/example_trigger_target_dag.py for tasks to queue
[2024-04-27 22:17:19,188] {logging_mixin.py:104} INFO - [2024-04-27 22:17:19,187] {dagbag.py:451} INFO - Filling up the DagBag from /home/airflow/.local/lib/python3.6/site-packages/airflow/example_dags/example_trigger_target_dag.py
[2024-04-27 22:17:19,257] {scheduler_job.py:639} INFO - DAG(s) dict_keys(['example_trigger_target_dag']) retrieved from /home/airflow/.local/lib/python3.6/site-packages/airflow/example_dags/example_trigger_target_dag.py
[2024-04-27 22:17:19,423] {logging_mixin.py:104} INFO - [2024-04-27 22:17:19,423] {dag.py:1824} INFO - Sync 1 DAGs
[2024-04-27 22:17:19,517] {logging_mixin.py:104} INFO - [2024-04-27 22:17:19,516] {dag.py:2280} INFO - Setting next_dagrun for example_trigger_target_dag to None
[2024-04-27 22:17:19,575] {scheduler_job.py:190} INFO - Processing /home/airflow/.local/lib/python3.6/site-packages/airflow/example_dags/example_trigger_target_dag.py took 0.405 seconds
[2024-04-27 22:17:49,857] {scheduler_job.py:182} INFO - Started process (PID=102) to work on /home/airflow/.local/lib/python3.6/site-packages/airflow/example_dags/example_trigger_target_dag.py
[2024-04-27 22:17:49,861] {scheduler_job.py:629} INFO - Processing file /home/airflow/.local/lib/python3.6/site-packages/airflow/example_dags/example_trigger_target_dag.py for tasks to queue
[2024-04-27 22:17:49,864] {logging_mixin.py:104} INFO - [2024-04-27 22:17:49,864] {dagbag.py:451} INFO - Filling up the DagBag from /home/airflow/.local/lib/python3.6/site-packages/airflow/example_dags/example_trigger_target_dag.py
[2024-04-27 22:17:49,914] {scheduler_job.py:639} INFO - DAG(s) dict_keys(['example_trigger_target_dag']) retrieved from /home/airflow/.local/lib/python3.6/site-packages/airflow/example_dags/example_trigger_target_dag.py
[2024-04-27 22:17:49,951] {logging_mixin.py:104} INFO - [2024-04-27 22:17:49,951] {dag.py:1824} INFO - Sync 1 DAGs
[2024-04-27 22:17:49,991] {logging_mixin.py:104} INFO - [2024-04-27 22:17:49,991] {dag.py:2280} INFO - Setting next_dagrun for example_trigger_target_dag to None
[2024-04-27 22:17:50,013] {scheduler_job.py:190} INFO - Processing /home/airflow/.local/lib/python3.6/site-packages/airflow/example_dags/example_trigger_target_dag.py took 0.162 seconds
[2024-04-27 22:18:20,540] {scheduler_job.py:182} INFO - Started process (PID=128) to work on /home/airflow/.local/lib/python3.6/site-packages/airflow/example_dags/example_trigger_target_dag.py
[2024-04-27 22:18:20,544] {scheduler_job.py:629} INFO - Processing file /home/airflow/.local/lib/python3.6/site-packages/airflow/example_dags/example_trigger_target_dag.py for tasks to queue
[2024-04-27 22:18:20,546] {logging_mixin.py:104} INFO - [2024-04-27 22:18:20,546] {dagbag.py:451} INFO - Filling up the DagBag from /home/airflow/.local/lib/python3.6/site-packages/airflow/example_dags/example_trigger_target_dag.py
[2024-04-27 22:18:20,572] {scheduler_job.py:639} INFO - DAG(s) dict_keys(['example_trigger_target_dag']) retrieved from /home/airflow/.local/lib/python3.6/site-packages/airflow/example_dags/example_trigger_target_dag.py
[2024-04-27 22:18:20,614] {logging_mixin.py:104} INFO - [2024-04-27 22:18:20,614] {dag.py:1824} INFO - Sync 1 DAGs
[2024-04-27 22:18:20,656] {logging_mixin.py:104} INFO - [2024-04-27 22:18:20,655] {dag.py:2280} INFO - Setting next_dagrun for example_trigger_target_dag to None
[2024-04-27 22:18:20,680] {scheduler_job.py:190} INFO - Processing /home/airflow/.local/lib/python3.6/site-packages/airflow/example_dags/example_trigger_target_dag.py took 0.146 seconds
[2024-04-27 22:18:50,843] {scheduler_job.py:182} INFO - Started process (PID=154) to work on /home/airflow/.local/lib/python3.6/site-packages/airflow/example_dags/example_trigger_target_dag.py
[2024-04-27 22:18:50,845] {scheduler_job.py:629} INFO - Processing file /home/airflow/.local/lib/python3.6/site-packages/airflow/example_dags/example_trigger_target_dag.py for tasks to queue
[2024-04-27 22:18:50,848] {logging_mixin.py:104} INFO - [2024-04-27 22:18:50,848] {dagbag.py:451} INFO - Filling up the DagBag from /home/airflow/.local/lib/python3.6/site-packages/airflow/example_dags/example_trigger_target_dag.py
[2024-04-27 22:18:50,880] {scheduler_job.py:639} INFO - DAG(s) dict_keys(['example_trigger_target_dag']) retrieved from /home/airflow/.local/lib/python3.6/site-packages/airflow/example_dags/example_trigger_target_dag.py
[2024-04-27 22:18:50,934] {logging_mixin.py:104} INFO - [2024-04-27 22:18:50,933] {dag.py:1824} INFO - Sync 1 DAGs
[2024-04-27 22:18:50,987] {logging_mixin.py:104} INFO - [2024-04-27 22:18:50,987] {dag.py:2280} INFO - Setting next_dagrun for example_trigger_target_dag to None
[2024-04-27 22:18:51,006] {scheduler_job.py:190} INFO - Processing /home/airflow/.local/lib/python3.6/site-packages/airflow/example_dags/example_trigger_target_dag.py took 0.170 seconds
[2024-04-27 22:19:21,135] {scheduler_job.py:182} INFO - Started process (PID=180) to work on /home/airflow/.local/lib/python3.6/site-packages/airflow/example_dags/example_trigger_target_dag.py
[2024-04-27 22:19:21,139] {scheduler_job.py:629} INFO - Processing file /home/airflow/.local/lib/python3.6/site-packages/airflow/example_dags/example_trigger_target_dag.py for tasks to queue
[2024-04-27 22:19:21,142] {logging_mixin.py:104} INFO - [2024-04-27 22:19:21,141] {dagbag.py:451} INFO - Filling up the DagBag from /home/airflow/.local/lib/python3.6/site-packages/airflow/example_dags/example_trigger_target_dag.py
[2024-04-27 22:19:21,163] {scheduler_job.py:639} INFO - DAG(s) dict_keys(['example_trigger_target_dag']) retrieved from /home/airflow/.local/lib/python3.6/site-packages/airflow/example_dags/example_trigger_target_dag.py
[2024-04-27 22:19:21,204] {logging_mixin.py:104} INFO - [2024-04-27 22:19:21,203] {dag.py:1824} INFO - Sync 1 DAGs
[2024-04-27 22:19:21,229] {logging_mixin.py:104} INFO - [2024-04-27 22:19:21,229] {dag.py:2280} INFO - Setting next_dagrun for example_trigger_target_dag to None
[2024-04-27 22:19:21,247] {scheduler_job.py:190} INFO - Processing /home/airflow/.local/lib/python3.6/site-packages/airflow/example_dags/example_trigger_target_dag.py took 0.118 seconds
[2024-04-27 22:19:51,942] {scheduler_job.py:182} INFO - Started process (PID=206) to work on /home/airflow/.local/lib/python3.6/site-packages/airflow/example_dags/example_trigger_target_dag.py
[2024-04-27 22:19:51,944] {scheduler_job.py:629} INFO - Processing file /home/airflow/.local/lib/python3.6/site-packages/airflow/example_dags/example_trigger_target_dag.py for tasks to queue
[2024-04-27 22:19:51,948] {logging_mixin.py:104} INFO - [2024-04-27 22:19:51,948] {dagbag.py:451} INFO - Filling up the DagBag from /home/airflow/.local/lib/python3.6/site-packages/airflow/example_dags/example_trigger_target_dag.py
[2024-04-27 22:19:51,973] {scheduler_job.py:639} INFO - DAG(s) dict_keys(['example_trigger_target_dag']) retrieved from /home/airflow/.local/lib/python3.6/site-packages/airflow/example_dags/example_trigger_target_dag.py
[2024-04-27 22:19:52,019] {logging_mixin.py:104} INFO - [2024-04-27 22:19:52,019] {dag.py:1824} INFO - Sync 1 DAGs
[2024-04-27 22:19:52,045] {logging_mixin.py:104} INFO - [2024-04-27 22:19:52,045] {dag.py:2280} INFO - Setting next_dagrun for example_trigger_target_dag to None
[2024-04-27 22:19:52,064] {scheduler_job.py:190} INFO - Processing /home/airflow/.local/lib/python3.6/site-packages/airflow/example_dags/example_trigger_target_dag.py took 0.129 seconds
[2024-04-27 22:20:23,093] {scheduler_job.py:182} INFO - Started process (PID=233) to work on /home/airflow/.local/lib/python3.6/site-packages/airflow/example_dags/example_trigger_target_dag.py
[2024-04-27 22:20:23,095] {scheduler_job.py:629} INFO - Processing file /home/airflow/.local/lib/python3.6/site-packages/airflow/example_dags/example_trigger_target_dag.py for tasks to queue
[2024-04-27 22:20:23,096] {logging_mixin.py:104} INFO - [2024-04-27 22:20:23,096] {dagbag.py:451} INFO - Filling up the DagBag from /home/airflow/.local/lib/python3.6/site-packages/airflow/example_dags/example_trigger_target_dag.py
[2024-04-27 22:20:23,111] {scheduler_job.py:639} INFO - DAG(s) dict_keys(['example_trigger_target_dag']) retrieved from /home/airflow/.local/lib/python3.6/site-packages/airflow/example_dags/example_trigger_target_dag.py
[2024-04-27 22:20:23,138] {logging_mixin.py:104} INFO - [2024-04-27 22:20:23,138] {dag.py:1824} INFO - Sync 1 DAGs
[2024-04-27 22:20:23,153] {logging_mixin.py:104} INFO - [2024-04-27 22:20:23,153] {dag.py:2280} INFO - Setting next_dagrun for example_trigger_target_dag to None
[2024-04-27 22:20:23,170] {scheduler_job.py:190} INFO - Processing /home/airflow/.local/lib/python3.6/site-packages/airflow/example_dags/example_trigger_target_dag.py took 0.081 seconds
[2024-04-27 22:20:53,990] {scheduler_job.py:182} INFO - Started process (PID=259) to work on /home/airflow/.local/lib/python3.6/site-packages/airflow/example_dags/example_trigger_target_dag.py
[2024-04-27 22:20:53,993] {scheduler_job.py:629} INFO - Processing file /home/airflow/.local/lib/python3.6/site-packages/airflow/example_dags/example_trigger_target_dag.py for tasks to queue
[2024-04-27 22:20:53,995] {logging_mixin.py:104} INFO - [2024-04-27 22:20:53,995] {dagbag.py:451} INFO - Filling up the DagBag from /home/airflow/.local/lib/python3.6/site-packages/airflow/example_dags/example_trigger_target_dag.py
[2024-04-27 22:20:54,020] {scheduler_job.py:639} INFO - DAG(s) dict_keys(['example_trigger_target_dag']) retrieved from /home/airflow/.local/lib/python3.6/site-packages/airflow/example_dags/example_trigger_target_dag.py
[2024-04-27 22:20:54,069] {logging_mixin.py:104} INFO - [2024-04-27 22:20:54,068] {dag.py:1824} INFO - Sync 1 DAGs
[2024-04-27 22:20:54,097] {logging_mixin.py:104} INFO - [2024-04-27 22:20:54,097] {dag.py:2280} INFO - Setting next_dagrun for example_trigger_target_dag to None
[2024-04-27 22:20:54,122] {scheduler_job.py:190} INFO - Processing /home/airflow/.local/lib/python3.6/site-packages/airflow/example_dags/example_trigger_target_dag.py took 0.138 seconds
[2024-04-27 22:21:24,418] {scheduler_job.py:182} INFO - Started process (PID=285) to work on /home/airflow/.local/lib/python3.6/site-packages/airflow/example_dags/example_trigger_target_dag.py
[2024-04-27 22:21:24,421] {scheduler_job.py:629} INFO - Processing file /home/airflow/.local/lib/python3.6/site-packages/airflow/example_dags/example_trigger_target_dag.py for tasks to queue
[2024-04-27 22:21:24,422] {logging_mixin.py:104} INFO - [2024-04-27 22:21:24,422] {dagbag.py:451} INFO - Filling up the DagBag from /home/airflow/.local/lib/python3.6/site-packages/airflow/example_dags/example_trigger_target_dag.py
[2024-04-27 22:21:24,440] {scheduler_job.py:639} INFO - DAG(s) dict_keys(['example_trigger_target_dag']) retrieved from /home/airflow/.local/lib/python3.6/site-packages/airflow/example_dags/example_trigger_target_dag.py
[2024-04-27 22:21:24,471] {logging_mixin.py:104} INFO - [2024-04-27 22:21:24,471] {dag.py:1824} INFO - Sync 1 DAGs
[2024-04-27 22:21:24,492] {logging_mixin.py:104} INFO - [2024-04-27 22:21:24,492] {dag.py:2280} INFO - Setting next_dagrun for example_trigger_target_dag to None
[2024-04-27 22:21:24,510] {scheduler_job.py:190} INFO - Processing /home/airflow/.local/lib/python3.6/site-packages/airflow/example_dags/example_trigger_target_dag.py took 0.096 seconds
[2024-04-27 22:21:54,845] {scheduler_job.py:182} INFO - Started process (PID=311) to work on /home/airflow/.local/lib/python3.6/site-packages/airflow/example_dags/example_trigger_target_dag.py
[2024-04-27 22:21:54,847] {scheduler_job.py:629} INFO - Processing file /home/airflow/.local/lib/python3.6/site-packages/airflow/example_dags/example_trigger_target_dag.py for tasks to queue
[2024-04-27 22:21:54,848] {logging_mixin.py:104} INFO - [2024-04-27 22:21:54,848] {dagbag.py:451} INFO - Filling up the DagBag from /home/airflow/.local/lib/python3.6/site-packages/airflow/example_dags/example_trigger_target_dag.py
[2024-04-27 22:21:54,875] {scheduler_job.py:639} INFO - DAG(s) dict_keys(['example_trigger_target_dag']) retrieved from /home/airflow/.local/lib/python3.6/site-packages/airflow/example_dags/example_trigger_target_dag.py
[2024-04-27 22:21:54,898] {logging_mixin.py:104} INFO - [2024-04-27 22:21:54,898] {dag.py:1824} INFO - Sync 1 DAGs
[2024-04-27 22:21:54,915] {logging_mixin.py:104} INFO - [2024-04-27 22:21:54,915] {dag.py:2280} INFO - Setting next_dagrun for example_trigger_target_dag to None
[2024-04-27 22:21:54,929] {scheduler_job.py:190} INFO - Processing /home/airflow/.local/lib/python3.6/site-packages/airflow/example_dags/example_trigger_target_dag.py took 0.088 seconds
[2024-04-27 22:22:25,081] {scheduler_job.py:182} INFO - Started process (PID=337) to work on /home/airflow/.local/lib/python3.6/site-packages/airflow/example_dags/example_trigger_target_dag.py
[2024-04-27 22:22:25,083] {scheduler_job.py:629} INFO - Processing file /home/airflow/.local/lib/python3.6/site-packages/airflow/example_dags/example_trigger_target_dag.py for tasks to queue
[2024-04-27 22:22:25,085] {logging_mixin.py:104} INFO - [2024-04-27 22:22:25,085] {dagbag.py:451} INFO - Filling up the DagBag from /home/airflow/.local/lib/python3.6/site-packages/airflow/example_dags/example_trigger_target_dag.py
[2024-04-27 22:22:25,113] {scheduler_job.py:639} INFO - DAG(s) dict_keys(['example_trigger_target_dag']) retrieved from /home/airflow/.local/lib/python3.6/site-packages/airflow/example_dags/example_trigger_target_dag.py
[2024-04-27 22:22:25,144] {logging_mixin.py:104} INFO - [2024-04-27 22:22:25,144] {dag.py:1824} INFO - Sync 1 DAGs
[2024-04-27 22:22:25,164] {logging_mixin.py:104} INFO - [2024-04-27 22:22:25,163] {dag.py:2280} INFO - Setting next_dagrun for example_trigger_target_dag to None
[2024-04-27 22:22:25,180] {scheduler_job.py:190} INFO - Processing /home/airflow/.local/lib/python3.6/site-packages/airflow/example_dags/example_trigger_target_dag.py took 0.104 seconds
[2024-04-27 22:22:55,878] {scheduler_job.py:182} INFO - Started process (PID=363) to work on /home/airflow/.local/lib/python3.6/site-packages/airflow/example_dags/example_trigger_target_dag.py
[2024-04-27 22:22:55,880] {scheduler_job.py:629} INFO - Processing file /home/airflow/.local/lib/python3.6/site-packages/airflow/example_dags/example_trigger_target_dag.py for tasks to queue
[2024-04-27 22:22:55,881] {logging_mixin.py:104} INFO - [2024-04-27 22:22:55,881] {dagbag.py:451} INFO - Filling up the DagBag from /home/airflow/.local/lib/python3.6/site-packages/airflow/example_dags/example_trigger_target_dag.py
[2024-04-27 22:22:55,900] {scheduler_job.py:639} INFO - DAG(s) dict_keys(['example_trigger_target_dag']) retrieved from /home/airflow/.local/lib/python3.6/site-packages/airflow/example_dags/example_trigger_target_dag.py
[2024-04-27 22:22:55,924] {logging_mixin.py:104} INFO - [2024-04-27 22:22:55,924] {dag.py:1824} INFO - Sync 1 DAGs
[2024-04-27 22:22:55,941] {logging_mixin.py:104} INFO - [2024-04-27 22:22:55,941] {dag.py:2280} INFO - Setting next_dagrun for example_trigger_target_dag to None
[2024-04-27 22:22:55,957] {scheduler_job.py:190} INFO - Processing /home/airflow/.local/lib/python3.6/site-packages/airflow/example_dags/example_trigger_target_dag.py took 0.083 seconds
[2024-04-27 22:23:26,442] {scheduler_job.py:182} INFO - Started process (PID=389) to work on /home/airflow/.local/lib/python3.6/site-packages/airflow/example_dags/example_trigger_target_dag.py
[2024-04-27 22:23:26,444] {scheduler_job.py:629} INFO - Processing file /home/airflow/.local/lib/python3.6/site-packages/airflow/example_dags/example_trigger_target_dag.py for tasks to queue
[2024-04-27 22:23:26,446] {logging_mixin.py:104} INFO - [2024-04-27 22:23:26,446] {dagbag.py:451} INFO - Filling up the DagBag from /home/airflow/.local/lib/python3.6/site-packages/airflow/example_dags/example_trigger_target_dag.py
[2024-04-27 22:23:26,499] {scheduler_job.py:639} INFO - DAG(s) dict_keys(['example_trigger_target_dag']) retrieved from /home/airflow/.local/lib/python3.6/site-packages/airflow/example_dags/example_trigger_target_dag.py
[2024-04-27 22:23:26,530] {logging_mixin.py:104} INFO - [2024-04-27 22:23:26,530] {dag.py:1824} INFO - Sync 1 DAGs
[2024-04-27 22:23:26,553] {logging_mixin.py:104} INFO - [2024-04-27 22:23:26,552] {dag.py:2280} INFO - Setting next_dagrun for example_trigger_target_dag to None
[2024-04-27 22:23:26,569] {scheduler_job.py:190} INFO - Processing /home/airflow/.local/lib/python3.6/site-packages/airflow/example_dags/example_trigger_target_dag.py took 0.134 seconds
[2024-04-27 22:23:56,643] {scheduler_job.py:182} INFO - Started process (PID=415) to work on /home/airflow/.local/lib/python3.6/site-packages/airflow/example_dags/example_trigger_target_dag.py
[2024-04-27 22:23:56,650] {scheduler_job.py:629} INFO - Processing file /home/airflow/.local/lib/python3.6/site-packages/airflow/example_dags/example_trigger_target_dag.py for tasks to queue
[2024-04-27 22:23:56,652] {logging_mixin.py:104} INFO - [2024-04-27 22:23:56,652] {dagbag.py:451} INFO - Filling up the DagBag from /home/airflow/.local/lib/python3.6/site-packages/airflow/example_dags/example_trigger_target_dag.py
[2024-04-27 22:23:56,665] {scheduler_job.py:639} INFO - DAG(s) dict_keys(['example_trigger_target_dag']) retrieved from /home/airflow/.local/lib/python3.6/site-packages/airflow/example_dags/example_trigger_target_dag.py
[2024-04-27 22:23:56,690] {logging_mixin.py:104} INFO - [2024-04-27 22:23:56,690] {dag.py:1824} INFO - Sync 1 DAGs
[2024-04-27 22:23:56,707] {logging_mixin.py:104} INFO - [2024-04-27 22:23:56,706] {dag.py:2280} INFO - Setting next_dagrun for example_trigger_target_dag to None
[2024-04-27 22:23:56,721] {scheduler_job.py:190} INFO - Processing /home/airflow/.local/lib/python3.6/site-packages/airflow/example_dags/example_trigger_target_dag.py took 0.083 seconds
[2024-04-27 22:24:26,913] {scheduler_job.py:182} INFO - Started process (PID=441) to work on /home/airflow/.local/lib/python3.6/site-packages/airflow/example_dags/example_trigger_target_dag.py
[2024-04-27 22:24:26,915] {scheduler_job.py:629} INFO - Processing file /home/airflow/.local/lib/python3.6/site-packages/airflow/example_dags/example_trigger_target_dag.py for tasks to queue
[2024-04-27 22:24:26,917] {logging_mixin.py:104} INFO - [2024-04-27 22:24:26,916] {dagbag.py:451} INFO - Filling up the DagBag from /home/airflow/.local/lib/python3.6/site-packages/airflow/example_dags/example_trigger_target_dag.py
[2024-04-27 22:24:26,934] {scheduler_job.py:639} INFO - DAG(s) dict_keys(['example_trigger_target_dag']) retrieved from /home/airflow/.local/lib/python3.6/site-packages/airflow/example_dags/example_trigger_target_dag.py
[2024-04-27 22:24:26,964] {logging_mixin.py:104} INFO - [2024-04-27 22:24:26,964] {dag.py:1824} INFO - Sync 1 DAGs
[2024-04-27 22:24:26,985] {logging_mixin.py:104} INFO - [2024-04-27 22:24:26,985] {dag.py:2280} INFO - Setting next_dagrun for example_trigger_target_dag to None
[2024-04-27 22:24:27,004] {scheduler_job.py:190} INFO - Processing /home/airflow/.local/lib/python3.6/site-packages/airflow/example_dags/example_trigger_target_dag.py took 0.097 seconds
[2024-04-27 22:24:57,109] {scheduler_job.py:182} INFO - Started process (PID=467) to work on /home/airflow/.local/lib/python3.6/site-packages/airflow/example_dags/example_trigger_target_dag.py
[2024-04-27 22:24:57,111] {scheduler_job.py:629} INFO - Processing file /home/airflow/.local/lib/python3.6/site-packages/airflow/example_dags/example_trigger_target_dag.py for tasks to queue
[2024-04-27 22:24:57,113] {logging_mixin.py:104} INFO - [2024-04-27 22:24:57,113] {dagbag.py:451} INFO - Filling up the DagBag from /home/airflow/.local/lib/python3.6/site-packages/airflow/example_dags/example_trigger_target_dag.py
[2024-04-27 22:24:57,136] {scheduler_job.py:639} INFO - DAG(s) dict_keys(['example_trigger_target_dag']) retrieved from /home/airflow/.local/lib/python3.6/site-packages/airflow/example_dags/example_trigger_target_dag.py
[2024-04-27 22:24:57,173] {logging_mixin.py:104} INFO - [2024-04-27 22:24:57,172] {dag.py:1824} INFO - Sync 1 DAGs
[2024-04-27 22:24:57,201] {logging_mixin.py:104} INFO - [2024-04-27 22:24:57,201] {dag.py:2280} INFO - Setting next_dagrun for example_trigger_target_dag to None
[2024-04-27 22:24:57,224] {scheduler_job.py:190} INFO - Processing /home/airflow/.local/lib/python3.6/site-packages/airflow/example_dags/example_trigger_target_dag.py took 0.121 seconds
[2024-04-27 22:25:27,408] {scheduler_job.py:182} INFO - Started process (PID=493) to work on /home/airflow/.local/lib/python3.6/site-packages/airflow/example_dags/example_trigger_target_dag.py
[2024-04-27 22:25:27,411] {scheduler_job.py:629} INFO - Processing file /home/airflow/.local/lib/python3.6/site-packages/airflow/example_dags/example_trigger_target_dag.py for tasks to queue
[2024-04-27 22:25:27,413] {logging_mixin.py:104} INFO - [2024-04-27 22:25:27,412] {dagbag.py:451} INFO - Filling up the DagBag from /home/airflow/.local/lib/python3.6/site-packages/airflow/example_dags/example_trigger_target_dag.py
[2024-04-27 22:25:27,438] {scheduler_job.py:639} INFO - DAG(s) dict_keys(['example_trigger_target_dag']) retrieved from /home/airflow/.local/lib/python3.6/site-packages/airflow/example_dags/example_trigger_target_dag.py
[2024-04-27 22:25:27,472] {logging_mixin.py:104} INFO - [2024-04-27 22:25:27,472] {dag.py:1824} INFO - Sync 1 DAGs
[2024-04-27 22:25:27,499] {logging_mixin.py:104} INFO - [2024-04-27 22:25:27,498] {dag.py:2280} INFO - Setting next_dagrun for example_trigger_target_dag to None
[2024-04-27 22:25:27,517] {scheduler_job.py:190} INFO - Processing /home/airflow/.local/lib/python3.6/site-packages/airflow/example_dags/example_trigger_target_dag.py took 0.116 seconds
[2024-04-27 22:25:58,146] {scheduler_job.py:182} INFO - Started process (PID=516) to work on /home/airflow/.local/lib/python3.6/site-packages/airflow/example_dags/example_trigger_target_dag.py
[2024-04-27 22:25:58,148] {scheduler_job.py:629} INFO - Processing file /home/airflow/.local/lib/python3.6/site-packages/airflow/example_dags/example_trigger_target_dag.py for tasks to queue
[2024-04-27 22:25:58,151] {logging_mixin.py:104} INFO - [2024-04-27 22:25:58,150] {dagbag.py:451} INFO - Filling up the DagBag from /home/airflow/.local/lib/python3.6/site-packages/airflow/example_dags/example_trigger_target_dag.py
[2024-04-27 22:25:58,169] {scheduler_job.py:639} INFO - DAG(s) dict_keys(['example_trigger_target_dag']) retrieved from /home/airflow/.local/lib/python3.6/site-packages/airflow/example_dags/example_trigger_target_dag.py
[2024-04-27 22:25:58,199] {logging_mixin.py:104} INFO - [2024-04-27 22:25:58,199] {dag.py:1824} INFO - Sync 1 DAGs
[2024-04-27 22:25:58,221] {logging_mixin.py:104} INFO - [2024-04-27 22:25:58,221] {dag.py:2280} INFO - Setting next_dagrun for example_trigger_target_dag to None
[2024-04-27 22:25:58,243] {scheduler_job.py:190} INFO - Processing /home/airflow/.local/lib/python3.6/site-packages/airflow/example_dags/example_trigger_target_dag.py took 0.103 seconds
[2024-04-27 22:26:28,468] {scheduler_job.py:182} INFO - Started process (PID=542) to work on /home/airflow/.local/lib/python3.6/site-packages/airflow/example_dags/example_trigger_target_dag.py
[2024-04-27 22:26:28,470] {scheduler_job.py:629} INFO - Processing file /home/airflow/.local/lib/python3.6/site-packages/airflow/example_dags/example_trigger_target_dag.py for tasks to queue
[2024-04-27 22:26:28,471] {logging_mixin.py:104} INFO - [2024-04-27 22:26:28,471] {dagbag.py:451} INFO - Filling up the DagBag from /home/airflow/.local/lib/python3.6/site-packages/airflow/example_dags/example_trigger_target_dag.py
[2024-04-27 22:26:28,488] {scheduler_job.py:639} INFO - DAG(s) dict_keys(['example_trigger_target_dag']) retrieved from /home/airflow/.local/lib/python3.6/site-packages/airflow/example_dags/example_trigger_target_dag.py
[2024-04-27 22:26:28,514] {logging_mixin.py:104} INFO - [2024-04-27 22:26:28,514] {dag.py:1824} INFO - Sync 1 DAGs
[2024-04-27 22:26:28,532] {logging_mixin.py:104} INFO - [2024-04-27 22:26:28,532] {dag.py:2280} INFO - Setting next_dagrun for example_trigger_target_dag to None
[2024-04-27 22:26:28,547] {scheduler_job.py:190} INFO - Processing /home/airflow/.local/lib/python3.6/site-packages/airflow/example_dags/example_trigger_target_dag.py took 0.084 seconds
[2024-04-27 22:26:59,047] {scheduler_job.py:182} INFO - Started process (PID=568) to work on /home/airflow/.local/lib/python3.6/site-packages/airflow/example_dags/example_trigger_target_dag.py
[2024-04-27 22:26:59,049] {scheduler_job.py:629} INFO - Processing file /home/airflow/.local/lib/python3.6/site-packages/airflow/example_dags/example_trigger_target_dag.py for tasks to queue
[2024-04-27 22:26:59,051] {logging_mixin.py:104} INFO - [2024-04-27 22:26:59,051] {dagbag.py:451} INFO - Filling up the DagBag from /home/airflow/.local/lib/python3.6/site-packages/airflow/example_dags/example_trigger_target_dag.py
[2024-04-27 22:26:59,072] {scheduler_job.py:639} INFO - DAG(s) dict_keys(['example_trigger_target_dag']) retrieved from /home/airflow/.local/lib/python3.6/site-packages/airflow/example_dags/example_trigger_target_dag.py
[2024-04-27 22:26:59,106] {logging_mixin.py:104} INFO - [2024-04-27 22:26:59,105] {dag.py:1824} INFO - Sync 1 DAGs
[2024-04-27 22:26:59,129] {logging_mixin.py:104} INFO - [2024-04-27 22:26:59,128] {dag.py:2280} INFO - Setting next_dagrun for example_trigger_target_dag to None
[2024-04-27 22:26:59,149] {scheduler_job.py:190} INFO - Processing /home/airflow/.local/lib/python3.6/site-packages/airflow/example_dags/example_trigger_target_dag.py took 0.108 seconds
[2024-04-27 22:27:29,980] {scheduler_job.py:182} INFO - Started process (PID=594) to work on /home/airflow/.local/lib/python3.6/site-packages/airflow/example_dags/example_trigger_target_dag.py
[2024-04-27 22:27:29,983] {scheduler_job.py:629} INFO - Processing file /home/airflow/.local/lib/python3.6/site-packages/airflow/example_dags/example_trigger_target_dag.py for tasks to queue
[2024-04-27 22:27:29,984] {logging_mixin.py:104} INFO - [2024-04-27 22:27:29,984] {dagbag.py:451} INFO - Filling up the DagBag from /home/airflow/.local/lib/python3.6/site-packages/airflow/example_dags/example_trigger_target_dag.py
[2024-04-27 22:27:30,002] {scheduler_job.py:639} INFO - DAG(s) dict_keys(['example_trigger_target_dag']) retrieved from /home/airflow/.local/lib/python3.6/site-packages/airflow/example_dags/example_trigger_target_dag.py
[2024-04-27 22:27:30,031] {logging_mixin.py:104} INFO - [2024-04-27 22:27:30,031] {dag.py:1824} INFO - Sync 1 DAGs
[2024-04-27 22:27:30,051] {logging_mixin.py:104} INFO - [2024-04-27 22:27:30,051] {dag.py:2280} INFO - Setting next_dagrun for example_trigger_target_dag to None
[2024-04-27 22:27:30,066] {scheduler_job.py:190} INFO - Processing /home/airflow/.local/lib/python3.6/site-packages/airflow/example_dags/example_trigger_target_dag.py took 0.092 seconds
[2024-04-27 22:28:00,904] {scheduler_job.py:182} INFO - Started process (PID=620) to work on /home/airflow/.local/lib/python3.6/site-packages/airflow/example_dags/example_trigger_target_dag.py
[2024-04-27 22:28:00,906] {scheduler_job.py:629} INFO - Processing file /home/airflow/.local/lib/python3.6/site-packages/airflow/example_dags/example_trigger_target_dag.py for tasks to queue
[2024-04-27 22:28:00,908] {logging_mixin.py:104} INFO - [2024-04-27 22:28:00,908] {dagbag.py:451} INFO - Filling up the DagBag from /home/airflow/.local/lib/python3.6/site-packages/airflow/example_dags/example_trigger_target_dag.py
[2024-04-27 22:28:00,927] {scheduler_job.py:639} INFO - DAG(s) dict_keys(['example_trigger_target_dag']) retrieved from /home/airflow/.local/lib/python3.6/site-packages/airflow/example_dags/example_trigger_target_dag.py
[2024-04-27 22:28:00,956] {logging_mixin.py:104} INFO - [2024-04-27 22:28:00,956] {dag.py:1824} INFO - Sync 1 DAGs
[2024-04-27 22:28:00,976] {logging_mixin.py:104} INFO - [2024-04-27 22:28:00,976] {dag.py:2280} INFO - Setting next_dagrun for example_trigger_target_dag to None
[2024-04-27 22:28:00,991] {scheduler_job.py:190} INFO - Processing /home/airflow/.local/lib/python3.6/site-packages/airflow/example_dags/example_trigger_target_dag.py took 0.093 seconds
[2024-04-27 22:28:31,222] {scheduler_job.py:182} INFO - Started process (PID=646) to work on /home/airflow/.local/lib/python3.6/site-packages/airflow/example_dags/example_trigger_target_dag.py
[2024-04-27 22:28:31,224] {scheduler_job.py:629} INFO - Processing file /home/airflow/.local/lib/python3.6/site-packages/airflow/example_dags/example_trigger_target_dag.py for tasks to queue
[2024-04-27 22:28:31,226] {logging_mixin.py:104} INFO - [2024-04-27 22:28:31,226] {dagbag.py:451} INFO - Filling up the DagBag from /home/airflow/.local/lib/python3.6/site-packages/airflow/example_dags/example_trigger_target_dag.py
[2024-04-27 22:28:31,245] {scheduler_job.py:639} INFO - DAG(s) dict_keys(['example_trigger_target_dag']) retrieved from /home/airflow/.local/lib/python3.6/site-packages/airflow/example_dags/example_trigger_target_dag.py
[2024-04-27 22:28:31,273] {logging_mixin.py:104} INFO - [2024-04-27 22:28:31,272] {dag.py:1824} INFO - Sync 1 DAGs
[2024-04-27 22:28:31,294] {logging_mixin.py:104} INFO - [2024-04-27 22:28:31,294] {dag.py:2280} INFO - Setting next_dagrun for example_trigger_target_dag to None
[2024-04-27 22:28:31,309] {scheduler_job.py:190} INFO - Processing /home/airflow/.local/lib/python3.6/site-packages/airflow/example_dags/example_trigger_target_dag.py took 0.092 seconds
