[2024-04-27 22:16:47,176] {scheduler_job.py:182} INFO - Started process (PID=48) to work on /home/airflow/.local/lib/python3.6/site-packages/airflow/example_dags/example_bash_operator.py
[2024-04-27 22:16:47,188] {scheduler_job.py:629} INFO - Processing file /home/airflow/.local/lib/python3.6/site-packages/airflow/example_dags/example_bash_operator.py for tasks to queue
[2024-04-27 22:16:47,195] {logging_mixin.py:104} INFO - [2024-04-27 22:16:47,194] {dagbag.py:451} INFO - Filling up the DagBag from /home/airflow/.local/lib/python3.6/site-packages/airflow/example_dags/example_bash_operator.py
[2024-04-27 22:16:47,417] {scheduler_job.py:639} INFO - DAG(s) dict_keys(['example_bash_operator']) retrieved from /home/airflow/.local/lib/python3.6/site-packages/airflow/example_dags/example_bash_operator.py
[2024-04-27 22:16:47,553] {logging_mixin.py:104} INFO - [2024-04-27 22:16:47,549] {dag.py:1824} INFO - Sync 1 DAGs
[2024-04-27 22:16:47,605] {logging_mixin.py:104} INFO - [2024-04-27 22:16:47,604] {dag.py:1843} INFO - Creating ORM DAG for example_bash_operator
[2024-04-27 22:16:47,637] {logging_mixin.py:104} INFO - [2024-04-27 22:16:47,637] {dag.py:2280} INFO - Setting next_dagrun for example_bash_operator to 2024-04-25 00:00:00+00:00
[2024-04-27 22:16:47,673] {scheduler_job.py:190} INFO - Processing /home/airflow/.local/lib/python3.6/site-packages/airflow/example_dags/example_bash_operator.py took 0.512 seconds
[2024-04-27 22:17:18,444] {scheduler_job.py:182} INFO - Started process (PID=74) to work on /home/airflow/.local/lib/python3.6/site-packages/airflow/example_dags/example_bash_operator.py
[2024-04-27 22:17:18,466] {scheduler_job.py:629} INFO - Processing file /home/airflow/.local/lib/python3.6/site-packages/airflow/example_dags/example_bash_operator.py for tasks to queue
[2024-04-27 22:17:18,471] {logging_mixin.py:104} INFO - [2024-04-27 22:17:18,470] {dagbag.py:451} INFO - Filling up the DagBag from /home/airflow/.local/lib/python3.6/site-packages/airflow/example_dags/example_bash_operator.py
[2024-04-27 22:17:18,585] {scheduler_job.py:639} INFO - DAG(s) dict_keys(['example_bash_operator']) retrieved from /home/airflow/.local/lib/python3.6/site-packages/airflow/example_dags/example_bash_operator.py
[2024-04-27 22:17:18,764] {logging_mixin.py:104} INFO - [2024-04-27 22:17:18,763] {dag.py:1824} INFO - Sync 1 DAGs
[2024-04-27 22:17:18,946] {logging_mixin.py:104} INFO - [2024-04-27 22:17:18,946] {dag.py:2280} INFO - Setting next_dagrun for example_bash_operator to 2024-04-25 00:00:00+00:00
[2024-04-27 22:17:19,022] {scheduler_job.py:190} INFO - Processing /home/airflow/.local/lib/python3.6/site-packages/airflow/example_dags/example_bash_operator.py took 0.607 seconds
[2024-04-27 22:17:49,635] {scheduler_job.py:182} INFO - Started process (PID=100) to work on /home/airflow/.local/lib/python3.6/site-packages/airflow/example_dags/example_bash_operator.py
[2024-04-27 22:17:49,638] {scheduler_job.py:629} INFO - Processing file /home/airflow/.local/lib/python3.6/site-packages/airflow/example_dags/example_bash_operator.py for tasks to queue
[2024-04-27 22:17:49,640] {logging_mixin.py:104} INFO - [2024-04-27 22:17:49,640] {dagbag.py:451} INFO - Filling up the DagBag from /home/airflow/.local/lib/python3.6/site-packages/airflow/example_dags/example_bash_operator.py
[2024-04-27 22:17:49,677] {scheduler_job.py:639} INFO - DAG(s) dict_keys(['example_bash_operator']) retrieved from /home/airflow/.local/lib/python3.6/site-packages/airflow/example_dags/example_bash_operator.py
[2024-04-27 22:17:49,720] {logging_mixin.py:104} INFO - [2024-04-27 22:17:49,719] {dag.py:1824} INFO - Sync 1 DAGs
[2024-04-27 22:17:49,785] {logging_mixin.py:104} INFO - [2024-04-27 22:17:49,784] {dag.py:2280} INFO - Setting next_dagrun for example_bash_operator to 2024-04-25 00:00:00+00:00
[2024-04-27 22:17:49,815] {scheduler_job.py:190} INFO - Processing /home/airflow/.local/lib/python3.6/site-packages/airflow/example_dags/example_bash_operator.py took 0.185 seconds
[2024-04-27 22:18:20,325] {scheduler_job.py:182} INFO - Started process (PID=126) to work on /home/airflow/.local/lib/python3.6/site-packages/airflow/example_dags/example_bash_operator.py
[2024-04-27 22:18:20,329] {scheduler_job.py:629} INFO - Processing file /home/airflow/.local/lib/python3.6/site-packages/airflow/example_dags/example_bash_operator.py for tasks to queue
[2024-04-27 22:18:20,331] {logging_mixin.py:104} INFO - [2024-04-27 22:18:20,330] {dagbag.py:451} INFO - Filling up the DagBag from /home/airflow/.local/lib/python3.6/site-packages/airflow/example_dags/example_bash_operator.py
[2024-04-27 22:18:20,365] {scheduler_job.py:639} INFO - DAG(s) dict_keys(['example_bash_operator']) retrieved from /home/airflow/.local/lib/python3.6/site-packages/airflow/example_dags/example_bash_operator.py
[2024-04-27 22:18:20,410] {logging_mixin.py:104} INFO - [2024-04-27 22:18:20,410] {dag.py:1824} INFO - Sync 1 DAGs
[2024-04-27 22:18:20,476] {logging_mixin.py:104} INFO - [2024-04-27 22:18:20,476] {dag.py:2280} INFO - Setting next_dagrun for example_bash_operator to 2024-04-25 00:00:00+00:00
[2024-04-27 22:18:20,505] {scheduler_job.py:190} INFO - Processing /home/airflow/.local/lib/python3.6/site-packages/airflow/example_dags/example_bash_operator.py took 0.186 seconds
[2024-04-27 22:18:50,675] {scheduler_job.py:182} INFO - Started process (PID=152) to work on /home/airflow/.local/lib/python3.6/site-packages/airflow/example_dags/example_bash_operator.py
[2024-04-27 22:18:50,678] {scheduler_job.py:629} INFO - Processing file /home/airflow/.local/lib/python3.6/site-packages/airflow/example_dags/example_bash_operator.py for tasks to queue
[2024-04-27 22:18:50,680] {logging_mixin.py:104} INFO - [2024-04-27 22:18:50,680] {dagbag.py:451} INFO - Filling up the DagBag from /home/airflow/.local/lib/python3.6/site-packages/airflow/example_dags/example_bash_operator.py
[2024-04-27 22:18:50,701] {scheduler_job.py:639} INFO - DAG(s) dict_keys(['example_bash_operator']) retrieved from /home/airflow/.local/lib/python3.6/site-packages/airflow/example_dags/example_bash_operator.py
[2024-04-27 22:18:50,736] {logging_mixin.py:104} INFO - [2024-04-27 22:18:50,736] {dag.py:1824} INFO - Sync 1 DAGs
[2024-04-27 22:18:50,778] {logging_mixin.py:104} INFO - [2024-04-27 22:18:50,778] {dag.py:2280} INFO - Setting next_dagrun for example_bash_operator to 2024-04-25 00:00:00+00:00
[2024-04-27 22:18:50,799] {scheduler_job.py:190} INFO - Processing /home/airflow/.local/lib/python3.6/site-packages/airflow/example_dags/example_bash_operator.py took 0.130 seconds
[2024-04-27 22:19:20,971] {scheduler_job.py:182} INFO - Started process (PID=178) to work on /home/airflow/.local/lib/python3.6/site-packages/airflow/example_dags/example_bash_operator.py
[2024-04-27 22:19:20,974] {scheduler_job.py:629} INFO - Processing file /home/airflow/.local/lib/python3.6/site-packages/airflow/example_dags/example_bash_operator.py for tasks to queue
[2024-04-27 22:19:20,976] {logging_mixin.py:104} INFO - [2024-04-27 22:19:20,976] {dagbag.py:451} INFO - Filling up the DagBag from /home/airflow/.local/lib/python3.6/site-packages/airflow/example_dags/example_bash_operator.py
[2024-04-27 22:19:21,000] {scheduler_job.py:639} INFO - DAG(s) dict_keys(['example_bash_operator']) retrieved from /home/airflow/.local/lib/python3.6/site-packages/airflow/example_dags/example_bash_operator.py
[2024-04-27 22:19:21,039] {logging_mixin.py:104} INFO - [2024-04-27 22:19:21,039] {dag.py:1824} INFO - Sync 1 DAGs
[2024-04-27 22:19:21,077] {logging_mixin.py:104} INFO - [2024-04-27 22:19:21,077] {dag.py:2280} INFO - Setting next_dagrun for example_bash_operator to 2024-04-25 00:00:00+00:00
[2024-04-27 22:19:21,096] {scheduler_job.py:190} INFO - Processing /home/airflow/.local/lib/python3.6/site-packages/airflow/example_dags/example_bash_operator.py took 0.132 seconds
[2024-04-27 22:19:51,740] {scheduler_job.py:182} INFO - Started process (PID=204) to work on /home/airflow/.local/lib/python3.6/site-packages/airflow/example_dags/example_bash_operator.py
[2024-04-27 22:19:51,743] {scheduler_job.py:629} INFO - Processing file /home/airflow/.local/lib/python3.6/site-packages/airflow/example_dags/example_bash_operator.py for tasks to queue
[2024-04-27 22:19:51,747] {logging_mixin.py:104} INFO - [2024-04-27 22:19:51,746] {dagbag.py:451} INFO - Filling up the DagBag from /home/airflow/.local/lib/python3.6/site-packages/airflow/example_dags/example_bash_operator.py
[2024-04-27 22:19:51,776] {scheduler_job.py:639} INFO - DAG(s) dict_keys(['example_bash_operator']) retrieved from /home/airflow/.local/lib/python3.6/site-packages/airflow/example_dags/example_bash_operator.py
[2024-04-27 22:19:51,829] {logging_mixin.py:104} INFO - [2024-04-27 22:19:51,829] {dag.py:1824} INFO - Sync 1 DAGs
[2024-04-27 22:19:51,879] {logging_mixin.py:104} INFO - [2024-04-27 22:19:51,879] {dag.py:2280} INFO - Setting next_dagrun for example_bash_operator to 2024-04-25 00:00:00+00:00
[2024-04-27 22:19:51,906] {scheduler_job.py:190} INFO - Processing /home/airflow/.local/lib/python3.6/site-packages/airflow/example_dags/example_bash_operator.py took 0.173 seconds
[2024-04-27 22:20:21,973] {scheduler_job.py:182} INFO - Started process (PID=230) to work on /home/airflow/.local/lib/python3.6/site-packages/airflow/example_dags/example_bash_operator.py
[2024-04-27 22:20:21,975] {scheduler_job.py:629} INFO - Processing file /home/airflow/.local/lib/python3.6/site-packages/airflow/example_dags/example_bash_operator.py for tasks to queue
[2024-04-27 22:20:21,977] {logging_mixin.py:104} INFO - [2024-04-27 22:20:21,977] {dagbag.py:451} INFO - Filling up the DagBag from /home/airflow/.local/lib/python3.6/site-packages/airflow/example_dags/example_bash_operator.py
[2024-04-27 22:20:21,997] {scheduler_job.py:639} INFO - DAG(s) dict_keys(['example_bash_operator']) retrieved from /home/airflow/.local/lib/python3.6/site-packages/airflow/example_dags/example_bash_operator.py
[2024-04-27 22:20:22,030] {logging_mixin.py:104} INFO - [2024-04-27 22:20:22,030] {dag.py:1824} INFO - Sync 1 DAGs
[2024-04-27 22:20:22,056] {logging_mixin.py:104} INFO - [2024-04-27 22:20:22,056] {dag.py:2280} INFO - Setting next_dagrun for example_bash_operator to 2024-04-25 00:00:00+00:00
[2024-04-27 22:20:22,071] {scheduler_job.py:190} INFO - Processing /home/airflow/.local/lib/python3.6/site-packages/airflow/example_dags/example_bash_operator.py took 0.102 seconds
[2024-04-27 22:20:52,824] {scheduler_job.py:182} INFO - Started process (PID=256) to work on /home/airflow/.local/lib/python3.6/site-packages/airflow/example_dags/example_bash_operator.py
[2024-04-27 22:20:52,826] {scheduler_job.py:629} INFO - Processing file /home/airflow/.local/lib/python3.6/site-packages/airflow/example_dags/example_bash_operator.py for tasks to queue
[2024-04-27 22:20:52,828] {logging_mixin.py:104} INFO - [2024-04-27 22:20:52,827] {dagbag.py:451} INFO - Filling up the DagBag from /home/airflow/.local/lib/python3.6/site-packages/airflow/example_dags/example_bash_operator.py
[2024-04-27 22:20:52,849] {scheduler_job.py:639} INFO - DAG(s) dict_keys(['example_bash_operator']) retrieved from /home/airflow/.local/lib/python3.6/site-packages/airflow/example_dags/example_bash_operator.py
[2024-04-27 22:20:52,886] {logging_mixin.py:104} INFO - [2024-04-27 22:20:52,886] {dag.py:1824} INFO - Sync 1 DAGs
[2024-04-27 22:20:52,918] {logging_mixin.py:104} INFO - [2024-04-27 22:20:52,918] {dag.py:2280} INFO - Setting next_dagrun for example_bash_operator to 2024-04-25 00:00:00+00:00
[2024-04-27 22:20:52,941] {scheduler_job.py:190} INFO - Processing /home/airflow/.local/lib/python3.6/site-packages/airflow/example_dags/example_bash_operator.py took 0.122 seconds
[2024-04-27 22:21:23,268] {scheduler_job.py:182} INFO - Started process (PID=282) to work on /home/airflow/.local/lib/python3.6/site-packages/airflow/example_dags/example_bash_operator.py
[2024-04-27 22:21:23,271] {scheduler_job.py:629} INFO - Processing file /home/airflow/.local/lib/python3.6/site-packages/airflow/example_dags/example_bash_operator.py for tasks to queue
[2024-04-27 22:21:23,273] {logging_mixin.py:104} INFO - [2024-04-27 22:21:23,273] {dagbag.py:451} INFO - Filling up the DagBag from /home/airflow/.local/lib/python3.6/site-packages/airflow/example_dags/example_bash_operator.py
[2024-04-27 22:21:23,296] {scheduler_job.py:639} INFO - DAG(s) dict_keys(['example_bash_operator']) retrieved from /home/airflow/.local/lib/python3.6/site-packages/airflow/example_dags/example_bash_operator.py
[2024-04-27 22:21:23,332] {logging_mixin.py:104} INFO - [2024-04-27 22:21:23,332] {dag.py:1824} INFO - Sync 1 DAGs
[2024-04-27 22:21:23,364] {logging_mixin.py:104} INFO - [2024-04-27 22:21:23,364] {dag.py:2280} INFO - Setting next_dagrun for example_bash_operator to 2024-04-25 00:00:00+00:00
[2024-04-27 22:21:23,382] {scheduler_job.py:190} INFO - Processing /home/airflow/.local/lib/python3.6/site-packages/airflow/example_dags/example_bash_operator.py took 0.118 seconds
[2024-04-27 22:21:53,672] {scheduler_job.py:182} INFO - Started process (PID=308) to work on /home/airflow/.local/lib/python3.6/site-packages/airflow/example_dags/example_bash_operator.py
[2024-04-27 22:21:53,675] {scheduler_job.py:629} INFO - Processing file /home/airflow/.local/lib/python3.6/site-packages/airflow/example_dags/example_bash_operator.py for tasks to queue
[2024-04-27 22:21:53,678] {logging_mixin.py:104} INFO - [2024-04-27 22:21:53,678] {dagbag.py:451} INFO - Filling up the DagBag from /home/airflow/.local/lib/python3.6/site-packages/airflow/example_dags/example_bash_operator.py
[2024-04-27 22:21:53,711] {scheduler_job.py:639} INFO - DAG(s) dict_keys(['example_bash_operator']) retrieved from /home/airflow/.local/lib/python3.6/site-packages/airflow/example_dags/example_bash_operator.py
[2024-04-27 22:21:53,748] {logging_mixin.py:104} INFO - [2024-04-27 22:21:53,748] {dag.py:1824} INFO - Sync 1 DAGs
[2024-04-27 22:21:53,794] {logging_mixin.py:104} INFO - [2024-04-27 22:21:53,794] {dag.py:2280} INFO - Setting next_dagrun for example_bash_operator to 2024-04-25 00:00:00+00:00
[2024-04-27 22:21:53,812] {scheduler_job.py:190} INFO - Processing /home/airflow/.local/lib/python3.6/site-packages/airflow/example_dags/example_bash_operator.py took 0.146 seconds
[2024-04-27 22:22:23,942] {scheduler_job.py:182} INFO - Started process (PID=334) to work on /home/airflow/.local/lib/python3.6/site-packages/airflow/example_dags/example_bash_operator.py
[2024-04-27 22:22:23,944] {scheduler_job.py:629} INFO - Processing file /home/airflow/.local/lib/python3.6/site-packages/airflow/example_dags/example_bash_operator.py for tasks to queue
[2024-04-27 22:22:23,945] {logging_mixin.py:104} INFO - [2024-04-27 22:22:23,945] {dagbag.py:451} INFO - Filling up the DagBag from /home/airflow/.local/lib/python3.6/site-packages/airflow/example_dags/example_bash_operator.py
[2024-04-27 22:22:23,974] {scheduler_job.py:639} INFO - DAG(s) dict_keys(['example_bash_operator']) retrieved from /home/airflow/.local/lib/python3.6/site-packages/airflow/example_dags/example_bash_operator.py
[2024-04-27 22:22:23,998] {logging_mixin.py:104} INFO - [2024-04-27 22:22:23,997] {dag.py:1824} INFO - Sync 1 DAGs
[2024-04-27 22:22:24,020] {logging_mixin.py:104} INFO - [2024-04-27 22:22:24,020] {dag.py:2280} INFO - Setting next_dagrun for example_bash_operator to 2024-04-25 00:00:00+00:00
[2024-04-27 22:22:24,035] {scheduler_job.py:190} INFO - Processing /home/airflow/.local/lib/python3.6/site-packages/airflow/example_dags/example_bash_operator.py took 0.097 seconds
[2024-04-27 22:22:54,744] {scheduler_job.py:182} INFO - Started process (PID=360) to work on /home/airflow/.local/lib/python3.6/site-packages/airflow/example_dags/example_bash_operator.py
[2024-04-27 22:22:54,747] {scheduler_job.py:629} INFO - Processing file /home/airflow/.local/lib/python3.6/site-packages/airflow/example_dags/example_bash_operator.py for tasks to queue
[2024-04-27 22:22:54,749] {logging_mixin.py:104} INFO - [2024-04-27 22:22:54,749] {dagbag.py:451} INFO - Filling up the DagBag from /home/airflow/.local/lib/python3.6/site-packages/airflow/example_dags/example_bash_operator.py
[2024-04-27 22:22:54,777] {scheduler_job.py:639} INFO - DAG(s) dict_keys(['example_bash_operator']) retrieved from /home/airflow/.local/lib/python3.6/site-packages/airflow/example_dags/example_bash_operator.py
[2024-04-27 22:22:54,803] {logging_mixin.py:104} INFO - [2024-04-27 22:22:54,803] {dag.py:1824} INFO - Sync 1 DAGs
[2024-04-27 22:22:54,831] {logging_mixin.py:104} INFO - [2024-04-27 22:22:54,831] {dag.py:2280} INFO - Setting next_dagrun for example_bash_operator to 2024-04-25 00:00:00+00:00
[2024-04-27 22:22:54,849] {scheduler_job.py:190} INFO - Processing /home/airflow/.local/lib/python3.6/site-packages/airflow/example_dags/example_bash_operator.py took 0.110 seconds
[2024-04-27 22:23:25,266] {scheduler_job.py:182} INFO - Started process (PID=386) to work on /home/airflow/.local/lib/python3.6/site-packages/airflow/example_dags/example_bash_operator.py
[2024-04-27 22:23:25,268] {scheduler_job.py:629} INFO - Processing file /home/airflow/.local/lib/python3.6/site-packages/airflow/example_dags/example_bash_operator.py for tasks to queue
[2024-04-27 22:23:25,270] {logging_mixin.py:104} INFO - [2024-04-27 22:23:25,270] {dagbag.py:451} INFO - Filling up the DagBag from /home/airflow/.local/lib/python3.6/site-packages/airflow/example_dags/example_bash_operator.py
[2024-04-27 22:23:25,294] {scheduler_job.py:639} INFO - DAG(s) dict_keys(['example_bash_operator']) retrieved from /home/airflow/.local/lib/python3.6/site-packages/airflow/example_dags/example_bash_operator.py
[2024-04-27 22:23:25,323] {logging_mixin.py:104} INFO - [2024-04-27 22:23:25,322] {dag.py:1824} INFO - Sync 1 DAGs
[2024-04-27 22:23:25,349] {logging_mixin.py:104} INFO - [2024-04-27 22:23:25,349] {dag.py:2280} INFO - Setting next_dagrun for example_bash_operator to 2024-04-25 00:00:00+00:00
[2024-04-27 22:23:25,366] {scheduler_job.py:190} INFO - Processing /home/airflow/.local/lib/python3.6/site-packages/airflow/example_dags/example_bash_operator.py took 0.104 seconds
[2024-04-27 22:23:55,483] {scheduler_job.py:182} INFO - Started process (PID=412) to work on /home/airflow/.local/lib/python3.6/site-packages/airflow/example_dags/example_bash_operator.py
[2024-04-27 22:23:55,492] {scheduler_job.py:629} INFO - Processing file /home/airflow/.local/lib/python3.6/site-packages/airflow/example_dags/example_bash_operator.py for tasks to queue
[2024-04-27 22:23:55,494] {logging_mixin.py:104} INFO - [2024-04-27 22:23:55,494] {dagbag.py:451} INFO - Filling up the DagBag from /home/airflow/.local/lib/python3.6/site-packages/airflow/example_dags/example_bash_operator.py
[2024-04-27 22:23:55,518] {scheduler_job.py:639} INFO - DAG(s) dict_keys(['example_bash_operator']) retrieved from /home/airflow/.local/lib/python3.6/site-packages/airflow/example_dags/example_bash_operator.py
[2024-04-27 22:23:55,549] {logging_mixin.py:104} INFO - [2024-04-27 22:23:55,549] {dag.py:1824} INFO - Sync 1 DAGs
[2024-04-27 22:23:55,585] {logging_mixin.py:104} INFO - [2024-04-27 22:23:55,585] {dag.py:2280} INFO - Setting next_dagrun for example_bash_operator to 2024-04-25 00:00:00+00:00
[2024-04-27 22:23:55,602] {scheduler_job.py:190} INFO - Processing /home/airflow/.local/lib/python3.6/site-packages/airflow/example_dags/example_bash_operator.py took 0.124 seconds
[2024-04-27 22:24:25,730] {scheduler_job.py:182} INFO - Started process (PID=438) to work on /home/airflow/.local/lib/python3.6/site-packages/airflow/example_dags/example_bash_operator.py
[2024-04-27 22:24:25,733] {scheduler_job.py:629} INFO - Processing file /home/airflow/.local/lib/python3.6/site-packages/airflow/example_dags/example_bash_operator.py for tasks to queue
[2024-04-27 22:24:25,735] {logging_mixin.py:104} INFO - [2024-04-27 22:24:25,734] {dagbag.py:451} INFO - Filling up the DagBag from /home/airflow/.local/lib/python3.6/site-packages/airflow/example_dags/example_bash_operator.py
[2024-04-27 22:24:25,764] {scheduler_job.py:639} INFO - DAG(s) dict_keys(['example_bash_operator']) retrieved from /home/airflow/.local/lib/python3.6/site-packages/airflow/example_dags/example_bash_operator.py
[2024-04-27 22:24:25,802] {logging_mixin.py:104} INFO - [2024-04-27 22:24:25,802] {dag.py:1824} INFO - Sync 1 DAGs
[2024-04-27 22:24:25,837] {logging_mixin.py:104} INFO - [2024-04-27 22:24:25,837] {dag.py:2280} INFO - Setting next_dagrun for example_bash_operator to 2024-04-25 00:00:00+00:00
[2024-04-27 22:24:25,862] {scheduler_job.py:190} INFO - Processing /home/airflow/.local/lib/python3.6/site-packages/airflow/example_dags/example_bash_operator.py took 0.138 seconds
[2024-04-27 22:24:55,972] {scheduler_job.py:182} INFO - Started process (PID=464) to work on /home/airflow/.local/lib/python3.6/site-packages/airflow/example_dags/example_bash_operator.py
[2024-04-27 22:24:55,974] {scheduler_job.py:629} INFO - Processing file /home/airflow/.local/lib/python3.6/site-packages/airflow/example_dags/example_bash_operator.py for tasks to queue
[2024-04-27 22:24:55,977] {logging_mixin.py:104} INFO - [2024-04-27 22:24:55,976] {dagbag.py:451} INFO - Filling up the DagBag from /home/airflow/.local/lib/python3.6/site-packages/airflow/example_dags/example_bash_operator.py
[2024-04-27 22:24:55,996] {scheduler_job.py:639} INFO - DAG(s) dict_keys(['example_bash_operator']) retrieved from /home/airflow/.local/lib/python3.6/site-packages/airflow/example_dags/example_bash_operator.py
[2024-04-27 22:24:56,024] {logging_mixin.py:104} INFO - [2024-04-27 22:24:56,024] {dag.py:1824} INFO - Sync 1 DAGs
[2024-04-27 22:24:56,052] {logging_mixin.py:104} INFO - [2024-04-27 22:24:56,052] {dag.py:2280} INFO - Setting next_dagrun for example_bash_operator to 2024-04-25 00:00:00+00:00
[2024-04-27 22:24:56,070] {scheduler_job.py:190} INFO - Processing /home/airflow/.local/lib/python3.6/site-packages/airflow/example_dags/example_bash_operator.py took 0.102 seconds
[2024-04-27 22:25:26,836] {scheduler_job.py:182} INFO - Started process (PID=488) to work on /home/airflow/.local/lib/python3.6/site-packages/airflow/example_dags/example_bash_operator.py
[2024-04-27 22:25:26,839] {scheduler_job.py:629} INFO - Processing file /home/airflow/.local/lib/python3.6/site-packages/airflow/example_dags/example_bash_operator.py for tasks to queue
[2024-04-27 22:25:26,841] {logging_mixin.py:104} INFO - [2024-04-27 22:25:26,840] {dagbag.py:451} INFO - Filling up the DagBag from /home/airflow/.local/lib/python3.6/site-packages/airflow/example_dags/example_bash_operator.py
[2024-04-27 22:25:26,865] {scheduler_job.py:639} INFO - DAG(s) dict_keys(['example_bash_operator']) retrieved from /home/airflow/.local/lib/python3.6/site-packages/airflow/example_dags/example_bash_operator.py
[2024-04-27 22:25:26,897] {logging_mixin.py:104} INFO - [2024-04-27 22:25:26,897] {dag.py:1824} INFO - Sync 1 DAGs
[2024-04-27 22:25:26,928] {logging_mixin.py:104} INFO - [2024-04-27 22:25:26,927] {dag.py:2280} INFO - Setting next_dagrun for example_bash_operator to 2024-04-25 00:00:00+00:00
[2024-04-27 22:25:26,947] {scheduler_job.py:190} INFO - Processing /home/airflow/.local/lib/python3.6/site-packages/airflow/example_dags/example_bash_operator.py took 0.116 seconds
[2024-04-27 22:25:58,004] {scheduler_job.py:182} INFO - Started process (PID=514) to work on /home/airflow/.local/lib/python3.6/site-packages/airflow/example_dags/example_bash_operator.py
[2024-04-27 22:25:58,006] {scheduler_job.py:629} INFO - Processing file /home/airflow/.local/lib/python3.6/site-packages/airflow/example_dags/example_bash_operator.py for tasks to queue
[2024-04-27 22:25:58,008] {logging_mixin.py:104} INFO - [2024-04-27 22:25:58,008] {dagbag.py:451} INFO - Filling up the DagBag from /home/airflow/.local/lib/python3.6/site-packages/airflow/example_dags/example_bash_operator.py
[2024-04-27 22:25:58,027] {scheduler_job.py:639} INFO - DAG(s) dict_keys(['example_bash_operator']) retrieved from /home/airflow/.local/lib/python3.6/site-packages/airflow/example_dags/example_bash_operator.py
[2024-04-27 22:25:58,056] {logging_mixin.py:104} INFO - [2024-04-27 22:25:58,056] {dag.py:1824} INFO - Sync 1 DAGs
[2024-04-27 22:25:58,085] {logging_mixin.py:104} INFO - [2024-04-27 22:25:58,085] {dag.py:2280} INFO - Setting next_dagrun for example_bash_operator to 2024-04-25 00:00:00+00:00
[2024-04-27 22:25:58,102] {scheduler_job.py:190} INFO - Processing /home/airflow/.local/lib/python3.6/site-packages/airflow/example_dags/example_bash_operator.py took 0.103 seconds
[2024-04-27 22:26:28,336] {scheduler_job.py:182} INFO - Started process (PID=540) to work on /home/airflow/.local/lib/python3.6/site-packages/airflow/example_dags/example_bash_operator.py
[2024-04-27 22:26:28,339] {scheduler_job.py:629} INFO - Processing file /home/airflow/.local/lib/python3.6/site-packages/airflow/example_dags/example_bash_operator.py for tasks to queue
[2024-04-27 22:26:28,340] {logging_mixin.py:104} INFO - [2024-04-27 22:26:28,340] {dagbag.py:451} INFO - Filling up the DagBag from /home/airflow/.local/lib/python3.6/site-packages/airflow/example_dags/example_bash_operator.py
[2024-04-27 22:26:28,360] {scheduler_job.py:639} INFO - DAG(s) dict_keys(['example_bash_operator']) retrieved from /home/airflow/.local/lib/python3.6/site-packages/airflow/example_dags/example_bash_operator.py
[2024-04-27 22:26:28,389] {logging_mixin.py:104} INFO - [2024-04-27 22:26:28,389] {dag.py:1824} INFO - Sync 1 DAGs
[2024-04-27 22:26:28,416] {logging_mixin.py:104} INFO - [2024-04-27 22:26:28,416] {dag.py:2280} INFO - Setting next_dagrun for example_bash_operator to 2024-04-25 00:00:00+00:00
[2024-04-27 22:26:28,432] {scheduler_job.py:190} INFO - Processing /home/airflow/.local/lib/python3.6/site-packages/airflow/example_dags/example_bash_operator.py took 0.101 seconds
[2024-04-27 22:26:58,711] {scheduler_job.py:182} INFO - Started process (PID=564) to work on /home/airflow/.local/lib/python3.6/site-packages/airflow/example_dags/example_bash_operator.py
[2024-04-27 22:26:58,712] {scheduler_job.py:629} INFO - Processing file /home/airflow/.local/lib/python3.6/site-packages/airflow/example_dags/example_bash_operator.py for tasks to queue
[2024-04-27 22:26:58,714] {logging_mixin.py:104} INFO - [2024-04-27 22:26:58,714] {dagbag.py:451} INFO - Filling up the DagBag from /home/airflow/.local/lib/python3.6/site-packages/airflow/example_dags/example_bash_operator.py
[2024-04-27 22:26:58,733] {scheduler_job.py:639} INFO - DAG(s) dict_keys(['example_bash_operator']) retrieved from /home/airflow/.local/lib/python3.6/site-packages/airflow/example_dags/example_bash_operator.py
[2024-04-27 22:26:58,765] {logging_mixin.py:104} INFO - [2024-04-27 22:26:58,765] {dag.py:1824} INFO - Sync 1 DAGs
[2024-04-27 22:26:58,807] {logging_mixin.py:104} INFO - [2024-04-27 22:26:58,807] {dag.py:2280} INFO - Setting next_dagrun for example_bash_operator to 2024-04-25 00:00:00+00:00
[2024-04-27 22:26:58,835] {scheduler_job.py:190} INFO - Processing /home/airflow/.local/lib/python3.6/site-packages/airflow/example_dags/example_bash_operator.py took 0.129 seconds
[2024-04-27 22:27:29,846] {scheduler_job.py:182} INFO - Started process (PID=592) to work on /home/airflow/.local/lib/python3.6/site-packages/airflow/example_dags/example_bash_operator.py
[2024-04-27 22:27:29,848] {scheduler_job.py:629} INFO - Processing file /home/airflow/.local/lib/python3.6/site-packages/airflow/example_dags/example_bash_operator.py for tasks to queue
[2024-04-27 22:27:29,850] {logging_mixin.py:104} INFO - [2024-04-27 22:27:29,849] {dagbag.py:451} INFO - Filling up the DagBag from /home/airflow/.local/lib/python3.6/site-packages/airflow/example_dags/example_bash_operator.py
[2024-04-27 22:27:29,869] {scheduler_job.py:639} INFO - DAG(s) dict_keys(['example_bash_operator']) retrieved from /home/airflow/.local/lib/python3.6/site-packages/airflow/example_dags/example_bash_operator.py
[2024-04-27 22:27:29,895] {logging_mixin.py:104} INFO - [2024-04-27 22:27:29,895] {dag.py:1824} INFO - Sync 1 DAGs
[2024-04-27 22:27:29,921] {logging_mixin.py:104} INFO - [2024-04-27 22:27:29,921] {dag.py:2280} INFO - Setting next_dagrun for example_bash_operator to 2024-04-25 00:00:00+00:00
[2024-04-27 22:27:29,936] {scheduler_job.py:190} INFO - Processing /home/airflow/.local/lib/python3.6/site-packages/airflow/example_dags/example_bash_operator.py took 0.094 seconds
[2024-04-27 22:28:00,730] {scheduler_job.py:182} INFO - Started process (PID=618) to work on /home/airflow/.local/lib/python3.6/site-packages/airflow/example_dags/example_bash_operator.py
[2024-04-27 22:28:00,732] {scheduler_job.py:629} INFO - Processing file /home/airflow/.local/lib/python3.6/site-packages/airflow/example_dags/example_bash_operator.py for tasks to queue
[2024-04-27 22:28:00,734] {logging_mixin.py:104} INFO - [2024-04-27 22:28:00,734] {dagbag.py:451} INFO - Filling up the DagBag from /home/airflow/.local/lib/python3.6/site-packages/airflow/example_dags/example_bash_operator.py
[2024-04-27 22:28:00,757] {scheduler_job.py:639} INFO - DAG(s) dict_keys(['example_bash_operator']) retrieved from /home/airflow/.local/lib/python3.6/site-packages/airflow/example_dags/example_bash_operator.py
[2024-04-27 22:28:00,789] {logging_mixin.py:104} INFO - [2024-04-27 22:28:00,788] {dag.py:1824} INFO - Sync 1 DAGs
[2024-04-27 22:28:00,823] {logging_mixin.py:104} INFO - [2024-04-27 22:28:00,822] {dag.py:2280} INFO - Setting next_dagrun for example_bash_operator to 2024-04-25 00:00:00+00:00
[2024-04-27 22:28:00,842] {scheduler_job.py:190} INFO - Processing /home/airflow/.local/lib/python3.6/site-packages/airflow/example_dags/example_bash_operator.py took 0.117 seconds
[2024-04-27 22:28:31,069] {scheduler_job.py:182} INFO - Started process (PID=644) to work on /home/airflow/.local/lib/python3.6/site-packages/airflow/example_dags/example_bash_operator.py
[2024-04-27 22:28:31,073] {scheduler_job.py:629} INFO - Processing file /home/airflow/.local/lib/python3.6/site-packages/airflow/example_dags/example_bash_operator.py for tasks to queue
[2024-04-27 22:28:31,076] {logging_mixin.py:104} INFO - [2024-04-27 22:28:31,076] {dagbag.py:451} INFO - Filling up the DagBag from /home/airflow/.local/lib/python3.6/site-packages/airflow/example_dags/example_bash_operator.py
[2024-04-27 22:28:31,104] {scheduler_job.py:639} INFO - DAG(s) dict_keys(['example_bash_operator']) retrieved from /home/airflow/.local/lib/python3.6/site-packages/airflow/example_dags/example_bash_operator.py
[2024-04-27 22:28:31,135] {logging_mixin.py:104} INFO - [2024-04-27 22:28:31,134] {dag.py:1824} INFO - Sync 1 DAGs
[2024-04-27 22:28:31,163] {logging_mixin.py:104} INFO - [2024-04-27 22:28:31,163] {dag.py:2280} INFO - Setting next_dagrun for example_bash_operator to 2024-04-25 00:00:00+00:00
[2024-04-27 22:28:31,180] {scheduler_job.py:190} INFO - Processing /home/airflow/.local/lib/python3.6/site-packages/airflow/example_dags/example_bash_operator.py took 0.116 seconds
[2024-04-27 22:29:01,476] {scheduler_job.py:182} INFO - Started process (PID=668) to work on /home/airflow/.local/lib/python3.6/site-packages/airflow/example_dags/example_bash_operator.py
[2024-04-27 22:29:01,479] {scheduler_job.py:629} INFO - Processing file /home/airflow/.local/lib/python3.6/site-packages/airflow/example_dags/example_bash_operator.py for tasks to queue
[2024-04-27 22:29:01,480] {logging_mixin.py:104} INFO - [2024-04-27 22:29:01,480] {dagbag.py:451} INFO - Filling up the DagBag from /home/airflow/.local/lib/python3.6/site-packages/airflow/example_dags/example_bash_operator.py
[2024-04-27 22:29:01,498] {scheduler_job.py:639} INFO - DAG(s) dict_keys(['example_bash_operator']) retrieved from /home/airflow/.local/lib/python3.6/site-packages/airflow/example_dags/example_bash_operator.py
[2024-04-27 22:29:01,524] {logging_mixin.py:104} INFO - [2024-04-27 22:29:01,524] {dag.py:1824} INFO - Sync 1 DAGs
[2024-04-27 22:29:01,550] {logging_mixin.py:104} INFO - [2024-04-27 22:29:01,549] {dag.py:2280} INFO - Setting next_dagrun for example_bash_operator to 2024-04-25 00:00:00+00:00
[2024-04-27 22:29:01,564] {scheduler_job.py:190} INFO - Processing /home/airflow/.local/lib/python3.6/site-packages/airflow/example_dags/example_bash_operator.py took 0.092 seconds
[2024-04-27 22:29:31,735] {scheduler_job.py:182} INFO - Started process (PID=694) to work on /home/airflow/.local/lib/python3.6/site-packages/airflow/example_dags/example_bash_operator.py
[2024-04-27 22:29:31,737] {scheduler_job.py:629} INFO - Processing file /home/airflow/.local/lib/python3.6/site-packages/airflow/example_dags/example_bash_operator.py for tasks to queue
[2024-04-27 22:29:31,738] {logging_mixin.py:104} INFO - [2024-04-27 22:29:31,738] {dagbag.py:451} INFO - Filling up the DagBag from /home/airflow/.local/lib/python3.6/site-packages/airflow/example_dags/example_bash_operator.py
[2024-04-27 22:29:31,761] {scheduler_job.py:639} INFO - DAG(s) dict_keys(['example_bash_operator']) retrieved from /home/airflow/.local/lib/python3.6/site-packages/airflow/example_dags/example_bash_operator.py
[2024-04-27 22:29:31,792] {logging_mixin.py:104} INFO - [2024-04-27 22:29:31,792] {dag.py:1824} INFO - Sync 1 DAGs
[2024-04-27 22:29:31,822] {logging_mixin.py:104} INFO - [2024-04-27 22:29:31,822] {dag.py:2280} INFO - Setting next_dagrun for example_bash_operator to 2024-04-25 00:00:00+00:00
[2024-04-27 22:29:31,839] {scheduler_job.py:190} INFO - Processing /home/airflow/.local/lib/python3.6/site-packages/airflow/example_dags/example_bash_operator.py took 0.108 seconds
[2024-04-27 22:30:02,398] {scheduler_job.py:182} INFO - Started process (PID=720) to work on /home/airflow/.local/lib/python3.6/site-packages/airflow/example_dags/example_bash_operator.py
[2024-04-27 22:30:02,401] {scheduler_job.py:629} INFO - Processing file /home/airflow/.local/lib/python3.6/site-packages/airflow/example_dags/example_bash_operator.py for tasks to queue
[2024-04-27 22:30:02,403] {logging_mixin.py:104} INFO - [2024-04-27 22:30:02,403] {dagbag.py:451} INFO - Filling up the DagBag from /home/airflow/.local/lib/python3.6/site-packages/airflow/example_dags/example_bash_operator.py
[2024-04-27 22:30:02,434] {scheduler_job.py:639} INFO - DAG(s) dict_keys(['example_bash_operator']) retrieved from /home/airflow/.local/lib/python3.6/site-packages/airflow/example_dags/example_bash_operator.py
[2024-04-27 22:30:02,482] {logging_mixin.py:104} INFO - [2024-04-27 22:30:02,482] {dag.py:1824} INFO - Sync 1 DAGs
[2024-04-27 22:30:02,523] {logging_mixin.py:104} INFO - [2024-04-27 22:30:02,523] {dag.py:2280} INFO - Setting next_dagrun for example_bash_operator to 2024-04-25 00:00:00+00:00
[2024-04-27 22:30:02,543] {scheduler_job.py:190} INFO - Processing /home/airflow/.local/lib/python3.6/site-packages/airflow/example_dags/example_bash_operator.py took 0.151 seconds
[2024-04-27 22:30:33,141] {scheduler_job.py:182} INFO - Started process (PID=746) to work on /home/airflow/.local/lib/python3.6/site-packages/airflow/example_dags/example_bash_operator.py
[2024-04-27 22:30:33,144] {scheduler_job.py:629} INFO - Processing file /home/airflow/.local/lib/python3.6/site-packages/airflow/example_dags/example_bash_operator.py for tasks to queue
[2024-04-27 22:30:33,145] {logging_mixin.py:104} INFO - [2024-04-27 22:30:33,145] {dagbag.py:451} INFO - Filling up the DagBag from /home/airflow/.local/lib/python3.6/site-packages/airflow/example_dags/example_bash_operator.py
[2024-04-27 22:30:33,167] {scheduler_job.py:639} INFO - DAG(s) dict_keys(['example_bash_operator']) retrieved from /home/airflow/.local/lib/python3.6/site-packages/airflow/example_dags/example_bash_operator.py
[2024-04-27 22:30:33,195] {logging_mixin.py:104} INFO - [2024-04-27 22:30:33,195] {dag.py:1824} INFO - Sync 1 DAGs
[2024-04-27 22:30:33,221] {logging_mixin.py:104} INFO - [2024-04-27 22:30:33,221] {dag.py:2280} INFO - Setting next_dagrun for example_bash_operator to 2024-04-25 00:00:00+00:00
[2024-04-27 22:30:33,236] {scheduler_job.py:190} INFO - Processing /home/airflow/.local/lib/python3.6/site-packages/airflow/example_dags/example_bash_operator.py took 0.099 seconds
[2024-04-27 22:31:03,578] {scheduler_job.py:182} INFO - Started process (PID=772) to work on /home/airflow/.local/lib/python3.6/site-packages/airflow/example_dags/example_bash_operator.py
[2024-04-27 22:31:03,580] {scheduler_job.py:629} INFO - Processing file /home/airflow/.local/lib/python3.6/site-packages/airflow/example_dags/example_bash_operator.py for tasks to queue
[2024-04-27 22:31:03,582] {logging_mixin.py:104} INFO - [2024-04-27 22:31:03,582] {dagbag.py:451} INFO - Filling up the DagBag from /home/airflow/.local/lib/python3.6/site-packages/airflow/example_dags/example_bash_operator.py
[2024-04-27 22:31:03,602] {scheduler_job.py:639} INFO - DAG(s) dict_keys(['example_bash_operator']) retrieved from /home/airflow/.local/lib/python3.6/site-packages/airflow/example_dags/example_bash_operator.py
[2024-04-27 22:31:03,632] {logging_mixin.py:104} INFO - [2024-04-27 22:31:03,632] {dag.py:1824} INFO - Sync 1 DAGs
[2024-04-27 22:31:03,659] {logging_mixin.py:104} INFO - [2024-04-27 22:31:03,659] {dag.py:2280} INFO - Setting next_dagrun for example_bash_operator to 2024-04-25 00:00:00+00:00
[2024-04-27 22:31:03,674] {scheduler_job.py:190} INFO - Processing /home/airflow/.local/lib/python3.6/site-packages/airflow/example_dags/example_bash_operator.py took 0.101 seconds
[2024-04-27 22:31:34,154] {scheduler_job.py:182} INFO - Started process (PID=798) to work on /home/airflow/.local/lib/python3.6/site-packages/airflow/example_dags/example_bash_operator.py
[2024-04-27 22:31:34,158] {scheduler_job.py:629} INFO - Processing file /home/airflow/.local/lib/python3.6/site-packages/airflow/example_dags/example_bash_operator.py for tasks to queue
[2024-04-27 22:31:34,160] {logging_mixin.py:104} INFO - [2024-04-27 22:31:34,160] {dagbag.py:451} INFO - Filling up the DagBag from /home/airflow/.local/lib/python3.6/site-packages/airflow/example_dags/example_bash_operator.py
[2024-04-27 22:31:34,216] {scheduler_job.py:639} INFO - DAG(s) dict_keys(['example_bash_operator']) retrieved from /home/airflow/.local/lib/python3.6/site-packages/airflow/example_dags/example_bash_operator.py
[2024-04-27 22:31:34,314] {logging_mixin.py:104} INFO - [2024-04-27 22:31:34,313] {dag.py:1824} INFO - Sync 1 DAGs
[2024-04-27 22:31:34,377] {logging_mixin.py:104} INFO - [2024-04-27 22:31:34,377] {dag.py:2280} INFO - Setting next_dagrun for example_bash_operator to 2024-04-25 00:00:00+00:00
[2024-04-27 22:31:34,418] {scheduler_job.py:190} INFO - Processing /home/airflow/.local/lib/python3.6/site-packages/airflow/example_dags/example_bash_operator.py took 0.272 seconds
[2024-04-27 22:32:04,846] {scheduler_job.py:182} INFO - Started process (PID=824) to work on /home/airflow/.local/lib/python3.6/site-packages/airflow/example_dags/example_bash_operator.py
[2024-04-27 22:32:04,848] {scheduler_job.py:629} INFO - Processing file /home/airflow/.local/lib/python3.6/site-packages/airflow/example_dags/example_bash_operator.py for tasks to queue
[2024-04-27 22:32:04,850] {logging_mixin.py:104} INFO - [2024-04-27 22:32:04,850] {dagbag.py:451} INFO - Filling up the DagBag from /home/airflow/.local/lib/python3.6/site-packages/airflow/example_dags/example_bash_operator.py
[2024-04-27 22:32:04,875] {scheduler_job.py:639} INFO - DAG(s) dict_keys(['example_bash_operator']) retrieved from /home/airflow/.local/lib/python3.6/site-packages/airflow/example_dags/example_bash_operator.py
[2024-04-27 22:32:04,908] {logging_mixin.py:104} INFO - [2024-04-27 22:32:04,908] {dag.py:1824} INFO - Sync 1 DAGs
[2024-04-27 22:32:04,943] {logging_mixin.py:104} INFO - [2024-04-27 22:32:04,943] {dag.py:2280} INFO - Setting next_dagrun for example_bash_operator to 2024-04-25 00:00:00+00:00
[2024-04-27 22:32:04,962] {scheduler_job.py:190} INFO - Processing /home/airflow/.local/lib/python3.6/site-packages/airflow/example_dags/example_bash_operator.py took 0.122 seconds
[2024-04-27 22:32:35,271] {scheduler_job.py:182} INFO - Started process (PID=850) to work on /home/airflow/.local/lib/python3.6/site-packages/airflow/example_dags/example_bash_operator.py
[2024-04-27 22:32:35,273] {scheduler_job.py:629} INFO - Processing file /home/airflow/.local/lib/python3.6/site-packages/airflow/example_dags/example_bash_operator.py for tasks to queue
[2024-04-27 22:32:35,275] {logging_mixin.py:104} INFO - [2024-04-27 22:32:35,275] {dagbag.py:451} INFO - Filling up the DagBag from /home/airflow/.local/lib/python3.6/site-packages/airflow/example_dags/example_bash_operator.py
[2024-04-27 22:32:35,299] {scheduler_job.py:639} INFO - DAG(s) dict_keys(['example_bash_operator']) retrieved from /home/airflow/.local/lib/python3.6/site-packages/airflow/example_dags/example_bash_operator.py
[2024-04-27 22:32:35,331] {logging_mixin.py:104} INFO - [2024-04-27 22:32:35,331] {dag.py:1824} INFO - Sync 1 DAGs
[2024-04-27 22:32:35,358] {logging_mixin.py:104} INFO - [2024-04-27 22:32:35,358] {dag.py:2280} INFO - Setting next_dagrun for example_bash_operator to 2024-04-25 00:00:00+00:00
[2024-04-27 22:32:35,375] {scheduler_job.py:190} INFO - Processing /home/airflow/.local/lib/python3.6/site-packages/airflow/example_dags/example_bash_operator.py took 0.108 seconds
[2024-04-27 22:33:05,668] {scheduler_job.py:182} INFO - Started process (PID=876) to work on /home/airflow/.local/lib/python3.6/site-packages/airflow/example_dags/example_bash_operator.py
[2024-04-27 22:33:05,670] {scheduler_job.py:629} INFO - Processing file /home/airflow/.local/lib/python3.6/site-packages/airflow/example_dags/example_bash_operator.py for tasks to queue
[2024-04-27 22:33:05,672] {logging_mixin.py:104} INFO - [2024-04-27 22:33:05,671] {dagbag.py:451} INFO - Filling up the DagBag from /home/airflow/.local/lib/python3.6/site-packages/airflow/example_dags/example_bash_operator.py
[2024-04-27 22:33:05,693] {scheduler_job.py:639} INFO - DAG(s) dict_keys(['example_bash_operator']) retrieved from /home/airflow/.local/lib/python3.6/site-packages/airflow/example_dags/example_bash_operator.py
[2024-04-27 22:33:05,731] {logging_mixin.py:104} INFO - [2024-04-27 22:33:05,731] {dag.py:1824} INFO - Sync 1 DAGs
[2024-04-27 22:33:05,768] {logging_mixin.py:104} INFO - [2024-04-27 22:33:05,768] {dag.py:2280} INFO - Setting next_dagrun for example_bash_operator to 2024-04-25 00:00:00+00:00
[2024-04-27 22:33:05,793] {scheduler_job.py:190} INFO - Processing /home/airflow/.local/lib/python3.6/site-packages/airflow/example_dags/example_bash_operator.py took 0.130 seconds
[2024-04-27 22:33:36,108] {scheduler_job.py:182} INFO - Started process (PID=902) to work on /home/airflow/.local/lib/python3.6/site-packages/airflow/example_dags/example_bash_operator.py
[2024-04-27 22:33:36,110] {scheduler_job.py:629} INFO - Processing file /home/airflow/.local/lib/python3.6/site-packages/airflow/example_dags/example_bash_operator.py for tasks to queue
[2024-04-27 22:33:36,112] {logging_mixin.py:104} INFO - [2024-04-27 22:33:36,112] {dagbag.py:451} INFO - Filling up the DagBag from /home/airflow/.local/lib/python3.6/site-packages/airflow/example_dags/example_bash_operator.py
[2024-04-27 22:33:36,132] {scheduler_job.py:639} INFO - DAG(s) dict_keys(['example_bash_operator']) retrieved from /home/airflow/.local/lib/python3.6/site-packages/airflow/example_dags/example_bash_operator.py
[2024-04-27 22:33:36,159] {logging_mixin.py:104} INFO - [2024-04-27 22:33:36,159] {dag.py:1824} INFO - Sync 1 DAGs
[2024-04-27 22:33:36,186] {logging_mixin.py:104} INFO - [2024-04-27 22:33:36,186] {dag.py:2280} INFO - Setting next_dagrun for example_bash_operator to 2024-04-25 00:00:00+00:00
[2024-04-27 22:33:36,201] {scheduler_job.py:190} INFO - Processing /home/airflow/.local/lib/python3.6/site-packages/airflow/example_dags/example_bash_operator.py took 0.097 seconds
[2024-04-27 22:34:07,031] {scheduler_job.py:182} INFO - Started process (PID=928) to work on /home/airflow/.local/lib/python3.6/site-packages/airflow/example_dags/example_bash_operator.py
[2024-04-27 22:34:07,034] {scheduler_job.py:629} INFO - Processing file /home/airflow/.local/lib/python3.6/site-packages/airflow/example_dags/example_bash_operator.py for tasks to queue
[2024-04-27 22:34:07,036] {logging_mixin.py:104} INFO - [2024-04-27 22:34:07,036] {dagbag.py:451} INFO - Filling up the DagBag from /home/airflow/.local/lib/python3.6/site-packages/airflow/example_dags/example_bash_operator.py
[2024-04-27 22:34:07,059] {scheduler_job.py:639} INFO - DAG(s) dict_keys(['example_bash_operator']) retrieved from /home/airflow/.local/lib/python3.6/site-packages/airflow/example_dags/example_bash_operator.py
[2024-04-27 22:34:07,096] {logging_mixin.py:104} INFO - [2024-04-27 22:34:07,095] {dag.py:1824} INFO - Sync 1 DAGs
[2024-04-27 22:34:07,126] {logging_mixin.py:104} INFO - [2024-04-27 22:34:07,126] {dag.py:2280} INFO - Setting next_dagrun for example_bash_operator to 2024-04-25 00:00:00+00:00
[2024-04-27 22:34:07,142] {scheduler_job.py:190} INFO - Processing /home/airflow/.local/lib/python3.6/site-packages/airflow/example_dags/example_bash_operator.py took 0.116 seconds
[2024-04-27 22:34:38,037] {scheduler_job.py:182} INFO - Started process (PID=954) to work on /home/airflow/.local/lib/python3.6/site-packages/airflow/example_dags/example_bash_operator.py
[2024-04-27 22:34:38,039] {scheduler_job.py:629} INFO - Processing file /home/airflow/.local/lib/python3.6/site-packages/airflow/example_dags/example_bash_operator.py for tasks to queue
[2024-04-27 22:34:38,041] {logging_mixin.py:104} INFO - [2024-04-27 22:34:38,041] {dagbag.py:451} INFO - Filling up the DagBag from /home/airflow/.local/lib/python3.6/site-packages/airflow/example_dags/example_bash_operator.py
[2024-04-27 22:34:38,062] {scheduler_job.py:639} INFO - DAG(s) dict_keys(['example_bash_operator']) retrieved from /home/airflow/.local/lib/python3.6/site-packages/airflow/example_dags/example_bash_operator.py
[2024-04-27 22:34:38,092] {logging_mixin.py:104} INFO - [2024-04-27 22:34:38,092] {dag.py:1824} INFO - Sync 1 DAGs
[2024-04-27 22:34:38,119] {logging_mixin.py:104} INFO - [2024-04-27 22:34:38,119] {dag.py:2280} INFO - Setting next_dagrun for example_bash_operator to 2024-04-25 00:00:00+00:00
[2024-04-27 22:34:38,135] {scheduler_job.py:190} INFO - Processing /home/airflow/.local/lib/python3.6/site-packages/airflow/example_dags/example_bash_operator.py took 0.102 seconds
[2024-04-27 22:35:08,974] {scheduler_job.py:182} INFO - Started process (PID=980) to work on /home/airflow/.local/lib/python3.6/site-packages/airflow/example_dags/example_bash_operator.py
[2024-04-27 22:35:08,976] {scheduler_job.py:629} INFO - Processing file /home/airflow/.local/lib/python3.6/site-packages/airflow/example_dags/example_bash_operator.py for tasks to queue
[2024-04-27 22:35:08,978] {logging_mixin.py:104} INFO - [2024-04-27 22:35:08,977] {dagbag.py:451} INFO - Filling up the DagBag from /home/airflow/.local/lib/python3.6/site-packages/airflow/example_dags/example_bash_operator.py
[2024-04-27 22:35:08,997] {scheduler_job.py:639} INFO - DAG(s) dict_keys(['example_bash_operator']) retrieved from /home/airflow/.local/lib/python3.6/site-packages/airflow/example_dags/example_bash_operator.py
[2024-04-27 22:35:09,025] {logging_mixin.py:104} INFO - [2024-04-27 22:35:09,025] {dag.py:1824} INFO - Sync 1 DAGs
[2024-04-27 22:35:09,059] {logging_mixin.py:104} INFO - [2024-04-27 22:35:09,059] {dag.py:2280} INFO - Setting next_dagrun for example_bash_operator to 2024-04-25 00:00:00+00:00
[2024-04-27 22:35:09,079] {scheduler_job.py:190} INFO - Processing /home/airflow/.local/lib/python3.6/site-packages/airflow/example_dags/example_bash_operator.py took 0.110 seconds
[2024-04-27 22:35:39,622] {scheduler_job.py:182} INFO - Started process (PID=1006) to work on /home/airflow/.local/lib/python3.6/site-packages/airflow/example_dags/example_bash_operator.py
[2024-04-27 22:35:39,624] {scheduler_job.py:629} INFO - Processing file /home/airflow/.local/lib/python3.6/site-packages/airflow/example_dags/example_bash_operator.py for tasks to queue
[2024-04-27 22:35:39,626] {logging_mixin.py:104} INFO - [2024-04-27 22:35:39,625] {dagbag.py:451} INFO - Filling up the DagBag from /home/airflow/.local/lib/python3.6/site-packages/airflow/example_dags/example_bash_operator.py
[2024-04-27 22:35:39,645] {scheduler_job.py:639} INFO - DAG(s) dict_keys(['example_bash_operator']) retrieved from /home/airflow/.local/lib/python3.6/site-packages/airflow/example_dags/example_bash_operator.py
[2024-04-27 22:35:39,672] {logging_mixin.py:104} INFO - [2024-04-27 22:35:39,672] {dag.py:1824} INFO - Sync 1 DAGs
[2024-04-27 22:35:39,698] {logging_mixin.py:104} INFO - [2024-04-27 22:35:39,698] {dag.py:2280} INFO - Setting next_dagrun for example_bash_operator to 2024-04-25 00:00:00+00:00
[2024-04-27 22:35:39,714] {scheduler_job.py:190} INFO - Processing /home/airflow/.local/lib/python3.6/site-packages/airflow/example_dags/example_bash_operator.py took 0.096 seconds
[2024-04-27 22:36:10,077] {scheduler_job.py:182} INFO - Started process (PID=1032) to work on /home/airflow/.local/lib/python3.6/site-packages/airflow/example_dags/example_bash_operator.py
[2024-04-27 22:36:10,080] {scheduler_job.py:629} INFO - Processing file /home/airflow/.local/lib/python3.6/site-packages/airflow/example_dags/example_bash_operator.py for tasks to queue
[2024-04-27 22:36:10,082] {logging_mixin.py:104} INFO - [2024-04-27 22:36:10,082] {dagbag.py:451} INFO - Filling up the DagBag from /home/airflow/.local/lib/python3.6/site-packages/airflow/example_dags/example_bash_operator.py
[2024-04-27 22:36:10,107] {scheduler_job.py:639} INFO - DAG(s) dict_keys(['example_bash_operator']) retrieved from /home/airflow/.local/lib/python3.6/site-packages/airflow/example_dags/example_bash_operator.py
[2024-04-27 22:36:10,146] {logging_mixin.py:104} INFO - [2024-04-27 22:36:10,146] {dag.py:1824} INFO - Sync 1 DAGs
[2024-04-27 22:36:10,189] {logging_mixin.py:104} INFO - [2024-04-27 22:36:10,189] {dag.py:2280} INFO - Setting next_dagrun for example_bash_operator to 2024-04-25 00:00:00+00:00
[2024-04-27 22:36:10,212] {scheduler_job.py:190} INFO - Processing /home/airflow/.local/lib/python3.6/site-packages/airflow/example_dags/example_bash_operator.py took 0.140 seconds
[2024-04-27 22:36:40,935] {scheduler_job.py:182} INFO - Started process (PID=1058) to work on /home/airflow/.local/lib/python3.6/site-packages/airflow/example_dags/example_bash_operator.py
[2024-04-27 22:36:40,938] {scheduler_job.py:629} INFO - Processing file /home/airflow/.local/lib/python3.6/site-packages/airflow/example_dags/example_bash_operator.py for tasks to queue
[2024-04-27 22:36:40,942] {logging_mixin.py:104} INFO - [2024-04-27 22:36:40,942] {dagbag.py:451} INFO - Filling up the DagBag from /home/airflow/.local/lib/python3.6/site-packages/airflow/example_dags/example_bash_operator.py
[2024-04-27 22:36:40,968] {scheduler_job.py:639} INFO - DAG(s) dict_keys(['example_bash_operator']) retrieved from /home/airflow/.local/lib/python3.6/site-packages/airflow/example_dags/example_bash_operator.py
[2024-04-27 22:36:41,007] {logging_mixin.py:104} INFO - [2024-04-27 22:36:41,006] {dag.py:1824} INFO - Sync 1 DAGs
[2024-04-27 22:36:41,044] {logging_mixin.py:104} INFO - [2024-04-27 22:36:41,044] {dag.py:2280} INFO - Setting next_dagrun for example_bash_operator to 2024-04-25 00:00:00+00:00
[2024-04-27 22:36:41,066] {scheduler_job.py:190} INFO - Processing /home/airflow/.local/lib/python3.6/site-packages/airflow/example_dags/example_bash_operator.py took 0.135 seconds
[2024-04-27 22:37:11,146] {scheduler_job.py:182} INFO - Started process (PID=1084) to work on /home/airflow/.local/lib/python3.6/site-packages/airflow/example_dags/example_bash_operator.py
[2024-04-27 22:37:11,148] {scheduler_job.py:629} INFO - Processing file /home/airflow/.local/lib/python3.6/site-packages/airflow/example_dags/example_bash_operator.py for tasks to queue
[2024-04-27 22:37:11,151] {logging_mixin.py:104} INFO - [2024-04-27 22:37:11,150] {dagbag.py:451} INFO - Filling up the DagBag from /home/airflow/.local/lib/python3.6/site-packages/airflow/example_dags/example_bash_operator.py
[2024-04-27 22:37:11,182] {scheduler_job.py:639} INFO - DAG(s) dict_keys(['example_bash_operator']) retrieved from /home/airflow/.local/lib/python3.6/site-packages/airflow/example_dags/example_bash_operator.py
[2024-04-27 22:37:11,222] {logging_mixin.py:104} INFO - [2024-04-27 22:37:11,222] {dag.py:1824} INFO - Sync 1 DAGs
[2024-04-27 22:37:11,255] {logging_mixin.py:104} INFO - [2024-04-27 22:37:11,255] {dag.py:2280} INFO - Setting next_dagrun for example_bash_operator to 2024-04-25 00:00:00+00:00
[2024-04-27 22:37:11,276] {scheduler_job.py:190} INFO - Processing /home/airflow/.local/lib/python3.6/site-packages/airflow/example_dags/example_bash_operator.py took 0.137 seconds
[2024-04-27 22:37:41,333] {scheduler_job.py:182} INFO - Started process (PID=1110) to work on /home/airflow/.local/lib/python3.6/site-packages/airflow/example_dags/example_bash_operator.py
[2024-04-27 22:37:41,335] {scheduler_job.py:629} INFO - Processing file /home/airflow/.local/lib/python3.6/site-packages/airflow/example_dags/example_bash_operator.py for tasks to queue
[2024-04-27 22:37:41,336] {logging_mixin.py:104} INFO - [2024-04-27 22:37:41,336] {dagbag.py:451} INFO - Filling up the DagBag from /home/airflow/.local/lib/python3.6/site-packages/airflow/example_dags/example_bash_operator.py
[2024-04-27 22:37:41,359] {scheduler_job.py:639} INFO - DAG(s) dict_keys(['example_bash_operator']) retrieved from /home/airflow/.local/lib/python3.6/site-packages/airflow/example_dags/example_bash_operator.py
[2024-04-27 22:37:41,386] {logging_mixin.py:104} INFO - [2024-04-27 22:37:41,386] {dag.py:1824} INFO - Sync 1 DAGs
[2024-04-27 22:37:41,412] {logging_mixin.py:104} INFO - [2024-04-27 22:37:41,412] {dag.py:2280} INFO - Setting next_dagrun for example_bash_operator to 2024-04-25 00:00:00+00:00
[2024-04-27 22:37:41,427] {scheduler_job.py:190} INFO - Processing /home/airflow/.local/lib/python3.6/site-packages/airflow/example_dags/example_bash_operator.py took 0.098 seconds
[2024-04-27 22:38:11,835] {scheduler_job.py:182} INFO - Started process (PID=1137) to work on /home/airflow/.local/lib/python3.6/site-packages/airflow/example_dags/example_bash_operator.py
[2024-04-27 22:38:11,838] {scheduler_job.py:629} INFO - Processing file /home/airflow/.local/lib/python3.6/site-packages/airflow/example_dags/example_bash_operator.py for tasks to queue
[2024-04-27 22:38:11,840] {logging_mixin.py:104} INFO - [2024-04-27 22:38:11,840] {dagbag.py:451} INFO - Filling up the DagBag from /home/airflow/.local/lib/python3.6/site-packages/airflow/example_dags/example_bash_operator.py
[2024-04-27 22:38:11,869] {scheduler_job.py:639} INFO - DAG(s) dict_keys(['example_bash_operator']) retrieved from /home/airflow/.local/lib/python3.6/site-packages/airflow/example_dags/example_bash_operator.py
[2024-04-27 22:38:11,913] {logging_mixin.py:104} INFO - [2024-04-27 22:38:11,913] {dag.py:1824} INFO - Sync 1 DAGs
[2024-04-27 22:38:11,968] {logging_mixin.py:104} INFO - [2024-04-27 22:38:11,968] {dag.py:2280} INFO - Setting next_dagrun for example_bash_operator to 2024-04-25 00:00:00+00:00
[2024-04-27 22:38:11,994] {scheduler_job.py:190} INFO - Processing /home/airflow/.local/lib/python3.6/site-packages/airflow/example_dags/example_bash_operator.py took 0.166 seconds
[2024-04-27 22:38:42,261] {scheduler_job.py:182} INFO - Started process (PID=1163) to work on /home/airflow/.local/lib/python3.6/site-packages/airflow/example_dags/example_bash_operator.py
[2024-04-27 22:38:42,269] {scheduler_job.py:629} INFO - Processing file /home/airflow/.local/lib/python3.6/site-packages/airflow/example_dags/example_bash_operator.py for tasks to queue
[2024-04-27 22:38:42,271] {logging_mixin.py:104} INFO - [2024-04-27 22:38:42,271] {dagbag.py:451} INFO - Filling up the DagBag from /home/airflow/.local/lib/python3.6/site-packages/airflow/example_dags/example_bash_operator.py
[2024-04-27 22:38:42,298] {scheduler_job.py:639} INFO - DAG(s) dict_keys(['example_bash_operator']) retrieved from /home/airflow/.local/lib/python3.6/site-packages/airflow/example_dags/example_bash_operator.py
[2024-04-27 22:38:42,334] {logging_mixin.py:104} INFO - [2024-04-27 22:38:42,334] {dag.py:1824} INFO - Sync 1 DAGs
[2024-04-27 22:38:42,369] {logging_mixin.py:104} INFO - [2024-04-27 22:38:42,369] {dag.py:2280} INFO - Setting next_dagrun for example_bash_operator to 2024-04-25 00:00:00+00:00
[2024-04-27 22:38:42,390] {scheduler_job.py:190} INFO - Processing /home/airflow/.local/lib/python3.6/site-packages/airflow/example_dags/example_bash_operator.py took 0.136 seconds
[2024-04-27 22:39:13,522] {scheduler_job.py:182} INFO - Started process (PID=1188) to work on /home/airflow/.local/lib/python3.6/site-packages/airflow/example_dags/example_bash_operator.py
[2024-04-27 22:39:13,525] {scheduler_job.py:629} INFO - Processing file /home/airflow/.local/lib/python3.6/site-packages/airflow/example_dags/example_bash_operator.py for tasks to queue
[2024-04-27 22:39:13,528] {logging_mixin.py:104} INFO - [2024-04-27 22:39:13,528] {dagbag.py:451} INFO - Filling up the DagBag from /home/airflow/.local/lib/python3.6/site-packages/airflow/example_dags/example_bash_operator.py
[2024-04-27 22:39:13,562] {scheduler_job.py:639} INFO - DAG(s) dict_keys(['example_bash_operator']) retrieved from /home/airflow/.local/lib/python3.6/site-packages/airflow/example_dags/example_bash_operator.py
[2024-04-27 22:39:13,634] {logging_mixin.py:104} INFO - [2024-04-27 22:39:13,633] {dag.py:1824} INFO - Sync 1 DAGs
[2024-04-27 22:39:13,680] {logging_mixin.py:104} INFO - [2024-04-27 22:39:13,679] {dag.py:2280} INFO - Setting next_dagrun for example_bash_operator to 2024-04-25 00:00:00+00:00
[2024-04-27 22:39:13,710] {scheduler_job.py:190} INFO - Processing /home/airflow/.local/lib/python3.6/site-packages/airflow/example_dags/example_bash_operator.py took 0.196 seconds
[2024-04-27 22:39:44,281] {scheduler_job.py:182} INFO - Started process (PID=1213) to work on /home/airflow/.local/lib/python3.6/site-packages/airflow/example_dags/example_bash_operator.py
[2024-04-27 22:39:44,284] {scheduler_job.py:629} INFO - Processing file /home/airflow/.local/lib/python3.6/site-packages/airflow/example_dags/example_bash_operator.py for tasks to queue
[2024-04-27 22:39:44,286] {logging_mixin.py:104} INFO - [2024-04-27 22:39:44,286] {dagbag.py:451} INFO - Filling up the DagBag from /home/airflow/.local/lib/python3.6/site-packages/airflow/example_dags/example_bash_operator.py
[2024-04-27 22:39:44,311] {scheduler_job.py:639} INFO - DAG(s) dict_keys(['example_bash_operator']) retrieved from /home/airflow/.local/lib/python3.6/site-packages/airflow/example_dags/example_bash_operator.py
[2024-04-27 22:39:44,350] {logging_mixin.py:104} INFO - [2024-04-27 22:39:44,350] {dag.py:1824} INFO - Sync 1 DAGs
[2024-04-27 22:39:44,388] {logging_mixin.py:104} INFO - [2024-04-27 22:39:44,388] {dag.py:2280} INFO - Setting next_dagrun for example_bash_operator to 2024-04-25 00:00:00+00:00
[2024-04-27 22:39:44,407] {scheduler_job.py:190} INFO - Processing /home/airflow/.local/lib/python3.6/site-packages/airflow/example_dags/example_bash_operator.py took 0.133 seconds
[2024-04-27 22:40:14,535] {scheduler_job.py:182} INFO - Started process (PID=1239) to work on /home/airflow/.local/lib/python3.6/site-packages/airflow/example_dags/example_bash_operator.py
[2024-04-27 22:40:14,538] {scheduler_job.py:629} INFO - Processing file /home/airflow/.local/lib/python3.6/site-packages/airflow/example_dags/example_bash_operator.py for tasks to queue
[2024-04-27 22:40:14,539] {logging_mixin.py:104} INFO - [2024-04-27 22:40:14,539] {dagbag.py:451} INFO - Filling up the DagBag from /home/airflow/.local/lib/python3.6/site-packages/airflow/example_dags/example_bash_operator.py
[2024-04-27 22:40:14,564] {scheduler_job.py:639} INFO - DAG(s) dict_keys(['example_bash_operator']) retrieved from /home/airflow/.local/lib/python3.6/site-packages/airflow/example_dags/example_bash_operator.py
[2024-04-27 22:40:14,605] {logging_mixin.py:104} INFO - [2024-04-27 22:40:14,604] {dag.py:1824} INFO - Sync 1 DAGs
[2024-04-27 22:40:14,642] {logging_mixin.py:104} INFO - [2024-04-27 22:40:14,642] {dag.py:2280} INFO - Setting next_dagrun for example_bash_operator to 2024-04-25 00:00:00+00:00
[2024-04-27 22:40:14,661] {scheduler_job.py:190} INFO - Processing /home/airflow/.local/lib/python3.6/site-packages/airflow/example_dags/example_bash_operator.py took 0.132 seconds
[2024-04-27 22:40:44,749] {scheduler_job.py:182} INFO - Started process (PID=1263) to work on /home/airflow/.local/lib/python3.6/site-packages/airflow/example_dags/example_bash_operator.py
[2024-04-27 22:40:44,752] {scheduler_job.py:629} INFO - Processing file /home/airflow/.local/lib/python3.6/site-packages/airflow/example_dags/example_bash_operator.py for tasks to queue
[2024-04-27 22:40:44,754] {logging_mixin.py:104} INFO - [2024-04-27 22:40:44,753] {dagbag.py:451} INFO - Filling up the DagBag from /home/airflow/.local/lib/python3.6/site-packages/airflow/example_dags/example_bash_operator.py
[2024-04-27 22:40:44,778] {scheduler_job.py:639} INFO - DAG(s) dict_keys(['example_bash_operator']) retrieved from /home/airflow/.local/lib/python3.6/site-packages/airflow/example_dags/example_bash_operator.py
[2024-04-27 22:40:44,815] {logging_mixin.py:104} INFO - [2024-04-27 22:40:44,815] {dag.py:1824} INFO - Sync 1 DAGs
[2024-04-27 22:40:44,851] {logging_mixin.py:104} INFO - [2024-04-27 22:40:44,851] {dag.py:2280} INFO - Setting next_dagrun for example_bash_operator to 2024-04-25 00:00:00+00:00
[2024-04-27 22:40:44,872] {scheduler_job.py:190} INFO - Processing /home/airflow/.local/lib/python3.6/site-packages/airflow/example_dags/example_bash_operator.py took 0.129 seconds
[2024-04-27 22:41:15,107] {scheduler_job.py:182} INFO - Started process (PID=1289) to work on /home/airflow/.local/lib/python3.6/site-packages/airflow/example_dags/example_bash_operator.py
[2024-04-27 22:41:15,110] {scheduler_job.py:629} INFO - Processing file /home/airflow/.local/lib/python3.6/site-packages/airflow/example_dags/example_bash_operator.py for tasks to queue
[2024-04-27 22:41:15,112] {logging_mixin.py:104} INFO - [2024-04-27 22:41:15,111] {dagbag.py:451} INFO - Filling up the DagBag from /home/airflow/.local/lib/python3.6/site-packages/airflow/example_dags/example_bash_operator.py
[2024-04-27 22:41:15,133] {scheduler_job.py:639} INFO - DAG(s) dict_keys(['example_bash_operator']) retrieved from /home/airflow/.local/lib/python3.6/site-packages/airflow/example_dags/example_bash_operator.py
[2024-04-27 22:41:15,166] {logging_mixin.py:104} INFO - [2024-04-27 22:41:15,166] {dag.py:1824} INFO - Sync 1 DAGs
[2024-04-27 22:41:15,195] {logging_mixin.py:104} INFO - [2024-04-27 22:41:15,195] {dag.py:2280} INFO - Setting next_dagrun for example_bash_operator to 2024-04-25 00:00:00+00:00
[2024-04-27 22:41:15,214] {scheduler_job.py:190} INFO - Processing /home/airflow/.local/lib/python3.6/site-packages/airflow/example_dags/example_bash_operator.py took 0.112 seconds
[2024-04-27 22:41:45,447] {scheduler_job.py:182} INFO - Started process (PID=1315) to work on /home/airflow/.local/lib/python3.6/site-packages/airflow/example_dags/example_bash_operator.py
[2024-04-27 22:41:45,449] {scheduler_job.py:629} INFO - Processing file /home/airflow/.local/lib/python3.6/site-packages/airflow/example_dags/example_bash_operator.py for tasks to queue
[2024-04-27 22:41:45,452] {logging_mixin.py:104} INFO - [2024-04-27 22:41:45,451] {dagbag.py:451} INFO - Filling up the DagBag from /home/airflow/.local/lib/python3.6/site-packages/airflow/example_dags/example_bash_operator.py
[2024-04-27 22:41:45,482] {scheduler_job.py:639} INFO - DAG(s) dict_keys(['example_bash_operator']) retrieved from /home/airflow/.local/lib/python3.6/site-packages/airflow/example_dags/example_bash_operator.py
[2024-04-27 22:41:45,526] {logging_mixin.py:104} INFO - [2024-04-27 22:41:45,526] {dag.py:1824} INFO - Sync 1 DAGs
[2024-04-27 22:41:45,566] {logging_mixin.py:104} INFO - [2024-04-27 22:41:45,566] {dag.py:2280} INFO - Setting next_dagrun for example_bash_operator to 2024-04-25 00:00:00+00:00
[2024-04-27 22:41:45,586] {scheduler_job.py:190} INFO - Processing /home/airflow/.local/lib/python3.6/site-packages/airflow/example_dags/example_bash_operator.py took 0.146 seconds
[2024-04-27 22:42:17,138] {scheduler_job.py:182} INFO - Started process (PID=1342) to work on /home/airflow/.local/lib/python3.6/site-packages/airflow/example_dags/example_bash_operator.py
[2024-04-27 22:42:17,140] {scheduler_job.py:629} INFO - Processing file /home/airflow/.local/lib/python3.6/site-packages/airflow/example_dags/example_bash_operator.py for tasks to queue
[2024-04-27 22:42:17,142] {logging_mixin.py:104} INFO - [2024-04-27 22:42:17,142] {dagbag.py:451} INFO - Filling up the DagBag from /home/airflow/.local/lib/python3.6/site-packages/airflow/example_dags/example_bash_operator.py
[2024-04-27 22:42:17,186] {scheduler_job.py:639} INFO - DAG(s) dict_keys(['example_bash_operator']) retrieved from /home/airflow/.local/lib/python3.6/site-packages/airflow/example_dags/example_bash_operator.py
[2024-04-27 22:42:17,226] {logging_mixin.py:104} INFO - [2024-04-27 22:42:17,226] {dag.py:1824} INFO - Sync 1 DAGs
[2024-04-27 22:42:17,268] {logging_mixin.py:104} INFO - [2024-04-27 22:42:17,268] {dag.py:2280} INFO - Setting next_dagrun for example_bash_operator to 2024-04-25 00:00:00+00:00
[2024-04-27 22:42:17,297] {scheduler_job.py:190} INFO - Processing /home/airflow/.local/lib/python3.6/site-packages/airflow/example_dags/example_bash_operator.py took 0.164 seconds
[2024-04-27 22:42:47,791] {scheduler_job.py:182} INFO - Started process (PID=1370) to work on /home/airflow/.local/lib/python3.6/site-packages/airflow/example_dags/example_bash_operator.py
[2024-04-27 22:42:47,794] {scheduler_job.py:629} INFO - Processing file /home/airflow/.local/lib/python3.6/site-packages/airflow/example_dags/example_bash_operator.py for tasks to queue
[2024-04-27 22:42:47,796] {logging_mixin.py:104} INFO - [2024-04-27 22:42:47,795] {dagbag.py:451} INFO - Filling up the DagBag from /home/airflow/.local/lib/python3.6/site-packages/airflow/example_dags/example_bash_operator.py
[2024-04-27 22:42:47,824] {scheduler_job.py:639} INFO - DAG(s) dict_keys(['example_bash_operator']) retrieved from /home/airflow/.local/lib/python3.6/site-packages/airflow/example_dags/example_bash_operator.py
[2024-04-27 22:42:47,857] {logging_mixin.py:104} INFO - [2024-04-27 22:42:47,857] {dag.py:1824} INFO - Sync 1 DAGs
[2024-04-27 22:42:47,889] {logging_mixin.py:104} INFO - [2024-04-27 22:42:47,889] {dag.py:2280} INFO - Setting next_dagrun for example_bash_operator to 2024-04-25 00:00:00+00:00
[2024-04-27 22:42:47,905] {scheduler_job.py:190} INFO - Processing /home/airflow/.local/lib/python3.6/site-packages/airflow/example_dags/example_bash_operator.py took 0.119 seconds
[2024-04-27 22:43:19,116] {scheduler_job.py:182} INFO - Started process (PID=1393) to work on /home/airflow/.local/lib/python3.6/site-packages/airflow/example_dags/example_bash_operator.py
[2024-04-27 22:43:19,119] {scheduler_job.py:629} INFO - Processing file /home/airflow/.local/lib/python3.6/site-packages/airflow/example_dags/example_bash_operator.py for tasks to queue
[2024-04-27 22:43:19,121] {logging_mixin.py:104} INFO - [2024-04-27 22:43:19,121] {dagbag.py:451} INFO - Filling up the DagBag from /home/airflow/.local/lib/python3.6/site-packages/airflow/example_dags/example_bash_operator.py
[2024-04-27 22:43:19,176] {scheduler_job.py:639} INFO - DAG(s) dict_keys(['example_bash_operator']) retrieved from /home/airflow/.local/lib/python3.6/site-packages/airflow/example_dags/example_bash_operator.py
[2024-04-27 22:43:19,285] {logging_mixin.py:104} INFO - [2024-04-27 22:43:19,285] {dag.py:1824} INFO - Sync 1 DAGs
[2024-04-27 22:43:19,359] {logging_mixin.py:104} INFO - [2024-04-27 22:43:19,358] {dag.py:2280} INFO - Setting next_dagrun for example_bash_operator to 2024-04-25 00:00:00+00:00
[2024-04-27 22:43:19,444] {scheduler_job.py:190} INFO - Processing /home/airflow/.local/lib/python3.6/site-packages/airflow/example_dags/example_bash_operator.py took 0.335 seconds
[2024-04-27 22:43:50,210] {scheduler_job.py:182} INFO - Started process (PID=1419) to work on /home/airflow/.local/lib/python3.6/site-packages/airflow/example_dags/example_bash_operator.py
[2024-04-27 22:43:50,214] {scheduler_job.py:629} INFO - Processing file /home/airflow/.local/lib/python3.6/site-packages/airflow/example_dags/example_bash_operator.py for tasks to queue
[2024-04-27 22:43:50,217] {logging_mixin.py:104} INFO - [2024-04-27 22:43:50,216] {dagbag.py:451} INFO - Filling up the DagBag from /home/airflow/.local/lib/python3.6/site-packages/airflow/example_dags/example_bash_operator.py
[2024-04-27 22:43:50,245] {scheduler_job.py:639} INFO - DAG(s) dict_keys(['example_bash_operator']) retrieved from /home/airflow/.local/lib/python3.6/site-packages/airflow/example_dags/example_bash_operator.py
[2024-04-27 22:43:50,288] {logging_mixin.py:104} INFO - [2024-04-27 22:43:50,288] {dag.py:1824} INFO - Sync 1 DAGs
[2024-04-27 22:43:50,329] {logging_mixin.py:104} INFO - [2024-04-27 22:43:50,329] {dag.py:2280} INFO - Setting next_dagrun for example_bash_operator to 2024-04-25 00:00:00+00:00
[2024-04-27 22:43:50,351] {scheduler_job.py:190} INFO - Processing /home/airflow/.local/lib/python3.6/site-packages/airflow/example_dags/example_bash_operator.py took 0.147 seconds
[2024-04-27 22:44:21,680] {scheduler_job.py:182} INFO - Started process (PID=1447) to work on /home/airflow/.local/lib/python3.6/site-packages/airflow/example_dags/example_bash_operator.py
[2024-04-27 22:44:21,684] {scheduler_job.py:629} INFO - Processing file /home/airflow/.local/lib/python3.6/site-packages/airflow/example_dags/example_bash_operator.py for tasks to queue
[2024-04-27 22:44:21,686] {logging_mixin.py:104} INFO - [2024-04-27 22:44:21,686] {dagbag.py:451} INFO - Filling up the DagBag from /home/airflow/.local/lib/python3.6/site-packages/airflow/example_dags/example_bash_operator.py
[2024-04-27 22:44:21,729] {scheduler_job.py:639} INFO - DAG(s) dict_keys(['example_bash_operator']) retrieved from /home/airflow/.local/lib/python3.6/site-packages/airflow/example_dags/example_bash_operator.py
[2024-04-27 22:44:21,793] {logging_mixin.py:104} INFO - [2024-04-27 22:44:21,793] {dag.py:1824} INFO - Sync 1 DAGs
[2024-04-27 22:44:21,836] {logging_mixin.py:104} INFO - [2024-04-27 22:44:21,836] {dag.py:2280} INFO - Setting next_dagrun for example_bash_operator to 2024-04-25 00:00:00+00:00
[2024-04-27 22:44:21,860] {scheduler_job.py:190} INFO - Processing /home/airflow/.local/lib/python3.6/site-packages/airflow/example_dags/example_bash_operator.py took 0.187 seconds
[2024-04-27 22:44:52,385] {scheduler_job.py:182} INFO - Started process (PID=1471) to work on /home/airflow/.local/lib/python3.6/site-packages/airflow/example_dags/example_bash_operator.py
[2024-04-27 22:44:52,389] {scheduler_job.py:629} INFO - Processing file /home/airflow/.local/lib/python3.6/site-packages/airflow/example_dags/example_bash_operator.py for tasks to queue
[2024-04-27 22:44:52,390] {logging_mixin.py:104} INFO - [2024-04-27 22:44:52,390] {dagbag.py:451} INFO - Filling up the DagBag from /home/airflow/.local/lib/python3.6/site-packages/airflow/example_dags/example_bash_operator.py
[2024-04-27 22:44:52,478] {scheduler_job.py:639} INFO - DAG(s) dict_keys(['example_bash_operator']) retrieved from /home/airflow/.local/lib/python3.6/site-packages/airflow/example_dags/example_bash_operator.py
[2024-04-27 22:44:52,529] {logging_mixin.py:104} INFO - [2024-04-27 22:44:52,528] {dag.py:1824} INFO - Sync 1 DAGs
[2024-04-27 22:44:52,568] {logging_mixin.py:104} INFO - [2024-04-27 22:44:52,568] {dag.py:2280} INFO - Setting next_dagrun for example_bash_operator to 2024-04-25 00:00:00+00:00
[2024-04-27 22:44:52,588] {scheduler_job.py:190} INFO - Processing /home/airflow/.local/lib/python3.6/site-packages/airflow/example_dags/example_bash_operator.py took 0.206 seconds
[2024-04-27 22:45:23,416] {scheduler_job.py:182} INFO - Started process (PID=1498) to work on /home/airflow/.local/lib/python3.6/site-packages/airflow/example_dags/example_bash_operator.py
[2024-04-27 22:45:23,420] {scheduler_job.py:629} INFO - Processing file /home/airflow/.local/lib/python3.6/site-packages/airflow/example_dags/example_bash_operator.py for tasks to queue
[2024-04-27 22:45:23,423] {logging_mixin.py:104} INFO - [2024-04-27 22:45:23,422] {dagbag.py:451} INFO - Filling up the DagBag from /home/airflow/.local/lib/python3.6/site-packages/airflow/example_dags/example_bash_operator.py
[2024-04-27 22:45:23,466] {scheduler_job.py:639} INFO - DAG(s) dict_keys(['example_bash_operator']) retrieved from /home/airflow/.local/lib/python3.6/site-packages/airflow/example_dags/example_bash_operator.py
[2024-04-27 22:45:23,524] {logging_mixin.py:104} INFO - [2024-04-27 22:45:23,524] {dag.py:1824} INFO - Sync 1 DAGs
[2024-04-27 22:45:23,581] {logging_mixin.py:104} INFO - [2024-04-27 22:45:23,581] {dag.py:2280} INFO - Setting next_dagrun for example_bash_operator to 2024-04-25 00:00:00+00:00
[2024-04-27 22:45:23,607] {scheduler_job.py:190} INFO - Processing /home/airflow/.local/lib/python3.6/site-packages/airflow/example_dags/example_bash_operator.py took 0.200 seconds
[2024-04-27 22:45:53,834] {scheduler_job.py:182} INFO - Started process (PID=1523) to work on /home/airflow/.local/lib/python3.6/site-packages/airflow/example_dags/example_bash_operator.py
[2024-04-27 22:45:53,836] {scheduler_job.py:629} INFO - Processing file /home/airflow/.local/lib/python3.6/site-packages/airflow/example_dags/example_bash_operator.py for tasks to queue
[2024-04-27 22:45:53,839] {logging_mixin.py:104} INFO - [2024-04-27 22:45:53,839] {dagbag.py:451} INFO - Filling up the DagBag from /home/airflow/.local/lib/python3.6/site-packages/airflow/example_dags/example_bash_operator.py
[2024-04-27 22:45:53,861] {scheduler_job.py:639} INFO - DAG(s) dict_keys(['example_bash_operator']) retrieved from /home/airflow/.local/lib/python3.6/site-packages/airflow/example_dags/example_bash_operator.py
[2024-04-27 22:45:53,892] {logging_mixin.py:104} INFO - [2024-04-27 22:45:53,892] {dag.py:1824} INFO - Sync 1 DAGs
[2024-04-27 22:45:53,923] {logging_mixin.py:104} INFO - [2024-04-27 22:45:53,923] {dag.py:2280} INFO - Setting next_dagrun for example_bash_operator to 2024-04-25 00:00:00+00:00
[2024-04-27 22:45:53,943] {scheduler_job.py:190} INFO - Processing /home/airflow/.local/lib/python3.6/site-packages/airflow/example_dags/example_bash_operator.py took 0.114 seconds
[2024-04-27 22:46:25,125] {scheduler_job.py:182} INFO - Started process (PID=1551) to work on /home/airflow/.local/lib/python3.6/site-packages/airflow/example_dags/example_bash_operator.py
[2024-04-27 22:46:25,128] {scheduler_job.py:629} INFO - Processing file /home/airflow/.local/lib/python3.6/site-packages/airflow/example_dags/example_bash_operator.py for tasks to queue
[2024-04-27 22:46:25,130] {logging_mixin.py:104} INFO - [2024-04-27 22:46:25,130] {dagbag.py:451} INFO - Filling up the DagBag from /home/airflow/.local/lib/python3.6/site-packages/airflow/example_dags/example_bash_operator.py
[2024-04-27 22:46:25,163] {scheduler_job.py:639} INFO - DAG(s) dict_keys(['example_bash_operator']) retrieved from /home/airflow/.local/lib/python3.6/site-packages/airflow/example_dags/example_bash_operator.py
[2024-04-27 22:46:25,211] {logging_mixin.py:104} INFO - [2024-04-27 22:46:25,211] {dag.py:1824} INFO - Sync 1 DAGs
[2024-04-27 22:46:25,258] {logging_mixin.py:104} INFO - [2024-04-27 22:46:25,258] {dag.py:2280} INFO - Setting next_dagrun for example_bash_operator to 2024-04-25 00:00:00+00:00
[2024-04-27 22:46:25,283] {scheduler_job.py:190} INFO - Processing /home/airflow/.local/lib/python3.6/site-packages/airflow/example_dags/example_bash_operator.py took 0.166 seconds
[2024-04-27 22:46:55,613] {scheduler_job.py:182} INFO - Started process (PID=1573) to work on /home/airflow/.local/lib/python3.6/site-packages/airflow/example_dags/example_bash_operator.py
[2024-04-27 22:46:55,615] {scheduler_job.py:629} INFO - Processing file /home/airflow/.local/lib/python3.6/site-packages/airflow/example_dags/example_bash_operator.py for tasks to queue
[2024-04-27 22:46:55,617] {logging_mixin.py:104} INFO - [2024-04-27 22:46:55,617] {dagbag.py:451} INFO - Filling up the DagBag from /home/airflow/.local/lib/python3.6/site-packages/airflow/example_dags/example_bash_operator.py
[2024-04-27 22:46:55,636] {scheduler_job.py:639} INFO - DAG(s) dict_keys(['example_bash_operator']) retrieved from /home/airflow/.local/lib/python3.6/site-packages/airflow/example_dags/example_bash_operator.py
[2024-04-27 22:46:55,664] {logging_mixin.py:104} INFO - [2024-04-27 22:46:55,664] {dag.py:1824} INFO - Sync 1 DAGs
[2024-04-27 22:46:55,695] {logging_mixin.py:104} INFO - [2024-04-27 22:46:55,695] {dag.py:2280} INFO - Setting next_dagrun for example_bash_operator to 2024-04-25 00:00:00+00:00
[2024-04-27 22:46:55,710] {scheduler_job.py:190} INFO - Processing /home/airflow/.local/lib/python3.6/site-packages/airflow/example_dags/example_bash_operator.py took 0.101 seconds
[2024-04-27 22:47:26,279] {scheduler_job.py:182} INFO - Started process (PID=1600) to work on /home/airflow/.local/lib/python3.6/site-packages/airflow/example_dags/example_bash_operator.py
[2024-04-27 22:47:26,286] {scheduler_job.py:629} INFO - Processing file /home/airflow/.local/lib/python3.6/site-packages/airflow/example_dags/example_bash_operator.py for tasks to queue
[2024-04-27 22:47:26,287] {logging_mixin.py:104} INFO - [2024-04-27 22:47:26,287] {dagbag.py:451} INFO - Filling up the DagBag from /home/airflow/.local/lib/python3.6/site-packages/airflow/example_dags/example_bash_operator.py
[2024-04-27 22:47:26,320] {scheduler_job.py:639} INFO - DAG(s) dict_keys(['example_bash_operator']) retrieved from /home/airflow/.local/lib/python3.6/site-packages/airflow/example_dags/example_bash_operator.py
[2024-04-27 22:47:26,363] {logging_mixin.py:104} INFO - [2024-04-27 22:47:26,363] {dag.py:1824} INFO - Sync 1 DAGs
[2024-04-27 22:47:26,393] {logging_mixin.py:104} INFO - [2024-04-27 22:47:26,392] {dag.py:2280} INFO - Setting next_dagrun for example_bash_operator to 2024-04-25 00:00:00+00:00
[2024-04-27 22:47:26,413] {scheduler_job.py:190} INFO - Processing /home/airflow/.local/lib/python3.6/site-packages/airflow/example_dags/example_bash_operator.py took 0.140 seconds
[2024-04-27 22:47:56,933] {scheduler_job.py:182} INFO - Started process (PID=1627) to work on /home/airflow/.local/lib/python3.6/site-packages/airflow/example_dags/example_bash_operator.py
[2024-04-27 22:47:56,935] {scheduler_job.py:629} INFO - Processing file /home/airflow/.local/lib/python3.6/site-packages/airflow/example_dags/example_bash_operator.py for tasks to queue
[2024-04-27 22:47:56,938] {logging_mixin.py:104} INFO - [2024-04-27 22:47:56,937] {dagbag.py:451} INFO - Filling up the DagBag from /home/airflow/.local/lib/python3.6/site-packages/airflow/example_dags/example_bash_operator.py
[2024-04-27 22:47:56,958] {scheduler_job.py:639} INFO - DAG(s) dict_keys(['example_bash_operator']) retrieved from /home/airflow/.local/lib/python3.6/site-packages/airflow/example_dags/example_bash_operator.py
[2024-04-27 22:47:56,988] {logging_mixin.py:104} INFO - [2024-04-27 22:47:56,988] {dag.py:1824} INFO - Sync 1 DAGs
[2024-04-27 22:47:57,021] {logging_mixin.py:104} INFO - [2024-04-27 22:47:57,021] {dag.py:2280} INFO - Setting next_dagrun for example_bash_operator to 2024-04-25 00:00:00+00:00
[2024-04-27 22:47:57,043] {scheduler_job.py:190} INFO - Processing /home/airflow/.local/lib/python3.6/site-packages/airflow/example_dags/example_bash_operator.py took 0.114 seconds
[2024-04-27 22:48:27,297] {scheduler_job.py:182} INFO - Started process (PID=1654) to work on /home/airflow/.local/lib/python3.6/site-packages/airflow/example_dags/example_bash_operator.py
[2024-04-27 22:48:27,302] {scheduler_job.py:629} INFO - Processing file /home/airflow/.local/lib/python3.6/site-packages/airflow/example_dags/example_bash_operator.py for tasks to queue
[2024-04-27 22:48:27,310] {logging_mixin.py:104} INFO - [2024-04-27 22:48:27,310] {dagbag.py:451} INFO - Filling up the DagBag from /home/airflow/.local/lib/python3.6/site-packages/airflow/example_dags/example_bash_operator.py
[2024-04-27 22:48:27,393] {scheduler_job.py:639} INFO - DAG(s) dict_keys(['example_bash_operator']) retrieved from /home/airflow/.local/lib/python3.6/site-packages/airflow/example_dags/example_bash_operator.py
[2024-04-27 22:48:27,464] {logging_mixin.py:104} INFO - [2024-04-27 22:48:27,464] {dag.py:1824} INFO - Sync 1 DAGs
[2024-04-27 22:48:27,518] {logging_mixin.py:104} INFO - [2024-04-27 22:48:27,518] {dag.py:2280} INFO - Setting next_dagrun for example_bash_operator to 2024-04-25 00:00:00+00:00
[2024-04-27 22:48:27,545] {scheduler_job.py:190} INFO - Processing /home/airflow/.local/lib/python3.6/site-packages/airflow/example_dags/example_bash_operator.py took 0.264 seconds
[2024-04-27 22:48:58,165] {scheduler_job.py:182} INFO - Started process (PID=1681) to work on /home/airflow/.local/lib/python3.6/site-packages/airflow/example_dags/example_bash_operator.py
[2024-04-27 22:48:58,171] {scheduler_job.py:629} INFO - Processing file /home/airflow/.local/lib/python3.6/site-packages/airflow/example_dags/example_bash_operator.py for tasks to queue
[2024-04-27 22:48:58,174] {logging_mixin.py:104} INFO - [2024-04-27 22:48:58,174] {dagbag.py:451} INFO - Filling up the DagBag from /home/airflow/.local/lib/python3.6/site-packages/airflow/example_dags/example_bash_operator.py
[2024-04-27 22:48:58,279] {scheduler_job.py:639} INFO - DAG(s) dict_keys(['example_bash_operator']) retrieved from /home/airflow/.local/lib/python3.6/site-packages/airflow/example_dags/example_bash_operator.py
[2024-04-27 22:48:58,407] {logging_mixin.py:104} INFO - [2024-04-27 22:48:58,406] {dag.py:1824} INFO - Sync 1 DAGs
[2024-04-27 22:48:58,486] {logging_mixin.py:104} INFO - [2024-04-27 22:48:58,484] {dag.py:2280} INFO - Setting next_dagrun for example_bash_operator to 2024-04-25 00:00:00+00:00
[2024-04-27 22:48:58,607] {scheduler_job.py:190} INFO - Processing /home/airflow/.local/lib/python3.6/site-packages/airflow/example_dags/example_bash_operator.py took 0.458 seconds
[2024-04-27 22:49:29,358] {scheduler_job.py:182} INFO - Started process (PID=1708) to work on /home/airflow/.local/lib/python3.6/site-packages/airflow/example_dags/example_bash_operator.py
[2024-04-27 22:49:29,360] {scheduler_job.py:629} INFO - Processing file /home/airflow/.local/lib/python3.6/site-packages/airflow/example_dags/example_bash_operator.py for tasks to queue
[2024-04-27 22:49:29,362] {logging_mixin.py:104} INFO - [2024-04-27 22:49:29,361] {dagbag.py:451} INFO - Filling up the DagBag from /home/airflow/.local/lib/python3.6/site-packages/airflow/example_dags/example_bash_operator.py
[2024-04-27 22:49:29,379] {scheduler_job.py:639} INFO - DAG(s) dict_keys(['example_bash_operator']) retrieved from /home/airflow/.local/lib/python3.6/site-packages/airflow/example_dags/example_bash_operator.py
[2024-04-27 22:49:29,406] {logging_mixin.py:104} INFO - [2024-04-27 22:49:29,406] {dag.py:1824} INFO - Sync 1 DAGs
[2024-04-27 22:49:29,435] {logging_mixin.py:104} INFO - [2024-04-27 22:49:29,435] {dag.py:2280} INFO - Setting next_dagrun for example_bash_operator to 2024-04-25 00:00:00+00:00
[2024-04-27 22:49:29,450] {scheduler_job.py:190} INFO - Processing /home/airflow/.local/lib/python3.6/site-packages/airflow/example_dags/example_bash_operator.py took 0.096 seconds
