[2024-04-27 22:16:48,134] {scheduler_job.py:182} INFO - Started process (PID=52) to work on /home/airflow/.local/lib/python3.6/site-packages/airflow/example_dags/example_task_group.py
[2024-04-27 22:16:48,139] {scheduler_job.py:629} INFO - Processing file /home/airflow/.local/lib/python3.6/site-packages/airflow/example_dags/example_task_group.py for tasks to queue
[2024-04-27 22:16:48,141] {logging_mixin.py:104} INFO - [2024-04-27 22:16:48,141] {dagbag.py:451} INFO - Filling up the DagBag from /home/airflow/.local/lib/python3.6/site-packages/airflow/example_dags/example_task_group.py
[2024-04-27 22:16:48,178] {scheduler_job.py:639} INFO - DAG(s) dict_keys(['example_task_group']) retrieved from /home/airflow/.local/lib/python3.6/site-packages/airflow/example_dags/example_task_group.py
[2024-04-27 22:16:48,254] {logging_mixin.py:104} INFO - [2024-04-27 22:16:48,254] {dag.py:1824} INFO - Sync 1 DAGs
[2024-04-27 22:16:48,320] {logging_mixin.py:104} INFO - [2024-04-27 22:16:48,320] {dag.py:1843} INFO - Creating ORM DAG for example_task_group
[2024-04-27 22:16:48,351] {logging_mixin.py:104} INFO - [2024-04-27 22:16:48,351] {dag.py:2280} INFO - Setting next_dagrun for example_task_group to 2024-04-25 00:00:00+00:00
[2024-04-27 22:16:48,396] {scheduler_job.py:190} INFO - Processing /home/airflow/.local/lib/python3.6/site-packages/airflow/example_dags/example_task_group.py took 0.275 seconds
[2024-04-27 22:17:19,677] {scheduler_job.py:182} INFO - Started process (PID=78) to work on /home/airflow/.local/lib/python3.6/site-packages/airflow/example_dags/example_task_group.py
[2024-04-27 22:17:19,682] {scheduler_job.py:629} INFO - Processing file /home/airflow/.local/lib/python3.6/site-packages/airflow/example_dags/example_task_group.py for tasks to queue
[2024-04-27 22:17:19,685] {logging_mixin.py:104} INFO - [2024-04-27 22:17:19,685] {dagbag.py:451} INFO - Filling up the DagBag from /home/airflow/.local/lib/python3.6/site-packages/airflow/example_dags/example_task_group.py
[2024-04-27 22:17:19,743] {scheduler_job.py:639} INFO - DAG(s) dict_keys(['example_task_group']) retrieved from /home/airflow/.local/lib/python3.6/site-packages/airflow/example_dags/example_task_group.py
[2024-04-27 22:17:19,826] {logging_mixin.py:104} INFO - [2024-04-27 22:17:19,821] {dag.py:1824} INFO - Sync 1 DAGs
[2024-04-27 22:17:19,920] {logging_mixin.py:104} INFO - [2024-04-27 22:17:19,920] {dag.py:2280} INFO - Setting next_dagrun for example_task_group to 2024-04-25 00:00:00+00:00
[2024-04-27 22:17:19,968] {scheduler_job.py:190} INFO - Processing /home/airflow/.local/lib/python3.6/site-packages/airflow/example_dags/example_task_group.py took 0.301 seconds
[2024-04-27 22:17:50,066] {scheduler_job.py:182} INFO - Started process (PID=103) to work on /home/airflow/.local/lib/python3.6/site-packages/airflow/example_dags/example_task_group.py
[2024-04-27 22:17:50,070] {scheduler_job.py:629} INFO - Processing file /home/airflow/.local/lib/python3.6/site-packages/airflow/example_dags/example_task_group.py for tasks to queue
[2024-04-27 22:17:50,072] {logging_mixin.py:104} INFO - [2024-04-27 22:17:50,072] {dagbag.py:451} INFO - Filling up the DagBag from /home/airflow/.local/lib/python3.6/site-packages/airflow/example_dags/example_task_group.py
[2024-04-27 22:17:50,095] {scheduler_job.py:639} INFO - DAG(s) dict_keys(['example_task_group']) retrieved from /home/airflow/.local/lib/python3.6/site-packages/airflow/example_dags/example_task_group.py
[2024-04-27 22:17:50,131] {logging_mixin.py:104} INFO - [2024-04-27 22:17:50,131] {dag.py:1824} INFO - Sync 1 DAGs
[2024-04-27 22:17:50,164] {logging_mixin.py:104} INFO - [2024-04-27 22:17:50,164] {dag.py:2280} INFO - Setting next_dagrun for example_task_group to 2024-04-25 00:00:00+00:00
[2024-04-27 22:17:50,184] {scheduler_job.py:190} INFO - Processing /home/airflow/.local/lib/python3.6/site-packages/airflow/example_dags/example_task_group.py took 0.127 seconds
[2024-04-27 22:18:20,758] {scheduler_job.py:182} INFO - Started process (PID=130) to work on /home/airflow/.local/lib/python3.6/site-packages/airflow/example_dags/example_task_group.py
[2024-04-27 22:18:20,762] {scheduler_job.py:629} INFO - Processing file /home/airflow/.local/lib/python3.6/site-packages/airflow/example_dags/example_task_group.py for tasks to queue
[2024-04-27 22:18:20,765] {logging_mixin.py:104} INFO - [2024-04-27 22:18:20,764] {dagbag.py:451} INFO - Filling up the DagBag from /home/airflow/.local/lib/python3.6/site-packages/airflow/example_dags/example_task_group.py
[2024-04-27 22:18:20,793] {scheduler_job.py:639} INFO - DAG(s) dict_keys(['example_task_group']) retrieved from /home/airflow/.local/lib/python3.6/site-packages/airflow/example_dags/example_task_group.py
[2024-04-27 22:18:20,831] {logging_mixin.py:104} INFO - [2024-04-27 22:18:20,830] {dag.py:1824} INFO - Sync 1 DAGs
[2024-04-27 22:18:20,876] {logging_mixin.py:104} INFO - [2024-04-27 22:18:20,876] {dag.py:2280} INFO - Setting next_dagrun for example_task_group to 2024-04-25 00:00:00+00:00
[2024-04-27 22:18:20,901] {scheduler_job.py:190} INFO - Processing /home/airflow/.local/lib/python3.6/site-packages/airflow/example_dags/example_task_group.py took 0.150 seconds
[2024-04-27 22:18:51,055] {scheduler_job.py:182} INFO - Started process (PID=156) to work on /home/airflow/.local/lib/python3.6/site-packages/airflow/example_dags/example_task_group.py
[2024-04-27 22:18:51,057] {scheduler_job.py:629} INFO - Processing file /home/airflow/.local/lib/python3.6/site-packages/airflow/example_dags/example_task_group.py for tasks to queue
[2024-04-27 22:18:51,059] {logging_mixin.py:104} INFO - [2024-04-27 22:18:51,059] {dagbag.py:451} INFO - Filling up the DagBag from /home/airflow/.local/lib/python3.6/site-packages/airflow/example_dags/example_task_group.py
[2024-04-27 22:18:51,080] {scheduler_job.py:639} INFO - DAG(s) dict_keys(['example_task_group']) retrieved from /home/airflow/.local/lib/python3.6/site-packages/airflow/example_dags/example_task_group.py
[2024-04-27 22:18:51,112] {logging_mixin.py:104} INFO - [2024-04-27 22:18:51,112] {dag.py:1824} INFO - Sync 1 DAGs
[2024-04-27 22:18:51,144] {logging_mixin.py:104} INFO - [2024-04-27 22:18:51,144] {dag.py:2280} INFO - Setting next_dagrun for example_task_group to 2024-04-25 00:00:00+00:00
[2024-04-27 22:18:51,161] {scheduler_job.py:190} INFO - Processing /home/airflow/.local/lib/python3.6/site-packages/airflow/example_dags/example_task_group.py took 0.111 seconds
[2024-04-27 22:19:21,294] {scheduler_job.py:182} INFO - Started process (PID=182) to work on /home/airflow/.local/lib/python3.6/site-packages/airflow/example_dags/example_task_group.py
[2024-04-27 22:19:21,298] {scheduler_job.py:629} INFO - Processing file /home/airflow/.local/lib/python3.6/site-packages/airflow/example_dags/example_task_group.py for tasks to queue
[2024-04-27 22:19:21,300] {logging_mixin.py:104} INFO - [2024-04-27 22:19:21,300] {dagbag.py:451} INFO - Filling up the DagBag from /home/airflow/.local/lib/python3.6/site-packages/airflow/example_dags/example_task_group.py
[2024-04-27 22:19:21,317] {scheduler_job.py:639} INFO - DAG(s) dict_keys(['example_task_group']) retrieved from /home/airflow/.local/lib/python3.6/site-packages/airflow/example_dags/example_task_group.py
[2024-04-27 22:19:21,354] {logging_mixin.py:104} INFO - [2024-04-27 22:19:21,354] {dag.py:1824} INFO - Sync 1 DAGs
[2024-04-27 22:19:21,377] {logging_mixin.py:104} INFO - [2024-04-27 22:19:21,377] {dag.py:2280} INFO - Setting next_dagrun for example_task_group to 2024-04-25 00:00:00+00:00
[2024-04-27 22:19:21,395] {scheduler_job.py:190} INFO - Processing /home/airflow/.local/lib/python3.6/site-packages/airflow/example_dags/example_task_group.py took 0.106 seconds
[2024-04-27 22:19:52,133] {scheduler_job.py:182} INFO - Started process (PID=208) to work on /home/airflow/.local/lib/python3.6/site-packages/airflow/example_dags/example_task_group.py
[2024-04-27 22:19:52,137] {scheduler_job.py:629} INFO - Processing file /home/airflow/.local/lib/python3.6/site-packages/airflow/example_dags/example_task_group.py for tasks to queue
[2024-04-27 22:19:52,139] {logging_mixin.py:104} INFO - [2024-04-27 22:19:52,139] {dagbag.py:451} INFO - Filling up the DagBag from /home/airflow/.local/lib/python3.6/site-packages/airflow/example_dags/example_task_group.py
[2024-04-27 22:19:52,161] {scheduler_job.py:639} INFO - DAG(s) dict_keys(['example_task_group']) retrieved from /home/airflow/.local/lib/python3.6/site-packages/airflow/example_dags/example_task_group.py
[2024-04-27 22:19:52,213] {logging_mixin.py:104} INFO - [2024-04-27 22:19:52,213] {dag.py:1824} INFO - Sync 1 DAGs
[2024-04-27 22:19:52,240] {logging_mixin.py:104} INFO - [2024-04-27 22:19:52,239] {dag.py:2280} INFO - Setting next_dagrun for example_task_group to 2024-04-25 00:00:00+00:00
[2024-04-27 22:19:52,268] {scheduler_job.py:190} INFO - Processing /home/airflow/.local/lib/python3.6/site-packages/airflow/example_dags/example_task_group.py took 0.142 seconds
[2024-04-27 22:20:23,092] {scheduler_job.py:182} INFO - Started process (PID=232) to work on /home/airflow/.local/lib/python3.6/site-packages/airflow/example_dags/example_task_group.py
[2024-04-27 22:20:23,094] {scheduler_job.py:629} INFO - Processing file /home/airflow/.local/lib/python3.6/site-packages/airflow/example_dags/example_task_group.py for tasks to queue
[2024-04-27 22:20:23,095] {logging_mixin.py:104} INFO - [2024-04-27 22:20:23,095] {dagbag.py:451} INFO - Filling up the DagBag from /home/airflow/.local/lib/python3.6/site-packages/airflow/example_dags/example_task_group.py
[2024-04-27 22:20:23,110] {scheduler_job.py:639} INFO - DAG(s) dict_keys(['example_task_group']) retrieved from /home/airflow/.local/lib/python3.6/site-packages/airflow/example_dags/example_task_group.py
[2024-04-27 22:20:23,138] {logging_mixin.py:104} INFO - [2024-04-27 22:20:23,138] {dag.py:1824} INFO - Sync 1 DAGs
[2024-04-27 22:20:23,153] {logging_mixin.py:104} INFO - [2024-04-27 22:20:23,153] {dag.py:2280} INFO - Setting next_dagrun for example_task_group to 2024-04-25 00:00:00+00:00
[2024-04-27 22:20:23,166] {scheduler_job.py:190} INFO - Processing /home/airflow/.local/lib/python3.6/site-packages/airflow/example_dags/example_task_group.py took 0.079 seconds
[2024-04-27 22:20:53,982] {scheduler_job.py:182} INFO - Started process (PID=258) to work on /home/airflow/.local/lib/python3.6/site-packages/airflow/example_dags/example_task_group.py
[2024-04-27 22:20:53,985] {scheduler_job.py:629} INFO - Processing file /home/airflow/.local/lib/python3.6/site-packages/airflow/example_dags/example_task_group.py for tasks to queue
[2024-04-27 22:20:53,987] {logging_mixin.py:104} INFO - [2024-04-27 22:20:53,986] {dagbag.py:451} INFO - Filling up the DagBag from /home/airflow/.local/lib/python3.6/site-packages/airflow/example_dags/example_task_group.py
[2024-04-27 22:20:54,010] {scheduler_job.py:639} INFO - DAG(s) dict_keys(['example_task_group']) retrieved from /home/airflow/.local/lib/python3.6/site-packages/airflow/example_dags/example_task_group.py
[2024-04-27 22:20:54,061] {logging_mixin.py:104} INFO - [2024-04-27 22:20:54,061] {dag.py:1824} INFO - Sync 1 DAGs
[2024-04-27 22:20:54,089] {logging_mixin.py:104} INFO - [2024-04-27 22:20:54,089] {dag.py:2280} INFO - Setting next_dagrun for example_task_group to 2024-04-25 00:00:00+00:00
[2024-04-27 22:20:54,108] {scheduler_job.py:190} INFO - Processing /home/airflow/.local/lib/python3.6/site-packages/airflow/example_dags/example_task_group.py took 0.135 seconds
[2024-04-27 22:21:24,418] {scheduler_job.py:182} INFO - Started process (PID=284) to work on /home/airflow/.local/lib/python3.6/site-packages/airflow/example_dags/example_task_group.py
[2024-04-27 22:21:24,420] {scheduler_job.py:629} INFO - Processing file /home/airflow/.local/lib/python3.6/site-packages/airflow/example_dags/example_task_group.py for tasks to queue
[2024-04-27 22:21:24,422] {logging_mixin.py:104} INFO - [2024-04-27 22:21:24,422] {dagbag.py:451} INFO - Filling up the DagBag from /home/airflow/.local/lib/python3.6/site-packages/airflow/example_dags/example_task_group.py
[2024-04-27 22:21:24,439] {scheduler_job.py:639} INFO - DAG(s) dict_keys(['example_task_group']) retrieved from /home/airflow/.local/lib/python3.6/site-packages/airflow/example_dags/example_task_group.py
[2024-04-27 22:21:24,474] {logging_mixin.py:104} INFO - [2024-04-27 22:21:24,474] {dag.py:1824} INFO - Sync 1 DAGs
[2024-04-27 22:21:24,495] {logging_mixin.py:104} INFO - [2024-04-27 22:21:24,495] {dag.py:2280} INFO - Setting next_dagrun for example_task_group to 2024-04-25 00:00:00+00:00
[2024-04-27 22:21:24,514] {scheduler_job.py:190} INFO - Processing /home/airflow/.local/lib/python3.6/site-packages/airflow/example_dags/example_task_group.py took 0.101 seconds
[2024-04-27 22:21:54,842] {scheduler_job.py:182} INFO - Started process (PID=310) to work on /home/airflow/.local/lib/python3.6/site-packages/airflow/example_dags/example_task_group.py
[2024-04-27 22:21:54,844] {scheduler_job.py:629} INFO - Processing file /home/airflow/.local/lib/python3.6/site-packages/airflow/example_dags/example_task_group.py for tasks to queue
[2024-04-27 22:21:54,846] {logging_mixin.py:104} INFO - [2024-04-27 22:21:54,845] {dagbag.py:451} INFO - Filling up the DagBag from /home/airflow/.local/lib/python3.6/site-packages/airflow/example_dags/example_task_group.py
[2024-04-27 22:21:54,872] {scheduler_job.py:639} INFO - DAG(s) dict_keys(['example_task_group']) retrieved from /home/airflow/.local/lib/python3.6/site-packages/airflow/example_dags/example_task_group.py
[2024-04-27 22:21:54,899] {logging_mixin.py:104} INFO - [2024-04-27 22:21:54,898] {dag.py:1824} INFO - Sync 1 DAGs
[2024-04-27 22:21:54,915] {logging_mixin.py:104} INFO - [2024-04-27 22:21:54,915] {dag.py:2280} INFO - Setting next_dagrun for example_task_group to 2024-04-25 00:00:00+00:00
[2024-04-27 22:21:54,929] {scheduler_job.py:190} INFO - Processing /home/airflow/.local/lib/python3.6/site-packages/airflow/example_dags/example_task_group.py took 0.090 seconds
[2024-04-27 22:22:25,073] {scheduler_job.py:182} INFO - Started process (PID=336) to work on /home/airflow/.local/lib/python3.6/site-packages/airflow/example_dags/example_task_group.py
[2024-04-27 22:22:25,076] {scheduler_job.py:629} INFO - Processing file /home/airflow/.local/lib/python3.6/site-packages/airflow/example_dags/example_task_group.py for tasks to queue
[2024-04-27 22:22:25,077] {logging_mixin.py:104} INFO - [2024-04-27 22:22:25,077] {dagbag.py:451} INFO - Filling up the DagBag from /home/airflow/.local/lib/python3.6/site-packages/airflow/example_dags/example_task_group.py
[2024-04-27 22:22:25,102] {scheduler_job.py:639} INFO - DAG(s) dict_keys(['example_task_group']) retrieved from /home/airflow/.local/lib/python3.6/site-packages/airflow/example_dags/example_task_group.py
[2024-04-27 22:22:25,138] {logging_mixin.py:104} INFO - [2024-04-27 22:22:25,138] {dag.py:1824} INFO - Sync 1 DAGs
[2024-04-27 22:22:25,156] {logging_mixin.py:104} INFO - [2024-04-27 22:22:25,156] {dag.py:2280} INFO - Setting next_dagrun for example_task_group to 2024-04-25 00:00:00+00:00
[2024-04-27 22:22:25,172] {scheduler_job.py:190} INFO - Processing /home/airflow/.local/lib/python3.6/site-packages/airflow/example_dags/example_task_group.py took 0.104 seconds
[2024-04-27 22:22:55,878] {scheduler_job.py:182} INFO - Started process (PID=362) to work on /home/airflow/.local/lib/python3.6/site-packages/airflow/example_dags/example_task_group.py
[2024-04-27 22:22:55,880] {scheduler_job.py:629} INFO - Processing file /home/airflow/.local/lib/python3.6/site-packages/airflow/example_dags/example_task_group.py for tasks to queue
[2024-04-27 22:22:55,881] {logging_mixin.py:104} INFO - [2024-04-27 22:22:55,881] {dagbag.py:451} INFO - Filling up the DagBag from /home/airflow/.local/lib/python3.6/site-packages/airflow/example_dags/example_task_group.py
[2024-04-27 22:22:55,900] {scheduler_job.py:639} INFO - DAG(s) dict_keys(['example_task_group']) retrieved from /home/airflow/.local/lib/python3.6/site-packages/airflow/example_dags/example_task_group.py
[2024-04-27 22:22:55,924] {logging_mixin.py:104} INFO - [2024-04-27 22:22:55,924] {dag.py:1824} INFO - Sync 1 DAGs
[2024-04-27 22:22:55,941] {logging_mixin.py:104} INFO - [2024-04-27 22:22:55,941] {dag.py:2280} INFO - Setting next_dagrun for example_task_group to 2024-04-25 00:00:00+00:00
[2024-04-27 22:22:55,963] {scheduler_job.py:190} INFO - Processing /home/airflow/.local/lib/python3.6/site-packages/airflow/example_dags/example_task_group.py took 0.088 seconds
[2024-04-27 22:23:26,436] {scheduler_job.py:182} INFO - Started process (PID=388) to work on /home/airflow/.local/lib/python3.6/site-packages/airflow/example_dags/example_task_group.py
[2024-04-27 22:23:26,439] {scheduler_job.py:629} INFO - Processing file /home/airflow/.local/lib/python3.6/site-packages/airflow/example_dags/example_task_group.py for tasks to queue
[2024-04-27 22:23:26,441] {logging_mixin.py:104} INFO - [2024-04-27 22:23:26,441] {dagbag.py:451} INFO - Filling up the DagBag from /home/airflow/.local/lib/python3.6/site-packages/airflow/example_dags/example_task_group.py
[2024-04-27 22:23:26,496] {scheduler_job.py:639} INFO - DAG(s) dict_keys(['example_task_group']) retrieved from /home/airflow/.local/lib/python3.6/site-packages/airflow/example_dags/example_task_group.py
[2024-04-27 22:23:26,527] {logging_mixin.py:104} INFO - [2024-04-27 22:23:26,527] {dag.py:1824} INFO - Sync 1 DAGs
[2024-04-27 22:23:26,549] {logging_mixin.py:104} INFO - [2024-04-27 22:23:26,549] {dag.py:2280} INFO - Setting next_dagrun for example_task_group to 2024-04-25 00:00:00+00:00
[2024-04-27 22:23:26,565] {scheduler_job.py:190} INFO - Processing /home/airflow/.local/lib/python3.6/site-packages/airflow/example_dags/example_task_group.py took 0.135 seconds
[2024-04-27 22:23:56,643] {scheduler_job.py:182} INFO - Started process (PID=414) to work on /home/airflow/.local/lib/python3.6/site-packages/airflow/example_dags/example_task_group.py
[2024-04-27 22:23:56,650] {scheduler_job.py:629} INFO - Processing file /home/airflow/.local/lib/python3.6/site-packages/airflow/example_dags/example_task_group.py for tasks to queue
[2024-04-27 22:23:56,651] {logging_mixin.py:104} INFO - [2024-04-27 22:23:56,651] {dagbag.py:451} INFO - Filling up the DagBag from /home/airflow/.local/lib/python3.6/site-packages/airflow/example_dags/example_task_group.py
[2024-04-27 22:23:56,665] {scheduler_job.py:639} INFO - DAG(s) dict_keys(['example_task_group']) retrieved from /home/airflow/.local/lib/python3.6/site-packages/airflow/example_dags/example_task_group.py
[2024-04-27 22:23:56,690] {logging_mixin.py:104} INFO - [2024-04-27 22:23:56,690] {dag.py:1824} INFO - Sync 1 DAGs
[2024-04-27 22:23:56,707] {logging_mixin.py:104} INFO - [2024-04-27 22:23:56,707] {dag.py:2280} INFO - Setting next_dagrun for example_task_group to 2024-04-25 00:00:00+00:00
[2024-04-27 22:23:56,725] {scheduler_job.py:190} INFO - Processing /home/airflow/.local/lib/python3.6/site-packages/airflow/example_dags/example_task_group.py took 0.087 seconds
[2024-04-27 22:24:26,910] {scheduler_job.py:182} INFO - Started process (PID=440) to work on /home/airflow/.local/lib/python3.6/site-packages/airflow/example_dags/example_task_group.py
[2024-04-27 22:24:26,912] {scheduler_job.py:629} INFO - Processing file /home/airflow/.local/lib/python3.6/site-packages/airflow/example_dags/example_task_group.py for tasks to queue
[2024-04-27 22:24:26,914] {logging_mixin.py:104} INFO - [2024-04-27 22:24:26,914] {dagbag.py:451} INFO - Filling up the DagBag from /home/airflow/.local/lib/python3.6/site-packages/airflow/example_dags/example_task_group.py
[2024-04-27 22:24:26,933] {scheduler_job.py:639} INFO - DAG(s) dict_keys(['example_task_group']) retrieved from /home/airflow/.local/lib/python3.6/site-packages/airflow/example_dags/example_task_group.py
[2024-04-27 22:24:26,964] {logging_mixin.py:104} INFO - [2024-04-27 22:24:26,964] {dag.py:1824} INFO - Sync 1 DAGs
[2024-04-27 22:24:26,985] {logging_mixin.py:104} INFO - [2024-04-27 22:24:26,985] {dag.py:2280} INFO - Setting next_dagrun for example_task_group to 2024-04-25 00:00:00+00:00
[2024-04-27 22:24:27,001] {scheduler_job.py:190} INFO - Processing /home/airflow/.local/lib/python3.6/site-packages/airflow/example_dags/example_task_group.py took 0.096 seconds
[2024-04-27 22:24:57,107] {scheduler_job.py:182} INFO - Started process (PID=466) to work on /home/airflow/.local/lib/python3.6/site-packages/airflow/example_dags/example_task_group.py
[2024-04-27 22:24:57,110] {scheduler_job.py:629} INFO - Processing file /home/airflow/.local/lib/python3.6/site-packages/airflow/example_dags/example_task_group.py for tasks to queue
[2024-04-27 22:24:57,113] {logging_mixin.py:104} INFO - [2024-04-27 22:24:57,113] {dagbag.py:451} INFO - Filling up the DagBag from /home/airflow/.local/lib/python3.6/site-packages/airflow/example_dags/example_task_group.py
[2024-04-27 22:24:57,134] {scheduler_job.py:639} INFO - DAG(s) dict_keys(['example_task_group']) retrieved from /home/airflow/.local/lib/python3.6/site-packages/airflow/example_dags/example_task_group.py
[2024-04-27 22:24:57,172] {logging_mixin.py:104} INFO - [2024-04-27 22:24:57,172] {dag.py:1824} INFO - Sync 1 DAGs
[2024-04-27 22:24:57,202] {logging_mixin.py:104} INFO - [2024-04-27 22:24:57,202] {dag.py:2280} INFO - Setting next_dagrun for example_task_group to 2024-04-25 00:00:00+00:00
[2024-04-27 22:24:57,220] {scheduler_job.py:190} INFO - Processing /home/airflow/.local/lib/python3.6/site-packages/airflow/example_dags/example_task_group.py took 0.118 seconds
[2024-04-27 22:25:27,268] {scheduler_job.py:182} INFO - Started process (PID=492) to work on /home/airflow/.local/lib/python3.6/site-packages/airflow/example_dags/example_task_group.py
[2024-04-27 22:25:27,270] {scheduler_job.py:629} INFO - Processing file /home/airflow/.local/lib/python3.6/site-packages/airflow/example_dags/example_task_group.py for tasks to queue
[2024-04-27 22:25:27,272] {logging_mixin.py:104} INFO - [2024-04-27 22:25:27,271] {dagbag.py:451} INFO - Filling up the DagBag from /home/airflow/.local/lib/python3.6/site-packages/airflow/example_dags/example_task_group.py
[2024-04-27 22:25:27,290] {scheduler_job.py:639} INFO - DAG(s) dict_keys(['example_task_group']) retrieved from /home/airflow/.local/lib/python3.6/site-packages/airflow/example_dags/example_task_group.py
[2024-04-27 22:25:27,323] {logging_mixin.py:104} INFO - [2024-04-27 22:25:27,322] {dag.py:1824} INFO - Sync 1 DAGs
[2024-04-27 22:25:27,343] {logging_mixin.py:104} INFO - [2024-04-27 22:25:27,343] {dag.py:2280} INFO - Setting next_dagrun for example_task_group to 2024-04-25 00:00:00+00:00
[2024-04-27 22:25:27,358] {scheduler_job.py:190} INFO - Processing /home/airflow/.local/lib/python3.6/site-packages/airflow/example_dags/example_task_group.py took 0.095 seconds
[2024-04-27 22:25:58,411] {scheduler_job.py:182} INFO - Started process (PID=518) to work on /home/airflow/.local/lib/python3.6/site-packages/airflow/example_dags/example_task_group.py
[2024-04-27 22:25:58,414] {scheduler_job.py:629} INFO - Processing file /home/airflow/.local/lib/python3.6/site-packages/airflow/example_dags/example_task_group.py for tasks to queue
[2024-04-27 22:25:58,416] {logging_mixin.py:104} INFO - [2024-04-27 22:25:58,415] {dagbag.py:451} INFO - Filling up the DagBag from /home/airflow/.local/lib/python3.6/site-packages/airflow/example_dags/example_task_group.py
[2024-04-27 22:25:58,434] {scheduler_job.py:639} INFO - DAG(s) dict_keys(['example_task_group']) retrieved from /home/airflow/.local/lib/python3.6/site-packages/airflow/example_dags/example_task_group.py
[2024-04-27 22:25:58,463] {logging_mixin.py:104} INFO - [2024-04-27 22:25:58,463] {dag.py:1824} INFO - Sync 1 DAGs
[2024-04-27 22:25:58,484] {logging_mixin.py:104} INFO - [2024-04-27 22:25:58,484] {dag.py:2280} INFO - Setting next_dagrun for example_task_group to 2024-04-25 00:00:00+00:00
[2024-04-27 22:25:58,505] {scheduler_job.py:190} INFO - Processing /home/airflow/.local/lib/python3.6/site-packages/airflow/example_dags/example_task_group.py took 0.099 seconds
[2024-04-27 22:26:28,588] {scheduler_job.py:182} INFO - Started process (PID=543) to work on /home/airflow/.local/lib/python3.6/site-packages/airflow/example_dags/example_task_group.py
[2024-04-27 22:26:28,590] {scheduler_job.py:629} INFO - Processing file /home/airflow/.local/lib/python3.6/site-packages/airflow/example_dags/example_task_group.py for tasks to queue
[2024-04-27 22:26:28,592] {logging_mixin.py:104} INFO - [2024-04-27 22:26:28,591] {dagbag.py:451} INFO - Filling up the DagBag from /home/airflow/.local/lib/python3.6/site-packages/airflow/example_dags/example_task_group.py
[2024-04-27 22:26:28,611] {scheduler_job.py:639} INFO - DAG(s) dict_keys(['example_task_group']) retrieved from /home/airflow/.local/lib/python3.6/site-packages/airflow/example_dags/example_task_group.py
[2024-04-27 22:26:28,640] {logging_mixin.py:104} INFO - [2024-04-27 22:26:28,640] {dag.py:1824} INFO - Sync 1 DAGs
[2024-04-27 22:26:28,663] {logging_mixin.py:104} INFO - [2024-04-27 22:26:28,663] {dag.py:2280} INFO - Setting next_dagrun for example_task_group to 2024-04-25 00:00:00+00:00
[2024-04-27 22:26:28,682] {scheduler_job.py:190} INFO - Processing /home/airflow/.local/lib/python3.6/site-packages/airflow/example_dags/example_task_group.py took 0.099 seconds
[2024-04-27 22:26:59,196] {scheduler_job.py:182} INFO - Started process (PID=570) to work on /home/airflow/.local/lib/python3.6/site-packages/airflow/example_dags/example_task_group.py
[2024-04-27 22:26:59,198] {scheduler_job.py:629} INFO - Processing file /home/airflow/.local/lib/python3.6/site-packages/airflow/example_dags/example_task_group.py for tasks to queue
[2024-04-27 22:26:59,200] {logging_mixin.py:104} INFO - [2024-04-27 22:26:59,200] {dagbag.py:451} INFO - Filling up the DagBag from /home/airflow/.local/lib/python3.6/site-packages/airflow/example_dags/example_task_group.py
[2024-04-27 22:26:59,221] {scheduler_job.py:639} INFO - DAG(s) dict_keys(['example_task_group']) retrieved from /home/airflow/.local/lib/python3.6/site-packages/airflow/example_dags/example_task_group.py
[2024-04-27 22:26:59,258] {logging_mixin.py:104} INFO - [2024-04-27 22:26:59,257] {dag.py:1824} INFO - Sync 1 DAGs
[2024-04-27 22:26:59,282] {logging_mixin.py:104} INFO - [2024-04-27 22:26:59,282] {dag.py:2280} INFO - Setting next_dagrun for example_task_group to 2024-04-25 00:00:00+00:00
[2024-04-27 22:26:59,299] {scheduler_job.py:190} INFO - Processing /home/airflow/.local/lib/python3.6/site-packages/airflow/example_dags/example_task_group.py took 0.110 seconds
[2024-04-27 22:27:30,223] {scheduler_job.py:182} INFO - Started process (PID=596) to work on /home/airflow/.local/lib/python3.6/site-packages/airflow/example_dags/example_task_group.py
[2024-04-27 22:27:30,226] {scheduler_job.py:629} INFO - Processing file /home/airflow/.local/lib/python3.6/site-packages/airflow/example_dags/example_task_group.py for tasks to queue
[2024-04-27 22:27:30,228] {logging_mixin.py:104} INFO - [2024-04-27 22:27:30,227] {dagbag.py:451} INFO - Filling up the DagBag from /home/airflow/.local/lib/python3.6/site-packages/airflow/example_dags/example_task_group.py
[2024-04-27 22:27:30,249] {scheduler_job.py:639} INFO - DAG(s) dict_keys(['example_task_group']) retrieved from /home/airflow/.local/lib/python3.6/site-packages/airflow/example_dags/example_task_group.py
[2024-04-27 22:27:30,280] {logging_mixin.py:104} INFO - [2024-04-27 22:27:30,280] {dag.py:1824} INFO - Sync 1 DAGs
[2024-04-27 22:27:30,299] {logging_mixin.py:104} INFO - [2024-04-27 22:27:30,299] {dag.py:2280} INFO - Setting next_dagrun for example_task_group to 2024-04-25 00:00:00+00:00
[2024-04-27 22:27:30,316] {scheduler_job.py:190} INFO - Processing /home/airflow/.local/lib/python3.6/site-packages/airflow/example_dags/example_task_group.py took 0.098 seconds
[2024-04-27 22:28:01,035] {scheduler_job.py:182} INFO - Started process (PID=622) to work on /home/airflow/.local/lib/python3.6/site-packages/airflow/example_dags/example_task_group.py
[2024-04-27 22:28:01,037] {scheduler_job.py:629} INFO - Processing file /home/airflow/.local/lib/python3.6/site-packages/airflow/example_dags/example_task_group.py for tasks to queue
[2024-04-27 22:28:01,039] {logging_mixin.py:104} INFO - [2024-04-27 22:28:01,039] {dagbag.py:451} INFO - Filling up the DagBag from /home/airflow/.local/lib/python3.6/site-packages/airflow/example_dags/example_task_group.py
[2024-04-27 22:28:01,057] {scheduler_job.py:639} INFO - DAG(s) dict_keys(['example_task_group']) retrieved from /home/airflow/.local/lib/python3.6/site-packages/airflow/example_dags/example_task_group.py
[2024-04-27 22:28:01,089] {logging_mixin.py:104} INFO - [2024-04-27 22:28:01,089] {dag.py:1824} INFO - Sync 1 DAGs
[2024-04-27 22:28:01,112] {logging_mixin.py:104} INFO - [2024-04-27 22:28:01,112] {dag.py:2280} INFO - Setting next_dagrun for example_task_group to 2024-04-25 00:00:00+00:00
[2024-04-27 22:28:01,129] {scheduler_job.py:190} INFO - Processing /home/airflow/.local/lib/python3.6/site-packages/airflow/example_dags/example_task_group.py took 0.099 seconds
[2024-04-27 22:28:31,353] {scheduler_job.py:182} INFO - Started process (PID=647) to work on /home/airflow/.local/lib/python3.6/site-packages/airflow/example_dags/example_task_group.py
[2024-04-27 22:28:31,356] {scheduler_job.py:629} INFO - Processing file /home/airflow/.local/lib/python3.6/site-packages/airflow/example_dags/example_task_group.py for tasks to queue
[2024-04-27 22:28:31,357] {logging_mixin.py:104} INFO - [2024-04-27 22:28:31,357] {dagbag.py:451} INFO - Filling up the DagBag from /home/airflow/.local/lib/python3.6/site-packages/airflow/example_dags/example_task_group.py
[2024-04-27 22:28:31,377] {scheduler_job.py:639} INFO - DAG(s) dict_keys(['example_task_group']) retrieved from /home/airflow/.local/lib/python3.6/site-packages/airflow/example_dags/example_task_group.py
[2024-04-27 22:28:31,410] {logging_mixin.py:104} INFO - [2024-04-27 22:28:31,410] {dag.py:1824} INFO - Sync 1 DAGs
[2024-04-27 22:28:31,432] {logging_mixin.py:104} INFO - [2024-04-27 22:28:31,431] {dag.py:2280} INFO - Setting next_dagrun for example_task_group to 2024-04-25 00:00:00+00:00
[2024-04-27 22:28:31,447] {scheduler_job.py:190} INFO - Processing /home/airflow/.local/lib/python3.6/site-packages/airflow/example_dags/example_task_group.py took 0.098 seconds
