[2024-04-27 22:16:44,063] {scheduler_job.py:182} INFO - Started process (PID=42) to work on /home/airflow/.local/lib/python3.6/site-packages/airflow/example_dags/example_kubernetes_executor_config.py
[2024-04-27 22:16:44,067] {scheduler_job.py:629} INFO - Processing file /home/airflow/.local/lib/python3.6/site-packages/airflow/example_dags/example_kubernetes_executor_config.py for tasks to queue
[2024-04-27 22:16:44,080] {logging_mixin.py:104} INFO - [2024-04-27 22:16:44,079] {dagbag.py:451} INFO - Filling up the DagBag from /home/airflow/.local/lib/python3.6/site-packages/airflow/example_dags/example_kubernetes_executor_config.py
[2024-04-27 22:16:44,161] {scheduler_job.py:639} INFO - DAG(s) dict_keys(['example_kubernetes_executor_config']) retrieved from /home/airflow/.local/lib/python3.6/site-packages/airflow/example_dags/example_kubernetes_executor_config.py
[2024-04-27 22:16:44,223] {logging_mixin.py:104} INFO - [2024-04-27 22:16:44,223] {dag.py:1824} INFO - Sync 1 DAGs
[2024-04-27 22:16:44,248] {logging_mixin.py:104} INFO - [2024-04-27 22:16:44,248] {dag.py:1843} INFO - Creating ORM DAG for example_kubernetes_executor_config
[2024-04-27 22:16:44,262] {logging_mixin.py:104} INFO - [2024-04-27 22:16:44,262] {dag.py:2280} INFO - Setting next_dagrun for example_kubernetes_executor_config to None
[2024-04-27 22:16:44,303] {scheduler_job.py:190} INFO - Processing /home/airflow/.local/lib/python3.6/site-packages/airflow/example_dags/example_kubernetes_executor_config.py took 0.266 seconds
[2024-04-27 22:17:16,341] {scheduler_job.py:182} INFO - Started process (PID=70) to work on /home/airflow/.local/lib/python3.6/site-packages/airflow/example_dags/example_kubernetes_executor_config.py
[2024-04-27 22:17:16,344] {scheduler_job.py:629} INFO - Processing file /home/airflow/.local/lib/python3.6/site-packages/airflow/example_dags/example_kubernetes_executor_config.py for tasks to queue
[2024-04-27 22:17:16,347] {logging_mixin.py:104} INFO - [2024-04-27 22:17:16,347] {dagbag.py:451} INFO - Filling up the DagBag from /home/airflow/.local/lib/python3.6/site-packages/airflow/example_dags/example_kubernetes_executor_config.py
[2024-04-27 22:17:16,598] {scheduler_job.py:639} INFO - DAG(s) dict_keys(['example_kubernetes_executor_config']) retrieved from /home/airflow/.local/lib/python3.6/site-packages/airflow/example_dags/example_kubernetes_executor_config.py
[2024-04-27 22:17:16,795] {logging_mixin.py:104} INFO - [2024-04-27 22:17:16,795] {dag.py:1824} INFO - Sync 1 DAGs
[2024-04-27 22:17:16,911] {logging_mixin.py:104} INFO - [2024-04-27 22:17:16,911] {dag.py:2280} INFO - Setting next_dagrun for example_kubernetes_executor_config to None
[2024-04-27 22:17:16,961] {scheduler_job.py:190} INFO - Processing /home/airflow/.local/lib/python3.6/site-packages/airflow/example_dags/example_kubernetes_executor_config.py took 0.626 seconds
[2024-04-27 22:17:47,247] {scheduler_job.py:182} INFO - Started process (PID=96) to work on /home/airflow/.local/lib/python3.6/site-packages/airflow/example_dags/example_kubernetes_executor_config.py
[2024-04-27 22:17:47,250] {scheduler_job.py:629} INFO - Processing file /home/airflow/.local/lib/python3.6/site-packages/airflow/example_dags/example_kubernetes_executor_config.py for tasks to queue
[2024-04-27 22:17:47,252] {logging_mixin.py:104} INFO - [2024-04-27 22:17:47,252] {dagbag.py:451} INFO - Filling up the DagBag from /home/airflow/.local/lib/python3.6/site-packages/airflow/example_dags/example_kubernetes_executor_config.py
[2024-04-27 22:17:47,281] {scheduler_job.py:639} INFO - DAG(s) dict_keys(['example_kubernetes_executor_config']) retrieved from /home/airflow/.local/lib/python3.6/site-packages/airflow/example_dags/example_kubernetes_executor_config.py
[2024-04-27 22:17:47,327] {logging_mixin.py:104} INFO - [2024-04-27 22:17:47,326] {dag.py:1824} INFO - Sync 1 DAGs
[2024-04-27 22:17:47,351] {logging_mixin.py:104} INFO - [2024-04-27 22:17:47,351] {dag.py:2280} INFO - Setting next_dagrun for example_kubernetes_executor_config to None
[2024-04-27 22:17:47,370] {scheduler_job.py:190} INFO - Processing /home/airflow/.local/lib/python3.6/site-packages/airflow/example_dags/example_kubernetes_executor_config.py took 0.128 seconds
[2024-04-27 22:18:18,112] {scheduler_job.py:182} INFO - Started process (PID=124) to work on /home/airflow/.local/lib/python3.6/site-packages/airflow/example_dags/example_kubernetes_executor_config.py
[2024-04-27 22:18:18,115] {scheduler_job.py:629} INFO - Processing file /home/airflow/.local/lib/python3.6/site-packages/airflow/example_dags/example_kubernetes_executor_config.py for tasks to queue
[2024-04-27 22:18:18,117] {logging_mixin.py:104} INFO - [2024-04-27 22:18:18,117] {dagbag.py:451} INFO - Filling up the DagBag from /home/airflow/.local/lib/python3.6/site-packages/airflow/example_dags/example_kubernetes_executor_config.py
[2024-04-27 22:18:18,150] {scheduler_job.py:639} INFO - DAG(s) dict_keys(['example_kubernetes_executor_config']) retrieved from /home/airflow/.local/lib/python3.6/site-packages/airflow/example_dags/example_kubernetes_executor_config.py
[2024-04-27 22:18:18,217] {logging_mixin.py:104} INFO - [2024-04-27 22:18:18,217] {dag.py:1824} INFO - Sync 1 DAGs
[2024-04-27 22:18:18,246] {logging_mixin.py:104} INFO - [2024-04-27 22:18:18,246] {dag.py:2280} INFO - Setting next_dagrun for example_kubernetes_executor_config to None
[2024-04-27 22:18:18,268] {scheduler_job.py:190} INFO - Processing /home/airflow/.local/lib/python3.6/site-packages/airflow/example_dags/example_kubernetes_executor_config.py took 0.164 seconds
[2024-04-27 22:18:48,476] {scheduler_job.py:182} INFO - Started process (PID=151) to work on /home/airflow/.local/lib/python3.6/site-packages/airflow/example_dags/example_kubernetes_executor_config.py
[2024-04-27 22:18:48,481] {scheduler_job.py:629} INFO - Processing file /home/airflow/.local/lib/python3.6/site-packages/airflow/example_dags/example_kubernetes_executor_config.py for tasks to queue
[2024-04-27 22:18:48,486] {logging_mixin.py:104} INFO - [2024-04-27 22:18:48,485] {dagbag.py:451} INFO - Filling up the DagBag from /home/airflow/.local/lib/python3.6/site-packages/airflow/example_dags/example_kubernetes_executor_config.py
[2024-04-27 22:18:48,527] {scheduler_job.py:639} INFO - DAG(s) dict_keys(['example_kubernetes_executor_config']) retrieved from /home/airflow/.local/lib/python3.6/site-packages/airflow/example_dags/example_kubernetes_executor_config.py
[2024-04-27 22:18:48,589] {logging_mixin.py:104} INFO - [2024-04-27 22:18:48,589] {dag.py:1824} INFO - Sync 1 DAGs
[2024-04-27 22:18:48,620] {logging_mixin.py:104} INFO - [2024-04-27 22:18:48,620] {dag.py:2280} INFO - Setting next_dagrun for example_kubernetes_executor_config to None
[2024-04-27 22:18:48,641] {scheduler_job.py:190} INFO - Processing /home/airflow/.local/lib/python3.6/site-packages/airflow/example_dags/example_kubernetes_executor_config.py took 0.173 seconds
[2024-04-27 22:19:18,785] {scheduler_job.py:182} INFO - Started process (PID=177) to work on /home/airflow/.local/lib/python3.6/site-packages/airflow/example_dags/example_kubernetes_executor_config.py
[2024-04-27 22:19:18,789] {scheduler_job.py:629} INFO - Processing file /home/airflow/.local/lib/python3.6/site-packages/airflow/example_dags/example_kubernetes_executor_config.py for tasks to queue
[2024-04-27 22:19:18,791] {logging_mixin.py:104} INFO - [2024-04-27 22:19:18,791] {dagbag.py:451} INFO - Filling up the DagBag from /home/airflow/.local/lib/python3.6/site-packages/airflow/example_dags/example_kubernetes_executor_config.py
[2024-04-27 22:19:18,821] {scheduler_job.py:639} INFO - DAG(s) dict_keys(['example_kubernetes_executor_config']) retrieved from /home/airflow/.local/lib/python3.6/site-packages/airflow/example_dags/example_kubernetes_executor_config.py
[2024-04-27 22:19:18,869] {logging_mixin.py:104} INFO - [2024-04-27 22:19:18,868] {dag.py:1824} INFO - Sync 1 DAGs
[2024-04-27 22:19:18,891] {logging_mixin.py:104} INFO - [2024-04-27 22:19:18,891] {dag.py:2280} INFO - Setting next_dagrun for example_kubernetes_executor_config to None
[2024-04-27 22:19:18,909] {scheduler_job.py:190} INFO - Processing /home/airflow/.local/lib/python3.6/site-packages/airflow/example_dags/example_kubernetes_executor_config.py took 0.129 seconds
[2024-04-27 22:19:49,531] {scheduler_job.py:182} INFO - Started process (PID=203) to work on /home/airflow/.local/lib/python3.6/site-packages/airflow/example_dags/example_kubernetes_executor_config.py
[2024-04-27 22:19:49,536] {scheduler_job.py:629} INFO - Processing file /home/airflow/.local/lib/python3.6/site-packages/airflow/example_dags/example_kubernetes_executor_config.py for tasks to queue
[2024-04-27 22:19:49,539] {logging_mixin.py:104} INFO - [2024-04-27 22:19:49,539] {dagbag.py:451} INFO - Filling up the DagBag from /home/airflow/.local/lib/python3.6/site-packages/airflow/example_dags/example_kubernetes_executor_config.py
[2024-04-27 22:19:49,588] {scheduler_job.py:639} INFO - DAG(s) dict_keys(['example_kubernetes_executor_config']) retrieved from /home/airflow/.local/lib/python3.6/site-packages/airflow/example_dags/example_kubernetes_executor_config.py
[2024-04-27 22:19:49,651] {logging_mixin.py:104} INFO - [2024-04-27 22:19:49,650] {dag.py:1824} INFO - Sync 1 DAGs
[2024-04-27 22:19:49,681] {logging_mixin.py:104} INFO - [2024-04-27 22:19:49,681] {dag.py:2280} INFO - Setting next_dagrun for example_kubernetes_executor_config to None
[2024-04-27 22:19:49,705] {scheduler_job.py:190} INFO - Processing /home/airflow/.local/lib/python3.6/site-packages/airflow/example_dags/example_kubernetes_executor_config.py took 0.184 seconds
[2024-04-27 22:20:19,822] {scheduler_job.py:182} INFO - Started process (PID=229) to work on /home/airflow/.local/lib/python3.6/site-packages/airflow/example_dags/example_kubernetes_executor_config.py
[2024-04-27 22:20:19,825] {scheduler_job.py:629} INFO - Processing file /home/airflow/.local/lib/python3.6/site-packages/airflow/example_dags/example_kubernetes_executor_config.py for tasks to queue
[2024-04-27 22:20:19,827] {logging_mixin.py:104} INFO - [2024-04-27 22:20:19,827] {dagbag.py:451} INFO - Filling up the DagBag from /home/airflow/.local/lib/python3.6/site-packages/airflow/example_dags/example_kubernetes_executor_config.py
[2024-04-27 22:20:19,852] {scheduler_job.py:639} INFO - DAG(s) dict_keys(['example_kubernetes_executor_config']) retrieved from /home/airflow/.local/lib/python3.6/site-packages/airflow/example_dags/example_kubernetes_executor_config.py
[2024-04-27 22:20:19,903] {logging_mixin.py:104} INFO - [2024-04-27 22:20:19,903] {dag.py:1824} INFO - Sync 1 DAGs
[2024-04-27 22:20:19,934] {logging_mixin.py:104} INFO - [2024-04-27 22:20:19,934] {dag.py:2280} INFO - Setting next_dagrun for example_kubernetes_executor_config to None
[2024-04-27 22:20:19,952] {scheduler_job.py:190} INFO - Processing /home/airflow/.local/lib/python3.6/site-packages/airflow/example_dags/example_kubernetes_executor_config.py took 0.134 seconds
[2024-04-27 22:20:50,692] {scheduler_job.py:182} INFO - Started process (PID=255) to work on /home/airflow/.local/lib/python3.6/site-packages/airflow/example_dags/example_kubernetes_executor_config.py
[2024-04-27 22:20:50,695] {scheduler_job.py:629} INFO - Processing file /home/airflow/.local/lib/python3.6/site-packages/airflow/example_dags/example_kubernetes_executor_config.py for tasks to queue
[2024-04-27 22:20:50,697] {logging_mixin.py:104} INFO - [2024-04-27 22:20:50,697] {dagbag.py:451} INFO - Filling up the DagBag from /home/airflow/.local/lib/python3.6/site-packages/airflow/example_dags/example_kubernetes_executor_config.py
[2024-04-27 22:20:50,720] {scheduler_job.py:639} INFO - DAG(s) dict_keys(['example_kubernetes_executor_config']) retrieved from /home/airflow/.local/lib/python3.6/site-packages/airflow/example_dags/example_kubernetes_executor_config.py
[2024-04-27 22:20:50,761] {logging_mixin.py:104} INFO - [2024-04-27 22:20:50,760] {dag.py:1824} INFO - Sync 1 DAGs
[2024-04-27 22:20:50,789] {logging_mixin.py:104} INFO - [2024-04-27 22:20:50,789] {dag.py:2280} INFO - Setting next_dagrun for example_kubernetes_executor_config to None
[2024-04-27 22:20:50,803] {scheduler_job.py:190} INFO - Processing /home/airflow/.local/lib/python3.6/site-packages/airflow/example_dags/example_kubernetes_executor_config.py took 0.116 seconds
[2024-04-27 22:21:22,051] {scheduler_job.py:182} INFO - Started process (PID=281) to work on /home/airflow/.local/lib/python3.6/site-packages/airflow/example_dags/example_kubernetes_executor_config.py
[2024-04-27 22:21:22,054] {scheduler_job.py:629} INFO - Processing file /home/airflow/.local/lib/python3.6/site-packages/airflow/example_dags/example_kubernetes_executor_config.py for tasks to queue
[2024-04-27 22:21:22,059] {logging_mixin.py:104} INFO - [2024-04-27 22:21:22,059] {dagbag.py:451} INFO - Filling up the DagBag from /home/airflow/.local/lib/python3.6/site-packages/airflow/example_dags/example_kubernetes_executor_config.py
[2024-04-27 22:21:22,118] {scheduler_job.py:639} INFO - DAG(s) dict_keys(['example_kubernetes_executor_config']) retrieved from /home/airflow/.local/lib/python3.6/site-packages/airflow/example_dags/example_kubernetes_executor_config.py
[2024-04-27 22:21:22,178] {logging_mixin.py:104} INFO - [2024-04-27 22:21:22,178] {dag.py:1824} INFO - Sync 1 DAGs
[2024-04-27 22:21:22,206] {logging_mixin.py:104} INFO - [2024-04-27 22:21:22,206] {dag.py:2280} INFO - Setting next_dagrun for example_kubernetes_executor_config to None
[2024-04-27 22:21:22,245] {scheduler_job.py:190} INFO - Processing /home/airflow/.local/lib/python3.6/site-packages/airflow/example_dags/example_kubernetes_executor_config.py took 0.203 seconds
[2024-04-27 22:21:52,614] {scheduler_job.py:182} INFO - Started process (PID=307) to work on /home/airflow/.local/lib/python3.6/site-packages/airflow/example_dags/example_kubernetes_executor_config.py
[2024-04-27 22:21:52,617] {scheduler_job.py:629} INFO - Processing file /home/airflow/.local/lib/python3.6/site-packages/airflow/example_dags/example_kubernetes_executor_config.py for tasks to queue
[2024-04-27 22:21:52,619] {logging_mixin.py:104} INFO - [2024-04-27 22:21:52,619] {dagbag.py:451} INFO - Filling up the DagBag from /home/airflow/.local/lib/python3.6/site-packages/airflow/example_dags/example_kubernetes_executor_config.py
[2024-04-27 22:21:52,655] {scheduler_job.py:639} INFO - DAG(s) dict_keys(['example_kubernetes_executor_config']) retrieved from /home/airflow/.local/lib/python3.6/site-packages/airflow/example_dags/example_kubernetes_executor_config.py
[2024-04-27 22:21:52,699] {logging_mixin.py:104} INFO - [2024-04-27 22:21:52,699] {dag.py:1824} INFO - Sync 1 DAGs
[2024-04-27 22:21:52,725] {logging_mixin.py:104} INFO - [2024-04-27 22:21:52,724] {dag.py:2280} INFO - Setting next_dagrun for example_kubernetes_executor_config to None
[2024-04-27 22:21:52,745] {scheduler_job.py:190} INFO - Processing /home/airflow/.local/lib/python3.6/site-packages/airflow/example_dags/example_kubernetes_executor_config.py took 0.136 seconds
[2024-04-27 22:22:22,809] {scheduler_job.py:182} INFO - Started process (PID=333) to work on /home/airflow/.local/lib/python3.6/site-packages/airflow/example_dags/example_kubernetes_executor_config.py
[2024-04-27 22:22:22,811] {scheduler_job.py:629} INFO - Processing file /home/airflow/.local/lib/python3.6/site-packages/airflow/example_dags/example_kubernetes_executor_config.py for tasks to queue
[2024-04-27 22:22:22,812] {logging_mixin.py:104} INFO - [2024-04-27 22:22:22,812] {dagbag.py:451} INFO - Filling up the DagBag from /home/airflow/.local/lib/python3.6/site-packages/airflow/example_dags/example_kubernetes_executor_config.py
[2024-04-27 22:22:22,837] {scheduler_job.py:639} INFO - DAG(s) dict_keys(['example_kubernetes_executor_config']) retrieved from /home/airflow/.local/lib/python3.6/site-packages/airflow/example_dags/example_kubernetes_executor_config.py
[2024-04-27 22:22:22,869] {logging_mixin.py:104} INFO - [2024-04-27 22:22:22,869] {dag.py:1824} INFO - Sync 1 DAGs
[2024-04-27 22:22:22,888] {logging_mixin.py:104} INFO - [2024-04-27 22:22:22,888] {dag.py:2280} INFO - Setting next_dagrun for example_kubernetes_executor_config to None
[2024-04-27 22:22:22,905] {scheduler_job.py:190} INFO - Processing /home/airflow/.local/lib/python3.6/site-packages/airflow/example_dags/example_kubernetes_executor_config.py took 0.101 seconds
[2024-04-27 22:22:53,689] {scheduler_job.py:182} INFO - Started process (PID=359) to work on /home/airflow/.local/lib/python3.6/site-packages/airflow/example_dags/example_kubernetes_executor_config.py
[2024-04-27 22:22:53,691] {scheduler_job.py:629} INFO - Processing file /home/airflow/.local/lib/python3.6/site-packages/airflow/example_dags/example_kubernetes_executor_config.py for tasks to queue
[2024-04-27 22:22:53,693] {logging_mixin.py:104} INFO - [2024-04-27 22:22:53,693] {dagbag.py:451} INFO - Filling up the DagBag from /home/airflow/.local/lib/python3.6/site-packages/airflow/example_dags/example_kubernetes_executor_config.py
[2024-04-27 22:22:53,728] {scheduler_job.py:639} INFO - DAG(s) dict_keys(['example_kubernetes_executor_config']) retrieved from /home/airflow/.local/lib/python3.6/site-packages/airflow/example_dags/example_kubernetes_executor_config.py
[2024-04-27 22:22:53,766] {logging_mixin.py:104} INFO - [2024-04-27 22:22:53,766] {dag.py:1824} INFO - Sync 1 DAGs
[2024-04-27 22:22:53,786] {logging_mixin.py:104} INFO - [2024-04-27 22:22:53,786] {dag.py:2280} INFO - Setting next_dagrun for example_kubernetes_executor_config to None
[2024-04-27 22:22:53,802] {scheduler_job.py:190} INFO - Processing /home/airflow/.local/lib/python3.6/site-packages/airflow/example_dags/example_kubernetes_executor_config.py took 0.119 seconds
[2024-04-27 22:23:24,249] {scheduler_job.py:182} INFO - Started process (PID=385) to work on /home/airflow/.local/lib/python3.6/site-packages/airflow/example_dags/example_kubernetes_executor_config.py
[2024-04-27 22:23:24,251] {scheduler_job.py:629} INFO - Processing file /home/airflow/.local/lib/python3.6/site-packages/airflow/example_dags/example_kubernetes_executor_config.py for tasks to queue
[2024-04-27 22:23:24,253] {logging_mixin.py:104} INFO - [2024-04-27 22:23:24,252] {dagbag.py:451} INFO - Filling up the DagBag from /home/airflow/.local/lib/python3.6/site-packages/airflow/example_dags/example_kubernetes_executor_config.py
[2024-04-27 22:23:24,280] {scheduler_job.py:639} INFO - DAG(s) dict_keys(['example_kubernetes_executor_config']) retrieved from /home/airflow/.local/lib/python3.6/site-packages/airflow/example_dags/example_kubernetes_executor_config.py
[2024-04-27 22:23:24,314] {logging_mixin.py:104} INFO - [2024-04-27 22:23:24,314] {dag.py:1824} INFO - Sync 1 DAGs
[2024-04-27 22:23:24,335] {logging_mixin.py:104} INFO - [2024-04-27 22:23:24,335] {dag.py:2280} INFO - Setting next_dagrun for example_kubernetes_executor_config to None
[2024-04-27 22:23:24,352] {scheduler_job.py:190} INFO - Processing /home/airflow/.local/lib/python3.6/site-packages/airflow/example_dags/example_kubernetes_executor_config.py took 0.108 seconds
[2024-04-27 22:23:55,334] {scheduler_job.py:182} INFO - Started process (PID=411) to work on /home/airflow/.local/lib/python3.6/site-packages/airflow/example_dags/example_kubernetes_executor_config.py
[2024-04-27 22:23:55,343] {scheduler_job.py:629} INFO - Processing file /home/airflow/.local/lib/python3.6/site-packages/airflow/example_dags/example_kubernetes_executor_config.py for tasks to queue
[2024-04-27 22:23:55,344] {logging_mixin.py:104} INFO - [2024-04-27 22:23:55,344] {dagbag.py:451} INFO - Filling up the DagBag from /home/airflow/.local/lib/python3.6/site-packages/airflow/example_dags/example_kubernetes_executor_config.py
[2024-04-27 22:23:55,364] {scheduler_job.py:639} INFO - DAG(s) dict_keys(['example_kubernetes_executor_config']) retrieved from /home/airflow/.local/lib/python3.6/site-packages/airflow/example_dags/example_kubernetes_executor_config.py
[2024-04-27 22:23:55,397] {logging_mixin.py:104} INFO - [2024-04-27 22:23:55,397] {dag.py:1824} INFO - Sync 1 DAGs
[2024-04-27 22:23:55,418] {logging_mixin.py:104} INFO - [2024-04-27 22:23:55,418] {dag.py:2280} INFO - Setting next_dagrun for example_kubernetes_executor_config to None
[2024-04-27 22:23:55,438] {scheduler_job.py:190} INFO - Processing /home/airflow/.local/lib/python3.6/site-packages/airflow/example_dags/example_kubernetes_executor_config.py took 0.109 seconds
[2024-04-27 22:24:25,537] {scheduler_job.py:182} INFO - Started process (PID=437) to work on /home/airflow/.local/lib/python3.6/site-packages/airflow/example_dags/example_kubernetes_executor_config.py
[2024-04-27 22:24:25,541] {scheduler_job.py:629} INFO - Processing file /home/airflow/.local/lib/python3.6/site-packages/airflow/example_dags/example_kubernetes_executor_config.py for tasks to queue
[2024-04-27 22:24:25,544] {logging_mixin.py:104} INFO - [2024-04-27 22:24:25,543] {dagbag.py:451} INFO - Filling up the DagBag from /home/airflow/.local/lib/python3.6/site-packages/airflow/example_dags/example_kubernetes_executor_config.py
[2024-04-27 22:24:25,581] {scheduler_job.py:639} INFO - DAG(s) dict_keys(['example_kubernetes_executor_config']) retrieved from /home/airflow/.local/lib/python3.6/site-packages/airflow/example_dags/example_kubernetes_executor_config.py
[2024-04-27 22:24:25,637] {logging_mixin.py:104} INFO - [2024-04-27 22:24:25,636] {dag.py:1824} INFO - Sync 1 DAGs
[2024-04-27 22:24:25,670] {logging_mixin.py:104} INFO - [2024-04-27 22:24:25,669] {dag.py:2280} INFO - Setting next_dagrun for example_kubernetes_executor_config to None
[2024-04-27 22:24:25,692] {scheduler_job.py:190} INFO - Processing /home/airflow/.local/lib/python3.6/site-packages/airflow/example_dags/example_kubernetes_executor_config.py took 0.164 seconds
[2024-04-27 22:24:55,845] {scheduler_job.py:182} INFO - Started process (PID=463) to work on /home/airflow/.local/lib/python3.6/site-packages/airflow/example_dags/example_kubernetes_executor_config.py
[2024-04-27 22:24:55,847] {scheduler_job.py:629} INFO - Processing file /home/airflow/.local/lib/python3.6/site-packages/airflow/example_dags/example_kubernetes_executor_config.py for tasks to queue
[2024-04-27 22:24:55,848] {logging_mixin.py:104} INFO - [2024-04-27 22:24:55,848] {dagbag.py:451} INFO - Filling up the DagBag from /home/airflow/.local/lib/python3.6/site-packages/airflow/example_dags/example_kubernetes_executor_config.py
[2024-04-27 22:24:55,869] {scheduler_job.py:639} INFO - DAG(s) dict_keys(['example_kubernetes_executor_config']) retrieved from /home/airflow/.local/lib/python3.6/site-packages/airflow/example_dags/example_kubernetes_executor_config.py
[2024-04-27 22:24:55,899] {logging_mixin.py:104} INFO - [2024-04-27 22:24:55,898] {dag.py:1824} INFO - Sync 1 DAGs
[2024-04-27 22:24:55,918] {logging_mixin.py:104} INFO - [2024-04-27 22:24:55,918] {dag.py:2280} INFO - Setting next_dagrun for example_kubernetes_executor_config to None
[2024-04-27 22:24:55,932] {scheduler_job.py:190} INFO - Processing /home/airflow/.local/lib/python3.6/site-packages/airflow/example_dags/example_kubernetes_executor_config.py took 0.092 seconds
[2024-04-27 22:25:27,129] {scheduler_job.py:182} INFO - Started process (PID=491) to work on /home/airflow/.local/lib/python3.6/site-packages/airflow/example_dags/example_kubernetes_executor_config.py
[2024-04-27 22:25:27,132] {scheduler_job.py:629} INFO - Processing file /home/airflow/.local/lib/python3.6/site-packages/airflow/example_dags/example_kubernetes_executor_config.py for tasks to queue
[2024-04-27 22:25:27,133] {logging_mixin.py:104} INFO - [2024-04-27 22:25:27,133] {dagbag.py:451} INFO - Filling up the DagBag from /home/airflow/.local/lib/python3.6/site-packages/airflow/example_dags/example_kubernetes_executor_config.py
[2024-04-27 22:25:27,156] {scheduler_job.py:639} INFO - DAG(s) dict_keys(['example_kubernetes_executor_config']) retrieved from /home/airflow/.local/lib/python3.6/site-packages/airflow/example_dags/example_kubernetes_executor_config.py
[2024-04-27 22:25:27,191] {logging_mixin.py:104} INFO - [2024-04-27 22:25:27,191] {dag.py:1824} INFO - Sync 1 DAGs
[2024-04-27 22:25:27,211] {logging_mixin.py:104} INFO - [2024-04-27 22:25:27,211] {dag.py:2280} INFO - Setting next_dagrun for example_kubernetes_executor_config to None
[2024-04-27 22:25:27,226] {scheduler_job.py:190} INFO - Processing /home/airflow/.local/lib/python3.6/site-packages/airflow/example_dags/example_kubernetes_executor_config.py took 0.102 seconds
[2024-04-27 22:25:58,553] {scheduler_job.py:182} INFO - Started process (PID=520) to work on /home/airflow/.local/lib/python3.6/site-packages/airflow/example_dags/example_kubernetes_executor_config.py
[2024-04-27 22:25:58,556] {scheduler_job.py:629} INFO - Processing file /home/airflow/.local/lib/python3.6/site-packages/airflow/example_dags/example_kubernetes_executor_config.py for tasks to queue
[2024-04-27 22:25:58,557] {logging_mixin.py:104} INFO - [2024-04-27 22:25:58,557] {dagbag.py:451} INFO - Filling up the DagBag from /home/airflow/.local/lib/python3.6/site-packages/airflow/example_dags/example_kubernetes_executor_config.py
[2024-04-27 22:25:58,578] {scheduler_job.py:639} INFO - DAG(s) dict_keys(['example_kubernetes_executor_config']) retrieved from /home/airflow/.local/lib/python3.6/site-packages/airflow/example_dags/example_kubernetes_executor_config.py
[2024-04-27 22:25:58,612] {logging_mixin.py:104} INFO - [2024-04-27 22:25:58,612] {dag.py:1824} INFO - Sync 1 DAGs
[2024-04-27 22:25:58,632] {logging_mixin.py:104} INFO - [2024-04-27 22:25:58,632] {dag.py:2280} INFO - Setting next_dagrun for example_kubernetes_executor_config to None
[2024-04-27 22:25:58,649] {scheduler_job.py:190} INFO - Processing /home/airflow/.local/lib/python3.6/site-packages/airflow/example_dags/example_kubernetes_executor_config.py took 0.103 seconds
[2024-04-27 22:26:28,742] {scheduler_job.py:182} INFO - Started process (PID=546) to work on /home/airflow/.local/lib/python3.6/site-packages/airflow/example_dags/example_kubernetes_executor_config.py
[2024-04-27 22:26:28,744] {scheduler_job.py:629} INFO - Processing file /home/airflow/.local/lib/python3.6/site-packages/airflow/example_dags/example_kubernetes_executor_config.py for tasks to queue
[2024-04-27 22:26:28,746] {logging_mixin.py:104} INFO - [2024-04-27 22:26:28,746] {dagbag.py:451} INFO - Filling up the DagBag from /home/airflow/.local/lib/python3.6/site-packages/airflow/example_dags/example_kubernetes_executor_config.py
[2024-04-27 22:26:28,772] {scheduler_job.py:639} INFO - DAG(s) dict_keys(['example_kubernetes_executor_config']) retrieved from /home/airflow/.local/lib/python3.6/site-packages/airflow/example_dags/example_kubernetes_executor_config.py
[2024-04-27 22:26:28,811] {logging_mixin.py:104} INFO - [2024-04-27 22:26:28,811] {dag.py:1824} INFO - Sync 1 DAGs
[2024-04-27 22:26:28,838] {logging_mixin.py:104} INFO - [2024-04-27 22:26:28,838] {dag.py:2280} INFO - Setting next_dagrun for example_kubernetes_executor_config to None
[2024-04-27 22:26:28,859] {scheduler_job.py:190} INFO - Processing /home/airflow/.local/lib/python3.6/site-packages/airflow/example_dags/example_kubernetes_executor_config.py took 0.124 seconds
[2024-04-27 22:26:59,376] {scheduler_job.py:182} INFO - Started process (PID=573) to work on /home/airflow/.local/lib/python3.6/site-packages/airflow/example_dags/example_kubernetes_executor_config.py
[2024-04-27 22:26:59,378] {scheduler_job.py:629} INFO - Processing file /home/airflow/.local/lib/python3.6/site-packages/airflow/example_dags/example_kubernetes_executor_config.py for tasks to queue
[2024-04-27 22:26:59,380] {logging_mixin.py:104} INFO - [2024-04-27 22:26:59,380] {dagbag.py:451} INFO - Filling up the DagBag from /home/airflow/.local/lib/python3.6/site-packages/airflow/example_dags/example_kubernetes_executor_config.py
[2024-04-27 22:26:59,404] {scheduler_job.py:639} INFO - DAG(s) dict_keys(['example_kubernetes_executor_config']) retrieved from /home/airflow/.local/lib/python3.6/site-packages/airflow/example_dags/example_kubernetes_executor_config.py
[2024-04-27 22:26:59,438] {logging_mixin.py:104} INFO - [2024-04-27 22:26:59,438] {dag.py:1824} INFO - Sync 1 DAGs
[2024-04-27 22:26:59,461] {logging_mixin.py:104} INFO - [2024-04-27 22:26:59,461] {dag.py:2280} INFO - Setting next_dagrun for example_kubernetes_executor_config to None
[2024-04-27 22:26:59,481] {scheduler_job.py:190} INFO - Processing /home/airflow/.local/lib/python3.6/site-packages/airflow/example_dags/example_kubernetes_executor_config.py took 0.111 seconds
[2024-04-27 22:27:30,481] {scheduler_job.py:182} INFO - Started process (PID=599) to work on /home/airflow/.local/lib/python3.6/site-packages/airflow/example_dags/example_kubernetes_executor_config.py
[2024-04-27 22:27:30,484] {scheduler_job.py:629} INFO - Processing file /home/airflow/.local/lib/python3.6/site-packages/airflow/example_dags/example_kubernetes_executor_config.py for tasks to queue
[2024-04-27 22:27:30,486] {logging_mixin.py:104} INFO - [2024-04-27 22:27:30,486] {dagbag.py:451} INFO - Filling up the DagBag from /home/airflow/.local/lib/python3.6/site-packages/airflow/example_dags/example_kubernetes_executor_config.py
[2024-04-27 22:27:30,505] {scheduler_job.py:639} INFO - DAG(s) dict_keys(['example_kubernetes_executor_config']) retrieved from /home/airflow/.local/lib/python3.6/site-packages/airflow/example_dags/example_kubernetes_executor_config.py
[2024-04-27 22:27:30,541] {logging_mixin.py:104} INFO - [2024-04-27 22:27:30,541] {dag.py:1824} INFO - Sync 1 DAGs
[2024-04-27 22:27:30,561] {logging_mixin.py:104} INFO - [2024-04-27 22:27:30,561] {dag.py:2280} INFO - Setting next_dagrun for example_kubernetes_executor_config to None
[2024-04-27 22:27:30,577] {scheduler_job.py:190} INFO - Processing /home/airflow/.local/lib/python3.6/site-packages/airflow/example_dags/example_kubernetes_executor_config.py took 0.100 seconds
[2024-04-27 22:28:01,323] {scheduler_job.py:182} INFO - Started process (PID=626) to work on /home/airflow/.local/lib/python3.6/site-packages/airflow/example_dags/example_kubernetes_executor_config.py
[2024-04-27 22:28:01,326] {scheduler_job.py:629} INFO - Processing file /home/airflow/.local/lib/python3.6/site-packages/airflow/example_dags/example_kubernetes_executor_config.py for tasks to queue
[2024-04-27 22:28:01,327] {logging_mixin.py:104} INFO - [2024-04-27 22:28:01,327] {dagbag.py:451} INFO - Filling up the DagBag from /home/airflow/.local/lib/python3.6/site-packages/airflow/example_dags/example_kubernetes_executor_config.py
[2024-04-27 22:28:01,350] {scheduler_job.py:639} INFO - DAG(s) dict_keys(['example_kubernetes_executor_config']) retrieved from /home/airflow/.local/lib/python3.6/site-packages/airflow/example_dags/example_kubernetes_executor_config.py
[2024-04-27 22:28:01,386] {logging_mixin.py:104} INFO - [2024-04-27 22:28:01,386] {dag.py:1824} INFO - Sync 1 DAGs
[2024-04-27 22:28:01,407] {logging_mixin.py:104} INFO - [2024-04-27 22:28:01,407] {dag.py:2280} INFO - Setting next_dagrun for example_kubernetes_executor_config to None
[2024-04-27 22:28:01,425] {scheduler_job.py:190} INFO - Processing /home/airflow/.local/lib/python3.6/site-packages/airflow/example_dags/example_kubernetes_executor_config.py took 0.107 seconds
[2024-04-27 22:28:31,748] {scheduler_job.py:182} INFO - Started process (PID=652) to work on /home/airflow/.local/lib/python3.6/site-packages/airflow/example_dags/example_kubernetes_executor_config.py
[2024-04-27 22:28:31,750] {scheduler_job.py:629} INFO - Processing file /home/airflow/.local/lib/python3.6/site-packages/airflow/example_dags/example_kubernetes_executor_config.py for tasks to queue
[2024-04-27 22:28:31,752] {logging_mixin.py:104} INFO - [2024-04-27 22:28:31,752] {dagbag.py:451} INFO - Filling up the DagBag from /home/airflow/.local/lib/python3.6/site-packages/airflow/example_dags/example_kubernetes_executor_config.py
[2024-04-27 22:28:31,773] {scheduler_job.py:639} INFO - DAG(s) dict_keys(['example_kubernetes_executor_config']) retrieved from /home/airflow/.local/lib/python3.6/site-packages/airflow/example_dags/example_kubernetes_executor_config.py
[2024-04-27 22:28:31,803] {logging_mixin.py:104} INFO - [2024-04-27 22:28:31,803] {dag.py:1824} INFO - Sync 1 DAGs
[2024-04-27 22:28:31,825] {logging_mixin.py:104} INFO - [2024-04-27 22:28:31,825] {dag.py:2280} INFO - Setting next_dagrun for example_kubernetes_executor_config to None
[2024-04-27 22:28:31,841] {scheduler_job.py:190} INFO - Processing /home/airflow/.local/lib/python3.6/site-packages/airflow/example_dags/example_kubernetes_executor_config.py took 0.098 seconds
[2024-04-27 22:29:02,333] {scheduler_job.py:182} INFO - Started process (PID=678) to work on /home/airflow/.local/lib/python3.6/site-packages/airflow/example_dags/example_kubernetes_executor_config.py
[2024-04-27 22:29:02,337] {scheduler_job.py:629} INFO - Processing file /home/airflow/.local/lib/python3.6/site-packages/airflow/example_dags/example_kubernetes_executor_config.py for tasks to queue
[2024-04-27 22:29:02,339] {logging_mixin.py:104} INFO - [2024-04-27 22:29:02,339] {dagbag.py:451} INFO - Filling up the DagBag from /home/airflow/.local/lib/python3.6/site-packages/airflow/example_dags/example_kubernetes_executor_config.py
[2024-04-27 22:29:02,371] {scheduler_job.py:639} INFO - DAG(s) dict_keys(['example_kubernetes_executor_config']) retrieved from /home/airflow/.local/lib/python3.6/site-packages/airflow/example_dags/example_kubernetes_executor_config.py
[2024-04-27 22:29:02,414] {logging_mixin.py:104} INFO - [2024-04-27 22:29:02,414] {dag.py:1824} INFO - Sync 1 DAGs
[2024-04-27 22:29:02,447] {logging_mixin.py:104} INFO - [2024-04-27 22:29:02,447] {dag.py:2280} INFO - Setting next_dagrun for example_kubernetes_executor_config to None
[2024-04-27 22:29:02,468] {scheduler_job.py:190} INFO - Processing /home/airflow/.local/lib/python3.6/site-packages/airflow/example_dags/example_kubernetes_executor_config.py took 0.141 seconds
[2024-04-27 22:29:32,862] {scheduler_job.py:182} INFO - Started process (PID=704) to work on /home/airflow/.local/lib/python3.6/site-packages/airflow/example_dags/example_kubernetes_executor_config.py
[2024-04-27 22:29:32,872] {scheduler_job.py:629} INFO - Processing file /home/airflow/.local/lib/python3.6/site-packages/airflow/example_dags/example_kubernetes_executor_config.py for tasks to queue
[2024-04-27 22:29:32,876] {logging_mixin.py:104} INFO - [2024-04-27 22:29:32,876] {dagbag.py:451} INFO - Filling up the DagBag from /home/airflow/.local/lib/python3.6/site-packages/airflow/example_dags/example_kubernetes_executor_config.py
[2024-04-27 22:29:32,940] {scheduler_job.py:639} INFO - DAG(s) dict_keys(['example_kubernetes_executor_config']) retrieved from /home/airflow/.local/lib/python3.6/site-packages/airflow/example_dags/example_kubernetes_executor_config.py
[2024-04-27 22:29:32,996] {logging_mixin.py:104} INFO - [2024-04-27 22:29:32,996] {dag.py:1824} INFO - Sync 1 DAGs
[2024-04-27 22:29:33,030] {logging_mixin.py:104} INFO - [2024-04-27 22:29:33,030] {dag.py:2280} INFO - Setting next_dagrun for example_kubernetes_executor_config to None
[2024-04-27 22:29:33,054] {scheduler_job.py:190} INFO - Processing /home/airflow/.local/lib/python3.6/site-packages/airflow/example_dags/example_kubernetes_executor_config.py took 0.203 seconds
[2024-04-27 22:30:03,858] {scheduler_job.py:182} INFO - Started process (PID=730) to work on /home/airflow/.local/lib/python3.6/site-packages/airflow/example_dags/example_kubernetes_executor_config.py
[2024-04-27 22:30:03,860] {scheduler_job.py:629} INFO - Processing file /home/airflow/.local/lib/python3.6/site-packages/airflow/example_dags/example_kubernetes_executor_config.py for tasks to queue
[2024-04-27 22:30:03,863] {logging_mixin.py:104} INFO - [2024-04-27 22:30:03,863] {dagbag.py:451} INFO - Filling up the DagBag from /home/airflow/.local/lib/python3.6/site-packages/airflow/example_dags/example_kubernetes_executor_config.py
[2024-04-27 22:30:03,896] {scheduler_job.py:639} INFO - DAG(s) dict_keys(['example_kubernetes_executor_config']) retrieved from /home/airflow/.local/lib/python3.6/site-packages/airflow/example_dags/example_kubernetes_executor_config.py
[2024-04-27 22:30:03,947] {logging_mixin.py:104} INFO - [2024-04-27 22:30:03,947] {dag.py:1824} INFO - Sync 1 DAGs
[2024-04-27 22:30:03,992] {logging_mixin.py:104} INFO - [2024-04-27 22:30:03,992] {dag.py:2280} INFO - Setting next_dagrun for example_kubernetes_executor_config to None
[2024-04-27 22:30:04,015] {scheduler_job.py:190} INFO - Processing /home/airflow/.local/lib/python3.6/site-packages/airflow/example_dags/example_kubernetes_executor_config.py took 0.164 seconds
[2024-04-27 22:30:34,839] {scheduler_job.py:182} INFO - Started process (PID=757) to work on /home/airflow/.local/lib/python3.6/site-packages/airflow/example_dags/example_kubernetes_executor_config.py
[2024-04-27 22:30:34,842] {scheduler_job.py:629} INFO - Processing file /home/airflow/.local/lib/python3.6/site-packages/airflow/example_dags/example_kubernetes_executor_config.py for tasks to queue
[2024-04-27 22:30:34,843] {logging_mixin.py:104} INFO - [2024-04-27 22:30:34,843] {dagbag.py:451} INFO - Filling up the DagBag from /home/airflow/.local/lib/python3.6/site-packages/airflow/example_dags/example_kubernetes_executor_config.py
[2024-04-27 22:30:34,864] {scheduler_job.py:639} INFO - DAG(s) dict_keys(['example_kubernetes_executor_config']) retrieved from /home/airflow/.local/lib/python3.6/site-packages/airflow/example_dags/example_kubernetes_executor_config.py
[2024-04-27 22:30:34,894] {logging_mixin.py:104} INFO - [2024-04-27 22:30:34,894] {dag.py:1824} INFO - Sync 1 DAGs
[2024-04-27 22:30:34,914] {logging_mixin.py:104} INFO - [2024-04-27 22:30:34,914] {dag.py:2280} INFO - Setting next_dagrun for example_kubernetes_executor_config to None
[2024-04-27 22:30:34,930] {scheduler_job.py:190} INFO - Processing /home/airflow/.local/lib/python3.6/site-packages/airflow/example_dags/example_kubernetes_executor_config.py took 0.096 seconds
