[2024-04-27 22:16:47,257] {scheduler_job.py:182} INFO - Started process (PID=49) to work on /home/airflow/.local/lib/python3.6/site-packages/airflow/example_dags/example_latest_only.py
[2024-04-27 22:16:47,261] {scheduler_job.py:629} INFO - Processing file /home/airflow/.local/lib/python3.6/site-packages/airflow/example_dags/example_latest_only.py for tasks to queue
[2024-04-27 22:16:47,265] {logging_mixin.py:104} INFO - [2024-04-27 22:16:47,265] {dagbag.py:451} INFO - Filling up the DagBag from /home/airflow/.local/lib/python3.6/site-packages/airflow/example_dags/example_latest_only.py
[2024-04-27 22:16:47,413] {scheduler_job.py:639} INFO - DAG(s) dict_keys(['latest_only']) retrieved from /home/airflow/.local/lib/python3.6/site-packages/airflow/example_dags/example_latest_only.py
[2024-04-27 22:16:47,551] {logging_mixin.py:104} INFO - [2024-04-27 22:16:47,551] {dag.py:1824} INFO - Sync 1 DAGs
[2024-04-27 22:16:47,604] {logging_mixin.py:104} INFO - [2024-04-27 22:16:47,604] {dag.py:1843} INFO - Creating ORM DAG for latest_only
[2024-04-27 22:16:47,623] {logging_mixin.py:104} INFO - [2024-04-27 22:16:47,623] {dag.py:2280} INFO - Setting next_dagrun for latest_only to 2024-04-25 00:00:00+00:00
[2024-04-27 22:16:47,671] {scheduler_job.py:190} INFO - Processing /home/airflow/.local/lib/python3.6/site-packages/airflow/example_dags/example_latest_only.py took 0.455 seconds
[2024-04-27 22:17:18,508] {scheduler_job.py:182} INFO - Started process (PID=75) to work on /home/airflow/.local/lib/python3.6/site-packages/airflow/example_dags/example_latest_only.py
[2024-04-27 22:17:18,526] {scheduler_job.py:629} INFO - Processing file /home/airflow/.local/lib/python3.6/site-packages/airflow/example_dags/example_latest_only.py for tasks to queue
[2024-04-27 22:17:18,532] {logging_mixin.py:104} INFO - [2024-04-27 22:17:18,532] {dagbag.py:451} INFO - Filling up the DagBag from /home/airflow/.local/lib/python3.6/site-packages/airflow/example_dags/example_latest_only.py
[2024-04-27 22:17:18,600] {scheduler_job.py:639} INFO - DAG(s) dict_keys(['latest_only']) retrieved from /home/airflow/.local/lib/python3.6/site-packages/airflow/example_dags/example_latest_only.py
[2024-04-27 22:17:18,803] {logging_mixin.py:104} INFO - [2024-04-27 22:17:18,803] {dag.py:1824} INFO - Sync 1 DAGs
[2024-04-27 22:17:18,947] {logging_mixin.py:104} INFO - [2024-04-27 22:17:18,947] {dag.py:2280} INFO - Setting next_dagrun for latest_only to 2024-04-25 00:00:00+00:00
[2024-04-27 22:17:19,062] {scheduler_job.py:190} INFO - Processing /home/airflow/.local/lib/python3.6/site-packages/airflow/example_dags/example_latest_only.py took 0.599 seconds
[2024-04-27 22:17:49,642] {scheduler_job.py:182} INFO - Started process (PID=101) to work on /home/airflow/.local/lib/python3.6/site-packages/airflow/example_dags/example_latest_only.py
[2024-04-27 22:17:49,645] {scheduler_job.py:629} INFO - Processing file /home/airflow/.local/lib/python3.6/site-packages/airflow/example_dags/example_latest_only.py for tasks to queue
[2024-04-27 22:17:49,648] {logging_mixin.py:104} INFO - [2024-04-27 22:17:49,647] {dagbag.py:451} INFO - Filling up the DagBag from /home/airflow/.local/lib/python3.6/site-packages/airflow/example_dags/example_latest_only.py
[2024-04-27 22:17:49,679] {scheduler_job.py:639} INFO - DAG(s) dict_keys(['latest_only']) retrieved from /home/airflow/.local/lib/python3.6/site-packages/airflow/example_dags/example_latest_only.py
[2024-04-27 22:17:49,728] {logging_mixin.py:104} INFO - [2024-04-27 22:17:49,728] {dag.py:1824} INFO - Sync 1 DAGs
[2024-04-27 22:17:49,769] {logging_mixin.py:104} INFO - [2024-04-27 22:17:49,769] {dag.py:2280} INFO - Setting next_dagrun for latest_only to 2024-04-25 00:00:00+00:00
[2024-04-27 22:17:49,799] {scheduler_job.py:190} INFO - Processing /home/airflow/.local/lib/python3.6/site-packages/airflow/example_dags/example_latest_only.py took 0.165 seconds
[2024-04-27 22:18:20,332] {scheduler_job.py:182} INFO - Started process (PID=127) to work on /home/airflow/.local/lib/python3.6/site-packages/airflow/example_dags/example_latest_only.py
[2024-04-27 22:18:20,337] {scheduler_job.py:629} INFO - Processing file /home/airflow/.local/lib/python3.6/site-packages/airflow/example_dags/example_latest_only.py for tasks to queue
[2024-04-27 22:18:20,341] {logging_mixin.py:104} INFO - [2024-04-27 22:18:20,341] {dagbag.py:451} INFO - Filling up the DagBag from /home/airflow/.local/lib/python3.6/site-packages/airflow/example_dags/example_latest_only.py
[2024-04-27 22:18:20,369] {scheduler_job.py:639} INFO - DAG(s) dict_keys(['latest_only']) retrieved from /home/airflow/.local/lib/python3.6/site-packages/airflow/example_dags/example_latest_only.py
[2024-04-27 22:18:20,417] {logging_mixin.py:104} INFO - [2024-04-27 22:18:20,416] {dag.py:1824} INFO - Sync 1 DAGs
[2024-04-27 22:18:20,459] {logging_mixin.py:104} INFO - [2024-04-27 22:18:20,458] {dag.py:2280} INFO - Setting next_dagrun for latest_only to 2024-04-25 00:00:00+00:00
[2024-04-27 22:18:20,485] {scheduler_job.py:190} INFO - Processing /home/airflow/.local/lib/python3.6/site-packages/airflow/example_dags/example_latest_only.py took 0.158 seconds
[2024-04-27 22:18:50,676] {scheduler_job.py:182} INFO - Started process (PID=153) to work on /home/airflow/.local/lib/python3.6/site-packages/airflow/example_dags/example_latest_only.py
[2024-04-27 22:18:50,679] {scheduler_job.py:629} INFO - Processing file /home/airflow/.local/lib/python3.6/site-packages/airflow/example_dags/example_latest_only.py for tasks to queue
[2024-04-27 22:18:50,681] {logging_mixin.py:104} INFO - [2024-04-27 22:18:50,681] {dagbag.py:451} INFO - Filling up the DagBag from /home/airflow/.local/lib/python3.6/site-packages/airflow/example_dags/example_latest_only.py
[2024-04-27 22:18:50,703] {scheduler_job.py:639} INFO - DAG(s) dict_keys(['latest_only']) retrieved from /home/airflow/.local/lib/python3.6/site-packages/airflow/example_dags/example_latest_only.py
[2024-04-27 22:18:50,738] {logging_mixin.py:104} INFO - [2024-04-27 22:18:50,738] {dag.py:1824} INFO - Sync 1 DAGs
[2024-04-27 22:18:50,763] {logging_mixin.py:104} INFO - [2024-04-27 22:18:50,763] {dag.py:2280} INFO - Setting next_dagrun for latest_only to 2024-04-25 00:00:00+00:00
[2024-04-27 22:18:50,781] {scheduler_job.py:190} INFO - Processing /home/airflow/.local/lib/python3.6/site-packages/airflow/example_dags/example_latest_only.py took 0.110 seconds
[2024-04-27 22:19:20,971] {scheduler_job.py:182} INFO - Started process (PID=179) to work on /home/airflow/.local/lib/python3.6/site-packages/airflow/example_dags/example_latest_only.py
[2024-04-27 22:19:20,974] {scheduler_job.py:629} INFO - Processing file /home/airflow/.local/lib/python3.6/site-packages/airflow/example_dags/example_latest_only.py for tasks to queue
[2024-04-27 22:19:20,976] {logging_mixin.py:104} INFO - [2024-04-27 22:19:20,976] {dagbag.py:451} INFO - Filling up the DagBag from /home/airflow/.local/lib/python3.6/site-packages/airflow/example_dags/example_latest_only.py
[2024-04-27 22:19:20,993] {scheduler_job.py:639} INFO - DAG(s) dict_keys(['latest_only']) retrieved from /home/airflow/.local/lib/python3.6/site-packages/airflow/example_dags/example_latest_only.py
[2024-04-27 22:19:21,033] {logging_mixin.py:104} INFO - [2024-04-27 22:19:21,033] {dag.py:1824} INFO - Sync 1 DAGs
[2024-04-27 22:19:21,065] {logging_mixin.py:104} INFO - [2024-04-27 22:19:21,065] {dag.py:2280} INFO - Setting next_dagrun for latest_only to 2024-04-25 00:00:00+00:00
[2024-04-27 22:19:21,084] {scheduler_job.py:190} INFO - Processing /home/airflow/.local/lib/python3.6/site-packages/airflow/example_dags/example_latest_only.py took 0.119 seconds
[2024-04-27 22:19:51,745] {scheduler_job.py:182} INFO - Started process (PID=205) to work on /home/airflow/.local/lib/python3.6/site-packages/airflow/example_dags/example_latest_only.py
[2024-04-27 22:19:51,748] {scheduler_job.py:629} INFO - Processing file /home/airflow/.local/lib/python3.6/site-packages/airflow/example_dags/example_latest_only.py for tasks to queue
[2024-04-27 22:19:51,750] {logging_mixin.py:104} INFO - [2024-04-27 22:19:51,750] {dagbag.py:451} INFO - Filling up the DagBag from /home/airflow/.local/lib/python3.6/site-packages/airflow/example_dags/example_latest_only.py
[2024-04-27 22:19:51,784] {scheduler_job.py:639} INFO - DAG(s) dict_keys(['latest_only']) retrieved from /home/airflow/.local/lib/python3.6/site-packages/airflow/example_dags/example_latest_only.py
[2024-04-27 22:19:51,830] {logging_mixin.py:104} INFO - [2024-04-27 22:19:51,830] {dag.py:1824} INFO - Sync 1 DAGs
[2024-04-27 22:19:51,860] {logging_mixin.py:104} INFO - [2024-04-27 22:19:51,860] {dag.py:2280} INFO - Setting next_dagrun for latest_only to 2024-04-25 00:00:00+00:00
[2024-04-27 22:19:51,885] {scheduler_job.py:190} INFO - Processing /home/airflow/.local/lib/python3.6/site-packages/airflow/example_dags/example_latest_only.py took 0.149 seconds
[2024-04-27 22:20:21,967] {scheduler_job.py:182} INFO - Started process (PID=231) to work on /home/airflow/.local/lib/python3.6/site-packages/airflow/example_dags/example_latest_only.py
[2024-04-27 22:20:21,968] {scheduler_job.py:629} INFO - Processing file /home/airflow/.local/lib/python3.6/site-packages/airflow/example_dags/example_latest_only.py for tasks to queue
[2024-04-27 22:20:21,970] {logging_mixin.py:104} INFO - [2024-04-27 22:20:21,970] {dagbag.py:451} INFO - Filling up the DagBag from /home/airflow/.local/lib/python3.6/site-packages/airflow/example_dags/example_latest_only.py
[2024-04-27 22:20:21,987] {scheduler_job.py:639} INFO - DAG(s) dict_keys(['latest_only']) retrieved from /home/airflow/.local/lib/python3.6/site-packages/airflow/example_dags/example_latest_only.py
[2024-04-27 22:20:22,020] {logging_mixin.py:104} INFO - [2024-04-27 22:20:22,020] {dag.py:1824} INFO - Sync 1 DAGs
[2024-04-27 22:20:22,039] {logging_mixin.py:104} INFO - [2024-04-27 22:20:22,039] {dag.py:2280} INFO - Setting next_dagrun for latest_only to 2024-04-25 00:00:00+00:00
[2024-04-27 22:20:22,054] {scheduler_job.py:190} INFO - Processing /home/airflow/.local/lib/python3.6/site-packages/airflow/example_dags/example_latest_only.py took 0.092 seconds
[2024-04-27 22:20:52,824] {scheduler_job.py:182} INFO - Started process (PID=257) to work on /home/airflow/.local/lib/python3.6/site-packages/airflow/example_dags/example_latest_only.py
[2024-04-27 22:20:52,826] {scheduler_job.py:629} INFO - Processing file /home/airflow/.local/lib/python3.6/site-packages/airflow/example_dags/example_latest_only.py for tasks to queue
[2024-04-27 22:20:52,828] {logging_mixin.py:104} INFO - [2024-04-27 22:20:52,827] {dagbag.py:451} INFO - Filling up the DagBag from /home/airflow/.local/lib/python3.6/site-packages/airflow/example_dags/example_latest_only.py
[2024-04-27 22:20:52,844] {scheduler_job.py:639} INFO - DAG(s) dict_keys(['latest_only']) retrieved from /home/airflow/.local/lib/python3.6/site-packages/airflow/example_dags/example_latest_only.py
[2024-04-27 22:20:52,880] {logging_mixin.py:104} INFO - [2024-04-27 22:20:52,879] {dag.py:1824} INFO - Sync 1 DAGs
[2024-04-27 22:20:52,904] {logging_mixin.py:104} INFO - [2024-04-27 22:20:52,904] {dag.py:2280} INFO - Setting next_dagrun for latest_only to 2024-04-25 00:00:00+00:00
[2024-04-27 22:20:52,921] {scheduler_job.py:190} INFO - Processing /home/airflow/.local/lib/python3.6/site-packages/airflow/example_dags/example_latest_only.py took 0.102 seconds
[2024-04-27 22:21:23,272] {scheduler_job.py:182} INFO - Started process (PID=283) to work on /home/airflow/.local/lib/python3.6/site-packages/airflow/example_dags/example_latest_only.py
[2024-04-27 22:21:23,274] {scheduler_job.py:629} INFO - Processing file /home/airflow/.local/lib/python3.6/site-packages/airflow/example_dags/example_latest_only.py for tasks to queue
[2024-04-27 22:21:23,276] {logging_mixin.py:104} INFO - [2024-04-27 22:21:23,276] {dagbag.py:451} INFO - Filling up the DagBag from /home/airflow/.local/lib/python3.6/site-packages/airflow/example_dags/example_latest_only.py
[2024-04-27 22:21:23,295] {scheduler_job.py:639} INFO - DAG(s) dict_keys(['latest_only']) retrieved from /home/airflow/.local/lib/python3.6/site-packages/airflow/example_dags/example_latest_only.py
[2024-04-27 22:21:23,331] {logging_mixin.py:104} INFO - [2024-04-27 22:21:23,331] {dag.py:1824} INFO - Sync 1 DAGs
[2024-04-27 22:21:23,355] {logging_mixin.py:104} INFO - [2024-04-27 22:21:23,355] {dag.py:2280} INFO - Setting next_dagrun for latest_only to 2024-04-25 00:00:00+00:00
[2024-04-27 22:21:23,373] {scheduler_job.py:190} INFO - Processing /home/airflow/.local/lib/python3.6/site-packages/airflow/example_dags/example_latest_only.py took 0.108 seconds
[2024-04-27 22:21:53,681] {scheduler_job.py:182} INFO - Started process (PID=309) to work on /home/airflow/.local/lib/python3.6/site-packages/airflow/example_dags/example_latest_only.py
[2024-04-27 22:21:53,684] {scheduler_job.py:629} INFO - Processing file /home/airflow/.local/lib/python3.6/site-packages/airflow/example_dags/example_latest_only.py for tasks to queue
[2024-04-27 22:21:53,686] {logging_mixin.py:104} INFO - [2024-04-27 22:21:53,685] {dagbag.py:451} INFO - Filling up the DagBag from /home/airflow/.local/lib/python3.6/site-packages/airflow/example_dags/example_latest_only.py
[2024-04-27 22:21:53,711] {scheduler_job.py:639} INFO - DAG(s) dict_keys(['latest_only']) retrieved from /home/airflow/.local/lib/python3.6/site-packages/airflow/example_dags/example_latest_only.py
[2024-04-27 22:21:53,751] {logging_mixin.py:104} INFO - [2024-04-27 22:21:53,751] {dag.py:1824} INFO - Sync 1 DAGs
[2024-04-27 22:21:53,784] {logging_mixin.py:104} INFO - [2024-04-27 22:21:53,783] {dag.py:2280} INFO - Setting next_dagrun for latest_only to 2024-04-25 00:00:00+00:00
[2024-04-27 22:21:53,804] {scheduler_job.py:190} INFO - Processing /home/airflow/.local/lib/python3.6/site-packages/airflow/example_dags/example_latest_only.py took 0.129 seconds
[2024-04-27 22:22:23,943] {scheduler_job.py:182} INFO - Started process (PID=335) to work on /home/airflow/.local/lib/python3.6/site-packages/airflow/example_dags/example_latest_only.py
[2024-04-27 22:22:23,944] {scheduler_job.py:629} INFO - Processing file /home/airflow/.local/lib/python3.6/site-packages/airflow/example_dags/example_latest_only.py for tasks to queue
[2024-04-27 22:22:23,945] {logging_mixin.py:104} INFO - [2024-04-27 22:22:23,945] {dagbag.py:451} INFO - Filling up the DagBag from /home/airflow/.local/lib/python3.6/site-packages/airflow/example_dags/example_latest_only.py
[2024-04-27 22:22:23,974] {scheduler_job.py:639} INFO - DAG(s) dict_keys(['latest_only']) retrieved from /home/airflow/.local/lib/python3.6/site-packages/airflow/example_dags/example_latest_only.py
[2024-04-27 22:22:23,998] {logging_mixin.py:104} INFO - [2024-04-27 22:22:23,997] {dag.py:1824} INFO - Sync 1 DAGs
[2024-04-27 22:22:24,014] {logging_mixin.py:104} INFO - [2024-04-27 22:22:24,014] {dag.py:2280} INFO - Setting next_dagrun for latest_only to 2024-04-25 00:00:00+00:00
[2024-04-27 22:22:24,028] {scheduler_job.py:190} INFO - Processing /home/airflow/.local/lib/python3.6/site-packages/airflow/example_dags/example_latest_only.py took 0.089 seconds
[2024-04-27 22:22:54,745] {scheduler_job.py:182} INFO - Started process (PID=361) to work on /home/airflow/.local/lib/python3.6/site-packages/airflow/example_dags/example_latest_only.py
[2024-04-27 22:22:54,747] {scheduler_job.py:629} INFO - Processing file /home/airflow/.local/lib/python3.6/site-packages/airflow/example_dags/example_latest_only.py for tasks to queue
[2024-04-27 22:22:54,749] {logging_mixin.py:104} INFO - [2024-04-27 22:22:54,749] {dagbag.py:451} INFO - Filling up the DagBag from /home/airflow/.local/lib/python3.6/site-packages/airflow/example_dags/example_latest_only.py
[2024-04-27 22:22:54,770] {scheduler_job.py:639} INFO - DAG(s) dict_keys(['latest_only']) retrieved from /home/airflow/.local/lib/python3.6/site-packages/airflow/example_dags/example_latest_only.py
[2024-04-27 22:22:54,799] {logging_mixin.py:104} INFO - [2024-04-27 22:22:54,799] {dag.py:1824} INFO - Sync 1 DAGs
[2024-04-27 22:22:54,819] {logging_mixin.py:104} INFO - [2024-04-27 22:22:54,818] {dag.py:2280} INFO - Setting next_dagrun for latest_only to 2024-04-25 00:00:00+00:00
[2024-04-27 22:22:54,834] {scheduler_job.py:190} INFO - Processing /home/airflow/.local/lib/python3.6/site-packages/airflow/example_dags/example_latest_only.py took 0.095 seconds
[2024-04-27 22:23:25,266] {scheduler_job.py:182} INFO - Started process (PID=387) to work on /home/airflow/.local/lib/python3.6/site-packages/airflow/example_dags/example_latest_only.py
[2024-04-27 22:23:25,269] {scheduler_job.py:629} INFO - Processing file /home/airflow/.local/lib/python3.6/site-packages/airflow/example_dags/example_latest_only.py for tasks to queue
[2024-04-27 22:23:25,272] {logging_mixin.py:104} INFO - [2024-04-27 22:23:25,271] {dagbag.py:451} INFO - Filling up the DagBag from /home/airflow/.local/lib/python3.6/site-packages/airflow/example_dags/example_latest_only.py
[2024-04-27 22:23:25,291] {scheduler_job.py:639} INFO - DAG(s) dict_keys(['latest_only']) retrieved from /home/airflow/.local/lib/python3.6/site-packages/airflow/example_dags/example_latest_only.py
[2024-04-27 22:23:25,322] {logging_mixin.py:104} INFO - [2024-04-27 22:23:25,322] {dag.py:1824} INFO - Sync 1 DAGs
[2024-04-27 22:23:25,342] {logging_mixin.py:104} INFO - [2024-04-27 22:23:25,342] {dag.py:2280} INFO - Setting next_dagrun for latest_only to 2024-04-25 00:00:00+00:00
[2024-04-27 22:23:25,358] {scheduler_job.py:190} INFO - Processing /home/airflow/.local/lib/python3.6/site-packages/airflow/example_dags/example_latest_only.py took 0.096 seconds
[2024-04-27 22:23:55,486] {scheduler_job.py:182} INFO - Started process (PID=413) to work on /home/airflow/.local/lib/python3.6/site-packages/airflow/example_dags/example_latest_only.py
[2024-04-27 22:23:55,497] {scheduler_job.py:629} INFO - Processing file /home/airflow/.local/lib/python3.6/site-packages/airflow/example_dags/example_latest_only.py for tasks to queue
[2024-04-27 22:23:55,499] {logging_mixin.py:104} INFO - [2024-04-27 22:23:55,499] {dagbag.py:451} INFO - Filling up the DagBag from /home/airflow/.local/lib/python3.6/site-packages/airflow/example_dags/example_latest_only.py
[2024-04-27 22:23:55,516] {scheduler_job.py:639} INFO - DAG(s) dict_keys(['latest_only']) retrieved from /home/airflow/.local/lib/python3.6/site-packages/airflow/example_dags/example_latest_only.py
[2024-04-27 22:23:55,549] {logging_mixin.py:104} INFO - [2024-04-27 22:23:55,548] {dag.py:1824} INFO - Sync 1 DAGs
[2024-04-27 22:23:55,573] {logging_mixin.py:104} INFO - [2024-04-27 22:23:55,573] {dag.py:2280} INFO - Setting next_dagrun for latest_only to 2024-04-25 00:00:00+00:00
[2024-04-27 22:23:55,593] {scheduler_job.py:190} INFO - Processing /home/airflow/.local/lib/python3.6/site-packages/airflow/example_dags/example_latest_only.py took 0.113 seconds
[2024-04-27 22:24:25,751] {scheduler_job.py:182} INFO - Started process (PID=439) to work on /home/airflow/.local/lib/python3.6/site-packages/airflow/example_dags/example_latest_only.py
[2024-04-27 22:24:25,753] {scheduler_job.py:629} INFO - Processing file /home/airflow/.local/lib/python3.6/site-packages/airflow/example_dags/example_latest_only.py for tasks to queue
[2024-04-27 22:24:25,756] {logging_mixin.py:104} INFO - [2024-04-27 22:24:25,755] {dagbag.py:451} INFO - Filling up the DagBag from /home/airflow/.local/lib/python3.6/site-packages/airflow/example_dags/example_latest_only.py
[2024-04-27 22:24:25,778] {scheduler_job.py:639} INFO - DAG(s) dict_keys(['latest_only']) retrieved from /home/airflow/.local/lib/python3.6/site-packages/airflow/example_dags/example_latest_only.py
[2024-04-27 22:24:25,816] {logging_mixin.py:104} INFO - [2024-04-27 22:24:25,816] {dag.py:1824} INFO - Sync 1 DAGs
[2024-04-27 22:24:25,843] {logging_mixin.py:104} INFO - [2024-04-27 22:24:25,843] {dag.py:2280} INFO - Setting next_dagrun for latest_only to 2024-04-25 00:00:00+00:00
[2024-04-27 22:24:25,864] {scheduler_job.py:190} INFO - Processing /home/airflow/.local/lib/python3.6/site-packages/airflow/example_dags/example_latest_only.py took 0.120 seconds
[2024-04-27 22:24:55,975] {scheduler_job.py:182} INFO - Started process (PID=465) to work on /home/airflow/.local/lib/python3.6/site-packages/airflow/example_dags/example_latest_only.py
[2024-04-27 22:24:55,978] {scheduler_job.py:629} INFO - Processing file /home/airflow/.local/lib/python3.6/site-packages/airflow/example_dags/example_latest_only.py for tasks to queue
[2024-04-27 22:24:55,980] {logging_mixin.py:104} INFO - [2024-04-27 22:24:55,980] {dagbag.py:451} INFO - Filling up the DagBag from /home/airflow/.local/lib/python3.6/site-packages/airflow/example_dags/example_latest_only.py
[2024-04-27 22:24:55,998] {scheduler_job.py:639} INFO - DAG(s) dict_keys(['latest_only']) retrieved from /home/airflow/.local/lib/python3.6/site-packages/airflow/example_dags/example_latest_only.py
[2024-04-27 22:24:56,024] {logging_mixin.py:104} INFO - [2024-04-27 22:24:56,024] {dag.py:1824} INFO - Sync 1 DAGs
[2024-04-27 22:24:56,044] {logging_mixin.py:104} INFO - [2024-04-27 22:24:56,044] {dag.py:2280} INFO - Setting next_dagrun for latest_only to 2024-04-25 00:00:00+00:00
[2024-04-27 22:24:56,060] {scheduler_job.py:190} INFO - Processing /home/airflow/.local/lib/python3.6/site-packages/airflow/example_dags/example_latest_only.py took 0.091 seconds
[2024-04-27 22:25:26,850] {scheduler_job.py:182} INFO - Started process (PID=489) to work on /home/airflow/.local/lib/python3.6/site-packages/airflow/example_dags/example_latest_only.py
[2024-04-27 22:25:26,854] {scheduler_job.py:629} INFO - Processing file /home/airflow/.local/lib/python3.6/site-packages/airflow/example_dags/example_latest_only.py for tasks to queue
[2024-04-27 22:25:26,856] {logging_mixin.py:104} INFO - [2024-04-27 22:25:26,856] {dagbag.py:451} INFO - Filling up the DagBag from /home/airflow/.local/lib/python3.6/site-packages/airflow/example_dags/example_latest_only.py
[2024-04-27 22:25:26,874] {scheduler_job.py:639} INFO - DAG(s) dict_keys(['latest_only']) retrieved from /home/airflow/.local/lib/python3.6/site-packages/airflow/example_dags/example_latest_only.py
[2024-04-27 22:25:26,905] {logging_mixin.py:104} INFO - [2024-04-27 22:25:26,905] {dag.py:1824} INFO - Sync 1 DAGs
[2024-04-27 22:25:26,926] {logging_mixin.py:104} INFO - [2024-04-27 22:25:26,926] {dag.py:2280} INFO - Setting next_dagrun for latest_only to 2024-04-25 00:00:00+00:00
[2024-04-27 22:25:26,944] {scheduler_job.py:190} INFO - Processing /home/airflow/.local/lib/python3.6/site-packages/airflow/example_dags/example_latest_only.py took 0.100 seconds
[2024-04-27 22:25:58,143] {scheduler_job.py:182} INFO - Started process (PID=515) to work on /home/airflow/.local/lib/python3.6/site-packages/airflow/example_dags/example_latest_only.py
[2024-04-27 22:25:58,146] {scheduler_job.py:629} INFO - Processing file /home/airflow/.local/lib/python3.6/site-packages/airflow/example_dags/example_latest_only.py for tasks to queue
[2024-04-27 22:25:58,148] {logging_mixin.py:104} INFO - [2024-04-27 22:25:58,148] {dagbag.py:451} INFO - Filling up the DagBag from /home/airflow/.local/lib/python3.6/site-packages/airflow/example_dags/example_latest_only.py
[2024-04-27 22:25:58,165] {scheduler_job.py:639} INFO - DAG(s) dict_keys(['latest_only']) retrieved from /home/airflow/.local/lib/python3.6/site-packages/airflow/example_dags/example_latest_only.py
[2024-04-27 22:25:58,195] {logging_mixin.py:104} INFO - [2024-04-27 22:25:58,195] {dag.py:1824} INFO - Sync 1 DAGs
[2024-04-27 22:25:58,220] {logging_mixin.py:104} INFO - [2024-04-27 22:25:58,219] {dag.py:2280} INFO - Setting next_dagrun for latest_only to 2024-04-25 00:00:00+00:00
[2024-04-27 22:25:58,237] {scheduler_job.py:190} INFO - Processing /home/airflow/.local/lib/python3.6/site-packages/airflow/example_dags/example_latest_only.py took 0.098 seconds
[2024-04-27 22:26:28,343] {scheduler_job.py:182} INFO - Started process (PID=541) to work on /home/airflow/.local/lib/python3.6/site-packages/airflow/example_dags/example_latest_only.py
[2024-04-27 22:26:28,346] {scheduler_job.py:629} INFO - Processing file /home/airflow/.local/lib/python3.6/site-packages/airflow/example_dags/example_latest_only.py for tasks to queue
[2024-04-27 22:26:28,347] {logging_mixin.py:104} INFO - [2024-04-27 22:26:28,347] {dagbag.py:451} INFO - Filling up the DagBag from /home/airflow/.local/lib/python3.6/site-packages/airflow/example_dags/example_latest_only.py
[2024-04-27 22:26:28,363] {scheduler_job.py:639} INFO - DAG(s) dict_keys(['latest_only']) retrieved from /home/airflow/.local/lib/python3.6/site-packages/airflow/example_dags/example_latest_only.py
[2024-04-27 22:26:28,391] {logging_mixin.py:104} INFO - [2024-04-27 22:26:28,391] {dag.py:1824} INFO - Sync 1 DAGs
[2024-04-27 22:26:28,411] {logging_mixin.py:104} INFO - [2024-04-27 22:26:28,410] {dag.py:2280} INFO - Setting next_dagrun for latest_only to 2024-04-25 00:00:00+00:00
[2024-04-27 22:26:28,428] {scheduler_job.py:190} INFO - Processing /home/airflow/.local/lib/python3.6/site-packages/airflow/example_dags/example_latest_only.py took 0.090 seconds
[2024-04-27 22:26:58,889] {scheduler_job.py:182} INFO - Started process (PID=566) to work on /home/airflow/.local/lib/python3.6/site-packages/airflow/example_dags/example_latest_only.py
[2024-04-27 22:26:58,891] {scheduler_job.py:629} INFO - Processing file /home/airflow/.local/lib/python3.6/site-packages/airflow/example_dags/example_latest_only.py for tasks to queue
[2024-04-27 22:26:58,894] {logging_mixin.py:104} INFO - [2024-04-27 22:26:58,893] {dagbag.py:451} INFO - Filling up the DagBag from /home/airflow/.local/lib/python3.6/site-packages/airflow/example_dags/example_latest_only.py
[2024-04-27 22:26:58,916] {scheduler_job.py:639} INFO - DAG(s) dict_keys(['latest_only']) retrieved from /home/airflow/.local/lib/python3.6/site-packages/airflow/example_dags/example_latest_only.py
[2024-04-27 22:26:58,952] {logging_mixin.py:104} INFO - [2024-04-27 22:26:58,952] {dag.py:1824} INFO - Sync 1 DAGs
[2024-04-27 22:26:58,976] {logging_mixin.py:104} INFO - [2024-04-27 22:26:58,976] {dag.py:2280} INFO - Setting next_dagrun for latest_only to 2024-04-25 00:00:00+00:00
[2024-04-27 22:26:58,995] {scheduler_job.py:190} INFO - Processing /home/airflow/.local/lib/python3.6/site-packages/airflow/example_dags/example_latest_only.py took 0.112 seconds
[2024-04-27 22:27:29,974] {scheduler_job.py:182} INFO - Started process (PID=593) to work on /home/airflow/.local/lib/python3.6/site-packages/airflow/example_dags/example_latest_only.py
[2024-04-27 22:27:29,976] {scheduler_job.py:629} INFO - Processing file /home/airflow/.local/lib/python3.6/site-packages/airflow/example_dags/example_latest_only.py for tasks to queue
[2024-04-27 22:27:29,978] {logging_mixin.py:104} INFO - [2024-04-27 22:27:29,977] {dagbag.py:451} INFO - Filling up the DagBag from /home/airflow/.local/lib/python3.6/site-packages/airflow/example_dags/example_latest_only.py
[2024-04-27 22:27:29,997] {scheduler_job.py:639} INFO - DAG(s) dict_keys(['latest_only']) retrieved from /home/airflow/.local/lib/python3.6/site-packages/airflow/example_dags/example_latest_only.py
[2024-04-27 22:27:30,027] {logging_mixin.py:104} INFO - [2024-04-27 22:27:30,027] {dag.py:1824} INFO - Sync 1 DAGs
[2024-04-27 22:27:30,047] {logging_mixin.py:104} INFO - [2024-04-27 22:27:30,047] {dag.py:2280} INFO - Setting next_dagrun for latest_only to 2024-04-25 00:00:00+00:00
[2024-04-27 22:27:30,063] {scheduler_job.py:190} INFO - Processing /home/airflow/.local/lib/python3.6/site-packages/airflow/example_dags/example_latest_only.py took 0.094 seconds
[2024-04-27 22:28:00,741] {scheduler_job.py:182} INFO - Started process (PID=619) to work on /home/airflow/.local/lib/python3.6/site-packages/airflow/example_dags/example_latest_only.py
[2024-04-27 22:28:00,744] {scheduler_job.py:629} INFO - Processing file /home/airflow/.local/lib/python3.6/site-packages/airflow/example_dags/example_latest_only.py for tasks to queue
[2024-04-27 22:28:00,746] {logging_mixin.py:104} INFO - [2024-04-27 22:28:00,746] {dagbag.py:451} INFO - Filling up the DagBag from /home/airflow/.local/lib/python3.6/site-packages/airflow/example_dags/example_latest_only.py
[2024-04-27 22:28:00,766] {scheduler_job.py:639} INFO - DAG(s) dict_keys(['latest_only']) retrieved from /home/airflow/.local/lib/python3.6/site-packages/airflow/example_dags/example_latest_only.py
[2024-04-27 22:28:00,798] {logging_mixin.py:104} INFO - [2024-04-27 22:28:00,797] {dag.py:1824} INFO - Sync 1 DAGs
[2024-04-27 22:28:00,826] {logging_mixin.py:104} INFO - [2024-04-27 22:28:00,825] {dag.py:2280} INFO - Setting next_dagrun for latest_only to 2024-04-25 00:00:00+00:00
[2024-04-27 22:28:00,848] {scheduler_job.py:190} INFO - Processing /home/airflow/.local/lib/python3.6/site-packages/airflow/example_dags/example_latest_only.py took 0.112 seconds
[2024-04-27 22:28:31,089] {scheduler_job.py:182} INFO - Started process (PID=645) to work on /home/airflow/.local/lib/python3.6/site-packages/airflow/example_dags/example_latest_only.py
[2024-04-27 22:28:31,092] {scheduler_job.py:629} INFO - Processing file /home/airflow/.local/lib/python3.6/site-packages/airflow/example_dags/example_latest_only.py for tasks to queue
[2024-04-27 22:28:31,094] {logging_mixin.py:104} INFO - [2024-04-27 22:28:31,094] {dagbag.py:451} INFO - Filling up the DagBag from /home/airflow/.local/lib/python3.6/site-packages/airflow/example_dags/example_latest_only.py
[2024-04-27 22:28:31,113] {scheduler_job.py:639} INFO - DAG(s) dict_keys(['latest_only']) retrieved from /home/airflow/.local/lib/python3.6/site-packages/airflow/example_dags/example_latest_only.py
[2024-04-27 22:28:31,143] {logging_mixin.py:104} INFO - [2024-04-27 22:28:31,143] {dag.py:1824} INFO - Sync 1 DAGs
[2024-04-27 22:28:31,164] {logging_mixin.py:104} INFO - [2024-04-27 22:28:31,164] {dag.py:2280} INFO - Setting next_dagrun for latest_only to 2024-04-25 00:00:00+00:00
[2024-04-27 22:28:31,183] {scheduler_job.py:190} INFO - Processing /home/airflow/.local/lib/python3.6/site-packages/airflow/example_dags/example_latest_only.py took 0.102 seconds
[2024-04-27 22:29:01,609] {scheduler_job.py:182} INFO - Started process (PID=670) to work on /home/airflow/.local/lib/python3.6/site-packages/airflow/example_dags/example_latest_only.py
[2024-04-27 22:29:01,612] {scheduler_job.py:629} INFO - Processing file /home/airflow/.local/lib/python3.6/site-packages/airflow/example_dags/example_latest_only.py for tasks to queue
[2024-04-27 22:29:01,614] {logging_mixin.py:104} INFO - [2024-04-27 22:29:01,614] {dagbag.py:451} INFO - Filling up the DagBag from /home/airflow/.local/lib/python3.6/site-packages/airflow/example_dags/example_latest_only.py
[2024-04-27 22:29:01,629] {scheduler_job.py:639} INFO - DAG(s) dict_keys(['latest_only']) retrieved from /home/airflow/.local/lib/python3.6/site-packages/airflow/example_dags/example_latest_only.py
[2024-04-27 22:29:01,656] {logging_mixin.py:104} INFO - [2024-04-27 22:29:01,656] {dag.py:1824} INFO - Sync 1 DAGs
[2024-04-27 22:29:01,677] {logging_mixin.py:104} INFO - [2024-04-27 22:29:01,677] {dag.py:2280} INFO - Setting next_dagrun for latest_only to 2024-04-25 00:00:00+00:00
[2024-04-27 22:29:01,695] {scheduler_job.py:190} INFO - Processing /home/airflow/.local/lib/python3.6/site-packages/airflow/example_dags/example_latest_only.py took 0.091 seconds
[2024-04-27 22:29:31,762] {scheduler_job.py:182} INFO - Started process (PID=695) to work on /home/airflow/.local/lib/python3.6/site-packages/airflow/example_dags/example_latest_only.py
[2024-04-27 22:29:31,765] {scheduler_job.py:629} INFO - Processing file /home/airflow/.local/lib/python3.6/site-packages/airflow/example_dags/example_latest_only.py for tasks to queue
[2024-04-27 22:29:31,766] {logging_mixin.py:104} INFO - [2024-04-27 22:29:31,766] {dagbag.py:451} INFO - Filling up the DagBag from /home/airflow/.local/lib/python3.6/site-packages/airflow/example_dags/example_latest_only.py
[2024-04-27 22:29:31,784] {scheduler_job.py:639} INFO - DAG(s) dict_keys(['latest_only']) retrieved from /home/airflow/.local/lib/python3.6/site-packages/airflow/example_dags/example_latest_only.py
[2024-04-27 22:29:31,814] {logging_mixin.py:104} INFO - [2024-04-27 22:29:31,813] {dag.py:1824} INFO - Sync 1 DAGs
[2024-04-27 22:29:31,836] {logging_mixin.py:104} INFO - [2024-04-27 22:29:31,836] {dag.py:2280} INFO - Setting next_dagrun for latest_only to 2024-04-25 00:00:00+00:00
[2024-04-27 22:29:31,853] {scheduler_job.py:190} INFO - Processing /home/airflow/.local/lib/python3.6/site-packages/airflow/example_dags/example_latest_only.py took 0.096 seconds
[2024-04-27 22:30:02,605] {scheduler_job.py:182} INFO - Started process (PID=722) to work on /home/airflow/.local/lib/python3.6/site-packages/airflow/example_dags/example_latest_only.py
[2024-04-27 22:30:02,608] {scheduler_job.py:629} INFO - Processing file /home/airflow/.local/lib/python3.6/site-packages/airflow/example_dags/example_latest_only.py for tasks to queue
[2024-04-27 22:30:02,611] {logging_mixin.py:104} INFO - [2024-04-27 22:30:02,611] {dagbag.py:451} INFO - Filling up the DagBag from /home/airflow/.local/lib/python3.6/site-packages/airflow/example_dags/example_latest_only.py
[2024-04-27 22:30:02,640] {scheduler_job.py:639} INFO - DAG(s) dict_keys(['latest_only']) retrieved from /home/airflow/.local/lib/python3.6/site-packages/airflow/example_dags/example_latest_only.py
[2024-04-27 22:30:02,681] {logging_mixin.py:104} INFO - [2024-04-27 22:30:02,681] {dag.py:1824} INFO - Sync 1 DAGs
[2024-04-27 22:30:02,717] {logging_mixin.py:104} INFO - [2024-04-27 22:30:02,716] {dag.py:2280} INFO - Setting next_dagrun for latest_only to 2024-04-25 00:00:00+00:00
[2024-04-27 22:30:02,740] {scheduler_job.py:190} INFO - Processing /home/airflow/.local/lib/python3.6/site-packages/airflow/example_dags/example_latest_only.py took 0.143 seconds
[2024-04-27 22:30:33,277] {scheduler_job.py:182} INFO - Started process (PID=748) to work on /home/airflow/.local/lib/python3.6/site-packages/airflow/example_dags/example_latest_only.py
[2024-04-27 22:30:33,279] {scheduler_job.py:629} INFO - Processing file /home/airflow/.local/lib/python3.6/site-packages/airflow/example_dags/example_latest_only.py for tasks to queue
[2024-04-27 22:30:33,281] {logging_mixin.py:104} INFO - [2024-04-27 22:30:33,281] {dagbag.py:451} INFO - Filling up the DagBag from /home/airflow/.local/lib/python3.6/site-packages/airflow/example_dags/example_latest_only.py
[2024-04-27 22:30:33,298] {scheduler_job.py:639} INFO - DAG(s) dict_keys(['latest_only']) retrieved from /home/airflow/.local/lib/python3.6/site-packages/airflow/example_dags/example_latest_only.py
[2024-04-27 22:30:33,327] {logging_mixin.py:104} INFO - [2024-04-27 22:30:33,326] {dag.py:1824} INFO - Sync 1 DAGs
[2024-04-27 22:30:33,347] {logging_mixin.py:104} INFO - [2024-04-27 22:30:33,347] {dag.py:2280} INFO - Setting next_dagrun for latest_only to 2024-04-25 00:00:00+00:00
[2024-04-27 22:30:33,365] {scheduler_job.py:190} INFO - Processing /home/airflow/.local/lib/python3.6/site-packages/airflow/example_dags/example_latest_only.py took 0.092 seconds
[2024-04-27 22:31:03,716] {scheduler_job.py:182} INFO - Started process (PID=774) to work on /home/airflow/.local/lib/python3.6/site-packages/airflow/example_dags/example_latest_only.py
[2024-04-27 22:31:03,719] {scheduler_job.py:629} INFO - Processing file /home/airflow/.local/lib/python3.6/site-packages/airflow/example_dags/example_latest_only.py for tasks to queue
[2024-04-27 22:31:03,720] {logging_mixin.py:104} INFO - [2024-04-27 22:31:03,720] {dagbag.py:451} INFO - Filling up the DagBag from /home/airflow/.local/lib/python3.6/site-packages/airflow/example_dags/example_latest_only.py
[2024-04-27 22:31:03,741] {scheduler_job.py:639} INFO - DAG(s) dict_keys(['latest_only']) retrieved from /home/airflow/.local/lib/python3.6/site-packages/airflow/example_dags/example_latest_only.py
[2024-04-27 22:31:03,778] {logging_mixin.py:104} INFO - [2024-04-27 22:31:03,778] {dag.py:1824} INFO - Sync 1 DAGs
[2024-04-27 22:31:03,799] {logging_mixin.py:104} INFO - [2024-04-27 22:31:03,799] {dag.py:2280} INFO - Setting next_dagrun for latest_only to 2024-04-25 00:00:00+00:00
[2024-04-27 22:31:03,815] {scheduler_job.py:190} INFO - Processing /home/airflow/.local/lib/python3.6/site-packages/airflow/example_dags/example_latest_only.py took 0.104 seconds
[2024-04-27 22:31:35,300] {scheduler_job.py:182} INFO - Started process (PID=803) to work on /home/airflow/.local/lib/python3.6/site-packages/airflow/example_dags/example_latest_only.py
[2024-04-27 22:31:35,303] {scheduler_job.py:629} INFO - Processing file /home/airflow/.local/lib/python3.6/site-packages/airflow/example_dags/example_latest_only.py for tasks to queue
[2024-04-27 22:31:35,306] {logging_mixin.py:104} INFO - [2024-04-27 22:31:35,305] {dagbag.py:451} INFO - Filling up the DagBag from /home/airflow/.local/lib/python3.6/site-packages/airflow/example_dags/example_latest_only.py
[2024-04-27 22:31:35,353] {scheduler_job.py:639} INFO - DAG(s) dict_keys(['latest_only']) retrieved from /home/airflow/.local/lib/python3.6/site-packages/airflow/example_dags/example_latest_only.py
[2024-04-27 22:31:35,487] {logging_mixin.py:104} INFO - [2024-04-27 22:31:35,485] {dag.py:1824} INFO - Sync 1 DAGs
[2024-04-27 22:31:35,538] {logging_mixin.py:104} INFO - [2024-04-27 22:31:35,538] {dag.py:2280} INFO - Setting next_dagrun for latest_only to 2024-04-25 00:00:00+00:00
[2024-04-27 22:31:35,570] {scheduler_job.py:190} INFO - Processing /home/airflow/.local/lib/python3.6/site-packages/airflow/example_dags/example_latest_only.py took 0.276 seconds
[2024-04-27 22:32:06,057] {scheduler_job.py:182} INFO - Started process (PID=828) to work on /home/airflow/.local/lib/python3.6/site-packages/airflow/example_dags/example_latest_only.py
[2024-04-27 22:32:06,059] {scheduler_job.py:629} INFO - Processing file /home/airflow/.local/lib/python3.6/site-packages/airflow/example_dags/example_latest_only.py for tasks to queue
[2024-04-27 22:32:06,060] {logging_mixin.py:104} INFO - [2024-04-27 22:32:06,060] {dagbag.py:451} INFO - Filling up the DagBag from /home/airflow/.local/lib/python3.6/site-packages/airflow/example_dags/example_latest_only.py
[2024-04-27 22:32:06,077] {scheduler_job.py:639} INFO - DAG(s) dict_keys(['latest_only']) retrieved from /home/airflow/.local/lib/python3.6/site-packages/airflow/example_dags/example_latest_only.py
[2024-04-27 22:32:06,109] {logging_mixin.py:104} INFO - [2024-04-27 22:32:06,109] {dag.py:1824} INFO - Sync 1 DAGs
[2024-04-27 22:32:06,133] {logging_mixin.py:104} INFO - [2024-04-27 22:32:06,133] {dag.py:2280} INFO - Setting next_dagrun for latest_only to 2024-04-25 00:00:00+00:00
[2024-04-27 22:32:06,157] {scheduler_job.py:190} INFO - Processing /home/airflow/.local/lib/python3.6/site-packages/airflow/example_dags/example_latest_only.py took 0.105 seconds
[2024-04-27 22:32:36,449] {scheduler_job.py:182} INFO - Started process (PID=854) to work on /home/airflow/.local/lib/python3.6/site-packages/airflow/example_dags/example_latest_only.py
[2024-04-27 22:32:36,451] {scheduler_job.py:629} INFO - Processing file /home/airflow/.local/lib/python3.6/site-packages/airflow/example_dags/example_latest_only.py for tasks to queue
[2024-04-27 22:32:36,452] {logging_mixin.py:104} INFO - [2024-04-27 22:32:36,452] {dagbag.py:451} INFO - Filling up the DagBag from /home/airflow/.local/lib/python3.6/site-packages/airflow/example_dags/example_latest_only.py
[2024-04-27 22:32:36,465] {scheduler_job.py:639} INFO - DAG(s) dict_keys(['latest_only']) retrieved from /home/airflow/.local/lib/python3.6/site-packages/airflow/example_dags/example_latest_only.py
[2024-04-27 22:32:36,490] {logging_mixin.py:104} INFO - [2024-04-27 22:32:36,490] {dag.py:1824} INFO - Sync 1 DAGs
[2024-04-27 22:32:36,507] {logging_mixin.py:104} INFO - [2024-04-27 22:32:36,507] {dag.py:2280} INFO - Setting next_dagrun for latest_only to 2024-04-25 00:00:00+00:00
[2024-04-27 22:32:36,524] {scheduler_job.py:190} INFO - Processing /home/airflow/.local/lib/python3.6/site-packages/airflow/example_dags/example_latest_only.py took 0.079 seconds
[2024-04-27 22:33:06,867] {scheduler_job.py:182} INFO - Started process (PID=880) to work on /home/airflow/.local/lib/python3.6/site-packages/airflow/example_dags/example_latest_only.py
[2024-04-27 22:33:06,868] {scheduler_job.py:629} INFO - Processing file /home/airflow/.local/lib/python3.6/site-packages/airflow/example_dags/example_latest_only.py for tasks to queue
[2024-04-27 22:33:06,870] {logging_mixin.py:104} INFO - [2024-04-27 22:33:06,870] {dagbag.py:451} INFO - Filling up the DagBag from /home/airflow/.local/lib/python3.6/site-packages/airflow/example_dags/example_latest_only.py
[2024-04-27 22:33:06,884] {scheduler_job.py:639} INFO - DAG(s) dict_keys(['latest_only']) retrieved from /home/airflow/.local/lib/python3.6/site-packages/airflow/example_dags/example_latest_only.py
[2024-04-27 22:33:06,914] {logging_mixin.py:104} INFO - [2024-04-27 22:33:06,914] {dag.py:1824} INFO - Sync 1 DAGs
[2024-04-27 22:33:06,937] {logging_mixin.py:104} INFO - [2024-04-27 22:33:06,936] {dag.py:2280} INFO - Setting next_dagrun for latest_only to 2024-04-25 00:00:00+00:00
[2024-04-27 22:33:06,953] {scheduler_job.py:190} INFO - Processing /home/airflow/.local/lib/python3.6/site-packages/airflow/example_dags/example_latest_only.py took 0.089 seconds
[2024-04-27 22:33:37,270] {scheduler_job.py:182} INFO - Started process (PID=906) to work on /home/airflow/.local/lib/python3.6/site-packages/airflow/example_dags/example_latest_only.py
[2024-04-27 22:33:37,273] {scheduler_job.py:629} INFO - Processing file /home/airflow/.local/lib/python3.6/site-packages/airflow/example_dags/example_latest_only.py for tasks to queue
[2024-04-27 22:33:37,274] {logging_mixin.py:104} INFO - [2024-04-27 22:33:37,274] {dagbag.py:451} INFO - Filling up the DagBag from /home/airflow/.local/lib/python3.6/site-packages/airflow/example_dags/example_latest_only.py
[2024-04-27 22:33:37,289] {scheduler_job.py:639} INFO - DAG(s) dict_keys(['latest_only']) retrieved from /home/airflow/.local/lib/python3.6/site-packages/airflow/example_dags/example_latest_only.py
[2024-04-27 22:33:37,316] {logging_mixin.py:104} INFO - [2024-04-27 22:33:37,316] {dag.py:1824} INFO - Sync 1 DAGs
[2024-04-27 22:33:37,336] {logging_mixin.py:104} INFO - [2024-04-27 22:33:37,336] {dag.py:2280} INFO - Setting next_dagrun for latest_only to 2024-04-25 00:00:00+00:00
[2024-04-27 22:33:37,352] {scheduler_job.py:190} INFO - Processing /home/airflow/.local/lib/python3.6/site-packages/airflow/example_dags/example_latest_only.py took 0.086 seconds
[2024-04-27 22:34:08,330] {scheduler_job.py:182} INFO - Started process (PID=933) to work on /home/airflow/.local/lib/python3.6/site-packages/airflow/example_dags/example_latest_only.py
[2024-04-27 22:34:08,332] {scheduler_job.py:629} INFO - Processing file /home/airflow/.local/lib/python3.6/site-packages/airflow/example_dags/example_latest_only.py for tasks to queue
[2024-04-27 22:34:08,333] {logging_mixin.py:104} INFO - [2024-04-27 22:34:08,333] {dagbag.py:451} INFO - Filling up the DagBag from /home/airflow/.local/lib/python3.6/site-packages/airflow/example_dags/example_latest_only.py
[2024-04-27 22:34:08,349] {scheduler_job.py:639} INFO - DAG(s) dict_keys(['latest_only']) retrieved from /home/airflow/.local/lib/python3.6/site-packages/airflow/example_dags/example_latest_only.py
[2024-04-27 22:34:08,375] {logging_mixin.py:104} INFO - [2024-04-27 22:34:08,375] {dag.py:1824} INFO - Sync 1 DAGs
[2024-04-27 22:34:08,394] {logging_mixin.py:104} INFO - [2024-04-27 22:34:08,394] {dag.py:2280} INFO - Setting next_dagrun for latest_only to 2024-04-25 00:00:00+00:00
[2024-04-27 22:34:08,409] {scheduler_job.py:190} INFO - Processing /home/airflow/.local/lib/python3.6/site-packages/airflow/example_dags/example_latest_only.py took 0.084 seconds
[2024-04-27 22:34:39,339] {scheduler_job.py:182} INFO - Started process (PID=959) to work on /home/airflow/.local/lib/python3.6/site-packages/airflow/example_dags/example_latest_only.py
[2024-04-27 22:34:39,341] {scheduler_job.py:629} INFO - Processing file /home/airflow/.local/lib/python3.6/site-packages/airflow/example_dags/example_latest_only.py for tasks to queue
[2024-04-27 22:34:39,343] {logging_mixin.py:104} INFO - [2024-04-27 22:34:39,343] {dagbag.py:451} INFO - Filling up the DagBag from /home/airflow/.local/lib/python3.6/site-packages/airflow/example_dags/example_latest_only.py
[2024-04-27 22:34:39,359] {scheduler_job.py:639} INFO - DAG(s) dict_keys(['latest_only']) retrieved from /home/airflow/.local/lib/python3.6/site-packages/airflow/example_dags/example_latest_only.py
[2024-04-27 22:34:39,390] {logging_mixin.py:104} INFO - [2024-04-27 22:34:39,390] {dag.py:1824} INFO - Sync 1 DAGs
[2024-04-27 22:34:39,414] {logging_mixin.py:104} INFO - [2024-04-27 22:34:39,414] {dag.py:2280} INFO - Setting next_dagrun for latest_only to 2024-04-25 00:00:00+00:00
[2024-04-27 22:34:39,431] {scheduler_job.py:190} INFO - Processing /home/airflow/.local/lib/python3.6/site-packages/airflow/example_dags/example_latest_only.py took 0.096 seconds
[2024-04-27 22:35:10,281] {scheduler_job.py:182} INFO - Started process (PID=985) to work on /home/airflow/.local/lib/python3.6/site-packages/airflow/example_dags/example_latest_only.py
[2024-04-27 22:35:10,283] {scheduler_job.py:629} INFO - Processing file /home/airflow/.local/lib/python3.6/site-packages/airflow/example_dags/example_latest_only.py for tasks to queue
[2024-04-27 22:35:10,284] {logging_mixin.py:104} INFO - [2024-04-27 22:35:10,284] {dagbag.py:451} INFO - Filling up the DagBag from /home/airflow/.local/lib/python3.6/site-packages/airflow/example_dags/example_latest_only.py
[2024-04-27 22:35:10,300] {scheduler_job.py:639} INFO - DAG(s) dict_keys(['latest_only']) retrieved from /home/airflow/.local/lib/python3.6/site-packages/airflow/example_dags/example_latest_only.py
[2024-04-27 22:35:10,325] {logging_mixin.py:104} INFO - [2024-04-27 22:35:10,325] {dag.py:1824} INFO - Sync 1 DAGs
[2024-04-27 22:35:10,343] {logging_mixin.py:104} INFO - [2024-04-27 22:35:10,343] {dag.py:2280} INFO - Setting next_dagrun for latest_only to 2024-04-25 00:00:00+00:00
[2024-04-27 22:35:10,362] {scheduler_job.py:190} INFO - Processing /home/airflow/.local/lib/python3.6/site-packages/airflow/example_dags/example_latest_only.py took 0.086 seconds
[2024-04-27 22:35:40,784] {scheduler_job.py:182} INFO - Started process (PID=1010) to work on /home/airflow/.local/lib/python3.6/site-packages/airflow/example_dags/example_latest_only.py
[2024-04-27 22:35:40,786] {scheduler_job.py:629} INFO - Processing file /home/airflow/.local/lib/python3.6/site-packages/airflow/example_dags/example_latest_only.py for tasks to queue
[2024-04-27 22:35:40,788] {logging_mixin.py:104} INFO - [2024-04-27 22:35:40,788] {dagbag.py:451} INFO - Filling up the DagBag from /home/airflow/.local/lib/python3.6/site-packages/airflow/example_dags/example_latest_only.py
[2024-04-27 22:35:40,805] {scheduler_job.py:639} INFO - DAG(s) dict_keys(['latest_only']) retrieved from /home/airflow/.local/lib/python3.6/site-packages/airflow/example_dags/example_latest_only.py
[2024-04-27 22:35:40,840] {logging_mixin.py:104} INFO - [2024-04-27 22:35:40,840] {dag.py:1824} INFO - Sync 1 DAGs
[2024-04-27 22:35:40,875] {logging_mixin.py:104} INFO - [2024-04-27 22:35:40,874] {dag.py:2280} INFO - Setting next_dagrun for latest_only to 2024-04-25 00:00:00+00:00
[2024-04-27 22:35:40,894] {scheduler_job.py:190} INFO - Processing /home/airflow/.local/lib/python3.6/site-packages/airflow/example_dags/example_latest_only.py took 0.115 seconds
[2024-04-27 22:36:11,300] {scheduler_job.py:182} INFO - Started process (PID=1036) to work on /home/airflow/.local/lib/python3.6/site-packages/airflow/example_dags/example_latest_only.py
[2024-04-27 22:36:11,305] {scheduler_job.py:629} INFO - Processing file /home/airflow/.local/lib/python3.6/site-packages/airflow/example_dags/example_latest_only.py for tasks to queue
[2024-04-27 22:36:11,307] {logging_mixin.py:104} INFO - [2024-04-27 22:36:11,307] {dagbag.py:451} INFO - Filling up the DagBag from /home/airflow/.local/lib/python3.6/site-packages/airflow/example_dags/example_latest_only.py
[2024-04-27 22:36:11,328] {scheduler_job.py:639} INFO - DAG(s) dict_keys(['latest_only']) retrieved from /home/airflow/.local/lib/python3.6/site-packages/airflow/example_dags/example_latest_only.py
[2024-04-27 22:36:11,360] {logging_mixin.py:104} INFO - [2024-04-27 22:36:11,360] {dag.py:1824} INFO - Sync 1 DAGs
[2024-04-27 22:36:11,384] {logging_mixin.py:104} INFO - [2024-04-27 22:36:11,384] {dag.py:2280} INFO - Setting next_dagrun for latest_only to 2024-04-25 00:00:00+00:00
[2024-04-27 22:36:11,400] {scheduler_job.py:190} INFO - Processing /home/airflow/.local/lib/python3.6/site-packages/airflow/example_dags/example_latest_only.py took 0.105 seconds
[2024-04-27 22:36:42,189] {scheduler_job.py:182} INFO - Started process (PID=1062) to work on /home/airflow/.local/lib/python3.6/site-packages/airflow/example_dags/example_latest_only.py
[2024-04-27 22:36:42,192] {scheduler_job.py:629} INFO - Processing file /home/airflow/.local/lib/python3.6/site-packages/airflow/example_dags/example_latest_only.py for tasks to queue
[2024-04-27 22:36:42,193] {logging_mixin.py:104} INFO - [2024-04-27 22:36:42,193] {dagbag.py:451} INFO - Filling up the DagBag from /home/airflow/.local/lib/python3.6/site-packages/airflow/example_dags/example_latest_only.py
[2024-04-27 22:36:42,206] {scheduler_job.py:639} INFO - DAG(s) dict_keys(['latest_only']) retrieved from /home/airflow/.local/lib/python3.6/site-packages/airflow/example_dags/example_latest_only.py
[2024-04-27 22:36:42,233] {logging_mixin.py:104} INFO - [2024-04-27 22:36:42,232] {dag.py:1824} INFO - Sync 1 DAGs
[2024-04-27 22:36:42,252] {logging_mixin.py:104} INFO - [2024-04-27 22:36:42,252] {dag.py:2280} INFO - Setting next_dagrun for latest_only to 2024-04-25 00:00:00+00:00
[2024-04-27 22:36:42,276] {scheduler_job.py:190} INFO - Processing /home/airflow/.local/lib/python3.6/site-packages/airflow/example_dags/example_latest_only.py took 0.091 seconds
[2024-04-27 22:37:12,335] {scheduler_job.py:182} INFO - Started process (PID=1088) to work on /home/airflow/.local/lib/python3.6/site-packages/airflow/example_dags/example_latest_only.py
[2024-04-27 22:37:12,337] {scheduler_job.py:629} INFO - Processing file /home/airflow/.local/lib/python3.6/site-packages/airflow/example_dags/example_latest_only.py for tasks to queue
[2024-04-27 22:37:12,338] {logging_mixin.py:104} INFO - [2024-04-27 22:37:12,338] {dagbag.py:451} INFO - Filling up the DagBag from /home/airflow/.local/lib/python3.6/site-packages/airflow/example_dags/example_latest_only.py
[2024-04-27 22:37:12,351] {scheduler_job.py:639} INFO - DAG(s) dict_keys(['latest_only']) retrieved from /home/airflow/.local/lib/python3.6/site-packages/airflow/example_dags/example_latest_only.py
[2024-04-27 22:37:12,377] {logging_mixin.py:104} INFO - [2024-04-27 22:37:12,377] {dag.py:1824} INFO - Sync 1 DAGs
[2024-04-27 22:37:12,402] {logging_mixin.py:104} INFO - [2024-04-27 22:37:12,402] {dag.py:2280} INFO - Setting next_dagrun for latest_only to 2024-04-25 00:00:00+00:00
[2024-04-27 22:37:12,420] {scheduler_job.py:190} INFO - Processing /home/airflow/.local/lib/python3.6/site-packages/airflow/example_dags/example_latest_only.py took 0.089 seconds
[2024-04-27 22:37:42,496] {scheduler_job.py:182} INFO - Started process (PID=1114) to work on /home/airflow/.local/lib/python3.6/site-packages/airflow/example_dags/example_latest_only.py
[2024-04-27 22:37:42,497] {scheduler_job.py:629} INFO - Processing file /home/airflow/.local/lib/python3.6/site-packages/airflow/example_dags/example_latest_only.py for tasks to queue
[2024-04-27 22:37:42,498] {logging_mixin.py:104} INFO - [2024-04-27 22:37:42,498] {dagbag.py:451} INFO - Filling up the DagBag from /home/airflow/.local/lib/python3.6/site-packages/airflow/example_dags/example_latest_only.py
[2024-04-27 22:37:42,525] {scheduler_job.py:639} INFO - DAG(s) dict_keys(['latest_only']) retrieved from /home/airflow/.local/lib/python3.6/site-packages/airflow/example_dags/example_latest_only.py
[2024-04-27 22:37:42,562] {logging_mixin.py:104} INFO - [2024-04-27 22:37:42,561] {dag.py:1824} INFO - Sync 1 DAGs
[2024-04-27 22:37:42,587] {logging_mixin.py:104} INFO - [2024-04-27 22:37:42,587] {dag.py:2280} INFO - Setting next_dagrun for latest_only to 2024-04-25 00:00:00+00:00
[2024-04-27 22:37:42,605] {scheduler_job.py:190} INFO - Processing /home/airflow/.local/lib/python3.6/site-packages/airflow/example_dags/example_latest_only.py took 0.113 seconds
[2024-04-27 22:38:13,049] {scheduler_job.py:182} INFO - Started process (PID=1140) to work on /home/airflow/.local/lib/python3.6/site-packages/airflow/example_dags/example_latest_only.py
[2024-04-27 22:38:13,051] {scheduler_job.py:629} INFO - Processing file /home/airflow/.local/lib/python3.6/site-packages/airflow/example_dags/example_latest_only.py for tasks to queue
[2024-04-27 22:38:13,053] {logging_mixin.py:104} INFO - [2024-04-27 22:38:13,053] {dagbag.py:451} INFO - Filling up the DagBag from /home/airflow/.local/lib/python3.6/site-packages/airflow/example_dags/example_latest_only.py
[2024-04-27 22:38:13,072] {scheduler_job.py:639} INFO - DAG(s) dict_keys(['latest_only']) retrieved from /home/airflow/.local/lib/python3.6/site-packages/airflow/example_dags/example_latest_only.py
[2024-04-27 22:38:13,100] {logging_mixin.py:104} INFO - [2024-04-27 22:38:13,100] {dag.py:1824} INFO - Sync 1 DAGs
[2024-04-27 22:38:13,124] {logging_mixin.py:104} INFO - [2024-04-27 22:38:13,124] {dag.py:2280} INFO - Setting next_dagrun for latest_only to 2024-04-25 00:00:00+00:00
[2024-04-27 22:38:13,143] {scheduler_job.py:190} INFO - Processing /home/airflow/.local/lib/python3.6/site-packages/airflow/example_dags/example_latest_only.py took 0.099 seconds
[2024-04-27 22:38:43,442] {scheduler_job.py:182} INFO - Started process (PID=1166) to work on /home/airflow/.local/lib/python3.6/site-packages/airflow/example_dags/example_latest_only.py
[2024-04-27 22:38:43,444] {scheduler_job.py:629} INFO - Processing file /home/airflow/.local/lib/python3.6/site-packages/airflow/example_dags/example_latest_only.py for tasks to queue
[2024-04-27 22:38:43,447] {logging_mixin.py:104} INFO - [2024-04-27 22:38:43,446] {dagbag.py:451} INFO - Filling up the DagBag from /home/airflow/.local/lib/python3.6/site-packages/airflow/example_dags/example_latest_only.py
[2024-04-27 22:38:43,463] {scheduler_job.py:639} INFO - DAG(s) dict_keys(['latest_only']) retrieved from /home/airflow/.local/lib/python3.6/site-packages/airflow/example_dags/example_latest_only.py
[2024-04-27 22:38:43,493] {logging_mixin.py:104} INFO - [2024-04-27 22:38:43,493] {dag.py:1824} INFO - Sync 1 DAGs
[2024-04-27 22:38:43,516] {logging_mixin.py:104} INFO - [2024-04-27 22:38:43,516] {dag.py:2280} INFO - Setting next_dagrun for latest_only to 2024-04-25 00:00:00+00:00
[2024-04-27 22:38:43,534] {scheduler_job.py:190} INFO - Processing /home/airflow/.local/lib/python3.6/site-packages/airflow/example_dags/example_latest_only.py took 0.097 seconds
[2024-04-27 22:39:14,189] {scheduler_job.py:182} INFO - Started process (PID=1192) to work on /home/airflow/.local/lib/python3.6/site-packages/airflow/example_dags/example_latest_only.py
[2024-04-27 22:39:14,191] {scheduler_job.py:629} INFO - Processing file /home/airflow/.local/lib/python3.6/site-packages/airflow/example_dags/example_latest_only.py for tasks to queue
[2024-04-27 22:39:14,193] {logging_mixin.py:104} INFO - [2024-04-27 22:39:14,192] {dagbag.py:451} INFO - Filling up the DagBag from /home/airflow/.local/lib/python3.6/site-packages/airflow/example_dags/example_latest_only.py
[2024-04-27 22:39:14,212] {scheduler_job.py:639} INFO - DAG(s) dict_keys(['latest_only']) retrieved from /home/airflow/.local/lib/python3.6/site-packages/airflow/example_dags/example_latest_only.py
[2024-04-27 22:39:14,246] {logging_mixin.py:104} INFO - [2024-04-27 22:39:14,246] {dag.py:1824} INFO - Sync 1 DAGs
[2024-04-27 22:39:14,277] {logging_mixin.py:104} INFO - [2024-04-27 22:39:14,276] {dag.py:2280} INFO - Setting next_dagrun for latest_only to 2024-04-25 00:00:00+00:00
[2024-04-27 22:39:14,301] {scheduler_job.py:190} INFO - Processing /home/airflow/.local/lib/python3.6/site-packages/airflow/example_dags/example_latest_only.py took 0.117 seconds
[2024-04-27 22:39:44,742] {scheduler_job.py:182} INFO - Started process (PID=1218) to work on /home/airflow/.local/lib/python3.6/site-packages/airflow/example_dags/example_latest_only.py
[2024-04-27 22:39:44,745] {scheduler_job.py:629} INFO - Processing file /home/airflow/.local/lib/python3.6/site-packages/airflow/example_dags/example_latest_only.py for tasks to queue
[2024-04-27 22:39:44,747] {logging_mixin.py:104} INFO - [2024-04-27 22:39:44,747] {dagbag.py:451} INFO - Filling up the DagBag from /home/airflow/.local/lib/python3.6/site-packages/airflow/example_dags/example_latest_only.py
[2024-04-27 22:39:44,770] {scheduler_job.py:639} INFO - DAG(s) dict_keys(['latest_only']) retrieved from /home/airflow/.local/lib/python3.6/site-packages/airflow/example_dags/example_latest_only.py
[2024-04-27 22:39:44,808] {logging_mixin.py:104} INFO - [2024-04-27 22:39:44,808] {dag.py:1824} INFO - Sync 1 DAGs
[2024-04-27 22:39:44,852] {logging_mixin.py:104} INFO - [2024-04-27 22:39:44,851] {dag.py:2280} INFO - Setting next_dagrun for latest_only to 2024-04-25 00:00:00+00:00
[2024-04-27 22:39:44,876] {scheduler_job.py:190} INFO - Processing /home/airflow/.local/lib/python3.6/site-packages/airflow/example_dags/example_latest_only.py took 0.142 seconds
[2024-04-27 22:40:15,023] {scheduler_job.py:182} INFO - Started process (PID=1244) to work on /home/airflow/.local/lib/python3.6/site-packages/airflow/example_dags/example_latest_only.py
[2024-04-27 22:40:15,026] {scheduler_job.py:629} INFO - Processing file /home/airflow/.local/lib/python3.6/site-packages/airflow/example_dags/example_latest_only.py for tasks to queue
[2024-04-27 22:40:15,029] {logging_mixin.py:104} INFO - [2024-04-27 22:40:15,029] {dagbag.py:451} INFO - Filling up the DagBag from /home/airflow/.local/lib/python3.6/site-packages/airflow/example_dags/example_latest_only.py
[2024-04-27 22:40:15,055] {scheduler_job.py:639} INFO - DAG(s) dict_keys(['latest_only']) retrieved from /home/airflow/.local/lib/python3.6/site-packages/airflow/example_dags/example_latest_only.py
[2024-04-27 22:40:15,093] {logging_mixin.py:104} INFO - [2024-04-27 22:40:15,093] {dag.py:1824} INFO - Sync 1 DAGs
[2024-04-27 22:40:15,122] {logging_mixin.py:104} INFO - [2024-04-27 22:40:15,122] {dag.py:2280} INFO - Setting next_dagrun for latest_only to 2024-04-25 00:00:00+00:00
[2024-04-27 22:40:15,142] {scheduler_job.py:190} INFO - Processing /home/airflow/.local/lib/python3.6/site-packages/airflow/example_dags/example_latest_only.py took 0.126 seconds
[2024-04-27 22:40:45,453] {scheduler_job.py:182} INFO - Started process (PID=1270) to work on /home/airflow/.local/lib/python3.6/site-packages/airflow/example_dags/example_latest_only.py
[2024-04-27 22:40:45,455] {scheduler_job.py:629} INFO - Processing file /home/airflow/.local/lib/python3.6/site-packages/airflow/example_dags/example_latest_only.py for tasks to queue
[2024-04-27 22:40:45,457] {logging_mixin.py:104} INFO - [2024-04-27 22:40:45,457] {dagbag.py:451} INFO - Filling up the DagBag from /home/airflow/.local/lib/python3.6/site-packages/airflow/example_dags/example_latest_only.py
[2024-04-27 22:40:45,477] {scheduler_job.py:639} INFO - DAG(s) dict_keys(['latest_only']) retrieved from /home/airflow/.local/lib/python3.6/site-packages/airflow/example_dags/example_latest_only.py
[2024-04-27 22:40:45,512] {logging_mixin.py:104} INFO - [2024-04-27 22:40:45,512] {dag.py:1824} INFO - Sync 1 DAGs
[2024-04-27 22:40:45,534] {logging_mixin.py:104} INFO - [2024-04-27 22:40:45,534] {dag.py:2280} INFO - Setting next_dagrun for latest_only to 2024-04-25 00:00:00+00:00
[2024-04-27 22:40:45,552] {scheduler_job.py:190} INFO - Processing /home/airflow/.local/lib/python3.6/site-packages/airflow/example_dags/example_latest_only.py took 0.104 seconds
[2024-04-27 22:41:15,684] {scheduler_job.py:182} INFO - Started process (PID=1296) to work on /home/airflow/.local/lib/python3.6/site-packages/airflow/example_dags/example_latest_only.py
[2024-04-27 22:41:15,686] {scheduler_job.py:629} INFO - Processing file /home/airflow/.local/lib/python3.6/site-packages/airflow/example_dags/example_latest_only.py for tasks to queue
[2024-04-27 22:41:15,688] {logging_mixin.py:104} INFO - [2024-04-27 22:41:15,688] {dagbag.py:451} INFO - Filling up the DagBag from /home/airflow/.local/lib/python3.6/site-packages/airflow/example_dags/example_latest_only.py
[2024-04-27 22:41:15,709] {scheduler_job.py:639} INFO - DAG(s) dict_keys(['latest_only']) retrieved from /home/airflow/.local/lib/python3.6/site-packages/airflow/example_dags/example_latest_only.py
[2024-04-27 22:41:15,741] {logging_mixin.py:104} INFO - [2024-04-27 22:41:15,741] {dag.py:1824} INFO - Sync 1 DAGs
[2024-04-27 22:41:15,763] {logging_mixin.py:104} INFO - [2024-04-27 22:41:15,763] {dag.py:2280} INFO - Setting next_dagrun for latest_only to 2024-04-25 00:00:00+00:00
[2024-04-27 22:41:15,782] {scheduler_job.py:190} INFO - Processing /home/airflow/.local/lib/python3.6/site-packages/airflow/example_dags/example_latest_only.py took 0.103 seconds
[2024-04-27 22:41:46,387] {scheduler_job.py:182} INFO - Started process (PID=1323) to work on /home/airflow/.local/lib/python3.6/site-packages/airflow/example_dags/example_latest_only.py
[2024-04-27 22:41:46,390] {scheduler_job.py:629} INFO - Processing file /home/airflow/.local/lib/python3.6/site-packages/airflow/example_dags/example_latest_only.py for tasks to queue
[2024-04-27 22:41:46,393] {logging_mixin.py:104} INFO - [2024-04-27 22:41:46,392] {dagbag.py:451} INFO - Filling up the DagBag from /home/airflow/.local/lib/python3.6/site-packages/airflow/example_dags/example_latest_only.py
[2024-04-27 22:41:46,419] {scheduler_job.py:639} INFO - DAG(s) dict_keys(['latest_only']) retrieved from /home/airflow/.local/lib/python3.6/site-packages/airflow/example_dags/example_latest_only.py
[2024-04-27 22:41:46,462] {logging_mixin.py:104} INFO - [2024-04-27 22:41:46,462] {dag.py:1824} INFO - Sync 1 DAGs
[2024-04-27 22:41:46,492] {logging_mixin.py:104} INFO - [2024-04-27 22:41:46,491] {dag.py:2280} INFO - Setting next_dagrun for latest_only to 2024-04-25 00:00:00+00:00
[2024-04-27 22:41:46,513] {scheduler_job.py:190} INFO - Processing /home/airflow/.local/lib/python3.6/site-packages/airflow/example_dags/example_latest_only.py took 0.134 seconds
[2024-04-27 22:42:17,867] {scheduler_job.py:182} INFO - Started process (PID=1347) to work on /home/airflow/.local/lib/python3.6/site-packages/airflow/example_dags/example_latest_only.py
[2024-04-27 22:42:17,870] {scheduler_job.py:629} INFO - Processing file /home/airflow/.local/lib/python3.6/site-packages/airflow/example_dags/example_latest_only.py for tasks to queue
[2024-04-27 22:42:17,876] {logging_mixin.py:104} INFO - [2024-04-27 22:42:17,875] {dagbag.py:451} INFO - Filling up the DagBag from /home/airflow/.local/lib/python3.6/site-packages/airflow/example_dags/example_latest_only.py
[2024-04-27 22:42:17,909] {scheduler_job.py:639} INFO - DAG(s) dict_keys(['latest_only']) retrieved from /home/airflow/.local/lib/python3.6/site-packages/airflow/example_dags/example_latest_only.py
[2024-04-27 22:42:17,955] {logging_mixin.py:104} INFO - [2024-04-27 22:42:17,955] {dag.py:1824} INFO - Sync 1 DAGs
[2024-04-27 22:42:18,011] {logging_mixin.py:104} INFO - [2024-04-27 22:42:18,008] {dag.py:2280} INFO - Setting next_dagrun for latest_only to 2024-04-25 00:00:00+00:00
[2024-04-27 22:42:18,054] {scheduler_job.py:190} INFO - Processing /home/airflow/.local/lib/python3.6/site-packages/airflow/example_dags/example_latest_only.py took 0.194 seconds
[2024-04-27 22:42:49,007] {scheduler_job.py:182} INFO - Started process (PID=1373) to work on /home/airflow/.local/lib/python3.6/site-packages/airflow/example_dags/example_latest_only.py
[2024-04-27 22:42:49,009] {scheduler_job.py:629} INFO - Processing file /home/airflow/.local/lib/python3.6/site-packages/airflow/example_dags/example_latest_only.py for tasks to queue
[2024-04-27 22:42:49,012] {logging_mixin.py:104} INFO - [2024-04-27 22:42:49,011] {dagbag.py:451} INFO - Filling up the DagBag from /home/airflow/.local/lib/python3.6/site-packages/airflow/example_dags/example_latest_only.py
[2024-04-27 22:42:49,032] {scheduler_job.py:639} INFO - DAG(s) dict_keys(['latest_only']) retrieved from /home/airflow/.local/lib/python3.6/site-packages/airflow/example_dags/example_latest_only.py
[2024-04-27 22:42:49,066] {logging_mixin.py:104} INFO - [2024-04-27 22:42:49,066] {dag.py:1824} INFO - Sync 1 DAGs
[2024-04-27 22:42:49,089] {logging_mixin.py:104} INFO - [2024-04-27 22:42:49,089] {dag.py:2280} INFO - Setting next_dagrun for latest_only to 2024-04-25 00:00:00+00:00
[2024-04-27 22:42:49,112] {scheduler_job.py:190} INFO - Processing /home/airflow/.local/lib/python3.6/site-packages/airflow/example_dags/example_latest_only.py took 0.111 seconds
[2024-04-27 22:43:20,269] {scheduler_job.py:182} INFO - Started process (PID=1401) to work on /home/airflow/.local/lib/python3.6/site-packages/airflow/example_dags/example_latest_only.py
[2024-04-27 22:43:20,272] {scheduler_job.py:629} INFO - Processing file /home/airflow/.local/lib/python3.6/site-packages/airflow/example_dags/example_latest_only.py for tasks to queue
[2024-04-27 22:43:20,274] {logging_mixin.py:104} INFO - [2024-04-27 22:43:20,274] {dagbag.py:451} INFO - Filling up the DagBag from /home/airflow/.local/lib/python3.6/site-packages/airflow/example_dags/example_latest_only.py
[2024-04-27 22:43:20,297] {scheduler_job.py:639} INFO - DAG(s) dict_keys(['latest_only']) retrieved from /home/airflow/.local/lib/python3.6/site-packages/airflow/example_dags/example_latest_only.py
[2024-04-27 22:43:20,340] {logging_mixin.py:104} INFO - [2024-04-27 22:43:20,340] {dag.py:1824} INFO - Sync 1 DAGs
[2024-04-27 22:43:20,366] {logging_mixin.py:104} INFO - [2024-04-27 22:43:20,366] {dag.py:2280} INFO - Setting next_dagrun for latest_only to 2024-04-25 00:00:00+00:00
[2024-04-27 22:43:20,386] {scheduler_job.py:190} INFO - Processing /home/airflow/.local/lib/python3.6/site-packages/airflow/example_dags/example_latest_only.py took 0.123 seconds
