[2024-04-27 22:16:43,427] {scheduler_job.py:182} INFO - Started process (PID=40) to work on /home/airflow/.local/lib/python3.6/site-packages/airflow/example_dags/example_complex.py
[2024-04-27 22:16:43,437] {scheduler_job.py:629} INFO - Processing file /home/airflow/.local/lib/python3.6/site-packages/airflow/example_dags/example_complex.py for tasks to queue
[2024-04-27 22:16:43,439] {logging_mixin.py:104} INFO - [2024-04-27 22:16:43,439] {dagbag.py:451} INFO - Filling up the DagBag from /home/airflow/.local/lib/python3.6/site-packages/airflow/example_dags/example_complex.py
[2024-04-27 22:16:43,514] {scheduler_job.py:639} INFO - DAG(s) dict_keys(['example_complex']) retrieved from /home/airflow/.local/lib/python3.6/site-packages/airflow/example_dags/example_complex.py
[2024-04-27 22:16:43,693] {logging_mixin.py:104} INFO - [2024-04-27 22:16:43,693] {dag.py:1824} INFO - Sync 1 DAGs
[2024-04-27 22:16:43,745] {logging_mixin.py:104} INFO - [2024-04-27 22:16:43,745] {dag.py:1843} INFO - Creating ORM DAG for example_complex
[2024-04-27 22:16:43,776] {logging_mixin.py:104} INFO - [2024-04-27 22:16:43,776] {dag.py:2280} INFO - Setting next_dagrun for example_complex to None
[2024-04-27 22:16:43,867] {scheduler_job.py:190} INFO - Processing /home/airflow/.local/lib/python3.6/site-packages/airflow/example_dags/example_complex.py took 0.458 seconds
[2024-04-27 22:17:15,081] {scheduler_job.py:182} INFO - Started process (PID=65) to work on /home/airflow/.local/lib/python3.6/site-packages/airflow/example_dags/example_complex.py
[2024-04-27 22:17:15,090] {scheduler_job.py:629} INFO - Processing file /home/airflow/.local/lib/python3.6/site-packages/airflow/example_dags/example_complex.py for tasks to queue
[2024-04-27 22:17:15,097] {logging_mixin.py:104} INFO - [2024-04-27 22:17:15,096] {dagbag.py:451} INFO - Filling up the DagBag from /home/airflow/.local/lib/python3.6/site-packages/airflow/example_dags/example_complex.py
[2024-04-27 22:17:15,273] {scheduler_job.py:639} INFO - DAG(s) dict_keys(['example_complex']) retrieved from /home/airflow/.local/lib/python3.6/site-packages/airflow/example_dags/example_complex.py
[2024-04-27 22:17:15,381] {logging_mixin.py:104} INFO - [2024-04-27 22:17:15,381] {dag.py:1824} INFO - Sync 1 DAGs
[2024-04-27 22:17:15,473] {logging_mixin.py:104} INFO - [2024-04-27 22:17:15,473] {dag.py:2280} INFO - Setting next_dagrun for example_complex to None
[2024-04-27 22:17:15,528] {scheduler_job.py:190} INFO - Processing /home/airflow/.local/lib/python3.6/site-packages/airflow/example_dags/example_complex.py took 0.463 seconds
[2024-04-27 22:17:45,633] {scheduler_job.py:182} INFO - Started process (PID=91) to work on /home/airflow/.local/lib/python3.6/site-packages/airflow/example_dags/example_complex.py
[2024-04-27 22:17:45,636] {scheduler_job.py:629} INFO - Processing file /home/airflow/.local/lib/python3.6/site-packages/airflow/example_dags/example_complex.py for tasks to queue
[2024-04-27 22:17:45,638] {logging_mixin.py:104} INFO - [2024-04-27 22:17:45,638] {dagbag.py:451} INFO - Filling up the DagBag from /home/airflow/.local/lib/python3.6/site-packages/airflow/example_dags/example_complex.py
[2024-04-27 22:17:45,665] {scheduler_job.py:639} INFO - DAG(s) dict_keys(['example_complex']) retrieved from /home/airflow/.local/lib/python3.6/site-packages/airflow/example_dags/example_complex.py
[2024-04-27 22:17:45,708] {logging_mixin.py:104} INFO - [2024-04-27 22:17:45,708] {dag.py:1824} INFO - Sync 1 DAGs
[2024-04-27 22:17:45,731] {logging_mixin.py:104} INFO - [2024-04-27 22:17:45,731] {dag.py:2280} INFO - Setting next_dagrun for example_complex to None
[2024-04-27 22:17:45,750] {scheduler_job.py:190} INFO - Processing /home/airflow/.local/lib/python3.6/site-packages/airflow/example_dags/example_complex.py took 0.122 seconds
[2024-04-27 22:18:16,271] {scheduler_job.py:182} INFO - Started process (PID=116) to work on /home/airflow/.local/lib/python3.6/site-packages/airflow/example_dags/example_complex.py
[2024-04-27 22:18:16,273] {scheduler_job.py:629} INFO - Processing file /home/airflow/.local/lib/python3.6/site-packages/airflow/example_dags/example_complex.py for tasks to queue
[2024-04-27 22:18:16,276] {logging_mixin.py:104} INFO - [2024-04-27 22:18:16,276] {dagbag.py:451} INFO - Filling up the DagBag from /home/airflow/.local/lib/python3.6/site-packages/airflow/example_dags/example_complex.py
[2024-04-27 22:18:16,309] {scheduler_job.py:639} INFO - DAG(s) dict_keys(['example_complex']) retrieved from /home/airflow/.local/lib/python3.6/site-packages/airflow/example_dags/example_complex.py
[2024-04-27 22:18:16,365] {logging_mixin.py:104} INFO - [2024-04-27 22:18:16,364] {dag.py:1824} INFO - Sync 1 DAGs
[2024-04-27 22:18:16,398] {logging_mixin.py:104} INFO - [2024-04-27 22:18:16,398] {dag.py:2280} INFO - Setting next_dagrun for example_complex to None
[2024-04-27 22:18:16,425] {scheduler_job.py:190} INFO - Processing /home/airflow/.local/lib/python3.6/site-packages/airflow/example_dags/example_complex.py took 0.160 seconds
[2024-04-27 22:18:46,573] {scheduler_job.py:182} INFO - Started process (PID=142) to work on /home/airflow/.local/lib/python3.6/site-packages/airflow/example_dags/example_complex.py
[2024-04-27 22:18:46,576] {scheduler_job.py:629} INFO - Processing file /home/airflow/.local/lib/python3.6/site-packages/airflow/example_dags/example_complex.py for tasks to queue
[2024-04-27 22:18:46,578] {logging_mixin.py:104} INFO - [2024-04-27 22:18:46,578] {dagbag.py:451} INFO - Filling up the DagBag from /home/airflow/.local/lib/python3.6/site-packages/airflow/example_dags/example_complex.py
[2024-04-27 22:18:46,611] {scheduler_job.py:639} INFO - DAG(s) dict_keys(['example_complex']) retrieved from /home/airflow/.local/lib/python3.6/site-packages/airflow/example_dags/example_complex.py
[2024-04-27 22:18:46,662] {logging_mixin.py:104} INFO - [2024-04-27 22:18:46,662] {dag.py:1824} INFO - Sync 1 DAGs
[2024-04-27 22:18:46,687] {logging_mixin.py:104} INFO - [2024-04-27 22:18:46,687] {dag.py:2280} INFO - Setting next_dagrun for example_complex to None
[2024-04-27 22:18:46,710] {scheduler_job.py:190} INFO - Processing /home/airflow/.local/lib/python3.6/site-packages/airflow/example_dags/example_complex.py took 0.143 seconds
[2024-04-27 22:19:16,992] {scheduler_job.py:182} INFO - Started process (PID=168) to work on /home/airflow/.local/lib/python3.6/site-packages/airflow/example_dags/example_complex.py
[2024-04-27 22:19:16,995] {scheduler_job.py:629} INFO - Processing file /home/airflow/.local/lib/python3.6/site-packages/airflow/example_dags/example_complex.py for tasks to queue
[2024-04-27 22:19:16,997] {logging_mixin.py:104} INFO - [2024-04-27 22:19:16,997] {dagbag.py:451} INFO - Filling up the DagBag from /home/airflow/.local/lib/python3.6/site-packages/airflow/example_dags/example_complex.py
[2024-04-27 22:19:17,042] {scheduler_job.py:639} INFO - DAG(s) dict_keys(['example_complex']) retrieved from /home/airflow/.local/lib/python3.6/site-packages/airflow/example_dags/example_complex.py
[2024-04-27 22:19:17,089] {logging_mixin.py:104} INFO - [2024-04-27 22:19:17,089] {dag.py:1824} INFO - Sync 1 DAGs
[2024-04-27 22:19:17,115] {logging_mixin.py:104} INFO - [2024-04-27 22:19:17,115] {dag.py:2280} INFO - Setting next_dagrun for example_complex to None
[2024-04-27 22:19:17,138] {scheduler_job.py:190} INFO - Processing /home/airflow/.local/lib/python3.6/site-packages/airflow/example_dags/example_complex.py took 0.151 seconds
[2024-04-27 22:19:47,499] {scheduler_job.py:182} INFO - Started process (PID=194) to work on /home/airflow/.local/lib/python3.6/site-packages/airflow/example_dags/example_complex.py
[2024-04-27 22:19:47,505] {scheduler_job.py:629} INFO - Processing file /home/airflow/.local/lib/python3.6/site-packages/airflow/example_dags/example_complex.py for tasks to queue
[2024-04-27 22:19:47,510] {logging_mixin.py:104} INFO - [2024-04-27 22:19:47,510] {dagbag.py:451} INFO - Filling up the DagBag from /home/airflow/.local/lib/python3.6/site-packages/airflow/example_dags/example_complex.py
[2024-04-27 22:19:47,570] {scheduler_job.py:639} INFO - DAG(s) dict_keys(['example_complex']) retrieved from /home/airflow/.local/lib/python3.6/site-packages/airflow/example_dags/example_complex.py
[2024-04-27 22:19:47,649] {logging_mixin.py:104} INFO - [2024-04-27 22:19:47,649] {dag.py:1824} INFO - Sync 1 DAGs
[2024-04-27 22:19:47,699] {logging_mixin.py:104} INFO - [2024-04-27 22:19:47,699] {dag.py:2280} INFO - Setting next_dagrun for example_complex to None
[2024-04-27 22:19:47,733] {scheduler_job.py:190} INFO - Processing /home/airflow/.local/lib/python3.6/site-packages/airflow/example_dags/example_complex.py took 0.240 seconds
[2024-04-27 22:20:18,140] {scheduler_job.py:182} INFO - Started process (PID=220) to work on /home/airflow/.local/lib/python3.6/site-packages/airflow/example_dags/example_complex.py
[2024-04-27 22:20:18,142] {scheduler_job.py:629} INFO - Processing file /home/airflow/.local/lib/python3.6/site-packages/airflow/example_dags/example_complex.py for tasks to queue
[2024-04-27 22:20:18,144] {logging_mixin.py:104} INFO - [2024-04-27 22:20:18,143] {dagbag.py:451} INFO - Filling up the DagBag from /home/airflow/.local/lib/python3.6/site-packages/airflow/example_dags/example_complex.py
[2024-04-27 22:20:18,180] {scheduler_job.py:639} INFO - DAG(s) dict_keys(['example_complex']) retrieved from /home/airflow/.local/lib/python3.6/site-packages/airflow/example_dags/example_complex.py
[2024-04-27 22:20:18,217] {logging_mixin.py:104} INFO - [2024-04-27 22:20:18,217] {dag.py:1824} INFO - Sync 1 DAGs
[2024-04-27 22:20:18,241] {logging_mixin.py:104} INFO - [2024-04-27 22:20:18,241] {dag.py:2280} INFO - Setting next_dagrun for example_complex to None
[2024-04-27 22:20:18,257] {scheduler_job.py:190} INFO - Processing /home/airflow/.local/lib/python3.6/site-packages/airflow/example_dags/example_complex.py took 0.122 seconds
[2024-04-27 22:20:49,049] {scheduler_job.py:182} INFO - Started process (PID=247) to work on /home/airflow/.local/lib/python3.6/site-packages/airflow/example_dags/example_complex.py
[2024-04-27 22:20:49,051] {scheduler_job.py:629} INFO - Processing file /home/airflow/.local/lib/python3.6/site-packages/airflow/example_dags/example_complex.py for tasks to queue
[2024-04-27 22:20:49,053] {logging_mixin.py:104} INFO - [2024-04-27 22:20:49,053] {dagbag.py:451} INFO - Filling up the DagBag from /home/airflow/.local/lib/python3.6/site-packages/airflow/example_dags/example_complex.py
[2024-04-27 22:20:49,086] {scheduler_job.py:639} INFO - DAG(s) dict_keys(['example_complex']) retrieved from /home/airflow/.local/lib/python3.6/site-packages/airflow/example_dags/example_complex.py
[2024-04-27 22:20:49,125] {logging_mixin.py:104} INFO - [2024-04-27 22:20:49,125] {dag.py:1824} INFO - Sync 1 DAGs
[2024-04-27 22:20:49,148] {logging_mixin.py:104} INFO - [2024-04-27 22:20:49,148] {dag.py:2280} INFO - Setting next_dagrun for example_complex to None
[2024-04-27 22:20:49,166] {scheduler_job.py:190} INFO - Processing /home/airflow/.local/lib/python3.6/site-packages/airflow/example_dags/example_complex.py took 0.123 seconds
[2024-04-27 22:21:19,858] {scheduler_job.py:182} INFO - Started process (PID=272) to work on /home/airflow/.local/lib/python3.6/site-packages/airflow/example_dags/example_complex.py
[2024-04-27 22:21:19,861] {scheduler_job.py:629} INFO - Processing file /home/airflow/.local/lib/python3.6/site-packages/airflow/example_dags/example_complex.py for tasks to queue
[2024-04-27 22:21:19,863] {logging_mixin.py:104} INFO - [2024-04-27 22:21:19,863] {dagbag.py:451} INFO - Filling up the DagBag from /home/airflow/.local/lib/python3.6/site-packages/airflow/example_dags/example_complex.py
[2024-04-27 22:21:19,940] {scheduler_job.py:639} INFO - DAG(s) dict_keys(['example_complex']) retrieved from /home/airflow/.local/lib/python3.6/site-packages/airflow/example_dags/example_complex.py
[2024-04-27 22:21:20,018] {logging_mixin.py:104} INFO - [2024-04-27 22:21:20,018] {dag.py:1824} INFO - Sync 1 DAGs
[2024-04-27 22:21:20,072] {logging_mixin.py:104} INFO - [2024-04-27 22:21:20,072] {dag.py:2280} INFO - Setting next_dagrun for example_complex to None
[2024-04-27 22:21:20,118] {scheduler_job.py:190} INFO - Processing /home/airflow/.local/lib/python3.6/site-packages/airflow/example_dags/example_complex.py took 0.267 seconds
[2024-04-27 22:21:50,806] {scheduler_job.py:182} INFO - Started process (PID=298) to work on /home/airflow/.local/lib/python3.6/site-packages/airflow/example_dags/example_complex.py
[2024-04-27 22:21:50,809] {scheduler_job.py:629} INFO - Processing file /home/airflow/.local/lib/python3.6/site-packages/airflow/example_dags/example_complex.py for tasks to queue
[2024-04-27 22:21:50,812] {logging_mixin.py:104} INFO - [2024-04-27 22:21:50,812] {dagbag.py:451} INFO - Filling up the DagBag from /home/airflow/.local/lib/python3.6/site-packages/airflow/example_dags/example_complex.py
[2024-04-27 22:21:50,862] {scheduler_job.py:639} INFO - DAG(s) dict_keys(['example_complex']) retrieved from /home/airflow/.local/lib/python3.6/site-packages/airflow/example_dags/example_complex.py
[2024-04-27 22:21:50,910] {logging_mixin.py:104} INFO - [2024-04-27 22:21:50,910] {dag.py:1824} INFO - Sync 1 DAGs
[2024-04-27 22:21:50,939] {logging_mixin.py:104} INFO - [2024-04-27 22:21:50,939] {dag.py:2280} INFO - Setting next_dagrun for example_complex to None
[2024-04-27 22:21:50,962] {scheduler_job.py:190} INFO - Processing /home/airflow/.local/lib/python3.6/site-packages/airflow/example_dags/example_complex.py took 0.161 seconds
[2024-04-27 22:22:21,075] {scheduler_job.py:182} INFO - Started process (PID=324) to work on /home/airflow/.local/lib/python3.6/site-packages/airflow/example_dags/example_complex.py
[2024-04-27 22:22:21,077] {scheduler_job.py:629} INFO - Processing file /home/airflow/.local/lib/python3.6/site-packages/airflow/example_dags/example_complex.py for tasks to queue
[2024-04-27 22:22:21,079] {logging_mixin.py:104} INFO - [2024-04-27 22:22:21,079] {dagbag.py:451} INFO - Filling up the DagBag from /home/airflow/.local/lib/python3.6/site-packages/airflow/example_dags/example_complex.py
[2024-04-27 22:22:21,136] {scheduler_job.py:639} INFO - DAG(s) dict_keys(['example_complex']) retrieved from /home/airflow/.local/lib/python3.6/site-packages/airflow/example_dags/example_complex.py
[2024-04-27 22:22:21,192] {logging_mixin.py:104} INFO - [2024-04-27 22:22:21,192] {dag.py:1824} INFO - Sync 1 DAGs
[2024-04-27 22:22:21,220] {logging_mixin.py:104} INFO - [2024-04-27 22:22:21,219] {dag.py:2280} INFO - Setting next_dagrun for example_complex to None
[2024-04-27 22:22:21,242] {scheduler_job.py:190} INFO - Processing /home/airflow/.local/lib/python3.6/site-packages/airflow/example_dags/example_complex.py took 0.172 seconds
[2024-04-27 22:22:51,947] {scheduler_job.py:182} INFO - Started process (PID=350) to work on /home/airflow/.local/lib/python3.6/site-packages/airflow/example_dags/example_complex.py
[2024-04-27 22:22:51,949] {scheduler_job.py:629} INFO - Processing file /home/airflow/.local/lib/python3.6/site-packages/airflow/example_dags/example_complex.py for tasks to queue
[2024-04-27 22:22:51,951] {logging_mixin.py:104} INFO - [2024-04-27 22:22:51,951] {dagbag.py:451} INFO - Filling up the DagBag from /home/airflow/.local/lib/python3.6/site-packages/airflow/example_dags/example_complex.py
[2024-04-27 22:22:51,978] {scheduler_job.py:639} INFO - DAG(s) dict_keys(['example_complex']) retrieved from /home/airflow/.local/lib/python3.6/site-packages/airflow/example_dags/example_complex.py
[2024-04-27 22:22:52,009] {logging_mixin.py:104} INFO - [2024-04-27 22:22:52,009] {dag.py:1824} INFO - Sync 1 DAGs
[2024-04-27 22:22:52,028] {logging_mixin.py:104} INFO - [2024-04-27 22:22:52,028] {dag.py:2280} INFO - Setting next_dagrun for example_complex to None
[2024-04-27 22:22:52,045] {scheduler_job.py:190} INFO - Processing /home/airflow/.local/lib/python3.6/site-packages/airflow/example_dags/example_complex.py took 0.102 seconds
[2024-04-27 22:23:22,981] {scheduler_job.py:182} INFO - Started process (PID=376) to work on /home/airflow/.local/lib/python3.6/site-packages/airflow/example_dags/example_complex.py
[2024-04-27 22:23:22,987] {scheduler_job.py:629} INFO - Processing file /home/airflow/.local/lib/python3.6/site-packages/airflow/example_dags/example_complex.py for tasks to queue
[2024-04-27 22:23:22,992] {logging_mixin.py:104} INFO - [2024-04-27 22:23:22,992] {dagbag.py:451} INFO - Filling up the DagBag from /home/airflow/.local/lib/python3.6/site-packages/airflow/example_dags/example_complex.py
[2024-04-27 22:23:23,029] {scheduler_job.py:639} INFO - DAG(s) dict_keys(['example_complex']) retrieved from /home/airflow/.local/lib/python3.6/site-packages/airflow/example_dags/example_complex.py
[2024-04-27 22:23:23,093] {logging_mixin.py:104} INFO - [2024-04-27 22:23:23,093] {dag.py:1824} INFO - Sync 1 DAGs
[2024-04-27 22:23:23,125] {logging_mixin.py:104} INFO - [2024-04-27 22:23:23,124] {dag.py:2280} INFO - Setting next_dagrun for example_complex to None
[2024-04-27 22:23:23,150] {scheduler_job.py:190} INFO - Processing /home/airflow/.local/lib/python3.6/site-packages/airflow/example_dags/example_complex.py took 0.177 seconds
[2024-04-27 22:23:53,363] {scheduler_job.py:182} INFO - Started process (PID=402) to work on /home/airflow/.local/lib/python3.6/site-packages/airflow/example_dags/example_complex.py
[2024-04-27 22:23:53,375] {scheduler_job.py:629} INFO - Processing file /home/airflow/.local/lib/python3.6/site-packages/airflow/example_dags/example_complex.py for tasks to queue
[2024-04-27 22:23:53,377] {logging_mixin.py:104} INFO - [2024-04-27 22:23:53,377] {dagbag.py:451} INFO - Filling up the DagBag from /home/airflow/.local/lib/python3.6/site-packages/airflow/example_dags/example_complex.py
[2024-04-27 22:23:53,418] {scheduler_job.py:639} INFO - DAG(s) dict_keys(['example_complex']) retrieved from /home/airflow/.local/lib/python3.6/site-packages/airflow/example_dags/example_complex.py
[2024-04-27 22:23:53,472] {logging_mixin.py:104} INFO - [2024-04-27 22:23:53,471] {dag.py:1824} INFO - Sync 1 DAGs
[2024-04-27 22:23:53,509] {logging_mixin.py:104} INFO - [2024-04-27 22:23:53,508] {dag.py:2280} INFO - Setting next_dagrun for example_complex to None
[2024-04-27 22:23:53,531] {scheduler_job.py:190} INFO - Processing /home/airflow/.local/lib/python3.6/site-packages/airflow/example_dags/example_complex.py took 0.173 seconds
[2024-04-27 22:24:23,717] {scheduler_job.py:182} INFO - Started process (PID=428) to work on /home/airflow/.local/lib/python3.6/site-packages/airflow/example_dags/example_complex.py
[2024-04-27 22:24:23,719] {scheduler_job.py:629} INFO - Processing file /home/airflow/.local/lib/python3.6/site-packages/airflow/example_dags/example_complex.py for tasks to queue
[2024-04-27 22:24:23,722] {logging_mixin.py:104} INFO - [2024-04-27 22:24:23,722] {dagbag.py:451} INFO - Filling up the DagBag from /home/airflow/.local/lib/python3.6/site-packages/airflow/example_dags/example_complex.py
[2024-04-27 22:24:23,772] {scheduler_job.py:639} INFO - DAG(s) dict_keys(['example_complex']) retrieved from /home/airflow/.local/lib/python3.6/site-packages/airflow/example_dags/example_complex.py
[2024-04-27 22:24:23,822] {logging_mixin.py:104} INFO - [2024-04-27 22:24:23,821] {dag.py:1824} INFO - Sync 1 DAGs
[2024-04-27 22:24:23,845] {logging_mixin.py:104} INFO - [2024-04-27 22:24:23,845] {dag.py:2280} INFO - Setting next_dagrun for example_complex to None
[2024-04-27 22:24:23,864] {scheduler_job.py:190} INFO - Processing /home/airflow/.local/lib/python3.6/site-packages/airflow/example_dags/example_complex.py took 0.153 seconds
[2024-04-27 22:24:53,955] {scheduler_job.py:182} INFO - Started process (PID=454) to work on /home/airflow/.local/lib/python3.6/site-packages/airflow/example_dags/example_complex.py
[2024-04-27 22:24:53,957] {scheduler_job.py:629} INFO - Processing file /home/airflow/.local/lib/python3.6/site-packages/airflow/example_dags/example_complex.py for tasks to queue
[2024-04-27 22:24:53,958] {logging_mixin.py:104} INFO - [2024-04-27 22:24:53,958] {dagbag.py:451} INFO - Filling up the DagBag from /home/airflow/.local/lib/python3.6/site-packages/airflow/example_dags/example_complex.py
[2024-04-27 22:24:53,981] {scheduler_job.py:639} INFO - DAG(s) dict_keys(['example_complex']) retrieved from /home/airflow/.local/lib/python3.6/site-packages/airflow/example_dags/example_complex.py
[2024-04-27 22:24:54,011] {logging_mixin.py:104} INFO - [2024-04-27 22:24:54,011] {dag.py:1824} INFO - Sync 1 DAGs
[2024-04-27 22:24:54,030] {logging_mixin.py:104} INFO - [2024-04-27 22:24:54,030] {dag.py:2280} INFO - Setting next_dagrun for example_complex to None
[2024-04-27 22:24:54,046] {scheduler_job.py:190} INFO - Processing /home/airflow/.local/lib/python3.6/site-packages/airflow/example_dags/example_complex.py took 0.095 seconds
[2024-04-27 22:25:24,137] {scheduler_job.py:182} INFO - Started process (PID=480) to work on /home/airflow/.local/lib/python3.6/site-packages/airflow/example_dags/example_complex.py
[2024-04-27 22:25:24,139] {scheduler_job.py:629} INFO - Processing file /home/airflow/.local/lib/python3.6/site-packages/airflow/example_dags/example_complex.py for tasks to queue
[2024-04-27 22:25:24,140] {logging_mixin.py:104} INFO - [2024-04-27 22:25:24,140] {dagbag.py:451} INFO - Filling up the DagBag from /home/airflow/.local/lib/python3.6/site-packages/airflow/example_dags/example_complex.py
[2024-04-27 22:25:24,163] {scheduler_job.py:639} INFO - DAG(s) dict_keys(['example_complex']) retrieved from /home/airflow/.local/lib/python3.6/site-packages/airflow/example_dags/example_complex.py
[2024-04-27 22:25:24,195] {logging_mixin.py:104} INFO - [2024-04-27 22:25:24,194] {dag.py:1824} INFO - Sync 1 DAGs
[2024-04-27 22:25:24,214] {logging_mixin.py:104} INFO - [2024-04-27 22:25:24,214] {dag.py:2280} INFO - Setting next_dagrun for example_complex to None
[2024-04-27 22:25:24,229] {scheduler_job.py:190} INFO - Processing /home/airflow/.local/lib/python3.6/site-packages/airflow/example_dags/example_complex.py took 0.096 seconds
[2024-04-27 22:25:54,396] {scheduler_job.py:182} INFO - Started process (PID=506) to work on /home/airflow/.local/lib/python3.6/site-packages/airflow/example_dags/example_complex.py
[2024-04-27 22:25:54,398] {scheduler_job.py:629} INFO - Processing file /home/airflow/.local/lib/python3.6/site-packages/airflow/example_dags/example_complex.py for tasks to queue
[2024-04-27 22:25:54,399] {logging_mixin.py:104} INFO - [2024-04-27 22:25:54,399] {dagbag.py:451} INFO - Filling up the DagBag from /home/airflow/.local/lib/python3.6/site-packages/airflow/example_dags/example_complex.py
[2024-04-27 22:25:54,426] {scheduler_job.py:639} INFO - DAG(s) dict_keys(['example_complex']) retrieved from /home/airflow/.local/lib/python3.6/site-packages/airflow/example_dags/example_complex.py
[2024-04-27 22:25:54,460] {logging_mixin.py:104} INFO - [2024-04-27 22:25:54,460] {dag.py:1824} INFO - Sync 1 DAGs
[2024-04-27 22:25:54,482] {logging_mixin.py:104} INFO - [2024-04-27 22:25:54,482] {dag.py:2280} INFO - Setting next_dagrun for example_complex to None
[2024-04-27 22:25:54,498] {scheduler_job.py:190} INFO - Processing /home/airflow/.local/lib/python3.6/site-packages/airflow/example_dags/example_complex.py took 0.107 seconds
[2024-04-27 22:26:24,758] {scheduler_job.py:182} INFO - Started process (PID=532) to work on /home/airflow/.local/lib/python3.6/site-packages/airflow/example_dags/example_complex.py
[2024-04-27 22:26:24,761] {scheduler_job.py:629} INFO - Processing file /home/airflow/.local/lib/python3.6/site-packages/airflow/example_dags/example_complex.py for tasks to queue
[2024-04-27 22:26:24,763] {logging_mixin.py:104} INFO - [2024-04-27 22:26:24,762] {dagbag.py:451} INFO - Filling up the DagBag from /home/airflow/.local/lib/python3.6/site-packages/airflow/example_dags/example_complex.py
[2024-04-27 22:26:24,796] {scheduler_job.py:639} INFO - DAG(s) dict_keys(['example_complex']) retrieved from /home/airflow/.local/lib/python3.6/site-packages/airflow/example_dags/example_complex.py
[2024-04-27 22:26:24,840] {logging_mixin.py:104} INFO - [2024-04-27 22:26:24,840] {dag.py:1824} INFO - Sync 1 DAGs
[2024-04-27 22:26:24,864] {logging_mixin.py:104} INFO - [2024-04-27 22:26:24,863] {dag.py:2280} INFO - Setting next_dagrun for example_complex to None
[2024-04-27 22:26:24,884] {scheduler_job.py:190} INFO - Processing /home/airflow/.local/lib/python3.6/site-packages/airflow/example_dags/example_complex.py took 0.131 seconds
[2024-04-27 22:26:55,176] {scheduler_job.py:182} INFO - Started process (PID=557) to work on /home/airflow/.local/lib/python3.6/site-packages/airflow/example_dags/example_complex.py
[2024-04-27 22:26:55,179] {scheduler_job.py:629} INFO - Processing file /home/airflow/.local/lib/python3.6/site-packages/airflow/example_dags/example_complex.py for tasks to queue
[2024-04-27 22:26:55,181] {logging_mixin.py:104} INFO - [2024-04-27 22:26:55,181] {dagbag.py:451} INFO - Filling up the DagBag from /home/airflow/.local/lib/python3.6/site-packages/airflow/example_dags/example_complex.py
[2024-04-27 22:26:55,223] {scheduler_job.py:639} INFO - DAG(s) dict_keys(['example_complex']) retrieved from /home/airflow/.local/lib/python3.6/site-packages/airflow/example_dags/example_complex.py
[2024-04-27 22:26:55,282] {logging_mixin.py:104} INFO - [2024-04-27 22:26:55,282] {dag.py:1824} INFO - Sync 1 DAGs
[2024-04-27 22:26:55,314] {logging_mixin.py:104} INFO - [2024-04-27 22:26:55,314] {dag.py:2280} INFO - Setting next_dagrun for example_complex to None
[2024-04-27 22:26:55,374] {scheduler_job.py:190} INFO - Processing /home/airflow/.local/lib/python3.6/site-packages/airflow/example_dags/example_complex.py took 0.205 seconds
[2024-04-27 22:27:26,303] {scheduler_job.py:182} INFO - Started process (PID=583) to work on /home/airflow/.local/lib/python3.6/site-packages/airflow/example_dags/example_complex.py
[2024-04-27 22:27:26,306] {scheduler_job.py:629} INFO - Processing file /home/airflow/.local/lib/python3.6/site-packages/airflow/example_dags/example_complex.py for tasks to queue
[2024-04-27 22:27:26,308] {logging_mixin.py:104} INFO - [2024-04-27 22:27:26,308] {dagbag.py:451} INFO - Filling up the DagBag from /home/airflow/.local/lib/python3.6/site-packages/airflow/example_dags/example_complex.py
[2024-04-27 22:27:26,331] {scheduler_job.py:639} INFO - DAG(s) dict_keys(['example_complex']) retrieved from /home/airflow/.local/lib/python3.6/site-packages/airflow/example_dags/example_complex.py
[2024-04-27 22:27:26,362] {logging_mixin.py:104} INFO - [2024-04-27 22:27:26,361] {dag.py:1824} INFO - Sync 1 DAGs
[2024-04-27 22:27:26,379] {logging_mixin.py:104} INFO - [2024-04-27 22:27:26,379] {dag.py:2280} INFO - Setting next_dagrun for example_complex to None
[2024-04-27 22:27:26,394] {scheduler_job.py:190} INFO - Processing /home/airflow/.local/lib/python3.6/site-packages/airflow/example_dags/example_complex.py took 0.095 seconds
[2024-04-27 22:27:56,835] {scheduler_job.py:182} INFO - Started process (PID=609) to work on /home/airflow/.local/lib/python3.6/site-packages/airflow/example_dags/example_complex.py
[2024-04-27 22:27:56,838] {scheduler_job.py:629} INFO - Processing file /home/airflow/.local/lib/python3.6/site-packages/airflow/example_dags/example_complex.py for tasks to queue
[2024-04-27 22:27:56,844] {logging_mixin.py:104} INFO - [2024-04-27 22:27:56,844] {dagbag.py:451} INFO - Filling up the DagBag from /home/airflow/.local/lib/python3.6/site-packages/airflow/example_dags/example_complex.py
[2024-04-27 22:27:56,906] {scheduler_job.py:639} INFO - DAG(s) dict_keys(['example_complex']) retrieved from /home/airflow/.local/lib/python3.6/site-packages/airflow/example_dags/example_complex.py
[2024-04-27 22:27:57,066] {logging_mixin.py:104} INFO - [2024-04-27 22:27:57,066] {dag.py:1824} INFO - Sync 1 DAGs
[2024-04-27 22:27:57,107] {logging_mixin.py:104} INFO - [2024-04-27 22:27:57,106] {dag.py:2280} INFO - Setting next_dagrun for example_complex to None
[2024-04-27 22:27:57,166] {scheduler_job.py:190} INFO - Processing /home/airflow/.local/lib/python3.6/site-packages/airflow/example_dags/example_complex.py took 0.338 seconds
[2024-04-27 22:28:27,368] {scheduler_job.py:182} INFO - Started process (PID=635) to work on /home/airflow/.local/lib/python3.6/site-packages/airflow/example_dags/example_complex.py
[2024-04-27 22:28:27,370] {scheduler_job.py:629} INFO - Processing file /home/airflow/.local/lib/python3.6/site-packages/airflow/example_dags/example_complex.py for tasks to queue
[2024-04-27 22:28:27,372] {logging_mixin.py:104} INFO - [2024-04-27 22:28:27,372] {dagbag.py:451} INFO - Filling up the DagBag from /home/airflow/.local/lib/python3.6/site-packages/airflow/example_dags/example_complex.py
[2024-04-27 22:28:27,401] {scheduler_job.py:639} INFO - DAG(s) dict_keys(['example_complex']) retrieved from /home/airflow/.local/lib/python3.6/site-packages/airflow/example_dags/example_complex.py
[2024-04-27 22:28:27,480] {logging_mixin.py:104} INFO - [2024-04-27 22:28:27,479] {dag.py:1824} INFO - Sync 1 DAGs
[2024-04-27 22:28:27,513] {logging_mixin.py:104} INFO - [2024-04-27 22:28:27,513] {dag.py:2280} INFO - Setting next_dagrun for example_complex to None
[2024-04-27 22:28:27,540] {scheduler_job.py:190} INFO - Processing /home/airflow/.local/lib/python3.6/site-packages/airflow/example_dags/example_complex.py took 0.176 seconds
