[2024-04-27 22:16:48,748] {scheduler_job.py:182} INFO - Started process (PID=55) to work on /home/airflow/.local/lib/python3.6/site-packages/airflow/example_dags/example_short_circuit_operator.py
[2024-04-27 22:16:48,751] {scheduler_job.py:629} INFO - Processing file /home/airflow/.local/lib/python3.6/site-packages/airflow/example_dags/example_short_circuit_operator.py for tasks to queue
[2024-04-27 22:16:48,753] {logging_mixin.py:104} INFO - [2024-04-27 22:16:48,753] {dagbag.py:451} INFO - Filling up the DagBag from /home/airflow/.local/lib/python3.6/site-packages/airflow/example_dags/example_short_circuit_operator.py
[2024-04-27 22:16:48,785] {scheduler_job.py:639} INFO - DAG(s) dict_keys(['example_short_circuit_operator']) retrieved from /home/airflow/.local/lib/python3.6/site-packages/airflow/example_dags/example_short_circuit_operator.py
[2024-04-27 22:16:48,836] {logging_mixin.py:104} INFO - [2024-04-27 22:16:48,836] {dag.py:1824} INFO - Sync 1 DAGs
[2024-04-27 22:16:48,886] {logging_mixin.py:104} INFO - [2024-04-27 22:16:48,885] {dag.py:1843} INFO - Creating ORM DAG for example_short_circuit_operator
[2024-04-27 22:16:48,897] {logging_mixin.py:104} INFO - [2024-04-27 22:16:48,897] {dag.py:2280} INFO - Setting next_dagrun for example_short_circuit_operator to 2024-04-25 00:00:00+00:00
[2024-04-27 22:16:49,248] {scheduler_job.py:190} INFO - Processing /home/airflow/.local/lib/python3.6/site-packages/airflow/example_dags/example_short_circuit_operator.py took 0.507 seconds
[2024-04-27 22:17:20,353] {scheduler_job.py:182} INFO - Started process (PID=81) to work on /home/airflow/.local/lib/python3.6/site-packages/airflow/example_dags/example_short_circuit_operator.py
[2024-04-27 22:17:20,360] {scheduler_job.py:629} INFO - Processing file /home/airflow/.local/lib/python3.6/site-packages/airflow/example_dags/example_short_circuit_operator.py for tasks to queue
[2024-04-27 22:17:20,366] {logging_mixin.py:104} INFO - [2024-04-27 22:17:20,366] {dagbag.py:451} INFO - Filling up the DagBag from /home/airflow/.local/lib/python3.6/site-packages/airflow/example_dags/example_short_circuit_operator.py
[2024-04-27 22:17:20,408] {scheduler_job.py:639} INFO - DAG(s) dict_keys(['example_short_circuit_operator']) retrieved from /home/airflow/.local/lib/python3.6/site-packages/airflow/example_dags/example_short_circuit_operator.py
[2024-04-27 22:17:20,495] {logging_mixin.py:104} INFO - [2024-04-27 22:17:20,495] {dag.py:1824} INFO - Sync 1 DAGs
[2024-04-27 22:17:20,567] {logging_mixin.py:104} INFO - [2024-04-27 22:17:20,567] {dag.py:2280} INFO - Setting next_dagrun for example_short_circuit_operator to 2024-04-25 00:00:00+00:00
[2024-04-27 22:17:20,668] {scheduler_job.py:190} INFO - Processing /home/airflow/.local/lib/python3.6/site-packages/airflow/example_dags/example_short_circuit_operator.py took 0.332 seconds
[2024-04-27 22:17:51,494] {scheduler_job.py:182} INFO - Started process (PID=107) to work on /home/airflow/.local/lib/python3.6/site-packages/airflow/example_dags/example_short_circuit_operator.py
[2024-04-27 22:17:51,498] {scheduler_job.py:629} INFO - Processing file /home/airflow/.local/lib/python3.6/site-packages/airflow/example_dags/example_short_circuit_operator.py for tasks to queue
[2024-04-27 22:17:51,501] {logging_mixin.py:104} INFO - [2024-04-27 22:17:51,500] {dagbag.py:451} INFO - Filling up the DagBag from /home/airflow/.local/lib/python3.6/site-packages/airflow/example_dags/example_short_circuit_operator.py
[2024-04-27 22:17:51,521] {scheduler_job.py:639} INFO - DAG(s) dict_keys(['example_short_circuit_operator']) retrieved from /home/airflow/.local/lib/python3.6/site-packages/airflow/example_dags/example_short_circuit_operator.py
[2024-04-27 22:17:51,554] {logging_mixin.py:104} INFO - [2024-04-27 22:17:51,554] {dag.py:1824} INFO - Sync 1 DAGs
[2024-04-27 22:17:51,584] {logging_mixin.py:104} INFO - [2024-04-27 22:17:51,584] {dag.py:2280} INFO - Setting next_dagrun for example_short_circuit_operator to 2024-04-25 00:00:00+00:00
[2024-04-27 22:17:51,606] {scheduler_job.py:190} INFO - Processing /home/airflow/.local/lib/python3.6/site-packages/airflow/example_dags/example_short_circuit_operator.py took 0.118 seconds
[2024-04-27 22:18:21,945] {scheduler_job.py:182} INFO - Started process (PID=133) to work on /home/airflow/.local/lib/python3.6/site-packages/airflow/example_dags/example_short_circuit_operator.py
[2024-04-27 22:18:21,948] {scheduler_job.py:629} INFO - Processing file /home/airflow/.local/lib/python3.6/site-packages/airflow/example_dags/example_short_circuit_operator.py for tasks to queue
[2024-04-27 22:18:21,950] {logging_mixin.py:104} INFO - [2024-04-27 22:18:21,950] {dagbag.py:451} INFO - Filling up the DagBag from /home/airflow/.local/lib/python3.6/site-packages/airflow/example_dags/example_short_circuit_operator.py
[2024-04-27 22:18:21,989] {scheduler_job.py:639} INFO - DAG(s) dict_keys(['example_short_circuit_operator']) retrieved from /home/airflow/.local/lib/python3.6/site-packages/airflow/example_dags/example_short_circuit_operator.py
[2024-04-27 22:18:22,025] {logging_mixin.py:104} INFO - [2024-04-27 22:18:22,024] {dag.py:1824} INFO - Sync 1 DAGs
[2024-04-27 22:18:22,052] {logging_mixin.py:104} INFO - [2024-04-27 22:18:22,052] {dag.py:2280} INFO - Setting next_dagrun for example_short_circuit_operator to 2024-04-25 00:00:00+00:00
[2024-04-27 22:18:22,071] {scheduler_job.py:190} INFO - Processing /home/airflow/.local/lib/python3.6/site-packages/airflow/example_dags/example_short_circuit_operator.py took 0.131 seconds
[2024-04-27 22:18:52,306] {scheduler_job.py:182} INFO - Started process (PID=159) to work on /home/airflow/.local/lib/python3.6/site-packages/airflow/example_dags/example_short_circuit_operator.py
[2024-04-27 22:18:52,309] {scheduler_job.py:629} INFO - Processing file /home/airflow/.local/lib/python3.6/site-packages/airflow/example_dags/example_short_circuit_operator.py for tasks to queue
[2024-04-27 22:18:52,311] {logging_mixin.py:104} INFO - [2024-04-27 22:18:52,311] {dagbag.py:451} INFO - Filling up the DagBag from /home/airflow/.local/lib/python3.6/site-packages/airflow/example_dags/example_short_circuit_operator.py
[2024-04-27 22:18:52,339] {scheduler_job.py:639} INFO - DAG(s) dict_keys(['example_short_circuit_operator']) retrieved from /home/airflow/.local/lib/python3.6/site-packages/airflow/example_dags/example_short_circuit_operator.py
[2024-04-27 22:18:52,384] {logging_mixin.py:104} INFO - [2024-04-27 22:18:52,384] {dag.py:1824} INFO - Sync 1 DAGs
[2024-04-27 22:18:52,408] {logging_mixin.py:104} INFO - [2024-04-27 22:18:52,408] {dag.py:2280} INFO - Setting next_dagrun for example_short_circuit_operator to 2024-04-25 00:00:00+00:00
[2024-04-27 22:18:52,427] {scheduler_job.py:190} INFO - Processing /home/airflow/.local/lib/python3.6/site-packages/airflow/example_dags/example_short_circuit_operator.py took 0.127 seconds
[2024-04-27 22:19:22,586] {scheduler_job.py:182} INFO - Started process (PID=185) to work on /home/airflow/.local/lib/python3.6/site-packages/airflow/example_dags/example_short_circuit_operator.py
[2024-04-27 22:19:22,590] {scheduler_job.py:629} INFO - Processing file /home/airflow/.local/lib/python3.6/site-packages/airflow/example_dags/example_short_circuit_operator.py for tasks to queue
[2024-04-27 22:19:22,592] {logging_mixin.py:104} INFO - [2024-04-27 22:19:22,592] {dagbag.py:451} INFO - Filling up the DagBag from /home/airflow/.local/lib/python3.6/site-packages/airflow/example_dags/example_short_circuit_operator.py
[2024-04-27 22:19:22,611] {scheduler_job.py:639} INFO - DAG(s) dict_keys(['example_short_circuit_operator']) retrieved from /home/airflow/.local/lib/python3.6/site-packages/airflow/example_dags/example_short_circuit_operator.py
[2024-04-27 22:19:22,649] {logging_mixin.py:104} INFO - [2024-04-27 22:19:22,649] {dag.py:1824} INFO - Sync 1 DAGs
[2024-04-27 22:19:22,672] {logging_mixin.py:104} INFO - [2024-04-27 22:19:22,672] {dag.py:2280} INFO - Setting next_dagrun for example_short_circuit_operator to 2024-04-25 00:00:00+00:00
[2024-04-27 22:19:22,690] {scheduler_job.py:190} INFO - Processing /home/airflow/.local/lib/python3.6/site-packages/airflow/example_dags/example_short_circuit_operator.py took 0.108 seconds
[2024-04-27 22:19:53,407] {scheduler_job.py:182} INFO - Started process (PID=211) to work on /home/airflow/.local/lib/python3.6/site-packages/airflow/example_dags/example_short_circuit_operator.py
[2024-04-27 22:19:53,410] {scheduler_job.py:629} INFO - Processing file /home/airflow/.local/lib/python3.6/site-packages/airflow/example_dags/example_short_circuit_operator.py for tasks to queue
[2024-04-27 22:19:53,416] {logging_mixin.py:104} INFO - [2024-04-27 22:19:53,416] {dagbag.py:451} INFO - Filling up the DagBag from /home/airflow/.local/lib/python3.6/site-packages/airflow/example_dags/example_short_circuit_operator.py
[2024-04-27 22:19:53,437] {scheduler_job.py:639} INFO - DAG(s) dict_keys(['example_short_circuit_operator']) retrieved from /home/airflow/.local/lib/python3.6/site-packages/airflow/example_dags/example_short_circuit_operator.py
[2024-04-27 22:19:53,489] {logging_mixin.py:104} INFO - [2024-04-27 22:19:53,489] {dag.py:1824} INFO - Sync 1 DAGs
[2024-04-27 22:19:53,520] {logging_mixin.py:104} INFO - [2024-04-27 22:19:53,520] {dag.py:2280} INFO - Setting next_dagrun for example_short_circuit_operator to 2024-04-25 00:00:00+00:00
[2024-04-27 22:19:53,538] {scheduler_job.py:190} INFO - Processing /home/airflow/.local/lib/python3.6/site-packages/airflow/example_dags/example_short_circuit_operator.py took 0.136 seconds
[2024-04-27 22:20:24,363] {scheduler_job.py:182} INFO - Started process (PID=237) to work on /home/airflow/.local/lib/python3.6/site-packages/airflow/example_dags/example_short_circuit_operator.py
[2024-04-27 22:20:24,365] {scheduler_job.py:629} INFO - Processing file /home/airflow/.local/lib/python3.6/site-packages/airflow/example_dags/example_short_circuit_operator.py for tasks to queue
[2024-04-27 22:20:24,369] {logging_mixin.py:104} INFO - [2024-04-27 22:20:24,368] {dagbag.py:451} INFO - Filling up the DagBag from /home/airflow/.local/lib/python3.6/site-packages/airflow/example_dags/example_short_circuit_operator.py
[2024-04-27 22:20:24,389] {scheduler_job.py:639} INFO - DAG(s) dict_keys(['example_short_circuit_operator']) retrieved from /home/airflow/.local/lib/python3.6/site-packages/airflow/example_dags/example_short_circuit_operator.py
[2024-04-27 22:20:24,425] {logging_mixin.py:104} INFO - [2024-04-27 22:20:24,425] {dag.py:1824} INFO - Sync 1 DAGs
[2024-04-27 22:20:24,444] {logging_mixin.py:104} INFO - [2024-04-27 22:20:24,444] {dag.py:2280} INFO - Setting next_dagrun for example_short_circuit_operator to 2024-04-25 00:00:00+00:00
[2024-04-27 22:20:24,459] {scheduler_job.py:190} INFO - Processing /home/airflow/.local/lib/python3.6/site-packages/airflow/example_dags/example_short_circuit_operator.py took 0.101 seconds
[2024-04-27 22:20:55,308] {scheduler_job.py:182} INFO - Started process (PID=263) to work on /home/airflow/.local/lib/python3.6/site-packages/airflow/example_dags/example_short_circuit_operator.py
[2024-04-27 22:20:55,312] {scheduler_job.py:629} INFO - Processing file /home/airflow/.local/lib/python3.6/site-packages/airflow/example_dags/example_short_circuit_operator.py for tasks to queue
[2024-04-27 22:20:55,313] {logging_mixin.py:104} INFO - [2024-04-27 22:20:55,313] {dagbag.py:451} INFO - Filling up the DagBag from /home/airflow/.local/lib/python3.6/site-packages/airflow/example_dags/example_short_circuit_operator.py
[2024-04-27 22:20:55,333] {scheduler_job.py:639} INFO - DAG(s) dict_keys(['example_short_circuit_operator']) retrieved from /home/airflow/.local/lib/python3.6/site-packages/airflow/example_dags/example_short_circuit_operator.py
[2024-04-27 22:20:55,364] {logging_mixin.py:104} INFO - [2024-04-27 22:20:55,364] {dag.py:1824} INFO - Sync 1 DAGs
[2024-04-27 22:20:55,383] {logging_mixin.py:104} INFO - [2024-04-27 22:20:55,382] {dag.py:2280} INFO - Setting next_dagrun for example_short_circuit_operator to 2024-04-25 00:00:00+00:00
[2024-04-27 22:20:55,397] {scheduler_job.py:190} INFO - Processing /home/airflow/.local/lib/python3.6/site-packages/airflow/example_dags/example_short_circuit_operator.py took 0.096 seconds
[2024-04-27 22:21:25,695] {scheduler_job.py:182} INFO - Started process (PID=289) to work on /home/airflow/.local/lib/python3.6/site-packages/airflow/example_dags/example_short_circuit_operator.py
[2024-04-27 22:21:25,697] {scheduler_job.py:629} INFO - Processing file /home/airflow/.local/lib/python3.6/site-packages/airflow/example_dags/example_short_circuit_operator.py for tasks to queue
[2024-04-27 22:21:25,699] {logging_mixin.py:104} INFO - [2024-04-27 22:21:25,699] {dagbag.py:451} INFO - Filling up the DagBag from /home/airflow/.local/lib/python3.6/site-packages/airflow/example_dags/example_short_circuit_operator.py
[2024-04-27 22:21:25,721] {scheduler_job.py:639} INFO - DAG(s) dict_keys(['example_short_circuit_operator']) retrieved from /home/airflow/.local/lib/python3.6/site-packages/airflow/example_dags/example_short_circuit_operator.py
[2024-04-27 22:21:25,746] {logging_mixin.py:104} INFO - [2024-04-27 22:21:25,746] {dag.py:1824} INFO - Sync 1 DAGs
[2024-04-27 22:21:25,764] {logging_mixin.py:104} INFO - [2024-04-27 22:21:25,764] {dag.py:2280} INFO - Setting next_dagrun for example_short_circuit_operator to 2024-04-25 00:00:00+00:00
[2024-04-27 22:21:25,779] {scheduler_job.py:190} INFO - Processing /home/airflow/.local/lib/python3.6/site-packages/airflow/example_dags/example_short_circuit_operator.py took 0.089 seconds
[2024-04-27 22:21:56,092] {scheduler_job.py:182} INFO - Started process (PID=315) to work on /home/airflow/.local/lib/python3.6/site-packages/airflow/example_dags/example_short_circuit_operator.py
[2024-04-27 22:21:56,094] {scheduler_job.py:629} INFO - Processing file /home/airflow/.local/lib/python3.6/site-packages/airflow/example_dags/example_short_circuit_operator.py for tasks to queue
[2024-04-27 22:21:56,095] {logging_mixin.py:104} INFO - [2024-04-27 22:21:56,095] {dagbag.py:451} INFO - Filling up the DagBag from /home/airflow/.local/lib/python3.6/site-packages/airflow/example_dags/example_short_circuit_operator.py
[2024-04-27 22:21:56,115] {scheduler_job.py:639} INFO - DAG(s) dict_keys(['example_short_circuit_operator']) retrieved from /home/airflow/.local/lib/python3.6/site-packages/airflow/example_dags/example_short_circuit_operator.py
[2024-04-27 22:21:56,139] {logging_mixin.py:104} INFO - [2024-04-27 22:21:56,139] {dag.py:1824} INFO - Sync 1 DAGs
[2024-04-27 22:21:56,155] {logging_mixin.py:104} INFO - [2024-04-27 22:21:56,154] {dag.py:2280} INFO - Setting next_dagrun for example_short_circuit_operator to 2024-04-25 00:00:00+00:00
[2024-04-27 22:21:56,169] {scheduler_job.py:190} INFO - Processing /home/airflow/.local/lib/python3.6/site-packages/airflow/example_dags/example_short_circuit_operator.py took 0.081 seconds
[2024-04-27 22:22:26,346] {scheduler_job.py:182} INFO - Started process (PID=341) to work on /home/airflow/.local/lib/python3.6/site-packages/airflow/example_dags/example_short_circuit_operator.py
[2024-04-27 22:22:26,348] {scheduler_job.py:629} INFO - Processing file /home/airflow/.local/lib/python3.6/site-packages/airflow/example_dags/example_short_circuit_operator.py for tasks to queue
[2024-04-27 22:22:26,350] {logging_mixin.py:104} INFO - [2024-04-27 22:22:26,349] {dagbag.py:451} INFO - Filling up the DagBag from /home/airflow/.local/lib/python3.6/site-packages/airflow/example_dags/example_short_circuit_operator.py
[2024-04-27 22:22:26,369] {scheduler_job.py:639} INFO - DAG(s) dict_keys(['example_short_circuit_operator']) retrieved from /home/airflow/.local/lib/python3.6/site-packages/airflow/example_dags/example_short_circuit_operator.py
[2024-04-27 22:22:26,393] {logging_mixin.py:104} INFO - [2024-04-27 22:22:26,393] {dag.py:1824} INFO - Sync 1 DAGs
[2024-04-27 22:22:26,409] {logging_mixin.py:104} INFO - [2024-04-27 22:22:26,409] {dag.py:2280} INFO - Setting next_dagrun for example_short_circuit_operator to 2024-04-25 00:00:00+00:00
[2024-04-27 22:22:26,424] {scheduler_job.py:190} INFO - Processing /home/airflow/.local/lib/python3.6/site-packages/airflow/example_dags/example_short_circuit_operator.py took 0.081 seconds
[2024-04-27 22:22:57,117] {scheduler_job.py:182} INFO - Started process (PID=367) to work on /home/airflow/.local/lib/python3.6/site-packages/airflow/example_dags/example_short_circuit_operator.py
[2024-04-27 22:22:57,120] {scheduler_job.py:629} INFO - Processing file /home/airflow/.local/lib/python3.6/site-packages/airflow/example_dags/example_short_circuit_operator.py for tasks to queue
[2024-04-27 22:22:57,121] {logging_mixin.py:104} INFO - [2024-04-27 22:22:57,121] {dagbag.py:451} INFO - Filling up the DagBag from /home/airflow/.local/lib/python3.6/site-packages/airflow/example_dags/example_short_circuit_operator.py
[2024-04-27 22:22:57,140] {scheduler_job.py:639} INFO - DAG(s) dict_keys(['example_short_circuit_operator']) retrieved from /home/airflow/.local/lib/python3.6/site-packages/airflow/example_dags/example_short_circuit_operator.py
[2024-04-27 22:22:57,165] {logging_mixin.py:104} INFO - [2024-04-27 22:22:57,165] {dag.py:1824} INFO - Sync 1 DAGs
[2024-04-27 22:22:57,183] {logging_mixin.py:104} INFO - [2024-04-27 22:22:57,183] {dag.py:2280} INFO - Setting next_dagrun for example_short_circuit_operator to 2024-04-25 00:00:00+00:00
[2024-04-27 22:22:57,197] {scheduler_job.py:190} INFO - Processing /home/airflow/.local/lib/python3.6/site-packages/airflow/example_dags/example_short_circuit_operator.py took 0.084 seconds
[2024-04-27 22:23:27,757] {scheduler_job.py:182} INFO - Started process (PID=393) to work on /home/airflow/.local/lib/python3.6/site-packages/airflow/example_dags/example_short_circuit_operator.py
[2024-04-27 22:23:27,759] {scheduler_job.py:629} INFO - Processing file /home/airflow/.local/lib/python3.6/site-packages/airflow/example_dags/example_short_circuit_operator.py for tasks to queue
[2024-04-27 22:23:27,760] {logging_mixin.py:104} INFO - [2024-04-27 22:23:27,760] {dagbag.py:451} INFO - Filling up the DagBag from /home/airflow/.local/lib/python3.6/site-packages/airflow/example_dags/example_short_circuit_operator.py
[2024-04-27 22:23:27,781] {scheduler_job.py:639} INFO - DAG(s) dict_keys(['example_short_circuit_operator']) retrieved from /home/airflow/.local/lib/python3.6/site-packages/airflow/example_dags/example_short_circuit_operator.py
[2024-04-27 22:23:27,808] {logging_mixin.py:104} INFO - [2024-04-27 22:23:27,808] {dag.py:1824} INFO - Sync 1 DAGs
[2024-04-27 22:23:27,826] {logging_mixin.py:104} INFO - [2024-04-27 22:23:27,826] {dag.py:2280} INFO - Setting next_dagrun for example_short_circuit_operator to 2024-04-25 00:00:00+00:00
[2024-04-27 22:23:27,841] {scheduler_job.py:190} INFO - Processing /home/airflow/.local/lib/python3.6/site-packages/airflow/example_dags/example_short_circuit_operator.py took 0.088 seconds
[2024-04-27 22:23:57,907] {scheduler_job.py:182} INFO - Started process (PID=419) to work on /home/airflow/.local/lib/python3.6/site-packages/airflow/example_dags/example_short_circuit_operator.py
[2024-04-27 22:23:57,925] {scheduler_job.py:629} INFO - Processing file /home/airflow/.local/lib/python3.6/site-packages/airflow/example_dags/example_short_circuit_operator.py for tasks to queue
[2024-04-27 22:23:57,927] {logging_mixin.py:104} INFO - [2024-04-27 22:23:57,927] {dagbag.py:451} INFO - Filling up the DagBag from /home/airflow/.local/lib/python3.6/site-packages/airflow/example_dags/example_short_circuit_operator.py
[2024-04-27 22:23:57,955] {scheduler_job.py:639} INFO - DAG(s) dict_keys(['example_short_circuit_operator']) retrieved from /home/airflow/.local/lib/python3.6/site-packages/airflow/example_dags/example_short_circuit_operator.py
[2024-04-27 22:23:57,986] {logging_mixin.py:104} INFO - [2024-04-27 22:23:57,986] {dag.py:1824} INFO - Sync 1 DAGs
[2024-04-27 22:23:58,007] {logging_mixin.py:104} INFO - [2024-04-27 22:23:58,007] {dag.py:2280} INFO - Setting next_dagrun for example_short_circuit_operator to 2024-04-25 00:00:00+00:00
[2024-04-27 22:23:58,022] {scheduler_job.py:190} INFO - Processing /home/airflow/.local/lib/python3.6/site-packages/airflow/example_dags/example_short_circuit_operator.py took 0.121 seconds
[2024-04-27 22:24:28,269] {scheduler_job.py:182} INFO - Started process (PID=445) to work on /home/airflow/.local/lib/python3.6/site-packages/airflow/example_dags/example_short_circuit_operator.py
[2024-04-27 22:24:28,272] {scheduler_job.py:629} INFO - Processing file /home/airflow/.local/lib/python3.6/site-packages/airflow/example_dags/example_short_circuit_operator.py for tasks to queue
[2024-04-27 22:24:28,274] {logging_mixin.py:104} INFO - [2024-04-27 22:24:28,274] {dagbag.py:451} INFO - Filling up the DagBag from /home/airflow/.local/lib/python3.6/site-packages/airflow/example_dags/example_short_circuit_operator.py
[2024-04-27 22:24:28,295] {scheduler_job.py:639} INFO - DAG(s) dict_keys(['example_short_circuit_operator']) retrieved from /home/airflow/.local/lib/python3.6/site-packages/airflow/example_dags/example_short_circuit_operator.py
[2024-04-27 22:24:28,334] {logging_mixin.py:104} INFO - [2024-04-27 22:24:28,333] {dag.py:1824} INFO - Sync 1 DAGs
[2024-04-27 22:24:28,372] {logging_mixin.py:104} INFO - [2024-04-27 22:24:28,372] {dag.py:2280} INFO - Setting next_dagrun for example_short_circuit_operator to 2024-04-25 00:00:00+00:00
[2024-04-27 22:24:28,395] {scheduler_job.py:190} INFO - Processing /home/airflow/.local/lib/python3.6/site-packages/airflow/example_dags/example_short_circuit_operator.py took 0.130 seconds
[2024-04-27 22:24:58,495] {scheduler_job.py:182} INFO - Started process (PID=471) to work on /home/airflow/.local/lib/python3.6/site-packages/airflow/example_dags/example_short_circuit_operator.py
[2024-04-27 22:24:58,498] {scheduler_job.py:629} INFO - Processing file /home/airflow/.local/lib/python3.6/site-packages/airflow/example_dags/example_short_circuit_operator.py for tasks to queue
[2024-04-27 22:24:58,499] {logging_mixin.py:104} INFO - [2024-04-27 22:24:58,499] {dagbag.py:451} INFO - Filling up the DagBag from /home/airflow/.local/lib/python3.6/site-packages/airflow/example_dags/example_short_circuit_operator.py
[2024-04-27 22:24:58,517] {scheduler_job.py:639} INFO - DAG(s) dict_keys(['example_short_circuit_operator']) retrieved from /home/airflow/.local/lib/python3.6/site-packages/airflow/example_dags/example_short_circuit_operator.py
[2024-04-27 22:24:58,557] {logging_mixin.py:104} INFO - [2024-04-27 22:24:58,557] {dag.py:1824} INFO - Sync 1 DAGs
[2024-04-27 22:24:58,582] {logging_mixin.py:104} INFO - [2024-04-27 22:24:58,582] {dag.py:2280} INFO - Setting next_dagrun for example_short_circuit_operator to 2024-04-25 00:00:00+00:00
[2024-04-27 22:24:58,605] {scheduler_job.py:190} INFO - Processing /home/airflow/.local/lib/python3.6/site-packages/airflow/example_dags/example_short_circuit_operator.py took 0.115 seconds
[2024-04-27 22:25:28,644] {scheduler_job.py:182} INFO - Started process (PID=497) to work on /home/airflow/.local/lib/python3.6/site-packages/airflow/example_dags/example_short_circuit_operator.py
[2024-04-27 22:25:28,646] {scheduler_job.py:629} INFO - Processing file /home/airflow/.local/lib/python3.6/site-packages/airflow/example_dags/example_short_circuit_operator.py for tasks to queue
[2024-04-27 22:25:28,648] {logging_mixin.py:104} INFO - [2024-04-27 22:25:28,648] {dagbag.py:451} INFO - Filling up the DagBag from /home/airflow/.local/lib/python3.6/site-packages/airflow/example_dags/example_short_circuit_operator.py
[2024-04-27 22:25:28,665] {scheduler_job.py:639} INFO - DAG(s) dict_keys(['example_short_circuit_operator']) retrieved from /home/airflow/.local/lib/python3.6/site-packages/airflow/example_dags/example_short_circuit_operator.py
[2024-04-27 22:25:28,691] {logging_mixin.py:104} INFO - [2024-04-27 22:25:28,691] {dag.py:1824} INFO - Sync 1 DAGs
[2024-04-27 22:25:28,710] {logging_mixin.py:104} INFO - [2024-04-27 22:25:28,710] {dag.py:2280} INFO - Setting next_dagrun for example_short_circuit_operator to 2024-04-25 00:00:00+00:00
[2024-04-27 22:25:28,724] {scheduler_job.py:190} INFO - Processing /home/airflow/.local/lib/python3.6/site-packages/airflow/example_dags/example_short_circuit_operator.py took 0.084 seconds
[2024-04-27 22:25:58,853] {scheduler_job.py:182} INFO - Started process (PID=523) to work on /home/airflow/.local/lib/python3.6/site-packages/airflow/example_dags/example_short_circuit_operator.py
[2024-04-27 22:25:58,858] {scheduler_job.py:629} INFO - Processing file /home/airflow/.local/lib/python3.6/site-packages/airflow/example_dags/example_short_circuit_operator.py for tasks to queue
[2024-04-27 22:25:58,860] {logging_mixin.py:104} INFO - [2024-04-27 22:25:58,860] {dagbag.py:451} INFO - Filling up the DagBag from /home/airflow/.local/lib/python3.6/site-packages/airflow/example_dags/example_short_circuit_operator.py
[2024-04-27 22:25:58,880] {scheduler_job.py:639} INFO - DAG(s) dict_keys(['example_short_circuit_operator']) retrieved from /home/airflow/.local/lib/python3.6/site-packages/airflow/example_dags/example_short_circuit_operator.py
[2024-04-27 22:25:58,912] {logging_mixin.py:104} INFO - [2024-04-27 22:25:58,912] {dag.py:1824} INFO - Sync 1 DAGs
[2024-04-27 22:25:58,935] {logging_mixin.py:104} INFO - [2024-04-27 22:25:58,934] {dag.py:2280} INFO - Setting next_dagrun for example_short_circuit_operator to 2024-04-25 00:00:00+00:00
[2024-04-27 22:25:58,950] {scheduler_job.py:190} INFO - Processing /home/airflow/.local/lib/python3.6/site-packages/airflow/example_dags/example_short_circuit_operator.py took 0.102 seconds
[2024-04-27 22:26:29,010] {scheduler_job.py:182} INFO - Started process (PID=549) to work on /home/airflow/.local/lib/python3.6/site-packages/airflow/example_dags/example_short_circuit_operator.py
[2024-04-27 22:26:29,013] {scheduler_job.py:629} INFO - Processing file /home/airflow/.local/lib/python3.6/site-packages/airflow/example_dags/example_short_circuit_operator.py for tasks to queue
[2024-04-27 22:26:29,015] {logging_mixin.py:104} INFO - [2024-04-27 22:26:29,015] {dagbag.py:451} INFO - Filling up the DagBag from /home/airflow/.local/lib/python3.6/site-packages/airflow/example_dags/example_short_circuit_operator.py
[2024-04-27 22:26:29,034] {scheduler_job.py:639} INFO - DAG(s) dict_keys(['example_short_circuit_operator']) retrieved from /home/airflow/.local/lib/python3.6/site-packages/airflow/example_dags/example_short_circuit_operator.py
[2024-04-27 22:26:29,062] {logging_mixin.py:104} INFO - [2024-04-27 22:26:29,062] {dag.py:1824} INFO - Sync 1 DAGs
[2024-04-27 22:26:29,083] {logging_mixin.py:104} INFO - [2024-04-27 22:26:29,083] {dag.py:2280} INFO - Setting next_dagrun for example_short_circuit_operator to 2024-04-25 00:00:00+00:00
[2024-04-27 22:26:29,100] {scheduler_job.py:190} INFO - Processing /home/airflow/.local/lib/python3.6/site-packages/airflow/example_dags/example_short_circuit_operator.py took 0.095 seconds
[2024-04-27 22:26:59,529] {scheduler_job.py:182} INFO - Started process (PID=575) to work on /home/airflow/.local/lib/python3.6/site-packages/airflow/example_dags/example_short_circuit_operator.py
[2024-04-27 22:26:59,532] {scheduler_job.py:629} INFO - Processing file /home/airflow/.local/lib/python3.6/site-packages/airflow/example_dags/example_short_circuit_operator.py for tasks to queue
[2024-04-27 22:26:59,534] {logging_mixin.py:104} INFO - [2024-04-27 22:26:59,534] {dagbag.py:451} INFO - Filling up the DagBag from /home/airflow/.local/lib/python3.6/site-packages/airflow/example_dags/example_short_circuit_operator.py
[2024-04-27 22:26:59,557] {scheduler_job.py:639} INFO - DAG(s) dict_keys(['example_short_circuit_operator']) retrieved from /home/airflow/.local/lib/python3.6/site-packages/airflow/example_dags/example_short_circuit_operator.py
[2024-04-27 22:26:59,590] {logging_mixin.py:104} INFO - [2024-04-27 22:26:59,590] {dag.py:1824} INFO - Sync 1 DAGs
[2024-04-27 22:26:59,613] {logging_mixin.py:104} INFO - [2024-04-27 22:26:59,613] {dag.py:2280} INFO - Setting next_dagrun for example_short_circuit_operator to 2024-04-25 00:00:00+00:00
[2024-04-27 22:26:59,631] {scheduler_job.py:190} INFO - Processing /home/airflow/.local/lib/python3.6/site-packages/airflow/example_dags/example_short_circuit_operator.py took 0.108 seconds
[2024-04-27 22:27:30,634] {scheduler_job.py:182} INFO - Started process (PID=601) to work on /home/airflow/.local/lib/python3.6/site-packages/airflow/example_dags/example_short_circuit_operator.py
[2024-04-27 22:27:30,637] {scheduler_job.py:629} INFO - Processing file /home/airflow/.local/lib/python3.6/site-packages/airflow/example_dags/example_short_circuit_operator.py for tasks to queue
[2024-04-27 22:27:30,640] {logging_mixin.py:104} INFO - [2024-04-27 22:27:30,640] {dagbag.py:451} INFO - Filling up the DagBag from /home/airflow/.local/lib/python3.6/site-packages/airflow/example_dags/example_short_circuit_operator.py
[2024-04-27 22:27:30,669] {scheduler_job.py:639} INFO - DAG(s) dict_keys(['example_short_circuit_operator']) retrieved from /home/airflow/.local/lib/python3.6/site-packages/airflow/example_dags/example_short_circuit_operator.py
[2024-04-27 22:27:30,708] {logging_mixin.py:104} INFO - [2024-04-27 22:27:30,708] {dag.py:1824} INFO - Sync 1 DAGs
[2024-04-27 22:27:30,731] {logging_mixin.py:104} INFO - [2024-04-27 22:27:30,731] {dag.py:2280} INFO - Setting next_dagrun for example_short_circuit_operator to 2024-04-25 00:00:00+00:00
[2024-04-27 22:27:30,749] {scheduler_job.py:190} INFO - Processing /home/airflow/.local/lib/python3.6/site-packages/airflow/example_dags/example_short_circuit_operator.py took 0.122 seconds
[2024-04-27 22:28:01,453] {scheduler_job.py:182} INFO - Started process (PID=627) to work on /home/airflow/.local/lib/python3.6/site-packages/airflow/example_dags/example_short_circuit_operator.py
[2024-04-27 22:28:01,456] {scheduler_job.py:629} INFO - Processing file /home/airflow/.local/lib/python3.6/site-packages/airflow/example_dags/example_short_circuit_operator.py for tasks to queue
[2024-04-27 22:28:01,457] {logging_mixin.py:104} INFO - [2024-04-27 22:28:01,457] {dagbag.py:451} INFO - Filling up the DagBag from /home/airflow/.local/lib/python3.6/site-packages/airflow/example_dags/example_short_circuit_operator.py
[2024-04-27 22:28:01,477] {scheduler_job.py:639} INFO - DAG(s) dict_keys(['example_short_circuit_operator']) retrieved from /home/airflow/.local/lib/python3.6/site-packages/airflow/example_dags/example_short_circuit_operator.py
[2024-04-27 22:28:01,503] {logging_mixin.py:104} INFO - [2024-04-27 22:28:01,503] {dag.py:1824} INFO - Sync 1 DAGs
[2024-04-27 22:28:01,524] {logging_mixin.py:104} INFO - [2024-04-27 22:28:01,524] {dag.py:2280} INFO - Setting next_dagrun for example_short_circuit_operator to 2024-04-25 00:00:00+00:00
[2024-04-27 22:28:01,539] {scheduler_job.py:190} INFO - Processing /home/airflow/.local/lib/python3.6/site-packages/airflow/example_dags/example_short_circuit_operator.py took 0.091 seconds
[2024-04-27 22:28:31,887] {scheduler_job.py:182} INFO - Started process (PID=653) to work on /home/airflow/.local/lib/python3.6/site-packages/airflow/example_dags/example_short_circuit_operator.py
[2024-04-27 22:28:31,889] {scheduler_job.py:629} INFO - Processing file /home/airflow/.local/lib/python3.6/site-packages/airflow/example_dags/example_short_circuit_operator.py for tasks to queue
[2024-04-27 22:28:31,891] {logging_mixin.py:104} INFO - [2024-04-27 22:28:31,891] {dagbag.py:451} INFO - Filling up the DagBag from /home/airflow/.local/lib/python3.6/site-packages/airflow/example_dags/example_short_circuit_operator.py
[2024-04-27 22:28:31,911] {scheduler_job.py:639} INFO - DAG(s) dict_keys(['example_short_circuit_operator']) retrieved from /home/airflow/.local/lib/python3.6/site-packages/airflow/example_dags/example_short_circuit_operator.py
[2024-04-27 22:28:31,941] {logging_mixin.py:104} INFO - [2024-04-27 22:28:31,941] {dag.py:1824} INFO - Sync 1 DAGs
[2024-04-27 22:28:31,960] {logging_mixin.py:104} INFO - [2024-04-27 22:28:31,959] {dag.py:2280} INFO - Setting next_dagrun for example_short_circuit_operator to 2024-04-25 00:00:00+00:00
[2024-04-27 22:28:31,975] {scheduler_job.py:190} INFO - Processing /home/airflow/.local/lib/python3.6/site-packages/airflow/example_dags/example_short_circuit_operator.py took 0.093 seconds
