[2024-04-27 22:16:43,563] {scheduler_job.py:182} INFO - Started process (PID=41) to work on /home/airflow/.local/lib/python3.6/site-packages/airflow/example_dags/example_kubernetes_executor.py
[2024-04-27 22:16:43,567] {scheduler_job.py:629} INFO - Processing file /home/airflow/.local/lib/python3.6/site-packages/airflow/example_dags/example_kubernetes_executor.py for tasks to queue
[2024-04-27 22:16:43,571] {logging_mixin.py:104} INFO - [2024-04-27 22:16:43,571] {dagbag.py:451} INFO - Filling up the DagBag from /home/airflow/.local/lib/python3.6/site-packages/airflow/example_dags/example_kubernetes_executor.py
[2024-04-27 22:16:43,654] {scheduler_job.py:639} INFO - DAG(s) dict_keys(['example_kubernetes_executor']) retrieved from /home/airflow/.local/lib/python3.6/site-packages/airflow/example_dags/example_kubernetes_executor.py
[2024-04-27 22:16:43,780] {logging_mixin.py:104} INFO - [2024-04-27 22:16:43,780] {dag.py:1824} INFO - Sync 1 DAGs
[2024-04-27 22:16:43,851] {logging_mixin.py:104} INFO - [2024-04-27 22:16:43,851] {dag.py:1843} INFO - Creating ORM DAG for example_kubernetes_executor
[2024-04-27 22:16:43,877] {logging_mixin.py:104} INFO - [2024-04-27 22:16:43,877] {dag.py:2280} INFO - Setting next_dagrun for example_kubernetes_executor to None
[2024-04-27 22:16:43,929] {scheduler_job.py:190} INFO - Processing /home/airflow/.local/lib/python3.6/site-packages/airflow/example_dags/example_kubernetes_executor.py took 0.396 seconds
[2024-04-27 22:17:15,617] {scheduler_job.py:182} INFO - Started process (PID=67) to work on /home/airflow/.local/lib/python3.6/site-packages/airflow/example_dags/example_kubernetes_executor.py
[2024-04-27 22:17:15,623] {scheduler_job.py:629} INFO - Processing file /home/airflow/.local/lib/python3.6/site-packages/airflow/example_dags/example_kubernetes_executor.py for tasks to queue
[2024-04-27 22:17:15,628] {logging_mixin.py:104} INFO - [2024-04-27 22:17:15,628] {dagbag.py:451} INFO - Filling up the DagBag from /home/airflow/.local/lib/python3.6/site-packages/airflow/example_dags/example_kubernetes_executor.py
[2024-04-27 22:17:15,711] {scheduler_job.py:639} INFO - DAG(s) dict_keys(['example_kubernetes_executor']) retrieved from /home/airflow/.local/lib/python3.6/site-packages/airflow/example_dags/example_kubernetes_executor.py
[2024-04-27 22:17:15,804] {logging_mixin.py:104} INFO - [2024-04-27 22:17:15,803] {dag.py:1824} INFO - Sync 1 DAGs
[2024-04-27 22:17:15,878] {logging_mixin.py:104} INFO - [2024-04-27 22:17:15,877] {dag.py:2280} INFO - Setting next_dagrun for example_kubernetes_executor to None
[2024-04-27 22:17:15,914] {scheduler_job.py:190} INFO - Processing /home/airflow/.local/lib/python3.6/site-packages/airflow/example_dags/example_kubernetes_executor.py took 0.304 seconds
[2024-04-27 22:17:46,061] {scheduler_job.py:182} INFO - Started process (PID=93) to work on /home/airflow/.local/lib/python3.6/site-packages/airflow/example_dags/example_kubernetes_executor.py
[2024-04-27 22:17:46,064] {scheduler_job.py:629} INFO - Processing file /home/airflow/.local/lib/python3.6/site-packages/airflow/example_dags/example_kubernetes_executor.py for tasks to queue
[2024-04-27 22:17:46,066] {logging_mixin.py:104} INFO - [2024-04-27 22:17:46,066] {dagbag.py:451} INFO - Filling up the DagBag from /home/airflow/.local/lib/python3.6/site-packages/airflow/example_dags/example_kubernetes_executor.py
[2024-04-27 22:17:46,094] {scheduler_job.py:639} INFO - DAG(s) dict_keys(['example_kubernetes_executor']) retrieved from /home/airflow/.local/lib/python3.6/site-packages/airflow/example_dags/example_kubernetes_executor.py
[2024-04-27 22:17:46,129] {logging_mixin.py:104} INFO - [2024-04-27 22:17:46,129] {dag.py:1824} INFO - Sync 1 DAGs
[2024-04-27 22:17:46,161] {logging_mixin.py:104} INFO - [2024-04-27 22:17:46,161] {dag.py:2280} INFO - Setting next_dagrun for example_kubernetes_executor to None
[2024-04-27 22:17:46,181] {scheduler_job.py:190} INFO - Processing /home/airflow/.local/lib/python3.6/site-packages/airflow/example_dags/example_kubernetes_executor.py took 0.126 seconds
[2024-04-27 22:18:16,488] {scheduler_job.py:182} INFO - Started process (PID=118) to work on /home/airflow/.local/lib/python3.6/site-packages/airflow/example_dags/example_kubernetes_executor.py
[2024-04-27 22:18:16,492] {scheduler_job.py:629} INFO - Processing file /home/airflow/.local/lib/python3.6/site-packages/airflow/example_dags/example_kubernetes_executor.py for tasks to queue
[2024-04-27 22:18:16,494] {logging_mixin.py:104} INFO - [2024-04-27 22:18:16,494] {dagbag.py:451} INFO - Filling up the DagBag from /home/airflow/.local/lib/python3.6/site-packages/airflow/example_dags/example_kubernetes_executor.py
[2024-04-27 22:18:16,539] {scheduler_job.py:639} INFO - DAG(s) dict_keys(['example_kubernetes_executor']) retrieved from /home/airflow/.local/lib/python3.6/site-packages/airflow/example_dags/example_kubernetes_executor.py
[2024-04-27 22:18:16,580] {logging_mixin.py:104} INFO - [2024-04-27 22:18:16,580] {dag.py:1824} INFO - Sync 1 DAGs
[2024-04-27 22:18:16,613] {logging_mixin.py:104} INFO - [2024-04-27 22:18:16,613] {dag.py:2280} INFO - Setting next_dagrun for example_kubernetes_executor to None
[2024-04-27 22:18:16,634] {scheduler_job.py:190} INFO - Processing /home/airflow/.local/lib/python3.6/site-packages/airflow/example_dags/example_kubernetes_executor.py took 0.153 seconds
[2024-04-27 22:18:46,756] {scheduler_job.py:182} INFO - Started process (PID=144) to work on /home/airflow/.local/lib/python3.6/site-packages/airflow/example_dags/example_kubernetes_executor.py
[2024-04-27 22:18:46,759] {scheduler_job.py:629} INFO - Processing file /home/airflow/.local/lib/python3.6/site-packages/airflow/example_dags/example_kubernetes_executor.py for tasks to queue
[2024-04-27 22:18:46,760] {logging_mixin.py:104} INFO - [2024-04-27 22:18:46,760] {dagbag.py:451} INFO - Filling up the DagBag from /home/airflow/.local/lib/python3.6/site-packages/airflow/example_dags/example_kubernetes_executor.py
[2024-04-27 22:18:46,786] {scheduler_job.py:639} INFO - DAG(s) dict_keys(['example_kubernetes_executor']) retrieved from /home/airflow/.local/lib/python3.6/site-packages/airflow/example_dags/example_kubernetes_executor.py
[2024-04-27 22:18:46,817] {logging_mixin.py:104} INFO - [2024-04-27 22:18:46,817] {dag.py:1824} INFO - Sync 1 DAGs
[2024-04-27 22:18:46,842] {logging_mixin.py:104} INFO - [2024-04-27 22:18:46,842] {dag.py:2280} INFO - Setting next_dagrun for example_kubernetes_executor to None
[2024-04-27 22:18:46,861] {scheduler_job.py:190} INFO - Processing /home/airflow/.local/lib/python3.6/site-packages/airflow/example_dags/example_kubernetes_executor.py took 0.111 seconds
[2024-04-27 22:19:17,188] {scheduler_job.py:182} INFO - Started process (PID=170) to work on /home/airflow/.local/lib/python3.6/site-packages/airflow/example_dags/example_kubernetes_executor.py
[2024-04-27 22:19:17,192] {scheduler_job.py:629} INFO - Processing file /home/airflow/.local/lib/python3.6/site-packages/airflow/example_dags/example_kubernetes_executor.py for tasks to queue
[2024-04-27 22:19:17,194] {logging_mixin.py:104} INFO - [2024-04-27 22:19:17,194] {dagbag.py:451} INFO - Filling up the DagBag from /home/airflow/.local/lib/python3.6/site-packages/airflow/example_dags/example_kubernetes_executor.py
[2024-04-27 22:19:17,222] {scheduler_job.py:639} INFO - DAG(s) dict_keys(['example_kubernetes_executor']) retrieved from /home/airflow/.local/lib/python3.6/site-packages/airflow/example_dags/example_kubernetes_executor.py
[2024-04-27 22:19:17,261] {logging_mixin.py:104} INFO - [2024-04-27 22:19:17,261] {dag.py:1824} INFO - Sync 1 DAGs
[2024-04-27 22:19:17,285] {logging_mixin.py:104} INFO - [2024-04-27 22:19:17,285] {dag.py:2280} INFO - Setting next_dagrun for example_kubernetes_executor to None
[2024-04-27 22:19:17,303] {scheduler_job.py:190} INFO - Processing /home/airflow/.local/lib/python3.6/site-packages/airflow/example_dags/example_kubernetes_executor.py took 0.122 seconds
[2024-04-27 22:19:47,791] {scheduler_job.py:182} INFO - Started process (PID=196) to work on /home/airflow/.local/lib/python3.6/site-packages/airflow/example_dags/example_kubernetes_executor.py
[2024-04-27 22:19:47,795] {scheduler_job.py:629} INFO - Processing file /home/airflow/.local/lib/python3.6/site-packages/airflow/example_dags/example_kubernetes_executor.py for tasks to queue
[2024-04-27 22:19:47,799] {logging_mixin.py:104} INFO - [2024-04-27 22:19:47,798] {dagbag.py:451} INFO - Filling up the DagBag from /home/airflow/.local/lib/python3.6/site-packages/airflow/example_dags/example_kubernetes_executor.py
[2024-04-27 22:19:47,826] {scheduler_job.py:639} INFO - DAG(s) dict_keys(['example_kubernetes_executor']) retrieved from /home/airflow/.local/lib/python3.6/site-packages/airflow/example_dags/example_kubernetes_executor.py
[2024-04-27 22:19:47,866] {logging_mixin.py:104} INFO - [2024-04-27 22:19:47,866] {dag.py:1824} INFO - Sync 1 DAGs
[2024-04-27 22:19:47,893] {logging_mixin.py:104} INFO - [2024-04-27 22:19:47,893] {dag.py:2280} INFO - Setting next_dagrun for example_kubernetes_executor to None
[2024-04-27 22:19:47,913] {scheduler_job.py:190} INFO - Processing /home/airflow/.local/lib/python3.6/site-packages/airflow/example_dags/example_kubernetes_executor.py took 0.129 seconds
[2024-04-27 22:20:18,304] {scheduler_job.py:182} INFO - Started process (PID=222) to work on /home/airflow/.local/lib/python3.6/site-packages/airflow/example_dags/example_kubernetes_executor.py
[2024-04-27 22:20:18,307] {scheduler_job.py:629} INFO - Processing file /home/airflow/.local/lib/python3.6/site-packages/airflow/example_dags/example_kubernetes_executor.py for tasks to queue
[2024-04-27 22:20:18,308] {logging_mixin.py:104} INFO - [2024-04-27 22:20:18,308] {dagbag.py:451} INFO - Filling up the DagBag from /home/airflow/.local/lib/python3.6/site-packages/airflow/example_dags/example_kubernetes_executor.py
[2024-04-27 22:20:18,334] {scheduler_job.py:639} INFO - DAG(s) dict_keys(['example_kubernetes_executor']) retrieved from /home/airflow/.local/lib/python3.6/site-packages/airflow/example_dags/example_kubernetes_executor.py
[2024-04-27 22:20:18,372] {logging_mixin.py:104} INFO - [2024-04-27 22:20:18,372] {dag.py:1824} INFO - Sync 1 DAGs
[2024-04-27 22:20:18,396] {logging_mixin.py:104} INFO - [2024-04-27 22:20:18,396] {dag.py:2280} INFO - Setting next_dagrun for example_kubernetes_executor to None
[2024-04-27 22:20:18,414] {scheduler_job.py:190} INFO - Processing /home/airflow/.local/lib/python3.6/site-packages/airflow/example_dags/example_kubernetes_executor.py took 0.116 seconds
[2024-04-27 22:20:49,211] {scheduler_job.py:182} INFO - Started process (PID=249) to work on /home/airflow/.local/lib/python3.6/site-packages/airflow/example_dags/example_kubernetes_executor.py
[2024-04-27 22:20:49,214] {scheduler_job.py:629} INFO - Processing file /home/airflow/.local/lib/python3.6/site-packages/airflow/example_dags/example_kubernetes_executor.py for tasks to queue
[2024-04-27 22:20:49,216] {logging_mixin.py:104} INFO - [2024-04-27 22:20:49,216] {dagbag.py:451} INFO - Filling up the DagBag from /home/airflow/.local/lib/python3.6/site-packages/airflow/example_dags/example_kubernetes_executor.py
[2024-04-27 22:20:49,241] {scheduler_job.py:639} INFO - DAG(s) dict_keys(['example_kubernetes_executor']) retrieved from /home/airflow/.local/lib/python3.6/site-packages/airflow/example_dags/example_kubernetes_executor.py
[2024-04-27 22:20:49,278] {logging_mixin.py:104} INFO - [2024-04-27 22:20:49,278] {dag.py:1824} INFO - Sync 1 DAGs
[2024-04-27 22:20:49,299] {logging_mixin.py:104} INFO - [2024-04-27 22:20:49,298] {dag.py:2280} INFO - Setting next_dagrun for example_kubernetes_executor to None
[2024-04-27 22:20:49,315] {scheduler_job.py:190} INFO - Processing /home/airflow/.local/lib/python3.6/site-packages/airflow/example_dags/example_kubernetes_executor.py took 0.110 seconds
[2024-04-27 22:21:20,239] {scheduler_job.py:182} INFO - Started process (PID=274) to work on /home/airflow/.local/lib/python3.6/site-packages/airflow/example_dags/example_kubernetes_executor.py
[2024-04-27 22:21:20,251] {scheduler_job.py:629} INFO - Processing file /home/airflow/.local/lib/python3.6/site-packages/airflow/example_dags/example_kubernetes_executor.py for tasks to queue
[2024-04-27 22:21:20,267] {logging_mixin.py:104} INFO - [2024-04-27 22:21:20,266] {dagbag.py:451} INFO - Filling up the DagBag from /home/airflow/.local/lib/python3.6/site-packages/airflow/example_dags/example_kubernetes_executor.py
[2024-04-27 22:21:20,499] {scheduler_job.py:639} INFO - DAG(s) dict_keys(['example_kubernetes_executor']) retrieved from /home/airflow/.local/lib/python3.6/site-packages/airflow/example_dags/example_kubernetes_executor.py
[2024-04-27 22:21:20,620] {logging_mixin.py:104} INFO - [2024-04-27 22:21:20,620] {dag.py:1824} INFO - Sync 1 DAGs
[2024-04-27 22:21:20,682] {logging_mixin.py:104} INFO - [2024-04-27 22:21:20,682] {dag.py:2280} INFO - Setting next_dagrun for example_kubernetes_executor to None
[2024-04-27 22:21:20,723] {scheduler_job.py:190} INFO - Processing /home/airflow/.local/lib/python3.6/site-packages/airflow/example_dags/example_kubernetes_executor.py took 0.496 seconds
[2024-04-27 22:21:51,020] {scheduler_job.py:182} INFO - Started process (PID=300) to work on /home/airflow/.local/lib/python3.6/site-packages/airflow/example_dags/example_kubernetes_executor.py
[2024-04-27 22:21:51,022] {scheduler_job.py:629} INFO - Processing file /home/airflow/.local/lib/python3.6/site-packages/airflow/example_dags/example_kubernetes_executor.py for tasks to queue
[2024-04-27 22:21:51,023] {logging_mixin.py:104} INFO - [2024-04-27 22:21:51,023] {dagbag.py:451} INFO - Filling up the DagBag from /home/airflow/.local/lib/python3.6/site-packages/airflow/example_dags/example_kubernetes_executor.py
[2024-04-27 22:21:51,052] {scheduler_job.py:639} INFO - DAG(s) dict_keys(['example_kubernetes_executor']) retrieved from /home/airflow/.local/lib/python3.6/site-packages/airflow/example_dags/example_kubernetes_executor.py
[2024-04-27 22:21:51,083] {logging_mixin.py:104} INFO - [2024-04-27 22:21:51,083] {dag.py:1824} INFO - Sync 1 DAGs
[2024-04-27 22:21:51,104] {logging_mixin.py:104} INFO - [2024-04-27 22:21:51,104] {dag.py:2280} INFO - Setting next_dagrun for example_kubernetes_executor to None
[2024-04-27 22:21:51,121] {scheduler_job.py:190} INFO - Processing /home/airflow/.local/lib/python3.6/site-packages/airflow/example_dags/example_kubernetes_executor.py took 0.108 seconds
[2024-04-27 22:22:21,302] {scheduler_job.py:182} INFO - Started process (PID=326) to work on /home/airflow/.local/lib/python3.6/site-packages/airflow/example_dags/example_kubernetes_executor.py
[2024-04-27 22:22:21,304] {scheduler_job.py:629} INFO - Processing file /home/airflow/.local/lib/python3.6/site-packages/airflow/example_dags/example_kubernetes_executor.py for tasks to queue
[2024-04-27 22:22:21,307] {logging_mixin.py:104} INFO - [2024-04-27 22:22:21,306] {dagbag.py:451} INFO - Filling up the DagBag from /home/airflow/.local/lib/python3.6/site-packages/airflow/example_dags/example_kubernetes_executor.py
[2024-04-27 22:22:21,336] {scheduler_job.py:639} INFO - DAG(s) dict_keys(['example_kubernetes_executor']) retrieved from /home/airflow/.local/lib/python3.6/site-packages/airflow/example_dags/example_kubernetes_executor.py
[2024-04-27 22:22:21,372] {logging_mixin.py:104} INFO - [2024-04-27 22:22:21,372] {dag.py:1824} INFO - Sync 1 DAGs
[2024-04-27 22:22:21,396] {logging_mixin.py:104} INFO - [2024-04-27 22:22:21,395] {dag.py:2280} INFO - Setting next_dagrun for example_kubernetes_executor to None
[2024-04-27 22:22:21,415] {scheduler_job.py:190} INFO - Processing /home/airflow/.local/lib/python3.6/site-packages/airflow/example_dags/example_kubernetes_executor.py took 0.119 seconds
[2024-04-27 22:22:52,088] {scheduler_job.py:182} INFO - Started process (PID=352) to work on /home/airflow/.local/lib/python3.6/site-packages/airflow/example_dags/example_kubernetes_executor.py
[2024-04-27 22:22:52,090] {scheduler_job.py:629} INFO - Processing file /home/airflow/.local/lib/python3.6/site-packages/airflow/example_dags/example_kubernetes_executor.py for tasks to queue
[2024-04-27 22:22:52,092] {logging_mixin.py:104} INFO - [2024-04-27 22:22:52,091] {dagbag.py:451} INFO - Filling up the DagBag from /home/airflow/.local/lib/python3.6/site-packages/airflow/example_dags/example_kubernetes_executor.py
[2024-04-27 22:22:52,117] {scheduler_job.py:639} INFO - DAG(s) dict_keys(['example_kubernetes_executor']) retrieved from /home/airflow/.local/lib/python3.6/site-packages/airflow/example_dags/example_kubernetes_executor.py
[2024-04-27 22:22:52,147] {logging_mixin.py:104} INFO - [2024-04-27 22:22:52,147] {dag.py:1824} INFO - Sync 1 DAGs
[2024-04-27 22:22:52,170] {logging_mixin.py:104} INFO - [2024-04-27 22:22:52,169] {dag.py:2280} INFO - Setting next_dagrun for example_kubernetes_executor to None
[2024-04-27 22:22:52,187] {scheduler_job.py:190} INFO - Processing /home/airflow/.local/lib/python3.6/site-packages/airflow/example_dags/example_kubernetes_executor.py took 0.104 seconds
[2024-04-27 22:23:23,214] {scheduler_job.py:182} INFO - Started process (PID=378) to work on /home/airflow/.local/lib/python3.6/site-packages/airflow/example_dags/example_kubernetes_executor.py
[2024-04-27 22:23:23,217] {scheduler_job.py:629} INFO - Processing file /home/airflow/.local/lib/python3.6/site-packages/airflow/example_dags/example_kubernetes_executor.py for tasks to queue
[2024-04-27 22:23:23,220] {logging_mixin.py:104} INFO - [2024-04-27 22:23:23,219] {dagbag.py:451} INFO - Filling up the DagBag from /home/airflow/.local/lib/python3.6/site-packages/airflow/example_dags/example_kubernetes_executor.py
[2024-04-27 22:23:23,254] {scheduler_job.py:639} INFO - DAG(s) dict_keys(['example_kubernetes_executor']) retrieved from /home/airflow/.local/lib/python3.6/site-packages/airflow/example_dags/example_kubernetes_executor.py
[2024-04-27 22:23:23,294] {logging_mixin.py:104} INFO - [2024-04-27 22:23:23,294] {dag.py:1824} INFO - Sync 1 DAGs
[2024-04-27 22:23:23,317] {logging_mixin.py:104} INFO - [2024-04-27 22:23:23,317] {dag.py:2280} INFO - Setting next_dagrun for example_kubernetes_executor to None
[2024-04-27 22:23:23,336] {scheduler_job.py:190} INFO - Processing /home/airflow/.local/lib/python3.6/site-packages/airflow/example_dags/example_kubernetes_executor.py took 0.127 seconds
[2024-04-27 22:23:53,586] {scheduler_job.py:182} INFO - Started process (PID=404) to work on /home/airflow/.local/lib/python3.6/site-packages/airflow/example_dags/example_kubernetes_executor.py
[2024-04-27 22:23:53,596] {scheduler_job.py:629} INFO - Processing file /home/airflow/.local/lib/python3.6/site-packages/airflow/example_dags/example_kubernetes_executor.py for tasks to queue
[2024-04-27 22:23:53,598] {logging_mixin.py:104} INFO - [2024-04-27 22:23:53,598] {dagbag.py:451} INFO - Filling up the DagBag from /home/airflow/.local/lib/python3.6/site-packages/airflow/example_dags/example_kubernetes_executor.py
[2024-04-27 22:23:53,623] {scheduler_job.py:639} INFO - DAG(s) dict_keys(['example_kubernetes_executor']) retrieved from /home/airflow/.local/lib/python3.6/site-packages/airflow/example_dags/example_kubernetes_executor.py
[2024-04-27 22:23:53,659] {logging_mixin.py:104} INFO - [2024-04-27 22:23:53,659] {dag.py:1824} INFO - Sync 1 DAGs
[2024-04-27 22:23:53,684] {logging_mixin.py:104} INFO - [2024-04-27 22:23:53,684] {dag.py:2280} INFO - Setting next_dagrun for example_kubernetes_executor to None
[2024-04-27 22:23:53,706] {scheduler_job.py:190} INFO - Processing /home/airflow/.local/lib/python3.6/site-packages/airflow/example_dags/example_kubernetes_executor.py took 0.128 seconds
[2024-04-27 22:24:23,907] {scheduler_job.py:182} INFO - Started process (PID=430) to work on /home/airflow/.local/lib/python3.6/site-packages/airflow/example_dags/example_kubernetes_executor.py
[2024-04-27 22:24:23,909] {scheduler_job.py:629} INFO - Processing file /home/airflow/.local/lib/python3.6/site-packages/airflow/example_dags/example_kubernetes_executor.py for tasks to queue
[2024-04-27 22:24:23,911] {logging_mixin.py:104} INFO - [2024-04-27 22:24:23,911] {dagbag.py:451} INFO - Filling up the DagBag from /home/airflow/.local/lib/python3.6/site-packages/airflow/example_dags/example_kubernetes_executor.py
[2024-04-27 22:24:23,938] {scheduler_job.py:639} INFO - DAG(s) dict_keys(['example_kubernetes_executor']) retrieved from /home/airflow/.local/lib/python3.6/site-packages/airflow/example_dags/example_kubernetes_executor.py
[2024-04-27 22:24:23,985] {logging_mixin.py:104} INFO - [2024-04-27 22:24:23,985] {dag.py:1824} INFO - Sync 1 DAGs
[2024-04-27 22:24:24,015] {logging_mixin.py:104} INFO - [2024-04-27 22:24:24,015] {dag.py:2280} INFO - Setting next_dagrun for example_kubernetes_executor to None
[2024-04-27 22:24:24,082] {scheduler_job.py:190} INFO - Processing /home/airflow/.local/lib/python3.6/site-packages/airflow/example_dags/example_kubernetes_executor.py took 0.180 seconds
[2024-04-27 22:24:54,271] {scheduler_job.py:182} INFO - Started process (PID=456) to work on /home/airflow/.local/lib/python3.6/site-packages/airflow/example_dags/example_kubernetes_executor.py
[2024-04-27 22:24:54,274] {scheduler_job.py:629} INFO - Processing file /home/airflow/.local/lib/python3.6/site-packages/airflow/example_dags/example_kubernetes_executor.py for tasks to queue
[2024-04-27 22:24:54,277] {logging_mixin.py:104} INFO - [2024-04-27 22:24:54,277] {dagbag.py:451} INFO - Filling up the DagBag from /home/airflow/.local/lib/python3.6/site-packages/airflow/example_dags/example_kubernetes_executor.py
[2024-04-27 22:24:54,303] {scheduler_job.py:639} INFO - DAG(s) dict_keys(['example_kubernetes_executor']) retrieved from /home/airflow/.local/lib/python3.6/site-packages/airflow/example_dags/example_kubernetes_executor.py
[2024-04-27 22:24:54,338] {logging_mixin.py:104} INFO - [2024-04-27 22:24:54,338] {dag.py:1824} INFO - Sync 1 DAGs
[2024-04-27 22:24:54,363] {logging_mixin.py:104} INFO - [2024-04-27 22:24:54,363] {dag.py:2280} INFO - Setting next_dagrun for example_kubernetes_executor to None
[2024-04-27 22:24:54,383] {scheduler_job.py:190} INFO - Processing /home/airflow/.local/lib/python3.6/site-packages/airflow/example_dags/example_kubernetes_executor.py took 0.119 seconds
[2024-04-27 22:25:25,304] {scheduler_job.py:182} INFO - Started process (PID=482) to work on /home/airflow/.local/lib/python3.6/site-packages/airflow/example_dags/example_kubernetes_executor.py
[2024-04-27 22:25:25,306] {scheduler_job.py:629} INFO - Processing file /home/airflow/.local/lib/python3.6/site-packages/airflow/example_dags/example_kubernetes_executor.py for tasks to queue
[2024-04-27 22:25:25,308] {logging_mixin.py:104} INFO - [2024-04-27 22:25:25,308] {dagbag.py:451} INFO - Filling up the DagBag from /home/airflow/.local/lib/python3.6/site-packages/airflow/example_dags/example_kubernetes_executor.py
[2024-04-27 22:25:25,343] {scheduler_job.py:639} INFO - DAG(s) dict_keys(['example_kubernetes_executor']) retrieved from /home/airflow/.local/lib/python3.6/site-packages/airflow/example_dags/example_kubernetes_executor.py
[2024-04-27 22:25:25,385] {logging_mixin.py:104} INFO - [2024-04-27 22:25:25,381] {dag.py:1824} INFO - Sync 1 DAGs
[2024-04-27 22:25:25,413] {logging_mixin.py:104} INFO - [2024-04-27 22:25:25,413] {dag.py:2280} INFO - Setting next_dagrun for example_kubernetes_executor to None
[2024-04-27 22:25:25,434] {scheduler_job.py:190} INFO - Processing /home/airflow/.local/lib/python3.6/site-packages/airflow/example_dags/example_kubernetes_executor.py took 0.133 seconds
[2024-04-27 22:25:55,532] {scheduler_job.py:182} INFO - Started process (PID=508) to work on /home/airflow/.local/lib/python3.6/site-packages/airflow/example_dags/example_kubernetes_executor.py
[2024-04-27 22:25:55,534] {scheduler_job.py:629} INFO - Processing file /home/airflow/.local/lib/python3.6/site-packages/airflow/example_dags/example_kubernetes_executor.py for tasks to queue
[2024-04-27 22:25:55,536] {logging_mixin.py:104} INFO - [2024-04-27 22:25:55,536] {dagbag.py:451} INFO - Filling up the DagBag from /home/airflow/.local/lib/python3.6/site-packages/airflow/example_dags/example_kubernetes_executor.py
[2024-04-27 22:25:55,555] {scheduler_job.py:639} INFO - DAG(s) dict_keys(['example_kubernetes_executor']) retrieved from /home/airflow/.local/lib/python3.6/site-packages/airflow/example_dags/example_kubernetes_executor.py
[2024-04-27 22:25:55,582] {logging_mixin.py:104} INFO - [2024-04-27 22:25:55,582] {dag.py:1824} INFO - Sync 1 DAGs
[2024-04-27 22:25:55,604] {logging_mixin.py:104} INFO - [2024-04-27 22:25:55,604] {dag.py:2280} INFO - Setting next_dagrun for example_kubernetes_executor to None
[2024-04-27 22:25:55,620] {scheduler_job.py:190} INFO - Processing /home/airflow/.local/lib/python3.6/site-packages/airflow/example_dags/example_kubernetes_executor.py took 0.092 seconds
[2024-04-27 22:26:25,925] {scheduler_job.py:182} INFO - Started process (PID=534) to work on /home/airflow/.local/lib/python3.6/site-packages/airflow/example_dags/example_kubernetes_executor.py
[2024-04-27 22:26:25,927] {scheduler_job.py:629} INFO - Processing file /home/airflow/.local/lib/python3.6/site-packages/airflow/example_dags/example_kubernetes_executor.py for tasks to queue
[2024-04-27 22:26:25,929] {logging_mixin.py:104} INFO - [2024-04-27 22:26:25,929] {dagbag.py:451} INFO - Filling up the DagBag from /home/airflow/.local/lib/python3.6/site-packages/airflow/example_dags/example_kubernetes_executor.py
[2024-04-27 22:26:25,950] {scheduler_job.py:639} INFO - DAG(s) dict_keys(['example_kubernetes_executor']) retrieved from /home/airflow/.local/lib/python3.6/site-packages/airflow/example_dags/example_kubernetes_executor.py
[2024-04-27 22:26:25,977] {logging_mixin.py:104} INFO - [2024-04-27 22:26:25,976] {dag.py:1824} INFO - Sync 1 DAGs
[2024-04-27 22:26:25,994] {logging_mixin.py:104} INFO - [2024-04-27 22:26:25,994] {dag.py:2280} INFO - Setting next_dagrun for example_kubernetes_executor to None
[2024-04-27 22:26:26,011] {scheduler_job.py:190} INFO - Processing /home/airflow/.local/lib/python3.6/site-packages/airflow/example_dags/example_kubernetes_executor.py took 0.089 seconds
[2024-04-27 22:26:56,446] {scheduler_job.py:182} INFO - Started process (PID=560) to work on /home/airflow/.local/lib/python3.6/site-packages/airflow/example_dags/example_kubernetes_executor.py
[2024-04-27 22:26:56,448] {scheduler_job.py:629} INFO - Processing file /home/airflow/.local/lib/python3.6/site-packages/airflow/example_dags/example_kubernetes_executor.py for tasks to queue
[2024-04-27 22:26:56,450] {logging_mixin.py:104} INFO - [2024-04-27 22:26:56,449] {dagbag.py:451} INFO - Filling up the DagBag from /home/airflow/.local/lib/python3.6/site-packages/airflow/example_dags/example_kubernetes_executor.py
[2024-04-27 22:26:56,473] {scheduler_job.py:639} INFO - DAG(s) dict_keys(['example_kubernetes_executor']) retrieved from /home/airflow/.local/lib/python3.6/site-packages/airflow/example_dags/example_kubernetes_executor.py
[2024-04-27 22:26:56,500] {logging_mixin.py:104} INFO - [2024-04-27 22:26:56,500] {dag.py:1824} INFO - Sync 1 DAGs
[2024-04-27 22:26:56,522] {logging_mixin.py:104} INFO - [2024-04-27 22:26:56,522] {dag.py:2280} INFO - Setting next_dagrun for example_kubernetes_executor to None
[2024-04-27 22:26:56,539] {scheduler_job.py:190} INFO - Processing /home/airflow/.local/lib/python3.6/site-packages/airflow/example_dags/example_kubernetes_executor.py took 0.097 seconds
[2024-04-27 22:27:27,443] {scheduler_job.py:182} INFO - Started process (PID=586) to work on /home/airflow/.local/lib/python3.6/site-packages/airflow/example_dags/example_kubernetes_executor.py
[2024-04-27 22:27:27,445] {scheduler_job.py:629} INFO - Processing file /home/airflow/.local/lib/python3.6/site-packages/airflow/example_dags/example_kubernetes_executor.py for tasks to queue
[2024-04-27 22:27:27,447] {logging_mixin.py:104} INFO - [2024-04-27 22:27:27,447] {dagbag.py:451} INFO - Filling up the DagBag from /home/airflow/.local/lib/python3.6/site-packages/airflow/example_dags/example_kubernetes_executor.py
[2024-04-27 22:27:27,467] {scheduler_job.py:639} INFO - DAG(s) dict_keys(['example_kubernetes_executor']) retrieved from /home/airflow/.local/lib/python3.6/site-packages/airflow/example_dags/example_kubernetes_executor.py
[2024-04-27 22:27:27,492] {logging_mixin.py:104} INFO - [2024-04-27 22:27:27,492] {dag.py:1824} INFO - Sync 1 DAGs
[2024-04-27 22:27:27,513] {logging_mixin.py:104} INFO - [2024-04-27 22:27:27,513] {dag.py:2280} INFO - Setting next_dagrun for example_kubernetes_executor to None
[2024-04-27 22:27:27,529] {scheduler_job.py:190} INFO - Processing /home/airflow/.local/lib/python3.6/site-packages/airflow/example_dags/example_kubernetes_executor.py took 0.089 seconds
[2024-04-27 22:27:58,242] {scheduler_job.py:182} INFO - Started process (PID=612) to work on /home/airflow/.local/lib/python3.6/site-packages/airflow/example_dags/example_kubernetes_executor.py
[2024-04-27 22:27:58,245] {scheduler_job.py:629} INFO - Processing file /home/airflow/.local/lib/python3.6/site-packages/airflow/example_dags/example_kubernetes_executor.py for tasks to queue
[2024-04-27 22:27:58,246] {logging_mixin.py:104} INFO - [2024-04-27 22:27:58,246] {dagbag.py:451} INFO - Filling up the DagBag from /home/airflow/.local/lib/python3.6/site-packages/airflow/example_dags/example_kubernetes_executor.py
[2024-04-27 22:27:58,275] {scheduler_job.py:639} INFO - DAG(s) dict_keys(['example_kubernetes_executor']) retrieved from /home/airflow/.local/lib/python3.6/site-packages/airflow/example_dags/example_kubernetes_executor.py
[2024-04-27 22:27:58,311] {logging_mixin.py:104} INFO - [2024-04-27 22:27:58,311] {dag.py:1824} INFO - Sync 1 DAGs
[2024-04-27 22:27:58,331] {logging_mixin.py:104} INFO - [2024-04-27 22:27:58,331] {dag.py:2280} INFO - Setting next_dagrun for example_kubernetes_executor to None
[2024-04-27 22:27:58,348] {scheduler_job.py:190} INFO - Processing /home/airflow/.local/lib/python3.6/site-packages/airflow/example_dags/example_kubernetes_executor.py took 0.111 seconds
[2024-04-27 22:28:28,595] {scheduler_job.py:182} INFO - Started process (PID=638) to work on /home/airflow/.local/lib/python3.6/site-packages/airflow/example_dags/example_kubernetes_executor.py
[2024-04-27 22:28:28,597] {scheduler_job.py:629} INFO - Processing file /home/airflow/.local/lib/python3.6/site-packages/airflow/example_dags/example_kubernetes_executor.py for tasks to queue
[2024-04-27 22:28:28,599] {logging_mixin.py:104} INFO - [2024-04-27 22:28:28,598] {dagbag.py:451} INFO - Filling up the DagBag from /home/airflow/.local/lib/python3.6/site-packages/airflow/example_dags/example_kubernetes_executor.py
[2024-04-27 22:28:28,625] {scheduler_job.py:639} INFO - DAG(s) dict_keys(['example_kubernetes_executor']) retrieved from /home/airflow/.local/lib/python3.6/site-packages/airflow/example_dags/example_kubernetes_executor.py
[2024-04-27 22:28:28,654] {logging_mixin.py:104} INFO - [2024-04-27 22:28:28,653] {dag.py:1824} INFO - Sync 1 DAGs
[2024-04-27 22:28:28,673] {logging_mixin.py:104} INFO - [2024-04-27 22:28:28,673] {dag.py:2280} INFO - Setting next_dagrun for example_kubernetes_executor to None
[2024-04-27 22:28:28,690] {scheduler_job.py:190} INFO - Processing /home/airflow/.local/lib/python3.6/site-packages/airflow/example_dags/example_kubernetes_executor.py took 0.099 seconds
[2024-04-27 22:28:59,210] {scheduler_job.py:182} INFO - Started process (PID=664) to work on /home/airflow/.local/lib/python3.6/site-packages/airflow/example_dags/example_kubernetes_executor.py
[2024-04-27 22:28:59,212] {scheduler_job.py:629} INFO - Processing file /home/airflow/.local/lib/python3.6/site-packages/airflow/example_dags/example_kubernetes_executor.py for tasks to queue
[2024-04-27 22:28:59,214] {logging_mixin.py:104} INFO - [2024-04-27 22:28:59,214] {dagbag.py:451} INFO - Filling up the DagBag from /home/airflow/.local/lib/python3.6/site-packages/airflow/example_dags/example_kubernetes_executor.py
[2024-04-27 22:28:59,238] {scheduler_job.py:639} INFO - DAG(s) dict_keys(['example_kubernetes_executor']) retrieved from /home/airflow/.local/lib/python3.6/site-packages/airflow/example_dags/example_kubernetes_executor.py
[2024-04-27 22:28:59,265] {logging_mixin.py:104} INFO - [2024-04-27 22:28:59,265] {dag.py:1824} INFO - Sync 1 DAGs
[2024-04-27 22:28:59,284] {logging_mixin.py:104} INFO - [2024-04-27 22:28:59,283] {dag.py:2280} INFO - Setting next_dagrun for example_kubernetes_executor to None
[2024-04-27 22:28:59,299] {scheduler_job.py:190} INFO - Processing /home/airflow/.local/lib/python3.6/site-packages/airflow/example_dags/example_kubernetes_executor.py took 0.094 seconds
[2024-04-27 22:29:29,566] {scheduler_job.py:182} INFO - Started process (PID=690) to work on /home/airflow/.local/lib/python3.6/site-packages/airflow/example_dags/example_kubernetes_executor.py
[2024-04-27 22:29:29,570] {scheduler_job.py:629} INFO - Processing file /home/airflow/.local/lib/python3.6/site-packages/airflow/example_dags/example_kubernetes_executor.py for tasks to queue
[2024-04-27 22:29:29,572] {logging_mixin.py:104} INFO - [2024-04-27 22:29:29,572] {dagbag.py:451} INFO - Filling up the DagBag from /home/airflow/.local/lib/python3.6/site-packages/airflow/example_dags/example_kubernetes_executor.py
[2024-04-27 22:29:29,605] {scheduler_job.py:639} INFO - DAG(s) dict_keys(['example_kubernetes_executor']) retrieved from /home/airflow/.local/lib/python3.6/site-packages/airflow/example_dags/example_kubernetes_executor.py
[2024-04-27 22:29:29,637] {logging_mixin.py:104} INFO - [2024-04-27 22:29:29,637] {dag.py:1824} INFO - Sync 1 DAGs
[2024-04-27 22:29:29,665] {logging_mixin.py:104} INFO - [2024-04-27 22:29:29,665] {dag.py:2280} INFO - Setting next_dagrun for example_kubernetes_executor to None
[2024-04-27 22:29:29,711] {scheduler_job.py:190} INFO - Processing /home/airflow/.local/lib/python3.6/site-packages/airflow/example_dags/example_kubernetes_executor.py took 0.151 seconds
[2024-04-27 22:29:59,831] {scheduler_job.py:182} INFO - Started process (PID=715) to work on /home/airflow/.local/lib/python3.6/site-packages/airflow/example_dags/example_kubernetes_executor.py
[2024-04-27 22:29:59,834] {scheduler_job.py:629} INFO - Processing file /home/airflow/.local/lib/python3.6/site-packages/airflow/example_dags/example_kubernetes_executor.py for tasks to queue
[2024-04-27 22:29:59,836] {logging_mixin.py:104} INFO - [2024-04-27 22:29:59,836] {dagbag.py:451} INFO - Filling up the DagBag from /home/airflow/.local/lib/python3.6/site-packages/airflow/example_dags/example_kubernetes_executor.py
[2024-04-27 22:29:59,895] {scheduler_job.py:639} INFO - DAG(s) dict_keys(['example_kubernetes_executor']) retrieved from /home/airflow/.local/lib/python3.6/site-packages/airflow/example_dags/example_kubernetes_executor.py
[2024-04-27 22:29:59,957] {logging_mixin.py:104} INFO - [2024-04-27 22:29:59,957] {dag.py:1824} INFO - Sync 1 DAGs
[2024-04-27 22:29:59,982] {logging_mixin.py:104} INFO - [2024-04-27 22:29:59,982] {dag.py:2280} INFO - Setting next_dagrun for example_kubernetes_executor to None
[2024-04-27 22:30:00,000] {scheduler_job.py:190} INFO - Processing /home/airflow/.local/lib/python3.6/site-packages/airflow/example_dags/example_kubernetes_executor.py took 0.185 seconds
[2024-04-27 22:30:30,847] {scheduler_job.py:182} INFO - Started process (PID=743) to work on /home/airflow/.local/lib/python3.6/site-packages/airflow/example_dags/example_kubernetes_executor.py
[2024-04-27 22:30:30,850] {scheduler_job.py:629} INFO - Processing file /home/airflow/.local/lib/python3.6/site-packages/airflow/example_dags/example_kubernetes_executor.py for tasks to queue
[2024-04-27 22:30:30,851] {logging_mixin.py:104} INFO - [2024-04-27 22:30:30,851] {dagbag.py:451} INFO - Filling up the DagBag from /home/airflow/.local/lib/python3.6/site-packages/airflow/example_dags/example_kubernetes_executor.py
[2024-04-27 22:30:30,879] {scheduler_job.py:639} INFO - DAG(s) dict_keys(['example_kubernetes_executor']) retrieved from /home/airflow/.local/lib/python3.6/site-packages/airflow/example_dags/example_kubernetes_executor.py
[2024-04-27 22:30:30,909] {logging_mixin.py:104} INFO - [2024-04-27 22:30:30,909] {dag.py:1824} INFO - Sync 1 DAGs
[2024-04-27 22:30:30,934] {logging_mixin.py:104} INFO - [2024-04-27 22:30:30,934] {dag.py:2280} INFO - Setting next_dagrun for example_kubernetes_executor to None
[2024-04-27 22:30:30,954] {scheduler_job.py:190} INFO - Processing /home/airflow/.local/lib/python3.6/site-packages/airflow/example_dags/example_kubernetes_executor.py took 0.112 seconds
[2024-04-27 22:31:01,276] {scheduler_job.py:182} INFO - Started process (PID=769) to work on /home/airflow/.local/lib/python3.6/site-packages/airflow/example_dags/example_kubernetes_executor.py
[2024-04-27 22:31:01,279] {scheduler_job.py:629} INFO - Processing file /home/airflow/.local/lib/python3.6/site-packages/airflow/example_dags/example_kubernetes_executor.py for tasks to queue
[2024-04-27 22:31:01,281] {logging_mixin.py:104} INFO - [2024-04-27 22:31:01,281] {dagbag.py:451} INFO - Filling up the DagBag from /home/airflow/.local/lib/python3.6/site-packages/airflow/example_dags/example_kubernetes_executor.py
[2024-04-27 22:31:01,304] {scheduler_job.py:639} INFO - DAG(s) dict_keys(['example_kubernetes_executor']) retrieved from /home/airflow/.local/lib/python3.6/site-packages/airflow/example_dags/example_kubernetes_executor.py
[2024-04-27 22:31:01,339] {logging_mixin.py:104} INFO - [2024-04-27 22:31:01,338] {dag.py:1824} INFO - Sync 1 DAGs
[2024-04-27 22:31:01,362] {logging_mixin.py:104} INFO - [2024-04-27 22:31:01,362] {dag.py:2280} INFO - Setting next_dagrun for example_kubernetes_executor to None
[2024-04-27 22:31:01,379] {scheduler_job.py:190} INFO - Processing /home/airflow/.local/lib/python3.6/site-packages/airflow/example_dags/example_kubernetes_executor.py took 0.108 seconds
[2024-04-27 22:31:32,302] {scheduler_job.py:182} INFO - Started process (PID=795) to work on /home/airflow/.local/lib/python3.6/site-packages/airflow/example_dags/example_kubernetes_executor.py
[2024-04-27 22:31:32,307] {scheduler_job.py:629} INFO - Processing file /home/airflow/.local/lib/python3.6/site-packages/airflow/example_dags/example_kubernetes_executor.py for tasks to queue
[2024-04-27 22:31:32,310] {logging_mixin.py:104} INFO - [2024-04-27 22:31:32,310] {dagbag.py:451} INFO - Filling up the DagBag from /home/airflow/.local/lib/python3.6/site-packages/airflow/example_dags/example_kubernetes_executor.py
[2024-04-27 22:31:32,442] {scheduler_job.py:639} INFO - DAG(s) dict_keys(['example_kubernetes_executor']) retrieved from /home/airflow/.local/lib/python3.6/site-packages/airflow/example_dags/example_kubernetes_executor.py
[2024-04-27 22:31:32,606] {logging_mixin.py:104} INFO - [2024-04-27 22:31:32,597] {dag.py:1824} INFO - Sync 1 DAGs
[2024-04-27 22:31:32,749] {logging_mixin.py:104} INFO - [2024-04-27 22:31:32,736] {dag.py:2280} INFO - Setting next_dagrun for example_kubernetes_executor to None
[2024-04-27 22:31:32,872] {scheduler_job.py:190} INFO - Processing /home/airflow/.local/lib/python3.6/site-packages/airflow/example_dags/example_kubernetes_executor.py took 0.583 seconds
[2024-04-27 22:32:03,551] {scheduler_job.py:182} INFO - Started process (PID=820) to work on /home/airflow/.local/lib/python3.6/site-packages/airflow/example_dags/example_kubernetes_executor.py
[2024-04-27 22:32:03,554] {scheduler_job.py:629} INFO - Processing file /home/airflow/.local/lib/python3.6/site-packages/airflow/example_dags/example_kubernetes_executor.py for tasks to queue
[2024-04-27 22:32:03,556] {logging_mixin.py:104} INFO - [2024-04-27 22:32:03,556] {dagbag.py:451} INFO - Filling up the DagBag from /home/airflow/.local/lib/python3.6/site-packages/airflow/example_dags/example_kubernetes_executor.py
[2024-04-27 22:32:03,579] {scheduler_job.py:639} INFO - DAG(s) dict_keys(['example_kubernetes_executor']) retrieved from /home/airflow/.local/lib/python3.6/site-packages/airflow/example_dags/example_kubernetes_executor.py
[2024-04-27 22:32:03,611] {logging_mixin.py:104} INFO - [2024-04-27 22:32:03,611] {dag.py:1824} INFO - Sync 1 DAGs
[2024-04-27 22:32:03,632] {logging_mixin.py:104} INFO - [2024-04-27 22:32:03,631] {dag.py:2280} INFO - Setting next_dagrun for example_kubernetes_executor to None
[2024-04-27 22:32:03,648] {scheduler_job.py:190} INFO - Processing /home/airflow/.local/lib/python3.6/site-packages/airflow/example_dags/example_kubernetes_executor.py took 0.103 seconds
[2024-04-27 22:32:33,980] {scheduler_job.py:182} INFO - Started process (PID=846) to work on /home/airflow/.local/lib/python3.6/site-packages/airflow/example_dags/example_kubernetes_executor.py
[2024-04-27 22:32:33,983] {scheduler_job.py:629} INFO - Processing file /home/airflow/.local/lib/python3.6/site-packages/airflow/example_dags/example_kubernetes_executor.py for tasks to queue
[2024-04-27 22:32:33,985] {logging_mixin.py:104} INFO - [2024-04-27 22:32:33,984] {dagbag.py:451} INFO - Filling up the DagBag from /home/airflow/.local/lib/python3.6/site-packages/airflow/example_dags/example_kubernetes_executor.py
[2024-04-27 22:32:34,005] {scheduler_job.py:639} INFO - DAG(s) dict_keys(['example_kubernetes_executor']) retrieved from /home/airflow/.local/lib/python3.6/site-packages/airflow/example_dags/example_kubernetes_executor.py
[2024-04-27 22:32:34,032] {logging_mixin.py:104} INFO - [2024-04-27 22:32:34,032] {dag.py:1824} INFO - Sync 1 DAGs
[2024-04-27 22:32:34,051] {logging_mixin.py:104} INFO - [2024-04-27 22:32:34,051] {dag.py:2280} INFO - Setting next_dagrun for example_kubernetes_executor to None
[2024-04-27 22:32:34,066] {scheduler_job.py:190} INFO - Processing /home/airflow/.local/lib/python3.6/site-packages/airflow/example_dags/example_kubernetes_executor.py took 0.090 seconds
[2024-04-27 22:33:04,351] {scheduler_job.py:182} INFO - Started process (PID=872) to work on /home/airflow/.local/lib/python3.6/site-packages/airflow/example_dags/example_kubernetes_executor.py
[2024-04-27 22:33:04,354] {scheduler_job.py:629} INFO - Processing file /home/airflow/.local/lib/python3.6/site-packages/airflow/example_dags/example_kubernetes_executor.py for tasks to queue
[2024-04-27 22:33:04,356] {logging_mixin.py:104} INFO - [2024-04-27 22:33:04,356] {dagbag.py:451} INFO - Filling up the DagBag from /home/airflow/.local/lib/python3.6/site-packages/airflow/example_dags/example_kubernetes_executor.py
[2024-04-27 22:33:04,379] {scheduler_job.py:639} INFO - DAG(s) dict_keys(['example_kubernetes_executor']) retrieved from /home/airflow/.local/lib/python3.6/site-packages/airflow/example_dags/example_kubernetes_executor.py
[2024-04-27 22:33:04,410] {logging_mixin.py:104} INFO - [2024-04-27 22:33:04,410] {dag.py:1824} INFO - Sync 1 DAGs
[2024-04-27 22:33:04,433] {logging_mixin.py:104} INFO - [2024-04-27 22:33:04,433] {dag.py:2280} INFO - Setting next_dagrun for example_kubernetes_executor to None
[2024-04-27 22:33:04,454] {scheduler_job.py:190} INFO - Processing /home/airflow/.local/lib/python3.6/site-packages/airflow/example_dags/example_kubernetes_executor.py took 0.108 seconds
[2024-04-27 22:33:34,848] {scheduler_job.py:182} INFO - Started process (PID=898) to work on /home/airflow/.local/lib/python3.6/site-packages/airflow/example_dags/example_kubernetes_executor.py
[2024-04-27 22:33:34,850] {scheduler_job.py:629} INFO - Processing file /home/airflow/.local/lib/python3.6/site-packages/airflow/example_dags/example_kubernetes_executor.py for tasks to queue
[2024-04-27 22:33:34,852] {logging_mixin.py:104} INFO - [2024-04-27 22:33:34,852] {dagbag.py:451} INFO - Filling up the DagBag from /home/airflow/.local/lib/python3.6/site-packages/airflow/example_dags/example_kubernetes_executor.py
[2024-04-27 22:33:34,873] {scheduler_job.py:639} INFO - DAG(s) dict_keys(['example_kubernetes_executor']) retrieved from /home/airflow/.local/lib/python3.6/site-packages/airflow/example_dags/example_kubernetes_executor.py
[2024-04-27 22:33:34,899] {logging_mixin.py:104} INFO - [2024-04-27 22:33:34,899] {dag.py:1824} INFO - Sync 1 DAGs
[2024-04-27 22:33:34,919] {logging_mixin.py:104} INFO - [2024-04-27 22:33:34,918] {dag.py:2280} INFO - Setting next_dagrun for example_kubernetes_executor to None
[2024-04-27 22:33:34,933] {scheduler_job.py:190} INFO - Processing /home/airflow/.local/lib/python3.6/site-packages/airflow/example_dags/example_kubernetes_executor.py took 0.089 seconds
[2024-04-27 22:34:05,763] {scheduler_job.py:182} INFO - Started process (PID=924) to work on /home/airflow/.local/lib/python3.6/site-packages/airflow/example_dags/example_kubernetes_executor.py
[2024-04-27 22:34:05,766] {scheduler_job.py:629} INFO - Processing file /home/airflow/.local/lib/python3.6/site-packages/airflow/example_dags/example_kubernetes_executor.py for tasks to queue
[2024-04-27 22:34:05,767] {logging_mixin.py:104} INFO - [2024-04-27 22:34:05,767] {dagbag.py:451} INFO - Filling up the DagBag from /home/airflow/.local/lib/python3.6/site-packages/airflow/example_dags/example_kubernetes_executor.py
[2024-04-27 22:34:05,786] {scheduler_job.py:639} INFO - DAG(s) dict_keys(['example_kubernetes_executor']) retrieved from /home/airflow/.local/lib/python3.6/site-packages/airflow/example_dags/example_kubernetes_executor.py
[2024-04-27 22:34:05,813] {logging_mixin.py:104} INFO - [2024-04-27 22:34:05,812] {dag.py:1824} INFO - Sync 1 DAGs
[2024-04-27 22:34:05,831] {logging_mixin.py:104} INFO - [2024-04-27 22:34:05,831] {dag.py:2280} INFO - Setting next_dagrun for example_kubernetes_executor to None
[2024-04-27 22:34:05,845] {scheduler_job.py:190} INFO - Processing /home/airflow/.local/lib/python3.6/site-packages/airflow/example_dags/example_kubernetes_executor.py took 0.087 seconds
[2024-04-27 22:34:36,738] {scheduler_job.py:182} INFO - Started process (PID=950) to work on /home/airflow/.local/lib/python3.6/site-packages/airflow/example_dags/example_kubernetes_executor.py
[2024-04-27 22:34:36,740] {scheduler_job.py:629} INFO - Processing file /home/airflow/.local/lib/python3.6/site-packages/airflow/example_dags/example_kubernetes_executor.py for tasks to queue
[2024-04-27 22:34:36,742] {logging_mixin.py:104} INFO - [2024-04-27 22:34:36,742] {dagbag.py:451} INFO - Filling up the DagBag from /home/airflow/.local/lib/python3.6/site-packages/airflow/example_dags/example_kubernetes_executor.py
[2024-04-27 22:34:36,770] {scheduler_job.py:639} INFO - DAG(s) dict_keys(['example_kubernetes_executor']) retrieved from /home/airflow/.local/lib/python3.6/site-packages/airflow/example_dags/example_kubernetes_executor.py
[2024-04-27 22:34:36,804] {logging_mixin.py:104} INFO - [2024-04-27 22:34:36,804] {dag.py:1824} INFO - Sync 1 DAGs
[2024-04-27 22:34:36,827] {logging_mixin.py:104} INFO - [2024-04-27 22:34:36,827] {dag.py:2280} INFO - Setting next_dagrun for example_kubernetes_executor to None
[2024-04-27 22:34:36,846] {scheduler_job.py:190} INFO - Processing /home/airflow/.local/lib/python3.6/site-packages/airflow/example_dags/example_kubernetes_executor.py took 0.112 seconds
[2024-04-27 22:35:07,712] {scheduler_job.py:182} INFO - Started process (PID=976) to work on /home/airflow/.local/lib/python3.6/site-packages/airflow/example_dags/example_kubernetes_executor.py
[2024-04-27 22:35:07,714] {scheduler_job.py:629} INFO - Processing file /home/airflow/.local/lib/python3.6/site-packages/airflow/example_dags/example_kubernetes_executor.py for tasks to queue
[2024-04-27 22:35:07,716] {logging_mixin.py:104} INFO - [2024-04-27 22:35:07,716] {dagbag.py:451} INFO - Filling up the DagBag from /home/airflow/.local/lib/python3.6/site-packages/airflow/example_dags/example_kubernetes_executor.py
[2024-04-27 22:35:07,734] {scheduler_job.py:639} INFO - DAG(s) dict_keys(['example_kubernetes_executor']) retrieved from /home/airflow/.local/lib/python3.6/site-packages/airflow/example_dags/example_kubernetes_executor.py
[2024-04-27 22:35:07,759] {logging_mixin.py:104} INFO - [2024-04-27 22:35:07,759] {dag.py:1824} INFO - Sync 1 DAGs
[2024-04-27 22:35:07,779] {logging_mixin.py:104} INFO - [2024-04-27 22:35:07,779] {dag.py:2280} INFO - Setting next_dagrun for example_kubernetes_executor to None
[2024-04-27 22:35:07,794] {scheduler_job.py:190} INFO - Processing /home/airflow/.local/lib/python3.6/site-packages/airflow/example_dags/example_kubernetes_executor.py took 0.086 seconds
[2024-04-27 22:35:38,341] {scheduler_job.py:182} INFO - Started process (PID=1002) to work on /home/airflow/.local/lib/python3.6/site-packages/airflow/example_dags/example_kubernetes_executor.py
[2024-04-27 22:35:38,343] {scheduler_job.py:629} INFO - Processing file /home/airflow/.local/lib/python3.6/site-packages/airflow/example_dags/example_kubernetes_executor.py for tasks to queue
[2024-04-27 22:35:38,346] {logging_mixin.py:104} INFO - [2024-04-27 22:35:38,345] {dagbag.py:451} INFO - Filling up the DagBag from /home/airflow/.local/lib/python3.6/site-packages/airflow/example_dags/example_kubernetes_executor.py
[2024-04-27 22:35:38,371] {scheduler_job.py:639} INFO - DAG(s) dict_keys(['example_kubernetes_executor']) retrieved from /home/airflow/.local/lib/python3.6/site-packages/airflow/example_dags/example_kubernetes_executor.py
[2024-04-27 22:35:38,405] {logging_mixin.py:104} INFO - [2024-04-27 22:35:38,405] {dag.py:1824} INFO - Sync 1 DAGs
[2024-04-27 22:35:38,427] {logging_mixin.py:104} INFO - [2024-04-27 22:35:38,427] {dag.py:2280} INFO - Setting next_dagrun for example_kubernetes_executor to None
[2024-04-27 22:35:38,443] {scheduler_job.py:190} INFO - Processing /home/airflow/.local/lib/python3.6/site-packages/airflow/example_dags/example_kubernetes_executor.py took 0.107 seconds
[2024-04-27 22:36:08,775] {scheduler_job.py:182} INFO - Started process (PID=1028) to work on /home/airflow/.local/lib/python3.6/site-packages/airflow/example_dags/example_kubernetes_executor.py
[2024-04-27 22:36:08,777] {scheduler_job.py:629} INFO - Processing file /home/airflow/.local/lib/python3.6/site-packages/airflow/example_dags/example_kubernetes_executor.py for tasks to queue
[2024-04-27 22:36:08,779] {logging_mixin.py:104} INFO - [2024-04-27 22:36:08,779] {dagbag.py:451} INFO - Filling up the DagBag from /home/airflow/.local/lib/python3.6/site-packages/airflow/example_dags/example_kubernetes_executor.py
[2024-04-27 22:36:08,808] {scheduler_job.py:639} INFO - DAG(s) dict_keys(['example_kubernetes_executor']) retrieved from /home/airflow/.local/lib/python3.6/site-packages/airflow/example_dags/example_kubernetes_executor.py
[2024-04-27 22:36:08,839] {logging_mixin.py:104} INFO - [2024-04-27 22:36:08,839] {dag.py:1824} INFO - Sync 1 DAGs
[2024-04-27 22:36:08,861] {logging_mixin.py:104} INFO - [2024-04-27 22:36:08,861] {dag.py:2280} INFO - Setting next_dagrun for example_kubernetes_executor to None
[2024-04-27 22:36:08,876] {scheduler_job.py:190} INFO - Processing /home/airflow/.local/lib/python3.6/site-packages/airflow/example_dags/example_kubernetes_executor.py took 0.106 seconds
[2024-04-27 22:36:39,499] {scheduler_job.py:182} INFO - Started process (PID=1054) to work on /home/airflow/.local/lib/python3.6/site-packages/airflow/example_dags/example_kubernetes_executor.py
[2024-04-27 22:36:39,501] {scheduler_job.py:629} INFO - Processing file /home/airflow/.local/lib/python3.6/site-packages/airflow/example_dags/example_kubernetes_executor.py for tasks to queue
[2024-04-27 22:36:39,504] {logging_mixin.py:104} INFO - [2024-04-27 22:36:39,504] {dagbag.py:451} INFO - Filling up the DagBag from /home/airflow/.local/lib/python3.6/site-packages/airflow/example_dags/example_kubernetes_executor.py
[2024-04-27 22:36:39,539] {scheduler_job.py:639} INFO - DAG(s) dict_keys(['example_kubernetes_executor']) retrieved from /home/airflow/.local/lib/python3.6/site-packages/airflow/example_dags/example_kubernetes_executor.py
[2024-04-27 22:36:39,597] {logging_mixin.py:104} INFO - [2024-04-27 22:36:39,597] {dag.py:1824} INFO - Sync 1 DAGs
[2024-04-27 22:36:39,634] {logging_mixin.py:104} INFO - [2024-04-27 22:36:39,634] {dag.py:2280} INFO - Setting next_dagrun for example_kubernetes_executor to None
[2024-04-27 22:36:39,666] {scheduler_job.py:190} INFO - Processing /home/airflow/.local/lib/python3.6/site-packages/airflow/example_dags/example_kubernetes_executor.py took 0.172 seconds
[2024-04-27 22:37:09,805] {scheduler_job.py:182} INFO - Started process (PID=1080) to work on /home/airflow/.local/lib/python3.6/site-packages/airflow/example_dags/example_kubernetes_executor.py
[2024-04-27 22:37:09,808] {scheduler_job.py:629} INFO - Processing file /home/airflow/.local/lib/python3.6/site-packages/airflow/example_dags/example_kubernetes_executor.py for tasks to queue
[2024-04-27 22:37:09,809] {logging_mixin.py:104} INFO - [2024-04-27 22:37:09,809] {dagbag.py:451} INFO - Filling up the DagBag from /home/airflow/.local/lib/python3.6/site-packages/airflow/example_dags/example_kubernetes_executor.py
[2024-04-27 22:37:09,831] {scheduler_job.py:639} INFO - DAG(s) dict_keys(['example_kubernetes_executor']) retrieved from /home/airflow/.local/lib/python3.6/site-packages/airflow/example_dags/example_kubernetes_executor.py
[2024-04-27 22:37:09,861] {logging_mixin.py:104} INFO - [2024-04-27 22:37:09,861] {dag.py:1824} INFO - Sync 1 DAGs
[2024-04-27 22:37:09,885] {logging_mixin.py:104} INFO - [2024-04-27 22:37:09,885] {dag.py:2280} INFO - Setting next_dagrun for example_kubernetes_executor to None
[2024-04-27 22:37:09,900] {scheduler_job.py:190} INFO - Processing /home/airflow/.local/lib/python3.6/site-packages/airflow/example_dags/example_kubernetes_executor.py took 0.100 seconds
[2024-04-27 22:37:40,019] {scheduler_job.py:182} INFO - Started process (PID=1106) to work on /home/airflow/.local/lib/python3.6/site-packages/airflow/example_dags/example_kubernetes_executor.py
[2024-04-27 22:37:40,023] {scheduler_job.py:629} INFO - Processing file /home/airflow/.local/lib/python3.6/site-packages/airflow/example_dags/example_kubernetes_executor.py for tasks to queue
[2024-04-27 22:37:40,025] {logging_mixin.py:104} INFO - [2024-04-27 22:37:40,025] {dagbag.py:451} INFO - Filling up the DagBag from /home/airflow/.local/lib/python3.6/site-packages/airflow/example_dags/example_kubernetes_executor.py
[2024-04-27 22:37:40,051] {scheduler_job.py:639} INFO - DAG(s) dict_keys(['example_kubernetes_executor']) retrieved from /home/airflow/.local/lib/python3.6/site-packages/airflow/example_dags/example_kubernetes_executor.py
[2024-04-27 22:37:40,091] {logging_mixin.py:104} INFO - [2024-04-27 22:37:40,091] {dag.py:1824} INFO - Sync 1 DAGs
[2024-04-27 22:37:40,116] {logging_mixin.py:104} INFO - [2024-04-27 22:37:40,116] {dag.py:2280} INFO - Setting next_dagrun for example_kubernetes_executor to None
[2024-04-27 22:37:40,136] {scheduler_job.py:190} INFO - Processing /home/airflow/.local/lib/python3.6/site-packages/airflow/example_dags/example_kubernetes_executor.py took 0.122 seconds
[2024-04-27 22:38:11,391] {scheduler_job.py:182} INFO - Started process (PID=1132) to work on /home/airflow/.local/lib/python3.6/site-packages/airflow/example_dags/example_kubernetes_executor.py
[2024-04-27 22:38:11,395] {scheduler_job.py:629} INFO - Processing file /home/airflow/.local/lib/python3.6/site-packages/airflow/example_dags/example_kubernetes_executor.py for tasks to queue
[2024-04-27 22:38:11,398] {logging_mixin.py:104} INFO - [2024-04-27 22:38:11,398] {dagbag.py:451} INFO - Filling up the DagBag from /home/airflow/.local/lib/python3.6/site-packages/airflow/example_dags/example_kubernetes_executor.py
[2024-04-27 22:38:11,446] {scheduler_job.py:639} INFO - DAG(s) dict_keys(['example_kubernetes_executor']) retrieved from /home/airflow/.local/lib/python3.6/site-packages/airflow/example_dags/example_kubernetes_executor.py
[2024-04-27 22:38:11,492] {logging_mixin.py:104} INFO - [2024-04-27 22:38:11,492] {dag.py:1824} INFO - Sync 1 DAGs
[2024-04-27 22:38:11,520] {logging_mixin.py:104} INFO - [2024-04-27 22:38:11,520] {dag.py:2280} INFO - Setting next_dagrun for example_kubernetes_executor to None
[2024-04-27 22:38:11,538] {scheduler_job.py:190} INFO - Processing /home/airflow/.local/lib/python3.6/site-packages/airflow/example_dags/example_kubernetes_executor.py took 0.158 seconds
[2024-04-27 22:38:41,862] {scheduler_job.py:182} INFO - Started process (PID=1159) to work on /home/airflow/.local/lib/python3.6/site-packages/airflow/example_dags/example_kubernetes_executor.py
[2024-04-27 22:38:41,866] {scheduler_job.py:629} INFO - Processing file /home/airflow/.local/lib/python3.6/site-packages/airflow/example_dags/example_kubernetes_executor.py for tasks to queue
[2024-04-27 22:38:41,869] {logging_mixin.py:104} INFO - [2024-04-27 22:38:41,868] {dagbag.py:451} INFO - Filling up the DagBag from /home/airflow/.local/lib/python3.6/site-packages/airflow/example_dags/example_kubernetes_executor.py
[2024-04-27 22:38:41,894] {scheduler_job.py:639} INFO - DAG(s) dict_keys(['example_kubernetes_executor']) retrieved from /home/airflow/.local/lib/python3.6/site-packages/airflow/example_dags/example_kubernetes_executor.py
[2024-04-27 22:38:41,925] {logging_mixin.py:104} INFO - [2024-04-27 22:38:41,925] {dag.py:1824} INFO - Sync 1 DAGs
[2024-04-27 22:38:41,948] {logging_mixin.py:104} INFO - [2024-04-27 22:38:41,948] {dag.py:2280} INFO - Setting next_dagrun for example_kubernetes_executor to None
[2024-04-27 22:38:41,967] {scheduler_job.py:190} INFO - Processing /home/airflow/.local/lib/python3.6/site-packages/airflow/example_dags/example_kubernetes_executor.py took 0.111 seconds
[2024-04-27 22:39:14,035] {scheduler_job.py:182} INFO - Started process (PID=1190) to work on /home/airflow/.local/lib/python3.6/site-packages/airflow/example_dags/example_kubernetes_executor.py
[2024-04-27 22:39:14,038] {scheduler_job.py:629} INFO - Processing file /home/airflow/.local/lib/python3.6/site-packages/airflow/example_dags/example_kubernetes_executor.py for tasks to queue
[2024-04-27 22:39:14,039] {logging_mixin.py:104} INFO - [2024-04-27 22:39:14,039] {dagbag.py:451} INFO - Filling up the DagBag from /home/airflow/.local/lib/python3.6/site-packages/airflow/example_dags/example_kubernetes_executor.py
[2024-04-27 22:39:14,070] {scheduler_job.py:639} INFO - DAG(s) dict_keys(['example_kubernetes_executor']) retrieved from /home/airflow/.local/lib/python3.6/site-packages/airflow/example_dags/example_kubernetes_executor.py
[2024-04-27 22:39:14,103] {logging_mixin.py:104} INFO - [2024-04-27 22:39:14,103] {dag.py:1824} INFO - Sync 1 DAGs
[2024-04-27 22:39:14,126] {logging_mixin.py:104} INFO - [2024-04-27 22:39:14,125] {dag.py:2280} INFO - Setting next_dagrun for example_kubernetes_executor to None
[2024-04-27 22:39:14,142] {scheduler_job.py:190} INFO - Processing /home/airflow/.local/lib/python3.6/site-packages/airflow/example_dags/example_kubernetes_executor.py took 0.114 seconds
[2024-04-27 22:39:44,533] {scheduler_job.py:182} INFO - Started process (PID=1216) to work on /home/airflow/.local/lib/python3.6/site-packages/airflow/example_dags/example_kubernetes_executor.py
[2024-04-27 22:39:44,544] {scheduler_job.py:629} INFO - Processing file /home/airflow/.local/lib/python3.6/site-packages/airflow/example_dags/example_kubernetes_executor.py for tasks to queue
[2024-04-27 22:39:44,551] {logging_mixin.py:104} INFO - [2024-04-27 22:39:44,551] {dagbag.py:451} INFO - Filling up the DagBag from /home/airflow/.local/lib/python3.6/site-packages/airflow/example_dags/example_kubernetes_executor.py
[2024-04-27 22:39:44,593] {scheduler_job.py:639} INFO - DAG(s) dict_keys(['example_kubernetes_executor']) retrieved from /home/airflow/.local/lib/python3.6/site-packages/airflow/example_dags/example_kubernetes_executor.py
[2024-04-27 22:39:44,632] {logging_mixin.py:104} INFO - [2024-04-27 22:39:44,632] {dag.py:1824} INFO - Sync 1 DAGs
[2024-04-27 22:39:44,668] {logging_mixin.py:104} INFO - [2024-04-27 22:39:44,668] {dag.py:2280} INFO - Setting next_dagrun for example_kubernetes_executor to None
[2024-04-27 22:39:44,694] {scheduler_job.py:190} INFO - Processing /home/airflow/.local/lib/python3.6/site-packages/airflow/example_dags/example_kubernetes_executor.py took 0.168 seconds
[2024-04-27 22:40:14,834] {scheduler_job.py:182} INFO - Started process (PID=1242) to work on /home/airflow/.local/lib/python3.6/site-packages/airflow/example_dags/example_kubernetes_executor.py
[2024-04-27 22:40:14,837] {scheduler_job.py:629} INFO - Processing file /home/airflow/.local/lib/python3.6/site-packages/airflow/example_dags/example_kubernetes_executor.py for tasks to queue
[2024-04-27 22:40:14,840] {logging_mixin.py:104} INFO - [2024-04-27 22:40:14,839] {dagbag.py:451} INFO - Filling up the DagBag from /home/airflow/.local/lib/python3.6/site-packages/airflow/example_dags/example_kubernetes_executor.py
[2024-04-27 22:40:14,873] {scheduler_job.py:639} INFO - DAG(s) dict_keys(['example_kubernetes_executor']) retrieved from /home/airflow/.local/lib/python3.6/site-packages/airflow/example_dags/example_kubernetes_executor.py
[2024-04-27 22:40:14,919] {logging_mixin.py:104} INFO - [2024-04-27 22:40:14,919] {dag.py:1824} INFO - Sync 1 DAGs
[2024-04-27 22:40:14,949] {logging_mixin.py:104} INFO - [2024-04-27 22:40:14,948] {dag.py:2280} INFO - Setting next_dagrun for example_kubernetes_executor to None
[2024-04-27 22:40:14,969] {scheduler_job.py:190} INFO - Processing /home/airflow/.local/lib/python3.6/site-packages/airflow/example_dags/example_kubernetes_executor.py took 0.143 seconds
[2024-04-27 22:40:45,070] {scheduler_job.py:182} INFO - Started process (PID=1266) to work on /home/airflow/.local/lib/python3.6/site-packages/airflow/example_dags/example_kubernetes_executor.py
[2024-04-27 22:40:45,073] {scheduler_job.py:629} INFO - Processing file /home/airflow/.local/lib/python3.6/site-packages/airflow/example_dags/example_kubernetes_executor.py for tasks to queue
[2024-04-27 22:40:45,078] {logging_mixin.py:104} INFO - [2024-04-27 22:40:45,077] {dagbag.py:451} INFO - Filling up the DagBag from /home/airflow/.local/lib/python3.6/site-packages/airflow/example_dags/example_kubernetes_executor.py
[2024-04-27 22:40:45,119] {scheduler_job.py:639} INFO - DAG(s) dict_keys(['example_kubernetes_executor']) retrieved from /home/airflow/.local/lib/python3.6/site-packages/airflow/example_dags/example_kubernetes_executor.py
[2024-04-27 22:40:45,162] {logging_mixin.py:104} INFO - [2024-04-27 22:40:45,162] {dag.py:1824} INFO - Sync 1 DAGs
[2024-04-27 22:40:45,194] {logging_mixin.py:104} INFO - [2024-04-27 22:40:45,194] {dag.py:2280} INFO - Setting next_dagrun for example_kubernetes_executor to None
[2024-04-27 22:40:45,215] {scheduler_job.py:190} INFO - Processing /home/airflow/.local/lib/python3.6/site-packages/airflow/example_dags/example_kubernetes_executor.py took 0.151 seconds
[2024-04-27 22:41:15,397] {scheduler_job.py:182} INFO - Started process (PID=1292) to work on /home/airflow/.local/lib/python3.6/site-packages/airflow/example_dags/example_kubernetes_executor.py
[2024-04-27 22:41:15,399] {scheduler_job.py:629} INFO - Processing file /home/airflow/.local/lib/python3.6/site-packages/airflow/example_dags/example_kubernetes_executor.py for tasks to queue
[2024-04-27 22:41:15,401] {logging_mixin.py:104} INFO - [2024-04-27 22:41:15,401] {dagbag.py:451} INFO - Filling up the DagBag from /home/airflow/.local/lib/python3.6/site-packages/airflow/example_dags/example_kubernetes_executor.py
[2024-04-27 22:41:15,423] {scheduler_job.py:639} INFO - DAG(s) dict_keys(['example_kubernetes_executor']) retrieved from /home/airflow/.local/lib/python3.6/site-packages/airflow/example_dags/example_kubernetes_executor.py
[2024-04-27 22:41:15,454] {logging_mixin.py:104} INFO - [2024-04-27 22:41:15,454] {dag.py:1824} INFO - Sync 1 DAGs
[2024-04-27 22:41:15,480] {logging_mixin.py:104} INFO - [2024-04-27 22:41:15,480] {dag.py:2280} INFO - Setting next_dagrun for example_kubernetes_executor to None
[2024-04-27 22:41:15,497] {scheduler_job.py:190} INFO - Processing /home/airflow/.local/lib/python3.6/site-packages/airflow/example_dags/example_kubernetes_executor.py took 0.105 seconds
[2024-04-27 22:41:45,808] {scheduler_job.py:182} INFO - Started process (PID=1318) to work on /home/airflow/.local/lib/python3.6/site-packages/airflow/example_dags/example_kubernetes_executor.py
[2024-04-27 22:41:45,811] {scheduler_job.py:629} INFO - Processing file /home/airflow/.local/lib/python3.6/site-packages/airflow/example_dags/example_kubernetes_executor.py for tasks to queue
[2024-04-27 22:41:45,813] {logging_mixin.py:104} INFO - [2024-04-27 22:41:45,812] {dagbag.py:451} INFO - Filling up the DagBag from /home/airflow/.local/lib/python3.6/site-packages/airflow/example_dags/example_kubernetes_executor.py
[2024-04-27 22:41:45,841] {scheduler_job.py:639} INFO - DAG(s) dict_keys(['example_kubernetes_executor']) retrieved from /home/airflow/.local/lib/python3.6/site-packages/airflow/example_dags/example_kubernetes_executor.py
[2024-04-27 22:41:45,878] {logging_mixin.py:104} INFO - [2024-04-27 22:41:45,878] {dag.py:1824} INFO - Sync 1 DAGs
[2024-04-27 22:41:45,904] {logging_mixin.py:104} INFO - [2024-04-27 22:41:45,904] {dag.py:2280} INFO - Setting next_dagrun for example_kubernetes_executor to None
[2024-04-27 22:41:45,923] {scheduler_job.py:190} INFO - Processing /home/airflow/.local/lib/python3.6/site-packages/airflow/example_dags/example_kubernetes_executor.py took 0.120 seconds
[2024-04-27 22:42:17,631] {scheduler_job.py:182} INFO - Started process (PID=1346) to work on /home/airflow/.local/lib/python3.6/site-packages/airflow/example_dags/example_kubernetes_executor.py
[2024-04-27 22:42:17,638] {scheduler_job.py:629} INFO - Processing file /home/airflow/.local/lib/python3.6/site-packages/airflow/example_dags/example_kubernetes_executor.py for tasks to queue
[2024-04-27 22:42:17,640] {logging_mixin.py:104} INFO - [2024-04-27 22:42:17,640] {dagbag.py:451} INFO - Filling up the DagBag from /home/airflow/.local/lib/python3.6/site-packages/airflow/example_dags/example_kubernetes_executor.py
[2024-04-27 22:42:17,712] {scheduler_job.py:639} INFO - DAG(s) dict_keys(['example_kubernetes_executor']) retrieved from /home/airflow/.local/lib/python3.6/site-packages/airflow/example_dags/example_kubernetes_executor.py
[2024-04-27 22:42:17,765] {logging_mixin.py:104} INFO - [2024-04-27 22:42:17,764] {dag.py:1824} INFO - Sync 1 DAGs
[2024-04-27 22:42:17,793] {logging_mixin.py:104} INFO - [2024-04-27 22:42:17,793] {dag.py:2280} INFO - Setting next_dagrun for example_kubernetes_executor to None
[2024-04-27 22:42:17,815] {scheduler_job.py:190} INFO - Processing /home/airflow/.local/lib/python3.6/site-packages/airflow/example_dags/example_kubernetes_executor.py took 0.193 seconds
[2024-04-27 22:42:47,947] {scheduler_job.py:182} INFO - Started process (PID=1372) to work on /home/airflow/.local/lib/python3.6/site-packages/airflow/example_dags/example_kubernetes_executor.py
[2024-04-27 22:42:47,950] {scheduler_job.py:629} INFO - Processing file /home/airflow/.local/lib/python3.6/site-packages/airflow/example_dags/example_kubernetes_executor.py for tasks to queue
[2024-04-27 22:42:47,952] {logging_mixin.py:104} INFO - [2024-04-27 22:42:47,951] {dagbag.py:451} INFO - Filling up the DagBag from /home/airflow/.local/lib/python3.6/site-packages/airflow/example_dags/example_kubernetes_executor.py
[2024-04-27 22:42:47,973] {scheduler_job.py:639} INFO - DAG(s) dict_keys(['example_kubernetes_executor']) retrieved from /home/airflow/.local/lib/python3.6/site-packages/airflow/example_dags/example_kubernetes_executor.py
[2024-04-27 22:42:48,001] {logging_mixin.py:104} INFO - [2024-04-27 22:42:48,000] {dag.py:1824} INFO - Sync 1 DAGs
[2024-04-27 22:42:48,018] {logging_mixin.py:104} INFO - [2024-04-27 22:42:48,018] {dag.py:2280} INFO - Setting next_dagrun for example_kubernetes_executor to None
[2024-04-27 22:42:48,034] {scheduler_job.py:190} INFO - Processing /home/airflow/.local/lib/python3.6/site-packages/airflow/example_dags/example_kubernetes_executor.py took 0.093 seconds
[2024-04-27 22:43:19,937] {scheduler_job.py:182} INFO - Started process (PID=1398) to work on /home/airflow/.local/lib/python3.6/site-packages/airflow/example_dags/example_kubernetes_executor.py
[2024-04-27 22:43:19,940] {scheduler_job.py:629} INFO - Processing file /home/airflow/.local/lib/python3.6/site-packages/airflow/example_dags/example_kubernetes_executor.py for tasks to queue
[2024-04-27 22:43:19,942] {logging_mixin.py:104} INFO - [2024-04-27 22:43:19,941] {dagbag.py:451} INFO - Filling up the DagBag from /home/airflow/.local/lib/python3.6/site-packages/airflow/example_dags/example_kubernetes_executor.py
[2024-04-27 22:43:19,968] {scheduler_job.py:639} INFO - DAG(s) dict_keys(['example_kubernetes_executor']) retrieved from /home/airflow/.local/lib/python3.6/site-packages/airflow/example_dags/example_kubernetes_executor.py
[2024-04-27 22:43:20,005] {logging_mixin.py:104} INFO - [2024-04-27 22:43:20,004] {dag.py:1824} INFO - Sync 1 DAGs
[2024-04-27 22:43:20,029] {logging_mixin.py:104} INFO - [2024-04-27 22:43:20,029] {dag.py:2280} INFO - Setting next_dagrun for example_kubernetes_executor to None
[2024-04-27 22:43:20,049] {scheduler_job.py:190} INFO - Processing /home/airflow/.local/lib/python3.6/site-packages/airflow/example_dags/example_kubernetes_executor.py took 0.117 seconds
