[2024-04-27 22:16:44,395] {scheduler_job.py:182} INFO - Started process (PID=44) to work on /home/airflow/.local/lib/python3.6/site-packages/airflow/example_dags/example_skip_dag.py
[2024-04-27 22:16:44,399] {scheduler_job.py:629} INFO - Processing file /home/airflow/.local/lib/python3.6/site-packages/airflow/example_dags/example_skip_dag.py for tasks to queue
[2024-04-27 22:16:44,401] {logging_mixin.py:104} INFO - [2024-04-27 22:16:44,401] {dagbag.py:451} INFO - Filling up the DagBag from /home/airflow/.local/lib/python3.6/site-packages/airflow/example_dags/example_skip_dag.py
[2024-04-27 22:16:44,461] {scheduler_job.py:639} INFO - DAG(s) dict_keys(['example_skip_dag']) retrieved from /home/airflow/.local/lib/python3.6/site-packages/airflow/example_dags/example_skip_dag.py
[2024-04-27 22:16:44,526] {logging_mixin.py:104} INFO - [2024-04-27 22:16:44,526] {dag.py:1824} INFO - Sync 1 DAGs
[2024-04-27 22:16:44,614] {logging_mixin.py:104} INFO - [2024-04-27 22:16:44,613] {dag.py:1843} INFO - Creating ORM DAG for example_skip_dag
[2024-04-27 22:16:44,667] {logging_mixin.py:104} INFO - [2024-04-27 22:16:44,667] {dag.py:2280} INFO - Setting next_dagrun for example_skip_dag to 2024-04-25 00:00:00+00:00
[2024-04-27 22:16:44,762] {scheduler_job.py:190} INFO - Processing /home/airflow/.local/lib/python3.6/site-packages/airflow/example_dags/example_skip_dag.py took 0.372 seconds
[2024-04-27 22:17:16,030] {scheduler_job.py:182} INFO - Started process (PID=69) to work on /home/airflow/.local/lib/python3.6/site-packages/airflow/example_dags/example_skip_dag.py
[2024-04-27 22:17:16,035] {scheduler_job.py:629} INFO - Processing file /home/airflow/.local/lib/python3.6/site-packages/airflow/example_dags/example_skip_dag.py for tasks to queue
[2024-04-27 22:17:16,041] {logging_mixin.py:104} INFO - [2024-04-27 22:17:16,040] {dagbag.py:451} INFO - Filling up the DagBag from /home/airflow/.local/lib/python3.6/site-packages/airflow/example_dags/example_skip_dag.py
[2024-04-27 22:17:16,101] {scheduler_job.py:639} INFO - DAG(s) dict_keys(['example_skip_dag']) retrieved from /home/airflow/.local/lib/python3.6/site-packages/airflow/example_dags/example_skip_dag.py
[2024-04-27 22:17:16,248] {logging_mixin.py:104} INFO - [2024-04-27 22:17:16,248] {dag.py:1824} INFO - Sync 1 DAGs
[2024-04-27 22:17:16,414] {logging_mixin.py:104} INFO - [2024-04-27 22:17:16,413] {dag.py:2280} INFO - Setting next_dagrun for example_skip_dag to 2024-04-25 00:00:00+00:00
[2024-04-27 22:17:16,460] {scheduler_job.py:190} INFO - Processing /home/airflow/.local/lib/python3.6/site-packages/airflow/example_dags/example_skip_dag.py took 0.453 seconds
[2024-04-27 22:17:47,058] {scheduler_job.py:182} INFO - Started process (PID=95) to work on /home/airflow/.local/lib/python3.6/site-packages/airflow/example_dags/example_skip_dag.py
[2024-04-27 22:17:47,062] {scheduler_job.py:629} INFO - Processing file /home/airflow/.local/lib/python3.6/site-packages/airflow/example_dags/example_skip_dag.py for tasks to queue
[2024-04-27 22:17:47,065] {logging_mixin.py:104} INFO - [2024-04-27 22:17:47,064] {dagbag.py:451} INFO - Filling up the DagBag from /home/airflow/.local/lib/python3.6/site-packages/airflow/example_dags/example_skip_dag.py
[2024-04-27 22:17:47,090] {scheduler_job.py:639} INFO - DAG(s) dict_keys(['example_skip_dag']) retrieved from /home/airflow/.local/lib/python3.6/site-packages/airflow/example_dags/example_skip_dag.py
[2024-04-27 22:17:47,143] {logging_mixin.py:104} INFO - [2024-04-27 22:17:47,142] {dag.py:1824} INFO - Sync 1 DAGs
[2024-04-27 22:17:47,176] {logging_mixin.py:104} INFO - [2024-04-27 22:17:47,176] {dag.py:2280} INFO - Setting next_dagrun for example_skip_dag to 2024-04-25 00:00:00+00:00
[2024-04-27 22:17:47,196] {scheduler_job.py:190} INFO - Processing /home/airflow/.local/lib/python3.6/site-packages/airflow/example_dags/example_skip_dag.py took 0.147 seconds
[2024-04-27 22:18:17,694] {scheduler_job.py:182} INFO - Started process (PID=121) to work on /home/airflow/.local/lib/python3.6/site-packages/airflow/example_dags/example_skip_dag.py
[2024-04-27 22:18:17,696] {scheduler_job.py:629} INFO - Processing file /home/airflow/.local/lib/python3.6/site-packages/airflow/example_dags/example_skip_dag.py for tasks to queue
[2024-04-27 22:18:17,701] {logging_mixin.py:104} INFO - [2024-04-27 22:18:17,701] {dagbag.py:451} INFO - Filling up the DagBag from /home/airflow/.local/lib/python3.6/site-packages/airflow/example_dags/example_skip_dag.py
[2024-04-27 22:18:17,726] {scheduler_job.py:639} INFO - DAG(s) dict_keys(['example_skip_dag']) retrieved from /home/airflow/.local/lib/python3.6/site-packages/airflow/example_dags/example_skip_dag.py
[2024-04-27 22:18:17,771] {logging_mixin.py:104} INFO - [2024-04-27 22:18:17,771] {dag.py:1824} INFO - Sync 1 DAGs
[2024-04-27 22:18:17,807] {logging_mixin.py:104} INFO - [2024-04-27 22:18:17,807] {dag.py:2280} INFO - Setting next_dagrun for example_skip_dag to 2024-04-25 00:00:00+00:00
[2024-04-27 22:18:17,831] {scheduler_job.py:190} INFO - Processing /home/airflow/.local/lib/python3.6/site-packages/airflow/example_dags/example_skip_dag.py took 0.143 seconds
[2024-04-27 22:18:47,913] {scheduler_job.py:182} INFO - Started process (PID=146) to work on /home/airflow/.local/lib/python3.6/site-packages/airflow/example_dags/example_skip_dag.py
[2024-04-27 22:18:47,917] {scheduler_job.py:629} INFO - Processing file /home/airflow/.local/lib/python3.6/site-packages/airflow/example_dags/example_skip_dag.py for tasks to queue
[2024-04-27 22:18:47,918] {logging_mixin.py:104} INFO - [2024-04-27 22:18:47,918] {dagbag.py:451} INFO - Filling up the DagBag from /home/airflow/.local/lib/python3.6/site-packages/airflow/example_dags/example_skip_dag.py
[2024-04-27 22:18:47,936] {scheduler_job.py:639} INFO - DAG(s) dict_keys(['example_skip_dag']) retrieved from /home/airflow/.local/lib/python3.6/site-packages/airflow/example_dags/example_skip_dag.py
[2024-04-27 22:18:47,968] {logging_mixin.py:104} INFO - [2024-04-27 22:18:47,968] {dag.py:1824} INFO - Sync 1 DAGs
[2024-04-27 22:18:47,993] {logging_mixin.py:104} INFO - [2024-04-27 22:18:47,992] {dag.py:2280} INFO - Setting next_dagrun for example_skip_dag to 2024-04-25 00:00:00+00:00
[2024-04-27 22:18:48,009] {scheduler_job.py:190} INFO - Processing /home/airflow/.local/lib/python3.6/site-packages/airflow/example_dags/example_skip_dag.py took 0.100 seconds
[2024-04-27 22:19:18,361] {scheduler_job.py:182} INFO - Started process (PID=173) to work on /home/airflow/.local/lib/python3.6/site-packages/airflow/example_dags/example_skip_dag.py
[2024-04-27 22:19:18,364] {scheduler_job.py:629} INFO - Processing file /home/airflow/.local/lib/python3.6/site-packages/airflow/example_dags/example_skip_dag.py for tasks to queue
[2024-04-27 22:19:18,366] {logging_mixin.py:104} INFO - [2024-04-27 22:19:18,366] {dagbag.py:451} INFO - Filling up the DagBag from /home/airflow/.local/lib/python3.6/site-packages/airflow/example_dags/example_skip_dag.py
[2024-04-27 22:19:18,386] {scheduler_job.py:639} INFO - DAG(s) dict_keys(['example_skip_dag']) retrieved from /home/airflow/.local/lib/python3.6/site-packages/airflow/example_dags/example_skip_dag.py
[2024-04-27 22:19:18,429] {logging_mixin.py:104} INFO - [2024-04-27 22:19:18,428] {dag.py:1824} INFO - Sync 1 DAGs
[2024-04-27 22:19:18,471] {logging_mixin.py:104} INFO - [2024-04-27 22:19:18,471] {dag.py:2280} INFO - Setting next_dagrun for example_skip_dag to 2024-04-25 00:00:00+00:00
[2024-04-27 22:19:18,491] {scheduler_job.py:190} INFO - Processing /home/airflow/.local/lib/python3.6/site-packages/airflow/example_dags/example_skip_dag.py took 0.136 seconds
[2024-04-27 22:19:48,992] {scheduler_job.py:182} INFO - Started process (PID=199) to work on /home/airflow/.local/lib/python3.6/site-packages/airflow/example_dags/example_skip_dag.py
[2024-04-27 22:19:48,995] {scheduler_job.py:629} INFO - Processing file /home/airflow/.local/lib/python3.6/site-packages/airflow/example_dags/example_skip_dag.py for tasks to queue
[2024-04-27 22:19:48,999] {logging_mixin.py:104} INFO - [2024-04-27 22:19:48,998] {dagbag.py:451} INFO - Filling up the DagBag from /home/airflow/.local/lib/python3.6/site-packages/airflow/example_dags/example_skip_dag.py
[2024-04-27 22:19:49,026] {scheduler_job.py:639} INFO - DAG(s) dict_keys(['example_skip_dag']) retrieved from /home/airflow/.local/lib/python3.6/site-packages/airflow/example_dags/example_skip_dag.py
[2024-04-27 22:19:49,085] {logging_mixin.py:104} INFO - [2024-04-27 22:19:49,085] {dag.py:1824} INFO - Sync 1 DAGs
[2024-04-27 22:19:49,119] {logging_mixin.py:104} INFO - [2024-04-27 22:19:49,118] {dag.py:2280} INFO - Setting next_dagrun for example_skip_dag to 2024-04-25 00:00:00+00:00
[2024-04-27 22:19:49,142] {scheduler_job.py:190} INFO - Processing /home/airflow/.local/lib/python3.6/site-packages/airflow/example_dags/example_skip_dag.py took 0.159 seconds
[2024-04-27 22:20:19,470] {scheduler_job.py:182} INFO - Started process (PID=225) to work on /home/airflow/.local/lib/python3.6/site-packages/airflow/example_dags/example_skip_dag.py
[2024-04-27 22:20:19,474] {scheduler_job.py:629} INFO - Processing file /home/airflow/.local/lib/python3.6/site-packages/airflow/example_dags/example_skip_dag.py for tasks to queue
[2024-04-27 22:20:19,476] {logging_mixin.py:104} INFO - [2024-04-27 22:20:19,475] {dagbag.py:451} INFO - Filling up the DagBag from /home/airflow/.local/lib/python3.6/site-packages/airflow/example_dags/example_skip_dag.py
[2024-04-27 22:20:19,497] {scheduler_job.py:639} INFO - DAG(s) dict_keys(['example_skip_dag']) retrieved from /home/airflow/.local/lib/python3.6/site-packages/airflow/example_dags/example_skip_dag.py
[2024-04-27 22:20:19,534] {logging_mixin.py:104} INFO - [2024-04-27 22:20:19,534] {dag.py:1824} INFO - Sync 1 DAGs
[2024-04-27 22:20:19,555] {logging_mixin.py:104} INFO - [2024-04-27 22:20:19,555] {dag.py:2280} INFO - Setting next_dagrun for example_skip_dag to 2024-04-25 00:00:00+00:00
[2024-04-27 22:20:19,571] {scheduler_job.py:190} INFO - Processing /home/airflow/.local/lib/python3.6/site-packages/airflow/example_dags/example_skip_dag.py took 0.107 seconds
[2024-04-27 22:20:50,320] {scheduler_job.py:182} INFO - Started process (PID=251) to work on /home/airflow/.local/lib/python3.6/site-packages/airflow/example_dags/example_skip_dag.py
[2024-04-27 22:20:50,323] {scheduler_job.py:629} INFO - Processing file /home/airflow/.local/lib/python3.6/site-packages/airflow/example_dags/example_skip_dag.py for tasks to queue
[2024-04-27 22:20:50,326] {logging_mixin.py:104} INFO - [2024-04-27 22:20:50,326] {dagbag.py:451} INFO - Filling up the DagBag from /home/airflow/.local/lib/python3.6/site-packages/airflow/example_dags/example_skip_dag.py
[2024-04-27 22:20:50,349] {scheduler_job.py:639} INFO - DAG(s) dict_keys(['example_skip_dag']) retrieved from /home/airflow/.local/lib/python3.6/site-packages/airflow/example_dags/example_skip_dag.py
[2024-04-27 22:20:50,393] {logging_mixin.py:104} INFO - [2024-04-27 22:20:50,393] {dag.py:1824} INFO - Sync 1 DAGs
[2024-04-27 22:20:50,412] {logging_mixin.py:104} INFO - [2024-04-27 22:20:50,412] {dag.py:2280} INFO - Setting next_dagrun for example_skip_dag to 2024-04-25 00:00:00+00:00
[2024-04-27 22:20:50,430] {scheduler_job.py:190} INFO - Processing /home/airflow/.local/lib/python3.6/site-packages/airflow/example_dags/example_skip_dag.py took 0.115 seconds
[2024-04-27 22:21:21,308] {scheduler_job.py:182} INFO - Started process (PID=277) to work on /home/airflow/.local/lib/python3.6/site-packages/airflow/example_dags/example_skip_dag.py
[2024-04-27 22:21:21,312] {scheduler_job.py:629} INFO - Processing file /home/airflow/.local/lib/python3.6/site-packages/airflow/example_dags/example_skip_dag.py for tasks to queue
[2024-04-27 22:21:21,317] {logging_mixin.py:104} INFO - [2024-04-27 22:21:21,316] {dagbag.py:451} INFO - Filling up the DagBag from /home/airflow/.local/lib/python3.6/site-packages/airflow/example_dags/example_skip_dag.py
[2024-04-27 22:21:21,364] {scheduler_job.py:639} INFO - DAG(s) dict_keys(['example_skip_dag']) retrieved from /home/airflow/.local/lib/python3.6/site-packages/airflow/example_dags/example_skip_dag.py
[2024-04-27 22:21:21,433] {logging_mixin.py:104} INFO - [2024-04-27 22:21:21,433] {dag.py:1824} INFO - Sync 1 DAGs
[2024-04-27 22:21:21,469] {logging_mixin.py:104} INFO - [2024-04-27 22:21:21,468] {dag.py:2280} INFO - Setting next_dagrun for example_skip_dag to 2024-04-25 00:00:00+00:00
[2024-04-27 22:21:21,496] {scheduler_job.py:190} INFO - Processing /home/airflow/.local/lib/python3.6/site-packages/airflow/example_dags/example_skip_dag.py took 0.205 seconds
[2024-04-27 22:21:52,047] {scheduler_job.py:182} INFO - Started process (PID=302) to work on /home/airflow/.local/lib/python3.6/site-packages/airflow/example_dags/example_skip_dag.py
[2024-04-27 22:21:52,050] {scheduler_job.py:629} INFO - Processing file /home/airflow/.local/lib/python3.6/site-packages/airflow/example_dags/example_skip_dag.py for tasks to queue
[2024-04-27 22:21:52,053] {logging_mixin.py:104} INFO - [2024-04-27 22:21:52,053] {dagbag.py:451} INFO - Filling up the DagBag from /home/airflow/.local/lib/python3.6/site-packages/airflow/example_dags/example_skip_dag.py
[2024-04-27 22:21:52,085] {scheduler_job.py:639} INFO - DAG(s) dict_keys(['example_skip_dag']) retrieved from /home/airflow/.local/lib/python3.6/site-packages/airflow/example_dags/example_skip_dag.py
[2024-04-27 22:21:52,127] {logging_mixin.py:104} INFO - [2024-04-27 22:21:52,127] {dag.py:1824} INFO - Sync 1 DAGs
[2024-04-27 22:21:52,155] {logging_mixin.py:104} INFO - [2024-04-27 22:21:52,155] {dag.py:2280} INFO - Setting next_dagrun for example_skip_dag to 2024-04-25 00:00:00+00:00
[2024-04-27 22:21:52,175] {scheduler_job.py:190} INFO - Processing /home/airflow/.local/lib/python3.6/site-packages/airflow/example_dags/example_skip_dag.py took 0.135 seconds
[2024-04-27 22:22:22,318] {scheduler_job.py:182} INFO - Started process (PID=328) to work on /home/airflow/.local/lib/python3.6/site-packages/airflow/example_dags/example_skip_dag.py
[2024-04-27 22:22:22,321] {scheduler_job.py:629} INFO - Processing file /home/airflow/.local/lib/python3.6/site-packages/airflow/example_dags/example_skip_dag.py for tasks to queue
[2024-04-27 22:22:22,322] {logging_mixin.py:104} INFO - [2024-04-27 22:22:22,322] {dagbag.py:451} INFO - Filling up the DagBag from /home/airflow/.local/lib/python3.6/site-packages/airflow/example_dags/example_skip_dag.py
[2024-04-27 22:22:22,343] {scheduler_job.py:639} INFO - DAG(s) dict_keys(['example_skip_dag']) retrieved from /home/airflow/.local/lib/python3.6/site-packages/airflow/example_dags/example_skip_dag.py
[2024-04-27 22:22:22,371] {logging_mixin.py:104} INFO - [2024-04-27 22:22:22,370] {dag.py:1824} INFO - Sync 1 DAGs
[2024-04-27 22:22:22,391] {logging_mixin.py:104} INFO - [2024-04-27 22:22:22,391] {dag.py:2280} INFO - Setting next_dagrun for example_skip_dag to 2024-04-25 00:00:00+00:00
[2024-04-27 22:22:22,408] {scheduler_job.py:190} INFO - Processing /home/airflow/.local/lib/python3.6/site-packages/airflow/example_dags/example_skip_dag.py took 0.094 seconds
[2024-04-27 22:22:53,234] {scheduler_job.py:182} INFO - Started process (PID=354) to work on /home/airflow/.local/lib/python3.6/site-packages/airflow/example_dags/example_skip_dag.py
[2024-04-27 22:22:53,236] {scheduler_job.py:629} INFO - Processing file /home/airflow/.local/lib/python3.6/site-packages/airflow/example_dags/example_skip_dag.py for tasks to queue
[2024-04-27 22:22:53,237] {logging_mixin.py:104} INFO - [2024-04-27 22:22:53,237] {dagbag.py:451} INFO - Filling up the DagBag from /home/airflow/.local/lib/python3.6/site-packages/airflow/example_dags/example_skip_dag.py
[2024-04-27 22:22:53,256] {scheduler_job.py:639} INFO - DAG(s) dict_keys(['example_skip_dag']) retrieved from /home/airflow/.local/lib/python3.6/site-packages/airflow/example_dags/example_skip_dag.py
[2024-04-27 22:22:53,285] {logging_mixin.py:104} INFO - [2024-04-27 22:22:53,285] {dag.py:1824} INFO - Sync 1 DAGs
[2024-04-27 22:22:53,306] {logging_mixin.py:104} INFO - [2024-04-27 22:22:53,305] {dag.py:2280} INFO - Setting next_dagrun for example_skip_dag to 2024-04-25 00:00:00+00:00
[2024-04-27 22:22:53,322] {scheduler_job.py:190} INFO - Processing /home/airflow/.local/lib/python3.6/site-packages/airflow/example_dags/example_skip_dag.py took 0.092 seconds
[2024-04-27 22:23:23,388] {scheduler_job.py:182} INFO - Started process (PID=379) to work on /home/airflow/.local/lib/python3.6/site-packages/airflow/example_dags/example_skip_dag.py
[2024-04-27 22:23:23,391] {scheduler_job.py:629} INFO - Processing file /home/airflow/.local/lib/python3.6/site-packages/airflow/example_dags/example_skip_dag.py for tasks to queue
[2024-04-27 22:23:23,392] {logging_mixin.py:104} INFO - [2024-04-27 22:23:23,392] {dagbag.py:451} INFO - Filling up the DagBag from /home/airflow/.local/lib/python3.6/site-packages/airflow/example_dags/example_skip_dag.py
[2024-04-27 22:23:23,426] {scheduler_job.py:639} INFO - DAG(s) dict_keys(['example_skip_dag']) retrieved from /home/airflow/.local/lib/python3.6/site-packages/airflow/example_dags/example_skip_dag.py
[2024-04-27 22:23:23,460] {logging_mixin.py:104} INFO - [2024-04-27 22:23:23,460] {dag.py:1824} INFO - Sync 1 DAGs
[2024-04-27 22:23:23,482] {logging_mixin.py:104} INFO - [2024-04-27 22:23:23,482] {dag.py:2280} INFO - Setting next_dagrun for example_skip_dag to 2024-04-25 00:00:00+00:00
[2024-04-27 22:23:23,500] {scheduler_job.py:190} INFO - Processing /home/airflow/.local/lib/python3.6/site-packages/airflow/example_dags/example_skip_dag.py took 0.119 seconds
[2024-04-27 22:23:53,601] {scheduler_job.py:182} INFO - Started process (PID=405) to work on /home/airflow/.local/lib/python3.6/site-packages/airflow/example_dags/example_skip_dag.py
[2024-04-27 22:23:53,611] {scheduler_job.py:629} INFO - Processing file /home/airflow/.local/lib/python3.6/site-packages/airflow/example_dags/example_skip_dag.py for tasks to queue
[2024-04-27 22:23:53,613] {logging_mixin.py:104} INFO - [2024-04-27 22:23:53,613] {dagbag.py:451} INFO - Filling up the DagBag from /home/airflow/.local/lib/python3.6/site-packages/airflow/example_dags/example_skip_dag.py
[2024-04-27 22:23:53,632] {scheduler_job.py:639} INFO - DAG(s) dict_keys(['example_skip_dag']) retrieved from /home/airflow/.local/lib/python3.6/site-packages/airflow/example_dags/example_skip_dag.py
[2024-04-27 22:23:53,666] {logging_mixin.py:104} INFO - [2024-04-27 22:23:53,665] {dag.py:1824} INFO - Sync 1 DAGs
[2024-04-27 22:23:53,692] {logging_mixin.py:104} INFO - [2024-04-27 22:23:53,692] {dag.py:2280} INFO - Setting next_dagrun for example_skip_dag to 2024-04-25 00:00:00+00:00
[2024-04-27 22:23:53,721] {scheduler_job.py:190} INFO - Processing /home/airflow/.local/lib/python3.6/site-packages/airflow/example_dags/example_skip_dag.py took 0.127 seconds
[2024-04-27 22:24:24,155] {scheduler_job.py:182} INFO - Started process (PID=431) to work on /home/airflow/.local/lib/python3.6/site-packages/airflow/example_dags/example_skip_dag.py
[2024-04-27 22:24:24,158] {scheduler_job.py:629} INFO - Processing file /home/airflow/.local/lib/python3.6/site-packages/airflow/example_dags/example_skip_dag.py for tasks to queue
[2024-04-27 22:24:24,161] {logging_mixin.py:104} INFO - [2024-04-27 22:24:24,161] {dagbag.py:451} INFO - Filling up the DagBag from /home/airflow/.local/lib/python3.6/site-packages/airflow/example_dags/example_skip_dag.py
[2024-04-27 22:24:24,180] {scheduler_job.py:639} INFO - DAG(s) dict_keys(['example_skip_dag']) retrieved from /home/airflow/.local/lib/python3.6/site-packages/airflow/example_dags/example_skip_dag.py
[2024-04-27 22:24:24,223] {logging_mixin.py:104} INFO - [2024-04-27 22:24:24,223] {dag.py:1824} INFO - Sync 1 DAGs
[2024-04-27 22:24:24,248] {logging_mixin.py:104} INFO - [2024-04-27 22:24:24,248] {dag.py:2280} INFO - Setting next_dagrun for example_skip_dag to 2024-04-25 00:00:00+00:00
[2024-04-27 22:24:24,269] {scheduler_job.py:190} INFO - Processing /home/airflow/.local/lib/python3.6/site-packages/airflow/example_dags/example_skip_dag.py took 0.120 seconds
[2024-04-27 22:24:54,428] {scheduler_job.py:182} INFO - Started process (PID=457) to work on /home/airflow/.local/lib/python3.6/site-packages/airflow/example_dags/example_skip_dag.py
[2024-04-27 22:24:54,431] {scheduler_job.py:629} INFO - Processing file /home/airflow/.local/lib/python3.6/site-packages/airflow/example_dags/example_skip_dag.py for tasks to queue
[2024-04-27 22:24:54,433] {logging_mixin.py:104} INFO - [2024-04-27 22:24:54,433] {dagbag.py:451} INFO - Filling up the DagBag from /home/airflow/.local/lib/python3.6/site-packages/airflow/example_dags/example_skip_dag.py
[2024-04-27 22:24:54,452] {scheduler_job.py:639} INFO - DAG(s) dict_keys(['example_skip_dag']) retrieved from /home/airflow/.local/lib/python3.6/site-packages/airflow/example_dags/example_skip_dag.py
[2024-04-27 22:24:54,485] {logging_mixin.py:104} INFO - [2024-04-27 22:24:54,485] {dag.py:1824} INFO - Sync 1 DAGs
[2024-04-27 22:24:54,509] {logging_mixin.py:104} INFO - [2024-04-27 22:24:54,509] {dag.py:2280} INFO - Setting next_dagrun for example_skip_dag to 2024-04-25 00:00:00+00:00
[2024-04-27 22:24:54,525] {scheduler_job.py:190} INFO - Processing /home/airflow/.local/lib/python3.6/site-packages/airflow/example_dags/example_skip_dag.py took 0.105 seconds
[2024-04-27 22:25:25,305] {scheduler_job.py:182} INFO - Started process (PID=483) to work on /home/airflow/.local/lib/python3.6/site-packages/airflow/example_dags/example_skip_dag.py
[2024-04-27 22:25:25,307] {scheduler_job.py:629} INFO - Processing file /home/airflow/.local/lib/python3.6/site-packages/airflow/example_dags/example_skip_dag.py for tasks to queue
[2024-04-27 22:25:25,315] {logging_mixin.py:104} INFO - [2024-04-27 22:25:25,315] {dagbag.py:451} INFO - Filling up the DagBag from /home/airflow/.local/lib/python3.6/site-packages/airflow/example_dags/example_skip_dag.py
[2024-04-27 22:25:25,340] {scheduler_job.py:639} INFO - DAG(s) dict_keys(['example_skip_dag']) retrieved from /home/airflow/.local/lib/python3.6/site-packages/airflow/example_dags/example_skip_dag.py
[2024-04-27 22:25:25,382] {logging_mixin.py:104} INFO - [2024-04-27 22:25:25,381] {dag.py:1824} INFO - Sync 1 DAGs
[2024-04-27 22:25:25,408] {logging_mixin.py:104} INFO - [2024-04-27 22:25:25,408] {dag.py:2280} INFO - Setting next_dagrun for example_skip_dag to 2024-04-25 00:00:00+00:00
[2024-04-27 22:25:25,428] {scheduler_job.py:190} INFO - Processing /home/airflow/.local/lib/python3.6/site-packages/airflow/example_dags/example_skip_dag.py took 0.128 seconds
[2024-04-27 22:25:55,537] {scheduler_job.py:182} INFO - Started process (PID=509) to work on /home/airflow/.local/lib/python3.6/site-packages/airflow/example_dags/example_skip_dag.py
[2024-04-27 22:25:55,538] {scheduler_job.py:629} INFO - Processing file /home/airflow/.local/lib/python3.6/site-packages/airflow/example_dags/example_skip_dag.py for tasks to queue
[2024-04-27 22:25:55,540] {logging_mixin.py:104} INFO - [2024-04-27 22:25:55,540] {dagbag.py:451} INFO - Filling up the DagBag from /home/airflow/.local/lib/python3.6/site-packages/airflow/example_dags/example_skip_dag.py
[2024-04-27 22:25:55,553] {scheduler_job.py:639} INFO - DAG(s) dict_keys(['example_skip_dag']) retrieved from /home/airflow/.local/lib/python3.6/site-packages/airflow/example_dags/example_skip_dag.py
[2024-04-27 22:25:55,580] {logging_mixin.py:104} INFO - [2024-04-27 22:25:55,580] {dag.py:1824} INFO - Sync 1 DAGs
[2024-04-27 22:25:55,601] {logging_mixin.py:104} INFO - [2024-04-27 22:25:55,601] {dag.py:2280} INFO - Setting next_dagrun for example_skip_dag to 2024-04-25 00:00:00+00:00
[2024-04-27 22:25:55,617] {scheduler_job.py:190} INFO - Processing /home/airflow/.local/lib/python3.6/site-packages/airflow/example_dags/example_skip_dag.py took 0.084 seconds
[2024-04-27 22:26:25,927] {scheduler_job.py:182} INFO - Started process (PID=535) to work on /home/airflow/.local/lib/python3.6/site-packages/airflow/example_dags/example_skip_dag.py
[2024-04-27 22:26:25,929] {scheduler_job.py:629} INFO - Processing file /home/airflow/.local/lib/python3.6/site-packages/airflow/example_dags/example_skip_dag.py for tasks to queue
[2024-04-27 22:26:25,931] {logging_mixin.py:104} INFO - [2024-04-27 22:26:25,931] {dagbag.py:451} INFO - Filling up the DagBag from /home/airflow/.local/lib/python3.6/site-packages/airflow/example_dags/example_skip_dag.py
[2024-04-27 22:26:25,946] {scheduler_job.py:639} INFO - DAG(s) dict_keys(['example_skip_dag']) retrieved from /home/airflow/.local/lib/python3.6/site-packages/airflow/example_dags/example_skip_dag.py
[2024-04-27 22:26:25,973] {logging_mixin.py:104} INFO - [2024-04-27 22:26:25,973] {dag.py:1824} INFO - Sync 1 DAGs
[2024-04-27 22:26:25,993] {logging_mixin.py:104} INFO - [2024-04-27 22:26:25,992] {dag.py:2280} INFO - Setting next_dagrun for example_skip_dag to 2024-04-25 00:00:00+00:00
[2024-04-27 22:26:26,008] {scheduler_job.py:190} INFO - Processing /home/airflow/.local/lib/python3.6/site-packages/airflow/example_dags/example_skip_dag.py took 0.085 seconds
[2024-04-27 22:26:56,446] {scheduler_job.py:182} INFO - Started process (PID=561) to work on /home/airflow/.local/lib/python3.6/site-packages/airflow/example_dags/example_skip_dag.py
[2024-04-27 22:26:56,448] {scheduler_job.py:629} INFO - Processing file /home/airflow/.local/lib/python3.6/site-packages/airflow/example_dags/example_skip_dag.py for tasks to queue
[2024-04-27 22:26:56,449] {logging_mixin.py:104} INFO - [2024-04-27 22:26:56,449] {dagbag.py:451} INFO - Filling up the DagBag from /home/airflow/.local/lib/python3.6/site-packages/airflow/example_dags/example_skip_dag.py
[2024-04-27 22:26:56,465] {scheduler_job.py:639} INFO - DAG(s) dict_keys(['example_skip_dag']) retrieved from /home/airflow/.local/lib/python3.6/site-packages/airflow/example_dags/example_skip_dag.py
[2024-04-27 22:26:56,493] {logging_mixin.py:104} INFO - [2024-04-27 22:26:56,492] {dag.py:1824} INFO - Sync 1 DAGs
[2024-04-27 22:26:56,514] {logging_mixin.py:104} INFO - [2024-04-27 22:26:56,514] {dag.py:2280} INFO - Setting next_dagrun for example_skip_dag to 2024-04-25 00:00:00+00:00
[2024-04-27 22:26:56,530] {scheduler_job.py:190} INFO - Processing /home/airflow/.local/lib/python3.6/site-packages/airflow/example_dags/example_skip_dag.py took 0.089 seconds
[2024-04-27 22:27:27,443] {scheduler_job.py:182} INFO - Started process (PID=587) to work on /home/airflow/.local/lib/python3.6/site-packages/airflow/example_dags/example_skip_dag.py
[2024-04-27 22:27:27,445] {scheduler_job.py:629} INFO - Processing file /home/airflow/.local/lib/python3.6/site-packages/airflow/example_dags/example_skip_dag.py for tasks to queue
[2024-04-27 22:27:27,448] {logging_mixin.py:104} INFO - [2024-04-27 22:27:27,447] {dagbag.py:451} INFO - Filling up the DagBag from /home/airflow/.local/lib/python3.6/site-packages/airflow/example_dags/example_skip_dag.py
[2024-04-27 22:27:27,462] {scheduler_job.py:639} INFO - DAG(s) dict_keys(['example_skip_dag']) retrieved from /home/airflow/.local/lib/python3.6/site-packages/airflow/example_dags/example_skip_dag.py
[2024-04-27 22:27:27,488] {logging_mixin.py:104} INFO - [2024-04-27 22:27:27,488] {dag.py:1824} INFO - Sync 1 DAGs
[2024-04-27 22:27:27,510] {logging_mixin.py:104} INFO - [2024-04-27 22:27:27,510] {dag.py:2280} INFO - Setting next_dagrun for example_skip_dag to 2024-04-25 00:00:00+00:00
[2024-04-27 22:27:27,525] {scheduler_job.py:190} INFO - Processing /home/airflow/.local/lib/python3.6/site-packages/airflow/example_dags/example_skip_dag.py took 0.086 seconds
[2024-04-27 22:27:58,248] {scheduler_job.py:182} INFO - Started process (PID=613) to work on /home/airflow/.local/lib/python3.6/site-packages/airflow/example_dags/example_skip_dag.py
[2024-04-27 22:27:58,250] {scheduler_job.py:629} INFO - Processing file /home/airflow/.local/lib/python3.6/site-packages/airflow/example_dags/example_skip_dag.py for tasks to queue
[2024-04-27 22:27:58,252] {logging_mixin.py:104} INFO - [2024-04-27 22:27:58,252] {dagbag.py:451} INFO - Filling up the DagBag from /home/airflow/.local/lib/python3.6/site-packages/airflow/example_dags/example_skip_dag.py
[2024-04-27 22:27:58,270] {scheduler_job.py:639} INFO - DAG(s) dict_keys(['example_skip_dag']) retrieved from /home/airflow/.local/lib/python3.6/site-packages/airflow/example_dags/example_skip_dag.py
[2024-04-27 22:27:58,310] {logging_mixin.py:104} INFO - [2024-04-27 22:27:58,309] {dag.py:1824} INFO - Sync 1 DAGs
[2024-04-27 22:27:58,331] {logging_mixin.py:104} INFO - [2024-04-27 22:27:58,331] {dag.py:2280} INFO - Setting next_dagrun for example_skip_dag to 2024-04-25 00:00:00+00:00
[2024-04-27 22:27:58,352] {scheduler_job.py:190} INFO - Processing /home/airflow/.local/lib/python3.6/site-packages/airflow/example_dags/example_skip_dag.py took 0.108 seconds
[2024-04-27 22:28:28,596] {scheduler_job.py:182} INFO - Started process (PID=639) to work on /home/airflow/.local/lib/python3.6/site-packages/airflow/example_dags/example_skip_dag.py
[2024-04-27 22:28:28,598] {scheduler_job.py:629} INFO - Processing file /home/airflow/.local/lib/python3.6/site-packages/airflow/example_dags/example_skip_dag.py for tasks to queue
[2024-04-27 22:28:28,600] {logging_mixin.py:104} INFO - [2024-04-27 22:28:28,599] {dagbag.py:451} INFO - Filling up the DagBag from /home/airflow/.local/lib/python3.6/site-packages/airflow/example_dags/example_skip_dag.py
[2024-04-27 22:28:28,616] {scheduler_job.py:639} INFO - DAG(s) dict_keys(['example_skip_dag']) retrieved from /home/airflow/.local/lib/python3.6/site-packages/airflow/example_dags/example_skip_dag.py
[2024-04-27 22:28:28,646] {logging_mixin.py:104} INFO - [2024-04-27 22:28:28,646] {dag.py:1824} INFO - Sync 1 DAGs
[2024-04-27 22:28:28,666] {logging_mixin.py:104} INFO - [2024-04-27 22:28:28,666] {dag.py:2280} INFO - Setting next_dagrun for example_skip_dag to 2024-04-25 00:00:00+00:00
[2024-04-27 22:28:28,682] {scheduler_job.py:190} INFO - Processing /home/airflow/.local/lib/python3.6/site-packages/airflow/example_dags/example_skip_dag.py took 0.090 seconds
[2024-04-27 22:28:59,210] {scheduler_job.py:182} INFO - Started process (PID=665) to work on /home/airflow/.local/lib/python3.6/site-packages/airflow/example_dags/example_skip_dag.py
[2024-04-27 22:28:59,213] {scheduler_job.py:629} INFO - Processing file /home/airflow/.local/lib/python3.6/site-packages/airflow/example_dags/example_skip_dag.py for tasks to queue
[2024-04-27 22:28:59,214] {logging_mixin.py:104} INFO - [2024-04-27 22:28:59,214] {dagbag.py:451} INFO - Filling up the DagBag from /home/airflow/.local/lib/python3.6/site-packages/airflow/example_dags/example_skip_dag.py
[2024-04-27 22:28:59,228] {scheduler_job.py:639} INFO - DAG(s) dict_keys(['example_skip_dag']) retrieved from /home/airflow/.local/lib/python3.6/site-packages/airflow/example_dags/example_skip_dag.py
[2024-04-27 22:28:59,256] {logging_mixin.py:104} INFO - [2024-04-27 22:28:59,256] {dag.py:1824} INFO - Sync 1 DAGs
[2024-04-27 22:28:59,276] {logging_mixin.py:104} INFO - [2024-04-27 22:28:59,276] {dag.py:2280} INFO - Setting next_dagrun for example_skip_dag to 2024-04-25 00:00:00+00:00
[2024-04-27 22:28:59,291] {scheduler_job.py:190} INFO - Processing /home/airflow/.local/lib/python3.6/site-packages/airflow/example_dags/example_skip_dag.py took 0.085 seconds
[2024-04-27 22:29:29,570] {scheduler_job.py:182} INFO - Started process (PID=691) to work on /home/airflow/.local/lib/python3.6/site-packages/airflow/example_dags/example_skip_dag.py
[2024-04-27 22:29:29,573] {scheduler_job.py:629} INFO - Processing file /home/airflow/.local/lib/python3.6/site-packages/airflow/example_dags/example_skip_dag.py for tasks to queue
[2024-04-27 22:29:29,575] {logging_mixin.py:104} INFO - [2024-04-27 22:29:29,574] {dagbag.py:451} INFO - Filling up the DagBag from /home/airflow/.local/lib/python3.6/site-packages/airflow/example_dags/example_skip_dag.py
[2024-04-27 22:29:29,603] {scheduler_job.py:639} INFO - DAG(s) dict_keys(['example_skip_dag']) retrieved from /home/airflow/.local/lib/python3.6/site-packages/airflow/example_dags/example_skip_dag.py
[2024-04-27 22:29:29,636] {logging_mixin.py:104} INFO - [2024-04-27 22:29:29,636] {dag.py:1824} INFO - Sync 1 DAGs
[2024-04-27 22:29:29,666] {logging_mixin.py:104} INFO - [2024-04-27 22:29:29,666] {dag.py:2280} INFO - Setting next_dagrun for example_skip_dag to 2024-04-25 00:00:00+00:00
[2024-04-27 22:29:29,712] {scheduler_job.py:190} INFO - Processing /home/airflow/.local/lib/python3.6/site-packages/airflow/example_dags/example_skip_dag.py took 0.149 seconds
[2024-04-27 22:30:00,051] {scheduler_job.py:182} INFO - Started process (PID=716) to work on /home/airflow/.local/lib/python3.6/site-packages/airflow/example_dags/example_skip_dag.py
[2024-04-27 22:30:00,054] {scheduler_job.py:629} INFO - Processing file /home/airflow/.local/lib/python3.6/site-packages/airflow/example_dags/example_skip_dag.py for tasks to queue
[2024-04-27 22:30:00,057] {logging_mixin.py:104} INFO - [2024-04-27 22:30:00,056] {dagbag.py:451} INFO - Filling up the DagBag from /home/airflow/.local/lib/python3.6/site-packages/airflow/example_dags/example_skip_dag.py
[2024-04-27 22:30:00,077] {scheduler_job.py:639} INFO - DAG(s) dict_keys(['example_skip_dag']) retrieved from /home/airflow/.local/lib/python3.6/site-packages/airflow/example_dags/example_skip_dag.py
[2024-04-27 22:30:00,111] {logging_mixin.py:104} INFO - [2024-04-27 22:30:00,111] {dag.py:1824} INFO - Sync 1 DAGs
[2024-04-27 22:30:00,139] {logging_mixin.py:104} INFO - [2024-04-27 22:30:00,139] {dag.py:2280} INFO - Setting next_dagrun for example_skip_dag to 2024-04-25 00:00:00+00:00
[2024-04-27 22:30:00,172] {scheduler_job.py:190} INFO - Processing /home/airflow/.local/lib/python3.6/site-packages/airflow/example_dags/example_skip_dag.py took 0.127 seconds
[2024-04-27 22:30:30,542] {scheduler_job.py:182} INFO - Started process (PID=739) to work on /home/airflow/.local/lib/python3.6/site-packages/airflow/example_dags/example_skip_dag.py
[2024-04-27 22:30:30,545] {scheduler_job.py:629} INFO - Processing file /home/airflow/.local/lib/python3.6/site-packages/airflow/example_dags/example_skip_dag.py for tasks to queue
[2024-04-27 22:30:30,546] {logging_mixin.py:104} INFO - [2024-04-27 22:30:30,546] {dagbag.py:451} INFO - Filling up the DagBag from /home/airflow/.local/lib/python3.6/site-packages/airflow/example_dags/example_skip_dag.py
[2024-04-27 22:30:30,575] {scheduler_job.py:639} INFO - DAG(s) dict_keys(['example_skip_dag']) retrieved from /home/airflow/.local/lib/python3.6/site-packages/airflow/example_dags/example_skip_dag.py
[2024-04-27 22:30:30,610] {logging_mixin.py:104} INFO - [2024-04-27 22:30:30,609] {dag.py:1824} INFO - Sync 1 DAGs
[2024-04-27 22:30:30,637] {logging_mixin.py:104} INFO - [2024-04-27 22:30:30,637] {dag.py:2280} INFO - Setting next_dagrun for example_skip_dag to 2024-04-25 00:00:00+00:00
[2024-04-27 22:30:30,657] {scheduler_job.py:190} INFO - Processing /home/airflow/.local/lib/python3.6/site-packages/airflow/example_dags/example_skip_dag.py took 0.120 seconds
[2024-04-27 22:31:00,863] {scheduler_job.py:182} INFO - Started process (PID=765) to work on /home/airflow/.local/lib/python3.6/site-packages/airflow/example_dags/example_skip_dag.py
[2024-04-27 22:31:00,866] {scheduler_job.py:629} INFO - Processing file /home/airflow/.local/lib/python3.6/site-packages/airflow/example_dags/example_skip_dag.py for tasks to queue
[2024-04-27 22:31:00,871] {logging_mixin.py:104} INFO - [2024-04-27 22:31:00,870] {dagbag.py:451} INFO - Filling up the DagBag from /home/airflow/.local/lib/python3.6/site-packages/airflow/example_dags/example_skip_dag.py
[2024-04-27 22:31:00,914] {scheduler_job.py:639} INFO - DAG(s) dict_keys(['example_skip_dag']) retrieved from /home/airflow/.local/lib/python3.6/site-packages/airflow/example_dags/example_skip_dag.py
[2024-04-27 22:31:01,006] {logging_mixin.py:104} INFO - [2024-04-27 22:31:01,006] {dag.py:1824} INFO - Sync 1 DAGs
[2024-04-27 22:31:01,042] {logging_mixin.py:104} INFO - [2024-04-27 22:31:01,042] {dag.py:2280} INFO - Setting next_dagrun for example_skip_dag to 2024-04-25 00:00:00+00:00
[2024-04-27 22:31:01,064] {scheduler_job.py:190} INFO - Processing /home/airflow/.local/lib/python3.6/site-packages/airflow/example_dags/example_skip_dag.py took 0.211 seconds
[2024-04-27 22:31:31,565] {scheduler_job.py:182} INFO - Started process (PID=791) to work on /home/airflow/.local/lib/python3.6/site-packages/airflow/example_dags/example_skip_dag.py
[2024-04-27 22:31:31,568] {scheduler_job.py:629} INFO - Processing file /home/airflow/.local/lib/python3.6/site-packages/airflow/example_dags/example_skip_dag.py for tasks to queue
[2024-04-27 22:31:31,571] {logging_mixin.py:104} INFO - [2024-04-27 22:31:31,571] {dagbag.py:451} INFO - Filling up the DagBag from /home/airflow/.local/lib/python3.6/site-packages/airflow/example_dags/example_skip_dag.py
[2024-04-27 22:31:31,597] {scheduler_job.py:639} INFO - DAG(s) dict_keys(['example_skip_dag']) retrieved from /home/airflow/.local/lib/python3.6/site-packages/airflow/example_dags/example_skip_dag.py
[2024-04-27 22:31:31,636] {logging_mixin.py:104} INFO - [2024-04-27 22:31:31,636] {dag.py:1824} INFO - Sync 1 DAGs
[2024-04-27 22:31:31,668] {logging_mixin.py:104} INFO - [2024-04-27 22:31:31,667] {dag.py:2280} INFO - Setting next_dagrun for example_skip_dag to 2024-04-25 00:00:00+00:00
[2024-04-27 22:31:31,722] {scheduler_job.py:190} INFO - Processing /home/airflow/.local/lib/python3.6/site-packages/airflow/example_dags/example_skip_dag.py took 0.163 seconds
[2024-04-27 22:32:02,376] {scheduler_job.py:182} INFO - Started process (PID=818) to work on /home/airflow/.local/lib/python3.6/site-packages/airflow/example_dags/example_skip_dag.py
[2024-04-27 22:32:02,379] {scheduler_job.py:629} INFO - Processing file /home/airflow/.local/lib/python3.6/site-packages/airflow/example_dags/example_skip_dag.py for tasks to queue
[2024-04-27 22:32:02,381] {logging_mixin.py:104} INFO - [2024-04-27 22:32:02,381] {dagbag.py:451} INFO - Filling up the DagBag from /home/airflow/.local/lib/python3.6/site-packages/airflow/example_dags/example_skip_dag.py
[2024-04-27 22:32:02,400] {scheduler_job.py:639} INFO - DAG(s) dict_keys(['example_skip_dag']) retrieved from /home/airflow/.local/lib/python3.6/site-packages/airflow/example_dags/example_skip_dag.py
[2024-04-27 22:32:02,434] {logging_mixin.py:104} INFO - [2024-04-27 22:32:02,433] {dag.py:1824} INFO - Sync 1 DAGs
[2024-04-27 22:32:02,457] {logging_mixin.py:104} INFO - [2024-04-27 22:32:02,456] {dag.py:2280} INFO - Setting next_dagrun for example_skip_dag to 2024-04-25 00:00:00+00:00
[2024-04-27 22:32:02,475] {scheduler_job.py:190} INFO - Processing /home/airflow/.local/lib/python3.6/site-packages/airflow/example_dags/example_skip_dag.py took 0.105 seconds
[2024-04-27 22:32:32,826] {scheduler_job.py:182} INFO - Started process (PID=844) to work on /home/airflow/.local/lib/python3.6/site-packages/airflow/example_dags/example_skip_dag.py
[2024-04-27 22:32:32,828] {scheduler_job.py:629} INFO - Processing file /home/airflow/.local/lib/python3.6/site-packages/airflow/example_dags/example_skip_dag.py for tasks to queue
[2024-04-27 22:32:32,829] {logging_mixin.py:104} INFO - [2024-04-27 22:32:32,829] {dagbag.py:451} INFO - Filling up the DagBag from /home/airflow/.local/lib/python3.6/site-packages/airflow/example_dags/example_skip_dag.py
[2024-04-27 22:32:32,855] {scheduler_job.py:639} INFO - DAG(s) dict_keys(['example_skip_dag']) retrieved from /home/airflow/.local/lib/python3.6/site-packages/airflow/example_dags/example_skip_dag.py
[2024-04-27 22:32:32,893] {logging_mixin.py:104} INFO - [2024-04-27 22:32:32,893] {dag.py:1824} INFO - Sync 1 DAGs
[2024-04-27 22:32:32,915] {logging_mixin.py:104} INFO - [2024-04-27 22:32:32,915] {dag.py:2280} INFO - Setting next_dagrun for example_skip_dag to 2024-04-25 00:00:00+00:00
[2024-04-27 22:32:32,932] {scheduler_job.py:190} INFO - Processing /home/airflow/.local/lib/python3.6/site-packages/airflow/example_dags/example_skip_dag.py took 0.110 seconds
[2024-04-27 22:33:03,109] {scheduler_job.py:182} INFO - Started process (PID=870) to work on /home/airflow/.local/lib/python3.6/site-packages/airflow/example_dags/example_skip_dag.py
[2024-04-27 22:33:03,119] {scheduler_job.py:629} INFO - Processing file /home/airflow/.local/lib/python3.6/site-packages/airflow/example_dags/example_skip_dag.py for tasks to queue
[2024-04-27 22:33:03,121] {logging_mixin.py:104} INFO - [2024-04-27 22:33:03,121] {dagbag.py:451} INFO - Filling up the DagBag from /home/airflow/.local/lib/python3.6/site-packages/airflow/example_dags/example_skip_dag.py
[2024-04-27 22:33:03,159] {scheduler_job.py:639} INFO - DAG(s) dict_keys(['example_skip_dag']) retrieved from /home/airflow/.local/lib/python3.6/site-packages/airflow/example_dags/example_skip_dag.py
[2024-04-27 22:33:03,212] {logging_mixin.py:104} INFO - [2024-04-27 22:33:03,212] {dag.py:1824} INFO - Sync 1 DAGs
[2024-04-27 22:33:03,250] {logging_mixin.py:104} INFO - [2024-04-27 22:33:03,250] {dag.py:2280} INFO - Setting next_dagrun for example_skip_dag to 2024-04-25 00:00:00+00:00
[2024-04-27 22:33:03,281] {scheduler_job.py:190} INFO - Processing /home/airflow/.local/lib/python3.6/site-packages/airflow/example_dags/example_skip_dag.py took 0.179 seconds
[2024-04-27 22:33:33,697] {scheduler_job.py:182} INFO - Started process (PID=896) to work on /home/airflow/.local/lib/python3.6/site-packages/airflow/example_dags/example_skip_dag.py
[2024-04-27 22:33:33,699] {scheduler_job.py:629} INFO - Processing file /home/airflow/.local/lib/python3.6/site-packages/airflow/example_dags/example_skip_dag.py for tasks to queue
[2024-04-27 22:33:33,701] {logging_mixin.py:104} INFO - [2024-04-27 22:33:33,701] {dagbag.py:451} INFO - Filling up the DagBag from /home/airflow/.local/lib/python3.6/site-packages/airflow/example_dags/example_skip_dag.py
[2024-04-27 22:33:33,717] {scheduler_job.py:639} INFO - DAG(s) dict_keys(['example_skip_dag']) retrieved from /home/airflow/.local/lib/python3.6/site-packages/airflow/example_dags/example_skip_dag.py
[2024-04-27 22:33:33,752] {logging_mixin.py:104} INFO - [2024-04-27 22:33:33,752] {dag.py:1824} INFO - Sync 1 DAGs
[2024-04-27 22:33:33,776] {logging_mixin.py:104} INFO - [2024-04-27 22:33:33,776] {dag.py:2280} INFO - Setting next_dagrun for example_skip_dag to 2024-04-25 00:00:00+00:00
[2024-04-27 22:33:33,791] {scheduler_job.py:190} INFO - Processing /home/airflow/.local/lib/python3.6/site-packages/airflow/example_dags/example_skip_dag.py took 0.100 seconds
[2024-04-27 22:34:04,340] {scheduler_job.py:182} INFO - Started process (PID=917) to work on /home/airflow/.local/lib/python3.6/site-packages/airflow/example_dags/example_skip_dag.py
[2024-04-27 22:34:04,343] {scheduler_job.py:629} INFO - Processing file /home/airflow/.local/lib/python3.6/site-packages/airflow/example_dags/example_skip_dag.py for tasks to queue
[2024-04-27 22:34:04,344] {logging_mixin.py:104} INFO - [2024-04-27 22:34:04,344] {dagbag.py:451} INFO - Filling up the DagBag from /home/airflow/.local/lib/python3.6/site-packages/airflow/example_dags/example_skip_dag.py
[2024-04-27 22:34:04,362] {scheduler_job.py:639} INFO - DAG(s) dict_keys(['example_skip_dag']) retrieved from /home/airflow/.local/lib/python3.6/site-packages/airflow/example_dags/example_skip_dag.py
[2024-04-27 22:34:04,389] {logging_mixin.py:104} INFO - [2024-04-27 22:34:04,388] {dag.py:1824} INFO - Sync 1 DAGs
[2024-04-27 22:34:04,408] {logging_mixin.py:104} INFO - [2024-04-27 22:34:04,408] {dag.py:2280} INFO - Setting next_dagrun for example_skip_dag to 2024-04-25 00:00:00+00:00
[2024-04-27 22:34:04,423] {scheduler_job.py:190} INFO - Processing /home/airflow/.local/lib/python3.6/site-packages/airflow/example_dags/example_skip_dag.py took 0.088 seconds
[2024-04-27 22:34:35,235] {scheduler_job.py:182} INFO - Started process (PID=943) to work on /home/airflow/.local/lib/python3.6/site-packages/airflow/example_dags/example_skip_dag.py
[2024-04-27 22:34:35,237] {scheduler_job.py:629} INFO - Processing file /home/airflow/.local/lib/python3.6/site-packages/airflow/example_dags/example_skip_dag.py for tasks to queue
[2024-04-27 22:34:35,238] {logging_mixin.py:104} INFO - [2024-04-27 22:34:35,238] {dagbag.py:451} INFO - Filling up the DagBag from /home/airflow/.local/lib/python3.6/site-packages/airflow/example_dags/example_skip_dag.py
[2024-04-27 22:34:35,252] {scheduler_job.py:639} INFO - DAG(s) dict_keys(['example_skip_dag']) retrieved from /home/airflow/.local/lib/python3.6/site-packages/airflow/example_dags/example_skip_dag.py
[2024-04-27 22:34:35,278] {logging_mixin.py:104} INFO - [2024-04-27 22:34:35,277] {dag.py:1824} INFO - Sync 1 DAGs
[2024-04-27 22:34:35,299] {logging_mixin.py:104} INFO - [2024-04-27 22:34:35,299] {dag.py:2280} INFO - Setting next_dagrun for example_skip_dag to 2024-04-25 00:00:00+00:00
[2024-04-27 22:34:35,314] {scheduler_job.py:190} INFO - Processing /home/airflow/.local/lib/python3.6/site-packages/airflow/example_dags/example_skip_dag.py took 0.083 seconds
[2024-04-27 22:35:06,258] {scheduler_job.py:182} INFO - Started process (PID=969) to work on /home/airflow/.local/lib/python3.6/site-packages/airflow/example_dags/example_skip_dag.py
[2024-04-27 22:35:06,261] {scheduler_job.py:629} INFO - Processing file /home/airflow/.local/lib/python3.6/site-packages/airflow/example_dags/example_skip_dag.py for tasks to queue
[2024-04-27 22:35:06,263] {logging_mixin.py:104} INFO - [2024-04-27 22:35:06,262] {dagbag.py:451} INFO - Filling up the DagBag from /home/airflow/.local/lib/python3.6/site-packages/airflow/example_dags/example_skip_dag.py
[2024-04-27 22:35:06,282] {scheduler_job.py:639} INFO - DAG(s) dict_keys(['example_skip_dag']) retrieved from /home/airflow/.local/lib/python3.6/site-packages/airflow/example_dags/example_skip_dag.py
[2024-04-27 22:35:06,311] {logging_mixin.py:104} INFO - [2024-04-27 22:35:06,311] {dag.py:1824} INFO - Sync 1 DAGs
[2024-04-27 22:35:06,331] {logging_mixin.py:104} INFO - [2024-04-27 22:35:06,331] {dag.py:2280} INFO - Setting next_dagrun for example_skip_dag to 2024-04-25 00:00:00+00:00
[2024-04-27 22:35:06,346] {scheduler_job.py:190} INFO - Processing /home/airflow/.local/lib/python3.6/site-packages/airflow/example_dags/example_skip_dag.py took 0.092 seconds
[2024-04-27 22:35:37,011] {scheduler_job.py:182} INFO - Started process (PID=995) to work on /home/airflow/.local/lib/python3.6/site-packages/airflow/example_dags/example_skip_dag.py
[2024-04-27 22:35:37,014] {scheduler_job.py:629} INFO - Processing file /home/airflow/.local/lib/python3.6/site-packages/airflow/example_dags/example_skip_dag.py for tasks to queue
[2024-04-27 22:35:37,016] {logging_mixin.py:104} INFO - [2024-04-27 22:35:37,016] {dagbag.py:451} INFO - Filling up the DagBag from /home/airflow/.local/lib/python3.6/site-packages/airflow/example_dags/example_skip_dag.py
[2024-04-27 22:35:37,047] {scheduler_job.py:639} INFO - DAG(s) dict_keys(['example_skip_dag']) retrieved from /home/airflow/.local/lib/python3.6/site-packages/airflow/example_dags/example_skip_dag.py
[2024-04-27 22:35:37,148] {logging_mixin.py:104} INFO - [2024-04-27 22:35:37,146] {dag.py:1824} INFO - Sync 1 DAGs
[2024-04-27 22:35:37,201] {logging_mixin.py:104} INFO - [2024-04-27 22:35:37,201] {dag.py:2280} INFO - Setting next_dagrun for example_skip_dag to 2024-04-25 00:00:00+00:00
[2024-04-27 22:35:37,270] {scheduler_job.py:190} INFO - Processing /home/airflow/.local/lib/python3.6/site-packages/airflow/example_dags/example_skip_dag.py took 0.262 seconds
[2024-04-27 22:36:07,923] {scheduler_job.py:182} INFO - Started process (PID=1021) to work on /home/airflow/.local/lib/python3.6/site-packages/airflow/example_dags/example_skip_dag.py
[2024-04-27 22:36:07,927] {scheduler_job.py:629} INFO - Processing file /home/airflow/.local/lib/python3.6/site-packages/airflow/example_dags/example_skip_dag.py for tasks to queue
[2024-04-27 22:36:07,929] {logging_mixin.py:104} INFO - [2024-04-27 22:36:07,929] {dagbag.py:451} INFO - Filling up the DagBag from /home/airflow/.local/lib/python3.6/site-packages/airflow/example_dags/example_skip_dag.py
[2024-04-27 22:36:07,990] {scheduler_job.py:639} INFO - DAG(s) dict_keys(['example_skip_dag']) retrieved from /home/airflow/.local/lib/python3.6/site-packages/airflow/example_dags/example_skip_dag.py
[2024-04-27 22:36:08,104] {logging_mixin.py:104} INFO - [2024-04-27 22:36:08,103] {dag.py:1824} INFO - Sync 1 DAGs
[2024-04-27 22:36:08,129] {logging_mixin.py:104} INFO - [2024-04-27 22:36:08,128] {dag.py:2280} INFO - Setting next_dagrun for example_skip_dag to 2024-04-25 00:00:00+00:00
[2024-04-27 22:36:08,155] {scheduler_job.py:190} INFO - Processing /home/airflow/.local/lib/python3.6/site-packages/airflow/example_dags/example_skip_dag.py took 0.240 seconds
[2024-04-27 22:36:38,461] {scheduler_job.py:182} INFO - Started process (PID=1047) to work on /home/airflow/.local/lib/python3.6/site-packages/airflow/example_dags/example_skip_dag.py
[2024-04-27 22:36:38,464] {scheduler_job.py:629} INFO - Processing file /home/airflow/.local/lib/python3.6/site-packages/airflow/example_dags/example_skip_dag.py for tasks to queue
[2024-04-27 22:36:38,490] {logging_mixin.py:104} INFO - [2024-04-27 22:36:38,476] {dagbag.py:451} INFO - Filling up the DagBag from /home/airflow/.local/lib/python3.6/site-packages/airflow/example_dags/example_skip_dag.py
[2024-04-27 22:36:38,566] {scheduler_job.py:639} INFO - DAG(s) dict_keys(['example_skip_dag']) retrieved from /home/airflow/.local/lib/python3.6/site-packages/airflow/example_dags/example_skip_dag.py
[2024-04-27 22:36:38,658] {logging_mixin.py:104} INFO - [2024-04-27 22:36:38,658] {dag.py:1824} INFO - Sync 1 DAGs
[2024-04-27 22:36:38,689] {logging_mixin.py:104} INFO - [2024-04-27 22:36:38,688] {dag.py:2280} INFO - Setting next_dagrun for example_skip_dag to 2024-04-25 00:00:00+00:00
[2024-04-27 22:36:38,715] {scheduler_job.py:190} INFO - Processing /home/airflow/.local/lib/python3.6/site-packages/airflow/example_dags/example_skip_dag.py took 0.261 seconds
[2024-04-27 22:37:09,132] {scheduler_job.py:182} INFO - Started process (PID=1074) to work on /home/airflow/.local/lib/python3.6/site-packages/airflow/example_dags/example_skip_dag.py
[2024-04-27 22:37:09,134] {scheduler_job.py:629} INFO - Processing file /home/airflow/.local/lib/python3.6/site-packages/airflow/example_dags/example_skip_dag.py for tasks to queue
[2024-04-27 22:37:09,136] {logging_mixin.py:104} INFO - [2024-04-27 22:37:09,136] {dagbag.py:451} INFO - Filling up the DagBag from /home/airflow/.local/lib/python3.6/site-packages/airflow/example_dags/example_skip_dag.py
[2024-04-27 22:37:09,170] {scheduler_job.py:639} INFO - DAG(s) dict_keys(['example_skip_dag']) retrieved from /home/airflow/.local/lib/python3.6/site-packages/airflow/example_dags/example_skip_dag.py
[2024-04-27 22:37:09,226] {logging_mixin.py:104} INFO - [2024-04-27 22:37:09,226] {dag.py:1824} INFO - Sync 1 DAGs
[2024-04-27 22:37:09,248] {logging_mixin.py:104} INFO - [2024-04-27 22:37:09,247] {dag.py:2280} INFO - Setting next_dagrun for example_skip_dag to 2024-04-25 00:00:00+00:00
[2024-04-27 22:37:09,264] {scheduler_job.py:190} INFO - Processing /home/airflow/.local/lib/python3.6/site-packages/airflow/example_dags/example_skip_dag.py took 0.138 seconds
[2024-04-27 22:37:39,419] {scheduler_job.py:182} INFO - Started process (PID=1100) to work on /home/airflow/.local/lib/python3.6/site-packages/airflow/example_dags/example_skip_dag.py
[2024-04-27 22:37:39,421] {scheduler_job.py:629} INFO - Processing file /home/airflow/.local/lib/python3.6/site-packages/airflow/example_dags/example_skip_dag.py for tasks to queue
[2024-04-27 22:37:39,423] {logging_mixin.py:104} INFO - [2024-04-27 22:37:39,422] {dagbag.py:451} INFO - Filling up the DagBag from /home/airflow/.local/lib/python3.6/site-packages/airflow/example_dags/example_skip_dag.py
[2024-04-27 22:37:39,459] {scheduler_job.py:639} INFO - DAG(s) dict_keys(['example_skip_dag']) retrieved from /home/airflow/.local/lib/python3.6/site-packages/airflow/example_dags/example_skip_dag.py
[2024-04-27 22:37:39,507] {logging_mixin.py:104} INFO - [2024-04-27 22:37:39,507] {dag.py:1824} INFO - Sync 1 DAGs
[2024-04-27 22:37:39,526] {logging_mixin.py:104} INFO - [2024-04-27 22:37:39,526] {dag.py:2280} INFO - Setting next_dagrun for example_skip_dag to 2024-04-25 00:00:00+00:00
[2024-04-27 22:37:39,541] {scheduler_job.py:190} INFO - Processing /home/airflow/.local/lib/python3.6/site-packages/airflow/example_dags/example_skip_dag.py took 0.126 seconds
