[2024-04-27 22:16:48,750] {scheduler_job.py:182} INFO - Started process (PID=54) to work on /home/airflow/.local/lib/python3.6/site-packages/airflow/example_dags/example_python_operator.py
[2024-04-27 22:16:48,753] {scheduler_job.py:629} INFO - Processing file /home/airflow/.local/lib/python3.6/site-packages/airflow/example_dags/example_python_operator.py for tasks to queue
[2024-04-27 22:16:48,756] {logging_mixin.py:104} INFO - [2024-04-27 22:16:48,756] {dagbag.py:451} INFO - Filling up the DagBag from /home/airflow/.local/lib/python3.6/site-packages/airflow/example_dags/example_python_operator.py
[2024-04-27 22:16:48,787] {scheduler_job.py:639} INFO - DAG(s) dict_keys(['example_python_operator']) retrieved from /home/airflow/.local/lib/python3.6/site-packages/airflow/example_dags/example_python_operator.py
[2024-04-27 22:16:48,831] {logging_mixin.py:104} INFO - [2024-04-27 22:16:48,830] {dag.py:1824} INFO - Sync 1 DAGs
[2024-04-27 22:16:48,881] {logging_mixin.py:104} INFO - [2024-04-27 22:16:48,881] {dag.py:1843} INFO - Creating ORM DAG for example_python_operator
[2024-04-27 22:16:48,892] {logging_mixin.py:104} INFO - [2024-04-27 22:16:48,892] {dag.py:2280} INFO - Setting next_dagrun for example_python_operator to None
[2024-04-27 22:16:49,237] {scheduler_job.py:190} INFO - Processing /home/airflow/.local/lib/python3.6/site-packages/airflow/example_dags/example_python_operator.py took 0.496 seconds
[2024-04-27 22:17:20,073] {scheduler_job.py:182} INFO - Started process (PID=80) to work on /home/airflow/.local/lib/python3.6/site-packages/airflow/example_dags/example_python_operator.py
[2024-04-27 22:17:20,080] {scheduler_job.py:629} INFO - Processing file /home/airflow/.local/lib/python3.6/site-packages/airflow/example_dags/example_python_operator.py for tasks to queue
[2024-04-27 22:17:20,088] {logging_mixin.py:104} INFO - [2024-04-27 22:17:20,088] {dagbag.py:451} INFO - Filling up the DagBag from /home/airflow/.local/lib/python3.6/site-packages/airflow/example_dags/example_python_operator.py
[2024-04-27 22:17:20,136] {scheduler_job.py:639} INFO - DAG(s) dict_keys(['example_python_operator']) retrieved from /home/airflow/.local/lib/python3.6/site-packages/airflow/example_dags/example_python_operator.py
[2024-04-27 22:17:20,200] {logging_mixin.py:104} INFO - [2024-04-27 22:17:20,200] {dag.py:1824} INFO - Sync 1 DAGs
[2024-04-27 22:17:20,266] {logging_mixin.py:104} INFO - [2024-04-27 22:17:20,256] {dag.py:2280} INFO - Setting next_dagrun for example_python_operator to None
[2024-04-27 22:17:20,318] {scheduler_job.py:190} INFO - Processing /home/airflow/.local/lib/python3.6/site-packages/airflow/example_dags/example_python_operator.py took 0.253 seconds
[2024-04-27 22:17:51,242] {scheduler_job.py:182} INFO - Started process (PID=106) to work on /home/airflow/.local/lib/python3.6/site-packages/airflow/example_dags/example_python_operator.py
[2024-04-27 22:17:51,244] {scheduler_job.py:629} INFO - Processing file /home/airflow/.local/lib/python3.6/site-packages/airflow/example_dags/example_python_operator.py for tasks to queue
[2024-04-27 22:17:51,246] {logging_mixin.py:104} INFO - [2024-04-27 22:17:51,246] {dagbag.py:451} INFO - Filling up the DagBag from /home/airflow/.local/lib/python3.6/site-packages/airflow/example_dags/example_python_operator.py
[2024-04-27 22:17:51,268] {scheduler_job.py:639} INFO - DAG(s) dict_keys(['example_python_operator']) retrieved from /home/airflow/.local/lib/python3.6/site-packages/airflow/example_dags/example_python_operator.py
[2024-04-27 22:17:51,310] {logging_mixin.py:104} INFO - [2024-04-27 22:17:51,310] {dag.py:1824} INFO - Sync 1 DAGs
[2024-04-27 22:17:51,359] {logging_mixin.py:104} INFO - [2024-04-27 22:17:51,359] {dag.py:2280} INFO - Setting next_dagrun for example_python_operator to None
[2024-04-27 22:17:51,395] {scheduler_job.py:190} INFO - Processing /home/airflow/.local/lib/python3.6/site-packages/airflow/example_dags/example_python_operator.py took 0.158 seconds
[2024-04-27 22:18:21,771] {scheduler_job.py:182} INFO - Started process (PID=132) to work on /home/airflow/.local/lib/python3.6/site-packages/airflow/example_dags/example_python_operator.py
[2024-04-27 22:18:21,775] {scheduler_job.py:629} INFO - Processing file /home/airflow/.local/lib/python3.6/site-packages/airflow/example_dags/example_python_operator.py for tasks to queue
[2024-04-27 22:18:21,777] {logging_mixin.py:104} INFO - [2024-04-27 22:18:21,777] {dagbag.py:451} INFO - Filling up the DagBag from /home/airflow/.local/lib/python3.6/site-packages/airflow/example_dags/example_python_operator.py
[2024-04-27 22:18:21,803] {scheduler_job.py:639} INFO - DAG(s) dict_keys(['example_python_operator']) retrieved from /home/airflow/.local/lib/python3.6/site-packages/airflow/example_dags/example_python_operator.py
[2024-04-27 22:18:21,841] {logging_mixin.py:104} INFO - [2024-04-27 22:18:21,840] {dag.py:1824} INFO - Sync 1 DAGs
[2024-04-27 22:18:21,879] {logging_mixin.py:104} INFO - [2024-04-27 22:18:21,878] {dag.py:2280} INFO - Setting next_dagrun for example_python_operator to None
[2024-04-27 22:18:21,904] {scheduler_job.py:190} INFO - Processing /home/airflow/.local/lib/python3.6/site-packages/airflow/example_dags/example_python_operator.py took 0.138 seconds
[2024-04-27 22:18:52,109] {scheduler_job.py:182} INFO - Started process (PID=158) to work on /home/airflow/.local/lib/python3.6/site-packages/airflow/example_dags/example_python_operator.py
[2024-04-27 22:18:52,113] {scheduler_job.py:629} INFO - Processing file /home/airflow/.local/lib/python3.6/site-packages/airflow/example_dags/example_python_operator.py for tasks to queue
[2024-04-27 22:18:52,115] {logging_mixin.py:104} INFO - [2024-04-27 22:18:52,115] {dagbag.py:451} INFO - Filling up the DagBag from /home/airflow/.local/lib/python3.6/site-packages/airflow/example_dags/example_python_operator.py
[2024-04-27 22:18:52,158] {scheduler_job.py:639} INFO - DAG(s) dict_keys(['example_python_operator']) retrieved from /home/airflow/.local/lib/python3.6/site-packages/airflow/example_dags/example_python_operator.py
[2024-04-27 22:18:52,199] {logging_mixin.py:104} INFO - [2024-04-27 22:18:52,199] {dag.py:1824} INFO - Sync 1 DAGs
[2024-04-27 22:18:52,238] {logging_mixin.py:104} INFO - [2024-04-27 22:18:52,238] {dag.py:2280} INFO - Setting next_dagrun for example_python_operator to None
[2024-04-27 22:18:52,264] {scheduler_job.py:190} INFO - Processing /home/airflow/.local/lib/python3.6/site-packages/airflow/example_dags/example_python_operator.py took 0.161 seconds
[2024-04-27 22:19:22,432] {scheduler_job.py:182} INFO - Started process (PID=184) to work on /home/airflow/.local/lib/python3.6/site-packages/airflow/example_dags/example_python_operator.py
[2024-04-27 22:19:22,435] {scheduler_job.py:629} INFO - Processing file /home/airflow/.local/lib/python3.6/site-packages/airflow/example_dags/example_python_operator.py for tasks to queue
[2024-04-27 22:19:22,437] {logging_mixin.py:104} INFO - [2024-04-27 22:19:22,437] {dagbag.py:451} INFO - Filling up the DagBag from /home/airflow/.local/lib/python3.6/site-packages/airflow/example_dags/example_python_operator.py
[2024-04-27 22:19:22,455] {scheduler_job.py:639} INFO - DAG(s) dict_keys(['example_python_operator']) retrieved from /home/airflow/.local/lib/python3.6/site-packages/airflow/example_dags/example_python_operator.py
[2024-04-27 22:19:22,500] {logging_mixin.py:104} INFO - [2024-04-27 22:19:22,499] {dag.py:1824} INFO - Sync 1 DAGs
[2024-04-27 22:19:22,524] {logging_mixin.py:104} INFO - [2024-04-27 22:19:22,524] {dag.py:2280} INFO - Setting next_dagrun for example_python_operator to None
[2024-04-27 22:19:22,543] {scheduler_job.py:190} INFO - Processing /home/airflow/.local/lib/python3.6/site-packages/airflow/example_dags/example_python_operator.py took 0.115 seconds
[2024-04-27 22:19:53,176] {scheduler_job.py:182} INFO - Started process (PID=210) to work on /home/airflow/.local/lib/python3.6/site-packages/airflow/example_dags/example_python_operator.py
[2024-04-27 22:19:53,179] {scheduler_job.py:629} INFO - Processing file /home/airflow/.local/lib/python3.6/site-packages/airflow/example_dags/example_python_operator.py for tasks to queue
[2024-04-27 22:19:53,181] {logging_mixin.py:104} INFO - [2024-04-27 22:19:53,181] {dagbag.py:451} INFO - Filling up the DagBag from /home/airflow/.local/lib/python3.6/site-packages/airflow/example_dags/example_python_operator.py
[2024-04-27 22:19:53,213] {scheduler_job.py:639} INFO - DAG(s) dict_keys(['example_python_operator']) retrieved from /home/airflow/.local/lib/python3.6/site-packages/airflow/example_dags/example_python_operator.py
[2024-04-27 22:19:53,268] {logging_mixin.py:104} INFO - [2024-04-27 22:19:53,267] {dag.py:1824} INFO - Sync 1 DAGs
[2024-04-27 22:19:53,312] {logging_mixin.py:104} INFO - [2024-04-27 22:19:53,311] {dag.py:2280} INFO - Setting next_dagrun for example_python_operator to None
[2024-04-27 22:19:53,345] {scheduler_job.py:190} INFO - Processing /home/airflow/.local/lib/python3.6/site-packages/airflow/example_dags/example_python_operator.py took 0.175 seconds
[2024-04-27 22:20:24,222] {scheduler_job.py:182} INFO - Started process (PID=236) to work on /home/airflow/.local/lib/python3.6/site-packages/airflow/example_dags/example_python_operator.py
[2024-04-27 22:20:24,224] {scheduler_job.py:629} INFO - Processing file /home/airflow/.local/lib/python3.6/site-packages/airflow/example_dags/example_python_operator.py for tasks to queue
[2024-04-27 22:20:24,226] {logging_mixin.py:104} INFO - [2024-04-27 22:20:24,226] {dagbag.py:451} INFO - Filling up the DagBag from /home/airflow/.local/lib/python3.6/site-packages/airflow/example_dags/example_python_operator.py
[2024-04-27 22:20:24,250] {scheduler_job.py:639} INFO - DAG(s) dict_keys(['example_python_operator']) retrieved from /home/airflow/.local/lib/python3.6/site-packages/airflow/example_dags/example_python_operator.py
[2024-04-27 22:20:24,286] {logging_mixin.py:104} INFO - [2024-04-27 22:20:24,286] {dag.py:1824} INFO - Sync 1 DAGs
[2024-04-27 22:20:24,306] {logging_mixin.py:104} INFO - [2024-04-27 22:20:24,306] {dag.py:2280} INFO - Setting next_dagrun for example_python_operator to None
[2024-04-27 22:20:24,322] {scheduler_job.py:190} INFO - Processing /home/airflow/.local/lib/python3.6/site-packages/airflow/example_dags/example_python_operator.py took 0.106 seconds
[2024-04-27 22:20:55,168] {scheduler_job.py:182} INFO - Started process (PID=262) to work on /home/airflow/.local/lib/python3.6/site-packages/airflow/example_dags/example_python_operator.py
[2024-04-27 22:20:55,171] {scheduler_job.py:629} INFO - Processing file /home/airflow/.local/lib/python3.6/site-packages/airflow/example_dags/example_python_operator.py for tasks to queue
[2024-04-27 22:20:55,173] {logging_mixin.py:104} INFO - [2024-04-27 22:20:55,172] {dagbag.py:451} INFO - Filling up the DagBag from /home/airflow/.local/lib/python3.6/site-packages/airflow/example_dags/example_python_operator.py
[2024-04-27 22:20:55,195] {scheduler_job.py:639} INFO - DAG(s) dict_keys(['example_python_operator']) retrieved from /home/airflow/.local/lib/python3.6/site-packages/airflow/example_dags/example_python_operator.py
[2024-04-27 22:20:55,228] {logging_mixin.py:104} INFO - [2024-04-27 22:20:55,228] {dag.py:1824} INFO - Sync 1 DAGs
[2024-04-27 22:20:55,248] {logging_mixin.py:104} INFO - [2024-04-27 22:20:55,248] {dag.py:2280} INFO - Setting next_dagrun for example_python_operator to None
[2024-04-27 22:20:55,268] {scheduler_job.py:190} INFO - Processing /home/airflow/.local/lib/python3.6/site-packages/airflow/example_dags/example_python_operator.py took 0.103 seconds
[2024-04-27 22:21:25,557] {scheduler_job.py:182} INFO - Started process (PID=288) to work on /home/airflow/.local/lib/python3.6/site-packages/airflow/example_dags/example_python_operator.py
[2024-04-27 22:21:25,559] {scheduler_job.py:629} INFO - Processing file /home/airflow/.local/lib/python3.6/site-packages/airflow/example_dags/example_python_operator.py for tasks to queue
[2024-04-27 22:21:25,560] {logging_mixin.py:104} INFO - [2024-04-27 22:21:25,560] {dagbag.py:451} INFO - Filling up the DagBag from /home/airflow/.local/lib/python3.6/site-packages/airflow/example_dags/example_python_operator.py
[2024-04-27 22:21:25,586] {scheduler_job.py:639} INFO - DAG(s) dict_keys(['example_python_operator']) retrieved from /home/airflow/.local/lib/python3.6/site-packages/airflow/example_dags/example_python_operator.py
[2024-04-27 22:21:25,616] {logging_mixin.py:104} INFO - [2024-04-27 22:21:25,615] {dag.py:1824} INFO - Sync 1 DAGs
[2024-04-27 22:21:25,637] {logging_mixin.py:104} INFO - [2024-04-27 22:21:25,637] {dag.py:2280} INFO - Setting next_dagrun for example_python_operator to None
[2024-04-27 22:21:25,659] {scheduler_job.py:190} INFO - Processing /home/airflow/.local/lib/python3.6/site-packages/airflow/example_dags/example_python_operator.py took 0.106 seconds
[2024-04-27 22:21:55,975] {scheduler_job.py:182} INFO - Started process (PID=314) to work on /home/airflow/.local/lib/python3.6/site-packages/airflow/example_dags/example_python_operator.py
[2024-04-27 22:21:55,977] {scheduler_job.py:629} INFO - Processing file /home/airflow/.local/lib/python3.6/site-packages/airflow/example_dags/example_python_operator.py for tasks to queue
[2024-04-27 22:21:55,978] {logging_mixin.py:104} INFO - [2024-04-27 22:21:55,978] {dagbag.py:451} INFO - Filling up the DagBag from /home/airflow/.local/lib/python3.6/site-packages/airflow/example_dags/example_python_operator.py
[2024-04-27 22:21:55,998] {scheduler_job.py:639} INFO - DAG(s) dict_keys(['example_python_operator']) retrieved from /home/airflow/.local/lib/python3.6/site-packages/airflow/example_dags/example_python_operator.py
[2024-04-27 22:21:56,027] {logging_mixin.py:104} INFO - [2024-04-27 22:21:56,027] {dag.py:1824} INFO - Sync 1 DAGs
[2024-04-27 22:21:56,044] {logging_mixin.py:104} INFO - [2024-04-27 22:21:56,044] {dag.py:2280} INFO - Setting next_dagrun for example_python_operator to None
[2024-04-27 22:21:56,058] {scheduler_job.py:190} INFO - Processing /home/airflow/.local/lib/python3.6/site-packages/airflow/example_dags/example_python_operator.py took 0.087 seconds
[2024-04-27 22:22:26,223] {scheduler_job.py:182} INFO - Started process (PID=340) to work on /home/airflow/.local/lib/python3.6/site-packages/airflow/example_dags/example_python_operator.py
[2024-04-27 22:22:26,225] {scheduler_job.py:629} INFO - Processing file /home/airflow/.local/lib/python3.6/site-packages/airflow/example_dags/example_python_operator.py for tasks to queue
[2024-04-27 22:22:26,227] {logging_mixin.py:104} INFO - [2024-04-27 22:22:26,226] {dagbag.py:451} INFO - Filling up the DagBag from /home/airflow/.local/lib/python3.6/site-packages/airflow/example_dags/example_python_operator.py
[2024-04-27 22:22:26,253] {scheduler_job.py:639} INFO - DAG(s) dict_keys(['example_python_operator']) retrieved from /home/airflow/.local/lib/python3.6/site-packages/airflow/example_dags/example_python_operator.py
[2024-04-27 22:22:26,280] {logging_mixin.py:104} INFO - [2024-04-27 22:22:26,280] {dag.py:1824} INFO - Sync 1 DAGs
[2024-04-27 22:22:26,296] {logging_mixin.py:104} INFO - [2024-04-27 22:22:26,296] {dag.py:2280} INFO - Setting next_dagrun for example_python_operator to None
[2024-04-27 22:22:26,311] {scheduler_job.py:190} INFO - Processing /home/airflow/.local/lib/python3.6/site-packages/airflow/example_dags/example_python_operator.py took 0.092 seconds
[2024-04-27 22:22:57,004] {scheduler_job.py:182} INFO - Started process (PID=366) to work on /home/airflow/.local/lib/python3.6/site-packages/airflow/example_dags/example_python_operator.py
[2024-04-27 22:22:57,006] {scheduler_job.py:629} INFO - Processing file /home/airflow/.local/lib/python3.6/site-packages/airflow/example_dags/example_python_operator.py for tasks to queue
[2024-04-27 22:22:57,007] {logging_mixin.py:104} INFO - [2024-04-27 22:22:57,007] {dagbag.py:451} INFO - Filling up the DagBag from /home/airflow/.local/lib/python3.6/site-packages/airflow/example_dags/example_python_operator.py
[2024-04-27 22:22:57,028] {scheduler_job.py:639} INFO - DAG(s) dict_keys(['example_python_operator']) retrieved from /home/airflow/.local/lib/python3.6/site-packages/airflow/example_dags/example_python_operator.py
[2024-04-27 22:22:57,054] {logging_mixin.py:104} INFO - [2024-04-27 22:22:57,054] {dag.py:1824} INFO - Sync 1 DAGs
[2024-04-27 22:22:57,070] {logging_mixin.py:104} INFO - [2024-04-27 22:22:57,070] {dag.py:2280} INFO - Setting next_dagrun for example_python_operator to None
[2024-04-27 22:22:57,086] {scheduler_job.py:190} INFO - Processing /home/airflow/.local/lib/python3.6/site-packages/airflow/example_dags/example_python_operator.py took 0.086 seconds
[2024-04-27 22:23:27,623] {scheduler_job.py:182} INFO - Started process (PID=392) to work on /home/airflow/.local/lib/python3.6/site-packages/airflow/example_dags/example_python_operator.py
[2024-04-27 22:23:27,626] {scheduler_job.py:629} INFO - Processing file /home/airflow/.local/lib/python3.6/site-packages/airflow/example_dags/example_python_operator.py for tasks to queue
[2024-04-27 22:23:27,628] {logging_mixin.py:104} INFO - [2024-04-27 22:23:27,628] {dagbag.py:451} INFO - Filling up the DagBag from /home/airflow/.local/lib/python3.6/site-packages/airflow/example_dags/example_python_operator.py
[2024-04-27 22:23:27,660] {scheduler_job.py:639} INFO - DAG(s) dict_keys(['example_python_operator']) retrieved from /home/airflow/.local/lib/python3.6/site-packages/airflow/example_dags/example_python_operator.py
[2024-04-27 22:23:27,688] {logging_mixin.py:104} INFO - [2024-04-27 22:23:27,688] {dag.py:1824} INFO - Sync 1 DAGs
[2024-04-27 22:23:27,709] {logging_mixin.py:104} INFO - [2024-04-27 22:23:27,709] {dag.py:2280} INFO - Setting next_dagrun for example_python_operator to None
[2024-04-27 22:23:27,726] {scheduler_job.py:190} INFO - Processing /home/airflow/.local/lib/python3.6/site-packages/airflow/example_dags/example_python_operator.py took 0.109 seconds
[2024-04-27 22:23:57,769] {scheduler_job.py:182} INFO - Started process (PID=418) to work on /home/airflow/.local/lib/python3.6/site-packages/airflow/example_dags/example_python_operator.py
[2024-04-27 22:23:57,777] {scheduler_job.py:629} INFO - Processing file /home/airflow/.local/lib/python3.6/site-packages/airflow/example_dags/example_python_operator.py for tasks to queue
[2024-04-27 22:23:57,778] {logging_mixin.py:104} INFO - [2024-04-27 22:23:57,778] {dagbag.py:451} INFO - Filling up the DagBag from /home/airflow/.local/lib/python3.6/site-packages/airflow/example_dags/example_python_operator.py
[2024-04-27 22:23:57,794] {scheduler_job.py:639} INFO - DAG(s) dict_keys(['example_python_operator']) retrieved from /home/airflow/.local/lib/python3.6/site-packages/airflow/example_dags/example_python_operator.py
[2024-04-27 22:23:57,821] {logging_mixin.py:104} INFO - [2024-04-27 22:23:57,821] {dag.py:1824} INFO - Sync 1 DAGs
[2024-04-27 22:23:57,843] {logging_mixin.py:104} INFO - [2024-04-27 22:23:57,843] {dag.py:2280} INFO - Setting next_dagrun for example_python_operator to None
[2024-04-27 22:23:57,862] {scheduler_job.py:190} INFO - Processing /home/airflow/.local/lib/python3.6/site-packages/airflow/example_dags/example_python_operator.py took 0.096 seconds
[2024-04-27 22:24:28,092] {scheduler_job.py:182} INFO - Started process (PID=444) to work on /home/airflow/.local/lib/python3.6/site-packages/airflow/example_dags/example_python_operator.py
[2024-04-27 22:24:28,095] {scheduler_job.py:629} INFO - Processing file /home/airflow/.local/lib/python3.6/site-packages/airflow/example_dags/example_python_operator.py for tasks to queue
[2024-04-27 22:24:28,097] {logging_mixin.py:104} INFO - [2024-04-27 22:24:28,097] {dagbag.py:451} INFO - Filling up the DagBag from /home/airflow/.local/lib/python3.6/site-packages/airflow/example_dags/example_python_operator.py
[2024-04-27 22:24:28,125] {scheduler_job.py:639} INFO - DAG(s) dict_keys(['example_python_operator']) retrieved from /home/airflow/.local/lib/python3.6/site-packages/airflow/example_dags/example_python_operator.py
[2024-04-27 22:24:28,167] {logging_mixin.py:104} INFO - [2024-04-27 22:24:28,167] {dag.py:1824} INFO - Sync 1 DAGs
[2024-04-27 22:24:28,209] {logging_mixin.py:104} INFO - [2024-04-27 22:24:28,209] {dag.py:2280} INFO - Setting next_dagrun for example_python_operator to None
[2024-04-27 22:24:28,234] {scheduler_job.py:190} INFO - Processing /home/airflow/.local/lib/python3.6/site-packages/airflow/example_dags/example_python_operator.py took 0.153 seconds
[2024-04-27 22:24:58,383] {scheduler_job.py:182} INFO - Started process (PID=470) to work on /home/airflow/.local/lib/python3.6/site-packages/airflow/example_dags/example_python_operator.py
[2024-04-27 22:24:58,384] {scheduler_job.py:629} INFO - Processing file /home/airflow/.local/lib/python3.6/site-packages/airflow/example_dags/example_python_operator.py for tasks to queue
[2024-04-27 22:24:58,386] {logging_mixin.py:104} INFO - [2024-04-27 22:24:58,386] {dagbag.py:451} INFO - Filling up the DagBag from /home/airflow/.local/lib/python3.6/site-packages/airflow/example_dags/example_python_operator.py
[2024-04-27 22:24:58,401] {scheduler_job.py:639} INFO - DAG(s) dict_keys(['example_python_operator']) retrieved from /home/airflow/.local/lib/python3.6/site-packages/airflow/example_dags/example_python_operator.py
[2024-04-27 22:24:58,426] {logging_mixin.py:104} INFO - [2024-04-27 22:24:58,426] {dag.py:1824} INFO - Sync 1 DAGs
[2024-04-27 22:24:58,444] {logging_mixin.py:104} INFO - [2024-04-27 22:24:58,444] {dag.py:2280} INFO - Setting next_dagrun for example_python_operator to None
[2024-04-27 22:24:58,457] {scheduler_job.py:190} INFO - Processing /home/airflow/.local/lib/python3.6/site-packages/airflow/example_dags/example_python_operator.py took 0.079 seconds
[2024-04-27 22:25:28,529] {scheduler_job.py:182} INFO - Started process (PID=496) to work on /home/airflow/.local/lib/python3.6/site-packages/airflow/example_dags/example_python_operator.py
[2024-04-27 22:25:28,531] {scheduler_job.py:629} INFO - Processing file /home/airflow/.local/lib/python3.6/site-packages/airflow/example_dags/example_python_operator.py for tasks to queue
[2024-04-27 22:25:28,533] {logging_mixin.py:104} INFO - [2024-04-27 22:25:28,532] {dagbag.py:451} INFO - Filling up the DagBag from /home/airflow/.local/lib/python3.6/site-packages/airflow/example_dags/example_python_operator.py
[2024-04-27 22:25:28,549] {scheduler_job.py:639} INFO - DAG(s) dict_keys(['example_python_operator']) retrieved from /home/airflow/.local/lib/python3.6/site-packages/airflow/example_dags/example_python_operator.py
[2024-04-27 22:25:28,576] {logging_mixin.py:104} INFO - [2024-04-27 22:25:28,575] {dag.py:1824} INFO - Sync 1 DAGs
[2024-04-27 22:25:28,594] {logging_mixin.py:104} INFO - [2024-04-27 22:25:28,594] {dag.py:2280} INFO - Setting next_dagrun for example_python_operator to None
[2024-04-27 22:25:28,608] {scheduler_job.py:190} INFO - Processing /home/airflow/.local/lib/python3.6/site-packages/airflow/example_dags/example_python_operator.py took 0.083 seconds
[2024-04-27 22:25:58,702] {scheduler_job.py:182} INFO - Started process (PID=522) to work on /home/airflow/.local/lib/python3.6/site-packages/airflow/example_dags/example_python_operator.py
[2024-04-27 22:25:58,705] {scheduler_job.py:629} INFO - Processing file /home/airflow/.local/lib/python3.6/site-packages/airflow/example_dags/example_python_operator.py for tasks to queue
[2024-04-27 22:25:58,707] {logging_mixin.py:104} INFO - [2024-04-27 22:25:58,706] {dagbag.py:451} INFO - Filling up the DagBag from /home/airflow/.local/lib/python3.6/site-packages/airflow/example_dags/example_python_operator.py
[2024-04-27 22:25:58,730] {scheduler_job.py:639} INFO - DAG(s) dict_keys(['example_python_operator']) retrieved from /home/airflow/.local/lib/python3.6/site-packages/airflow/example_dags/example_python_operator.py
[2024-04-27 22:25:58,767] {logging_mixin.py:104} INFO - [2024-04-27 22:25:58,767] {dag.py:1824} INFO - Sync 1 DAGs
[2024-04-27 22:25:58,792] {logging_mixin.py:104} INFO - [2024-04-27 22:25:58,791] {dag.py:2280} INFO - Setting next_dagrun for example_python_operator to None
[2024-04-27 22:25:58,811] {scheduler_job.py:190} INFO - Processing /home/airflow/.local/lib/python3.6/site-packages/airflow/example_dags/example_python_operator.py took 0.115 seconds
[2024-04-27 22:26:28,904] {scheduler_job.py:182} INFO - Started process (PID=548) to work on /home/airflow/.local/lib/python3.6/site-packages/airflow/example_dags/example_python_operator.py
[2024-04-27 22:26:28,907] {scheduler_job.py:629} INFO - Processing file /home/airflow/.local/lib/python3.6/site-packages/airflow/example_dags/example_python_operator.py for tasks to queue
[2024-04-27 22:26:28,911] {logging_mixin.py:104} INFO - [2024-04-27 22:26:28,910] {dagbag.py:451} INFO - Filling up the DagBag from /home/airflow/.local/lib/python3.6/site-packages/airflow/example_dags/example_python_operator.py
[2024-04-27 22:26:28,930] {scheduler_job.py:639} INFO - DAG(s) dict_keys(['example_python_operator']) retrieved from /home/airflow/.local/lib/python3.6/site-packages/airflow/example_dags/example_python_operator.py
[2024-04-27 22:26:28,960] {logging_mixin.py:104} INFO - [2024-04-27 22:26:28,960] {dag.py:1824} INFO - Sync 1 DAGs
[2024-04-27 22:26:28,985] {logging_mixin.py:104} INFO - [2024-04-27 22:26:28,984] {dag.py:2280} INFO - Setting next_dagrun for example_python_operator to None
[2024-04-27 22:26:29,001] {scheduler_job.py:190} INFO - Processing /home/airflow/.local/lib/python3.6/site-packages/airflow/example_dags/example_python_operator.py took 0.103 seconds
[2024-04-27 22:26:59,512] {scheduler_job.py:182} INFO - Started process (PID=574) to work on /home/airflow/.local/lib/python3.6/site-packages/airflow/example_dags/example_python_operator.py
[2024-04-27 22:26:59,515] {scheduler_job.py:629} INFO - Processing file /home/airflow/.local/lib/python3.6/site-packages/airflow/example_dags/example_python_operator.py for tasks to queue
[2024-04-27 22:26:59,517] {logging_mixin.py:104} INFO - [2024-04-27 22:26:59,516] {dagbag.py:451} INFO - Filling up the DagBag from /home/airflow/.local/lib/python3.6/site-packages/airflow/example_dags/example_python_operator.py
[2024-04-27 22:26:59,544] {scheduler_job.py:639} INFO - DAG(s) dict_keys(['example_python_operator']) retrieved from /home/airflow/.local/lib/python3.6/site-packages/airflow/example_dags/example_python_operator.py
[2024-04-27 22:26:59,578] {logging_mixin.py:104} INFO - [2024-04-27 22:26:59,578] {dag.py:1824} INFO - Sync 1 DAGs
[2024-04-27 22:26:59,599] {logging_mixin.py:104} INFO - [2024-04-27 22:26:59,599] {dag.py:2280} INFO - Setting next_dagrun for example_python_operator to None
[2024-04-27 22:26:59,616] {scheduler_job.py:190} INFO - Processing /home/airflow/.local/lib/python3.6/site-packages/airflow/example_dags/example_python_operator.py took 0.109 seconds
[2024-04-27 22:27:30,625] {scheduler_job.py:182} INFO - Started process (PID=600) to work on /home/airflow/.local/lib/python3.6/site-packages/airflow/example_dags/example_python_operator.py
[2024-04-27 22:27:30,628] {scheduler_job.py:629} INFO - Processing file /home/airflow/.local/lib/python3.6/site-packages/airflow/example_dags/example_python_operator.py for tasks to queue
[2024-04-27 22:27:30,630] {logging_mixin.py:104} INFO - [2024-04-27 22:27:30,630] {dagbag.py:451} INFO - Filling up the DagBag from /home/airflow/.local/lib/python3.6/site-packages/airflow/example_dags/example_python_operator.py
[2024-04-27 22:27:30,656] {scheduler_job.py:639} INFO - DAG(s) dict_keys(['example_python_operator']) retrieved from /home/airflow/.local/lib/python3.6/site-packages/airflow/example_dags/example_python_operator.py
[2024-04-27 22:27:30,697] {logging_mixin.py:104} INFO - [2024-04-27 22:27:30,697] {dag.py:1824} INFO - Sync 1 DAGs
[2024-04-27 22:27:30,725] {logging_mixin.py:104} INFO - [2024-04-27 22:27:30,725] {dag.py:2280} INFO - Setting next_dagrun for example_python_operator to None
[2024-04-27 22:27:30,745] {scheduler_job.py:190} INFO - Processing /home/airflow/.local/lib/python3.6/site-packages/airflow/example_dags/example_python_operator.py took 0.126 seconds
[2024-04-27 22:28:01,179] {scheduler_job.py:182} INFO - Started process (PID=624) to work on /home/airflow/.local/lib/python3.6/site-packages/airflow/example_dags/example_python_operator.py
[2024-04-27 22:28:01,182] {scheduler_job.py:629} INFO - Processing file /home/airflow/.local/lib/python3.6/site-packages/airflow/example_dags/example_python_operator.py for tasks to queue
[2024-04-27 22:28:01,184] {logging_mixin.py:104} INFO - [2024-04-27 22:28:01,184] {dagbag.py:451} INFO - Filling up the DagBag from /home/airflow/.local/lib/python3.6/site-packages/airflow/example_dags/example_python_operator.py
[2024-04-27 22:28:01,205] {scheduler_job.py:639} INFO - DAG(s) dict_keys(['example_python_operator']) retrieved from /home/airflow/.local/lib/python3.6/site-packages/airflow/example_dags/example_python_operator.py
[2024-04-27 22:28:01,235] {logging_mixin.py:104} INFO - [2024-04-27 22:28:01,235] {dag.py:1824} INFO - Sync 1 DAGs
[2024-04-27 22:28:01,258] {logging_mixin.py:104} INFO - [2024-04-27 22:28:01,258] {dag.py:2280} INFO - Setting next_dagrun for example_python_operator to None
[2024-04-27 22:28:01,279] {scheduler_job.py:190} INFO - Processing /home/airflow/.local/lib/python3.6/site-packages/airflow/example_dags/example_python_operator.py took 0.105 seconds
[2024-04-27 22:28:31,484] {scheduler_job.py:182} INFO - Started process (PID=649) to work on /home/airflow/.local/lib/python3.6/site-packages/airflow/example_dags/example_python_operator.py
[2024-04-27 22:28:31,486] {scheduler_job.py:629} INFO - Processing file /home/airflow/.local/lib/python3.6/site-packages/airflow/example_dags/example_python_operator.py for tasks to queue
[2024-04-27 22:28:31,488] {logging_mixin.py:104} INFO - [2024-04-27 22:28:31,488] {dagbag.py:451} INFO - Filling up the DagBag from /home/airflow/.local/lib/python3.6/site-packages/airflow/example_dags/example_python_operator.py
[2024-04-27 22:28:31,508] {scheduler_job.py:639} INFO - DAG(s) dict_keys(['example_python_operator']) retrieved from /home/airflow/.local/lib/python3.6/site-packages/airflow/example_dags/example_python_operator.py
[2024-04-27 22:28:31,537] {logging_mixin.py:104} INFO - [2024-04-27 22:28:31,536] {dag.py:1824} INFO - Sync 1 DAGs
[2024-04-27 22:28:31,557] {logging_mixin.py:104} INFO - [2024-04-27 22:28:31,557] {dag.py:2280} INFO - Setting next_dagrun for example_python_operator to None
[2024-04-27 22:28:31,572] {scheduler_job.py:190} INFO - Processing /home/airflow/.local/lib/python3.6/site-packages/airflow/example_dags/example_python_operator.py took 0.093 seconds
[2024-04-27 22:29:02,195] {scheduler_job.py:182} INFO - Started process (PID=676) to work on /home/airflow/.local/lib/python3.6/site-packages/airflow/example_dags/example_python_operator.py
[2024-04-27 22:29:02,198] {scheduler_job.py:629} INFO - Processing file /home/airflow/.local/lib/python3.6/site-packages/airflow/example_dags/example_python_operator.py for tasks to queue
[2024-04-27 22:29:02,200] {logging_mixin.py:104} INFO - [2024-04-27 22:29:02,200] {dagbag.py:451} INFO - Filling up the DagBag from /home/airflow/.local/lib/python3.6/site-packages/airflow/example_dags/example_python_operator.py
[2024-04-27 22:29:02,219] {scheduler_job.py:639} INFO - DAG(s) dict_keys(['example_python_operator']) retrieved from /home/airflow/.local/lib/python3.6/site-packages/airflow/example_dags/example_python_operator.py
[2024-04-27 22:29:02,249] {logging_mixin.py:104} INFO - [2024-04-27 22:29:02,249] {dag.py:1824} INFO - Sync 1 DAGs
[2024-04-27 22:29:02,269] {logging_mixin.py:104} INFO - [2024-04-27 22:29:02,269] {dag.py:2280} INFO - Setting next_dagrun for example_python_operator to None
[2024-04-27 22:29:02,285] {scheduler_job.py:190} INFO - Processing /home/airflow/.local/lib/python3.6/site-packages/airflow/example_dags/example_python_operator.py took 0.095 seconds
[2024-04-27 22:29:32,551] {scheduler_job.py:182} INFO - Started process (PID=702) to work on /home/airflow/.local/lib/python3.6/site-packages/airflow/example_dags/example_python_operator.py
[2024-04-27 22:29:32,555] {scheduler_job.py:629} INFO - Processing file /home/airflow/.local/lib/python3.6/site-packages/airflow/example_dags/example_python_operator.py for tasks to queue
[2024-04-27 22:29:32,558] {logging_mixin.py:104} INFO - [2024-04-27 22:29:32,557] {dagbag.py:451} INFO - Filling up the DagBag from /home/airflow/.local/lib/python3.6/site-packages/airflow/example_dags/example_python_operator.py
[2024-04-27 22:29:32,596] {scheduler_job.py:639} INFO - DAG(s) dict_keys(['example_python_operator']) retrieved from /home/airflow/.local/lib/python3.6/site-packages/airflow/example_dags/example_python_operator.py
[2024-04-27 22:29:32,664] {logging_mixin.py:104} INFO - [2024-04-27 22:29:32,664] {dag.py:1824} INFO - Sync 1 DAGs
[2024-04-27 22:29:32,709] {logging_mixin.py:104} INFO - [2024-04-27 22:29:32,709] {dag.py:2280} INFO - Setting next_dagrun for example_python_operator to None
[2024-04-27 22:29:32,740] {scheduler_job.py:190} INFO - Processing /home/airflow/.local/lib/python3.6/site-packages/airflow/example_dags/example_python_operator.py took 0.198 seconds
[2024-04-27 22:30:03,672] {scheduler_job.py:182} INFO - Started process (PID=728) to work on /home/airflow/.local/lib/python3.6/site-packages/airflow/example_dags/example_python_operator.py
[2024-04-27 22:30:03,675] {scheduler_job.py:629} INFO - Processing file /home/airflow/.local/lib/python3.6/site-packages/airflow/example_dags/example_python_operator.py for tasks to queue
[2024-04-27 22:30:03,677] {logging_mixin.py:104} INFO - [2024-04-27 22:30:03,677] {dagbag.py:451} INFO - Filling up the DagBag from /home/airflow/.local/lib/python3.6/site-packages/airflow/example_dags/example_python_operator.py
[2024-04-27 22:30:03,712] {scheduler_job.py:639} INFO - DAG(s) dict_keys(['example_python_operator']) retrieved from /home/airflow/.local/lib/python3.6/site-packages/airflow/example_dags/example_python_operator.py
[2024-04-27 22:30:03,756] {logging_mixin.py:104} INFO - [2024-04-27 22:30:03,756] {dag.py:1824} INFO - Sync 1 DAGs
[2024-04-27 22:30:03,784] {logging_mixin.py:104} INFO - [2024-04-27 22:30:03,784] {dag.py:2280} INFO - Setting next_dagrun for example_python_operator to None
[2024-04-27 22:30:03,801] {scheduler_job.py:190} INFO - Processing /home/airflow/.local/lib/python3.6/site-packages/airflow/example_dags/example_python_operator.py took 0.135 seconds
[2024-04-27 22:30:34,707] {scheduler_job.py:182} INFO - Started process (PID=755) to work on /home/airflow/.local/lib/python3.6/site-packages/airflow/example_dags/example_python_operator.py
[2024-04-27 22:30:34,710] {scheduler_job.py:629} INFO - Processing file /home/airflow/.local/lib/python3.6/site-packages/airflow/example_dags/example_python_operator.py for tasks to queue
[2024-04-27 22:30:34,711] {logging_mixin.py:104} INFO - [2024-04-27 22:30:34,711] {dagbag.py:451} INFO - Filling up the DagBag from /home/airflow/.local/lib/python3.6/site-packages/airflow/example_dags/example_python_operator.py
[2024-04-27 22:30:34,733] {scheduler_job.py:639} INFO - DAG(s) dict_keys(['example_python_operator']) retrieved from /home/airflow/.local/lib/python3.6/site-packages/airflow/example_dags/example_python_operator.py
[2024-04-27 22:30:34,763] {logging_mixin.py:104} INFO - [2024-04-27 22:30:34,762] {dag.py:1824} INFO - Sync 1 DAGs
[2024-04-27 22:30:34,782] {logging_mixin.py:104} INFO - [2024-04-27 22:30:34,782] {dag.py:2280} INFO - Setting next_dagrun for example_python_operator to None
[2024-04-27 22:30:34,798] {scheduler_job.py:190} INFO - Processing /home/airflow/.local/lib/python3.6/site-packages/airflow/example_dags/example_python_operator.py took 0.097 seconds
[2024-04-27 22:31:05,250] {scheduler_job.py:182} INFO - Started process (PID=781) to work on /home/airflow/.local/lib/python3.6/site-packages/airflow/example_dags/example_python_operator.py
[2024-04-27 22:31:05,253] {scheduler_job.py:629} INFO - Processing file /home/airflow/.local/lib/python3.6/site-packages/airflow/example_dags/example_python_operator.py for tasks to queue
[2024-04-27 22:31:05,254] {logging_mixin.py:104} INFO - [2024-04-27 22:31:05,254] {dagbag.py:451} INFO - Filling up the DagBag from /home/airflow/.local/lib/python3.6/site-packages/airflow/example_dags/example_python_operator.py
[2024-04-27 22:31:05,272] {scheduler_job.py:639} INFO - DAG(s) dict_keys(['example_python_operator']) retrieved from /home/airflow/.local/lib/python3.6/site-packages/airflow/example_dags/example_python_operator.py
[2024-04-27 22:31:05,299] {logging_mixin.py:104} INFO - [2024-04-27 22:31:05,298] {dag.py:1824} INFO - Sync 1 DAGs
[2024-04-27 22:31:05,319] {logging_mixin.py:104} INFO - [2024-04-27 22:31:05,319] {dag.py:2280} INFO - Setting next_dagrun for example_python_operator to None
[2024-04-27 22:31:05,335] {scheduler_job.py:190} INFO - Processing /home/airflow/.local/lib/python3.6/site-packages/airflow/example_dags/example_python_operator.py took 0.091 seconds
[2024-04-27 22:31:35,956] {scheduler_job.py:182} INFO - Started process (PID=807) to work on /home/airflow/.local/lib/python3.6/site-packages/airflow/example_dags/example_python_operator.py
[2024-04-27 22:31:35,959] {scheduler_job.py:629} INFO - Processing file /home/airflow/.local/lib/python3.6/site-packages/airflow/example_dags/example_python_operator.py for tasks to queue
[2024-04-27 22:31:35,961] {logging_mixin.py:104} INFO - [2024-04-27 22:31:35,961] {dagbag.py:451} INFO - Filling up the DagBag from /home/airflow/.local/lib/python3.6/site-packages/airflow/example_dags/example_python_operator.py
[2024-04-27 22:31:35,988] {scheduler_job.py:639} INFO - DAG(s) dict_keys(['example_python_operator']) retrieved from /home/airflow/.local/lib/python3.6/site-packages/airflow/example_dags/example_python_operator.py
[2024-04-27 22:31:36,045] {logging_mixin.py:104} INFO - [2024-04-27 22:31:36,045] {dag.py:1824} INFO - Sync 1 DAGs
[2024-04-27 22:31:36,082] {logging_mixin.py:104} INFO - [2024-04-27 22:31:36,082] {dag.py:2280} INFO - Setting next_dagrun for example_python_operator to None
[2024-04-27 22:31:36,114] {scheduler_job.py:190} INFO - Processing /home/airflow/.local/lib/python3.6/site-packages/airflow/example_dags/example_python_operator.py took 0.164 seconds
[2024-04-27 22:32:06,522] {scheduler_job.py:182} INFO - Started process (PID=832) to work on /home/airflow/.local/lib/python3.6/site-packages/airflow/example_dags/example_python_operator.py
[2024-04-27 22:32:06,524] {scheduler_job.py:629} INFO - Processing file /home/airflow/.local/lib/python3.6/site-packages/airflow/example_dags/example_python_operator.py for tasks to queue
[2024-04-27 22:32:06,526] {logging_mixin.py:104} INFO - [2024-04-27 22:32:06,526] {dagbag.py:451} INFO - Filling up the DagBag from /home/airflow/.local/lib/python3.6/site-packages/airflow/example_dags/example_python_operator.py
[2024-04-27 22:32:06,547] {scheduler_job.py:639} INFO - DAG(s) dict_keys(['example_python_operator']) retrieved from /home/airflow/.local/lib/python3.6/site-packages/airflow/example_dags/example_python_operator.py
[2024-04-27 22:32:06,582] {logging_mixin.py:104} INFO - [2024-04-27 22:32:06,581] {dag.py:1824} INFO - Sync 1 DAGs
[2024-04-27 22:32:06,605] {logging_mixin.py:104} INFO - [2024-04-27 22:32:06,605] {dag.py:2280} INFO - Setting next_dagrun for example_python_operator to None
[2024-04-27 22:32:06,621] {scheduler_job.py:190} INFO - Processing /home/airflow/.local/lib/python3.6/site-packages/airflow/example_dags/example_python_operator.py took 0.104 seconds
[2024-04-27 22:32:36,706] {scheduler_job.py:182} INFO - Started process (PID=858) to work on /home/airflow/.local/lib/python3.6/site-packages/airflow/example_dags/example_python_operator.py
[2024-04-27 22:32:36,708] {scheduler_job.py:629} INFO - Processing file /home/airflow/.local/lib/python3.6/site-packages/airflow/example_dags/example_python_operator.py for tasks to queue
[2024-04-27 22:32:36,709] {logging_mixin.py:104} INFO - [2024-04-27 22:32:36,709] {dagbag.py:451} INFO - Filling up the DagBag from /home/airflow/.local/lib/python3.6/site-packages/airflow/example_dags/example_python_operator.py
[2024-04-27 22:32:36,727] {scheduler_job.py:639} INFO - DAG(s) dict_keys(['example_python_operator']) retrieved from /home/airflow/.local/lib/python3.6/site-packages/airflow/example_dags/example_python_operator.py
[2024-04-27 22:32:36,756] {logging_mixin.py:104} INFO - [2024-04-27 22:32:36,756] {dag.py:1824} INFO - Sync 1 DAGs
[2024-04-27 22:32:36,778] {logging_mixin.py:104} INFO - [2024-04-27 22:32:36,778] {dag.py:2280} INFO - Setting next_dagrun for example_python_operator to None
[2024-04-27 22:32:36,795] {scheduler_job.py:190} INFO - Processing /home/airflow/.local/lib/python3.6/site-packages/airflow/example_dags/example_python_operator.py took 0.093 seconds
[2024-04-27 22:33:07,142] {scheduler_job.py:182} INFO - Started process (PID=883) to work on /home/airflow/.local/lib/python3.6/site-packages/airflow/example_dags/example_python_operator.py
[2024-04-27 22:33:07,147] {scheduler_job.py:629} INFO - Processing file /home/airflow/.local/lib/python3.6/site-packages/airflow/example_dags/example_python_operator.py for tasks to queue
[2024-04-27 22:33:07,151] {logging_mixin.py:104} INFO - [2024-04-27 22:33:07,151] {dagbag.py:451} INFO - Filling up the DagBag from /home/airflow/.local/lib/python3.6/site-packages/airflow/example_dags/example_python_operator.py
[2024-04-27 22:33:07,188] {scheduler_job.py:639} INFO - DAG(s) dict_keys(['example_python_operator']) retrieved from /home/airflow/.local/lib/python3.6/site-packages/airflow/example_dags/example_python_operator.py
[2024-04-27 22:33:07,221] {logging_mixin.py:104} INFO - [2024-04-27 22:33:07,221] {dag.py:1824} INFO - Sync 1 DAGs
[2024-04-27 22:33:07,247] {logging_mixin.py:104} INFO - [2024-04-27 22:33:07,246] {dag.py:2280} INFO - Setting next_dagrun for example_python_operator to None
[2024-04-27 22:33:07,268] {scheduler_job.py:190} INFO - Processing /home/airflow/.local/lib/python3.6/site-packages/airflow/example_dags/example_python_operator.py took 0.132 seconds
[2024-04-27 22:33:37,512] {scheduler_job.py:182} INFO - Started process (PID=909) to work on /home/airflow/.local/lib/python3.6/site-packages/airflow/example_dags/example_python_operator.py
[2024-04-27 22:33:37,514] {scheduler_job.py:629} INFO - Processing file /home/airflow/.local/lib/python3.6/site-packages/airflow/example_dags/example_python_operator.py for tasks to queue
[2024-04-27 22:33:37,516] {logging_mixin.py:104} INFO - [2024-04-27 22:33:37,516] {dagbag.py:451} INFO - Filling up the DagBag from /home/airflow/.local/lib/python3.6/site-packages/airflow/example_dags/example_python_operator.py
[2024-04-27 22:33:37,538] {scheduler_job.py:639} INFO - DAG(s) dict_keys(['example_python_operator']) retrieved from /home/airflow/.local/lib/python3.6/site-packages/airflow/example_dags/example_python_operator.py
[2024-04-27 22:33:37,567] {logging_mixin.py:104} INFO - [2024-04-27 22:33:37,567] {dag.py:1824} INFO - Sync 1 DAGs
[2024-04-27 22:33:37,586] {logging_mixin.py:104} INFO - [2024-04-27 22:33:37,586] {dag.py:2280} INFO - Setting next_dagrun for example_python_operator to None
[2024-04-27 22:33:37,602] {scheduler_job.py:190} INFO - Processing /home/airflow/.local/lib/python3.6/site-packages/airflow/example_dags/example_python_operator.py took 0.094 seconds
[2024-04-27 22:34:08,700] {scheduler_job.py:182} INFO - Started process (PID=937) to work on /home/airflow/.local/lib/python3.6/site-packages/airflow/example_dags/example_python_operator.py
[2024-04-27 22:34:08,703] {scheduler_job.py:629} INFO - Processing file /home/airflow/.local/lib/python3.6/site-packages/airflow/example_dags/example_python_operator.py for tasks to queue
[2024-04-27 22:34:08,705] {logging_mixin.py:104} INFO - [2024-04-27 22:34:08,704] {dagbag.py:451} INFO - Filling up the DagBag from /home/airflow/.local/lib/python3.6/site-packages/airflow/example_dags/example_python_operator.py
[2024-04-27 22:34:08,725] {scheduler_job.py:639} INFO - DAG(s) dict_keys(['example_python_operator']) retrieved from /home/airflow/.local/lib/python3.6/site-packages/airflow/example_dags/example_python_operator.py
[2024-04-27 22:34:08,761] {logging_mixin.py:104} INFO - [2024-04-27 22:34:08,761] {dag.py:1824} INFO - Sync 1 DAGs
[2024-04-27 22:34:08,783] {logging_mixin.py:104} INFO - [2024-04-27 22:34:08,783] {dag.py:2280} INFO - Setting next_dagrun for example_python_operator to None
[2024-04-27 22:34:08,800] {scheduler_job.py:190} INFO - Processing /home/airflow/.local/lib/python3.6/site-packages/airflow/example_dags/example_python_operator.py took 0.105 seconds
[2024-04-27 22:34:39,612] {scheduler_job.py:182} INFO - Started process (PID=963) to work on /home/airflow/.local/lib/python3.6/site-packages/airflow/example_dags/example_python_operator.py
[2024-04-27 22:34:39,615] {scheduler_job.py:629} INFO - Processing file /home/airflow/.local/lib/python3.6/site-packages/airflow/example_dags/example_python_operator.py for tasks to queue
[2024-04-27 22:34:39,616] {logging_mixin.py:104} INFO - [2024-04-27 22:34:39,616] {dagbag.py:451} INFO - Filling up the DagBag from /home/airflow/.local/lib/python3.6/site-packages/airflow/example_dags/example_python_operator.py
[2024-04-27 22:34:39,636] {scheduler_job.py:639} INFO - DAG(s) dict_keys(['example_python_operator']) retrieved from /home/airflow/.local/lib/python3.6/site-packages/airflow/example_dags/example_python_operator.py
[2024-04-27 22:34:39,667] {logging_mixin.py:104} INFO - [2024-04-27 22:34:39,666] {dag.py:1824} INFO - Sync 1 DAGs
[2024-04-27 22:34:39,687] {logging_mixin.py:104} INFO - [2024-04-27 22:34:39,687] {dag.py:2280} INFO - Setting next_dagrun for example_python_operator to None
[2024-04-27 22:34:39,703] {scheduler_job.py:190} INFO - Processing /home/airflow/.local/lib/python3.6/site-packages/airflow/example_dags/example_python_operator.py took 0.096 seconds
[2024-04-27 22:35:10,648] {scheduler_job.py:182} INFO - Started process (PID=989) to work on /home/airflow/.local/lib/python3.6/site-packages/airflow/example_dags/example_python_operator.py
[2024-04-27 22:35:10,651] {scheduler_job.py:629} INFO - Processing file /home/airflow/.local/lib/python3.6/site-packages/airflow/example_dags/example_python_operator.py for tasks to queue
[2024-04-27 22:35:10,652] {logging_mixin.py:104} INFO - [2024-04-27 22:35:10,652] {dagbag.py:451} INFO - Filling up the DagBag from /home/airflow/.local/lib/python3.6/site-packages/airflow/example_dags/example_python_operator.py
[2024-04-27 22:35:10,671] {scheduler_job.py:639} INFO - DAG(s) dict_keys(['example_python_operator']) retrieved from /home/airflow/.local/lib/python3.6/site-packages/airflow/example_dags/example_python_operator.py
[2024-04-27 22:35:10,698] {logging_mixin.py:104} INFO - [2024-04-27 22:35:10,698] {dag.py:1824} INFO - Sync 1 DAGs
[2024-04-27 22:35:10,718] {logging_mixin.py:104} INFO - [2024-04-27 22:35:10,718] {dag.py:2280} INFO - Setting next_dagrun for example_python_operator to None
[2024-04-27 22:35:10,733] {scheduler_job.py:190} INFO - Processing /home/airflow/.local/lib/python3.6/site-packages/airflow/example_dags/example_python_operator.py took 0.089 seconds
[2024-04-27 22:35:41,319] {scheduler_job.py:182} INFO - Started process (PID=1014) to work on /home/airflow/.local/lib/python3.6/site-packages/airflow/example_dags/example_python_operator.py
[2024-04-27 22:35:41,321] {scheduler_job.py:629} INFO - Processing file /home/airflow/.local/lib/python3.6/site-packages/airflow/example_dags/example_python_operator.py for tasks to queue
[2024-04-27 22:35:41,323] {logging_mixin.py:104} INFO - [2024-04-27 22:35:41,323] {dagbag.py:451} INFO - Filling up the DagBag from /home/airflow/.local/lib/python3.6/site-packages/airflow/example_dags/example_python_operator.py
[2024-04-27 22:35:41,349] {scheduler_job.py:639} INFO - DAG(s) dict_keys(['example_python_operator']) retrieved from /home/airflow/.local/lib/python3.6/site-packages/airflow/example_dags/example_python_operator.py
[2024-04-27 22:35:41,384] {logging_mixin.py:104} INFO - [2024-04-27 22:35:41,384] {dag.py:1824} INFO - Sync 1 DAGs
[2024-04-27 22:35:41,409] {logging_mixin.py:104} INFO - [2024-04-27 22:35:41,409] {dag.py:2280} INFO - Setting next_dagrun for example_python_operator to None
[2024-04-27 22:35:41,428] {scheduler_job.py:190} INFO - Processing /home/airflow/.local/lib/python3.6/site-packages/airflow/example_dags/example_python_operator.py took 0.115 seconds
[2024-04-27 22:36:11,583] {scheduler_job.py:182} INFO - Started process (PID=1039) to work on /home/airflow/.local/lib/python3.6/site-packages/airflow/example_dags/example_python_operator.py
[2024-04-27 22:36:11,585] {scheduler_job.py:629} INFO - Processing file /home/airflow/.local/lib/python3.6/site-packages/airflow/example_dags/example_python_operator.py for tasks to queue
[2024-04-27 22:36:11,588] {logging_mixin.py:104} INFO - [2024-04-27 22:36:11,588] {dagbag.py:451} INFO - Filling up the DagBag from /home/airflow/.local/lib/python3.6/site-packages/airflow/example_dags/example_python_operator.py
[2024-04-27 22:36:11,618] {scheduler_job.py:639} INFO - DAG(s) dict_keys(['example_python_operator']) retrieved from /home/airflow/.local/lib/python3.6/site-packages/airflow/example_dags/example_python_operator.py
[2024-04-27 22:36:11,658] {logging_mixin.py:104} INFO - [2024-04-27 22:36:11,658] {dag.py:1824} INFO - Sync 1 DAGs
[2024-04-27 22:36:11,683] {logging_mixin.py:104} INFO - [2024-04-27 22:36:11,683] {dag.py:2280} INFO - Setting next_dagrun for example_python_operator to None
[2024-04-27 22:36:11,702] {scheduler_job.py:190} INFO - Processing /home/airflow/.local/lib/python3.6/site-packages/airflow/example_dags/example_python_operator.py took 0.126 seconds
[2024-04-27 22:36:42,560] {scheduler_job.py:182} INFO - Started process (PID=1066) to work on /home/airflow/.local/lib/python3.6/site-packages/airflow/example_dags/example_python_operator.py
[2024-04-27 22:36:42,562] {scheduler_job.py:629} INFO - Processing file /home/airflow/.local/lib/python3.6/site-packages/airflow/example_dags/example_python_operator.py for tasks to queue
[2024-04-27 22:36:42,564] {logging_mixin.py:104} INFO - [2024-04-27 22:36:42,564] {dagbag.py:451} INFO - Filling up the DagBag from /home/airflow/.local/lib/python3.6/site-packages/airflow/example_dags/example_python_operator.py
[2024-04-27 22:36:42,583] {scheduler_job.py:639} INFO - DAG(s) dict_keys(['example_python_operator']) retrieved from /home/airflow/.local/lib/python3.6/site-packages/airflow/example_dags/example_python_operator.py
[2024-04-27 22:36:42,616] {logging_mixin.py:104} INFO - [2024-04-27 22:36:42,616] {dag.py:1824} INFO - Sync 1 DAGs
[2024-04-27 22:36:42,641] {logging_mixin.py:104} INFO - [2024-04-27 22:36:42,641] {dag.py:2280} INFO - Setting next_dagrun for example_python_operator to None
[2024-04-27 22:36:42,665] {scheduler_job.py:190} INFO - Processing /home/airflow/.local/lib/python3.6/site-packages/airflow/example_dags/example_python_operator.py took 0.111 seconds
[2024-04-27 22:37:13,704] {scheduler_job.py:182} INFO - Started process (PID=1092) to work on /home/airflow/.local/lib/python3.6/site-packages/airflow/example_dags/example_python_operator.py
[2024-04-27 22:37:13,706] {scheduler_job.py:629} INFO - Processing file /home/airflow/.local/lib/python3.6/site-packages/airflow/example_dags/example_python_operator.py for tasks to queue
[2024-04-27 22:37:13,708] {logging_mixin.py:104} INFO - [2024-04-27 22:37:13,707] {dagbag.py:451} INFO - Filling up the DagBag from /home/airflow/.local/lib/python3.6/site-packages/airflow/example_dags/example_python_operator.py
[2024-04-27 22:37:13,727] {scheduler_job.py:639} INFO - DAG(s) dict_keys(['example_python_operator']) retrieved from /home/airflow/.local/lib/python3.6/site-packages/airflow/example_dags/example_python_operator.py
[2024-04-27 22:37:13,757] {logging_mixin.py:104} INFO - [2024-04-27 22:37:13,757] {dag.py:1824} INFO - Sync 1 DAGs
[2024-04-27 22:37:13,776] {logging_mixin.py:104} INFO - [2024-04-27 22:37:13,776] {dag.py:2280} INFO - Setting next_dagrun for example_python_operator to None
[2024-04-27 22:37:13,791] {scheduler_job.py:190} INFO - Processing /home/airflow/.local/lib/python3.6/site-packages/airflow/example_dags/example_python_operator.py took 0.091 seconds
[2024-04-27 22:37:43,954] {scheduler_job.py:182} INFO - Started process (PID=1118) to work on /home/airflow/.local/lib/python3.6/site-packages/airflow/example_dags/example_python_operator.py
[2024-04-27 22:37:43,957] {scheduler_job.py:629} INFO - Processing file /home/airflow/.local/lib/python3.6/site-packages/airflow/example_dags/example_python_operator.py for tasks to queue
[2024-04-27 22:37:43,960] {logging_mixin.py:104} INFO - [2024-04-27 22:37:43,960] {dagbag.py:451} INFO - Filling up the DagBag from /home/airflow/.local/lib/python3.6/site-packages/airflow/example_dags/example_python_operator.py
[2024-04-27 22:37:43,987] {scheduler_job.py:639} INFO - DAG(s) dict_keys(['example_python_operator']) retrieved from /home/airflow/.local/lib/python3.6/site-packages/airflow/example_dags/example_python_operator.py
[2024-04-27 22:37:44,017] {logging_mixin.py:104} INFO - [2024-04-27 22:37:44,017] {dag.py:1824} INFO - Sync 1 DAGs
[2024-04-27 22:37:44,040] {logging_mixin.py:104} INFO - [2024-04-27 22:37:44,040] {dag.py:2280} INFO - Setting next_dagrun for example_python_operator to None
[2024-04-27 22:37:44,057] {scheduler_job.py:190} INFO - Processing /home/airflow/.local/lib/python3.6/site-packages/airflow/example_dags/example_python_operator.py took 0.110 seconds
[2024-04-27 22:38:14,457] {scheduler_job.py:182} INFO - Started process (PID=1144) to work on /home/airflow/.local/lib/python3.6/site-packages/airflow/example_dags/example_python_operator.py
[2024-04-27 22:38:14,459] {scheduler_job.py:629} INFO - Processing file /home/airflow/.local/lib/python3.6/site-packages/airflow/example_dags/example_python_operator.py for tasks to queue
[2024-04-27 22:38:14,460] {logging_mixin.py:104} INFO - [2024-04-27 22:38:14,460] {dagbag.py:451} INFO - Filling up the DagBag from /home/airflow/.local/lib/python3.6/site-packages/airflow/example_dags/example_python_operator.py
[2024-04-27 22:38:14,477] {scheduler_job.py:639} INFO - DAG(s) dict_keys(['example_python_operator']) retrieved from /home/airflow/.local/lib/python3.6/site-packages/airflow/example_dags/example_python_operator.py
[2024-04-27 22:38:14,502] {logging_mixin.py:104} INFO - [2024-04-27 22:38:14,502] {dag.py:1824} INFO - Sync 1 DAGs
[2024-04-27 22:38:14,519] {logging_mixin.py:104} INFO - [2024-04-27 22:38:14,519] {dag.py:2280} INFO - Setting next_dagrun for example_python_operator to None
[2024-04-27 22:38:14,534] {scheduler_job.py:190} INFO - Processing /home/airflow/.local/lib/python3.6/site-packages/airflow/example_dags/example_python_operator.py took 0.082 seconds
[2024-04-27 22:38:44,729] {scheduler_job.py:182} INFO - Started process (PID=1170) to work on /home/airflow/.local/lib/python3.6/site-packages/airflow/example_dags/example_python_operator.py
[2024-04-27 22:38:44,731] {scheduler_job.py:629} INFO - Processing file /home/airflow/.local/lib/python3.6/site-packages/airflow/example_dags/example_python_operator.py for tasks to queue
[2024-04-27 22:38:44,732] {logging_mixin.py:104} INFO - [2024-04-27 22:38:44,732] {dagbag.py:451} INFO - Filling up the DagBag from /home/airflow/.local/lib/python3.6/site-packages/airflow/example_dags/example_python_operator.py
[2024-04-27 22:38:44,752] {scheduler_job.py:639} INFO - DAG(s) dict_keys(['example_python_operator']) retrieved from /home/airflow/.local/lib/python3.6/site-packages/airflow/example_dags/example_python_operator.py
[2024-04-27 22:38:44,785] {logging_mixin.py:104} INFO - [2024-04-27 22:38:44,785] {dag.py:1824} INFO - Sync 1 DAGs
[2024-04-27 22:38:44,812] {logging_mixin.py:104} INFO - [2024-04-27 22:38:44,812] {dag.py:2280} INFO - Setting next_dagrun for example_python_operator to None
[2024-04-27 22:38:44,830] {scheduler_job.py:190} INFO - Processing /home/airflow/.local/lib/python3.6/site-packages/airflow/example_dags/example_python_operator.py took 0.106 seconds
[2024-04-27 22:39:15,695] {scheduler_job.py:182} INFO - Started process (PID=1196) to work on /home/airflow/.local/lib/python3.6/site-packages/airflow/example_dags/example_python_operator.py
[2024-04-27 22:39:15,698] {scheduler_job.py:629} INFO - Processing file /home/airflow/.local/lib/python3.6/site-packages/airflow/example_dags/example_python_operator.py for tasks to queue
[2024-04-27 22:39:15,700] {logging_mixin.py:104} INFO - [2024-04-27 22:39:15,699] {dagbag.py:451} INFO - Filling up the DagBag from /home/airflow/.local/lib/python3.6/site-packages/airflow/example_dags/example_python_operator.py
[2024-04-27 22:39:15,719] {scheduler_job.py:639} INFO - DAG(s) dict_keys(['example_python_operator']) retrieved from /home/airflow/.local/lib/python3.6/site-packages/airflow/example_dags/example_python_operator.py
[2024-04-27 22:39:15,747] {logging_mixin.py:104} INFO - [2024-04-27 22:39:15,747] {dag.py:1824} INFO - Sync 1 DAGs
[2024-04-27 22:39:15,768] {logging_mixin.py:104} INFO - [2024-04-27 22:39:15,768] {dag.py:2280} INFO - Setting next_dagrun for example_python_operator to None
[2024-04-27 22:39:15,785] {scheduler_job.py:190} INFO - Processing /home/airflow/.local/lib/python3.6/site-packages/airflow/example_dags/example_python_operator.py took 0.094 seconds
[2024-04-27 22:39:46,102] {scheduler_job.py:182} INFO - Started process (PID=1222) to work on /home/airflow/.local/lib/python3.6/site-packages/airflow/example_dags/example_python_operator.py
[2024-04-27 22:39:46,104] {scheduler_job.py:629} INFO - Processing file /home/airflow/.local/lib/python3.6/site-packages/airflow/example_dags/example_python_operator.py for tasks to queue
[2024-04-27 22:39:46,106] {logging_mixin.py:104} INFO - [2024-04-27 22:39:46,106] {dagbag.py:451} INFO - Filling up the DagBag from /home/airflow/.local/lib/python3.6/site-packages/airflow/example_dags/example_python_operator.py
[2024-04-27 22:39:46,131] {scheduler_job.py:639} INFO - DAG(s) dict_keys(['example_python_operator']) retrieved from /home/airflow/.local/lib/python3.6/site-packages/airflow/example_dags/example_python_operator.py
[2024-04-27 22:39:46,157] {logging_mixin.py:104} INFO - [2024-04-27 22:39:46,157] {dag.py:1824} INFO - Sync 1 DAGs
[2024-04-27 22:39:46,179] {logging_mixin.py:104} INFO - [2024-04-27 22:39:46,179] {dag.py:2280} INFO - Setting next_dagrun for example_python_operator to None
[2024-04-27 22:39:46,195] {scheduler_job.py:190} INFO - Processing /home/airflow/.local/lib/python3.6/site-packages/airflow/example_dags/example_python_operator.py took 0.097 seconds
[2024-04-27 22:40:16,356] {scheduler_job.py:182} INFO - Started process (PID=1248) to work on /home/airflow/.local/lib/python3.6/site-packages/airflow/example_dags/example_python_operator.py
[2024-04-27 22:40:16,358] {scheduler_job.py:629} INFO - Processing file /home/airflow/.local/lib/python3.6/site-packages/airflow/example_dags/example_python_operator.py for tasks to queue
[2024-04-27 22:40:16,359] {logging_mixin.py:104} INFO - [2024-04-27 22:40:16,359] {dagbag.py:451} INFO - Filling up the DagBag from /home/airflow/.local/lib/python3.6/site-packages/airflow/example_dags/example_python_operator.py
[2024-04-27 22:40:16,378] {scheduler_job.py:639} INFO - DAG(s) dict_keys(['example_python_operator']) retrieved from /home/airflow/.local/lib/python3.6/site-packages/airflow/example_dags/example_python_operator.py
[2024-04-27 22:40:16,404] {logging_mixin.py:104} INFO - [2024-04-27 22:40:16,403] {dag.py:1824} INFO - Sync 1 DAGs
[2024-04-27 22:40:16,421] {logging_mixin.py:104} INFO - [2024-04-27 22:40:16,421] {dag.py:2280} INFO - Setting next_dagrun for example_python_operator to None
[2024-04-27 22:40:16,441] {scheduler_job.py:190} INFO - Processing /home/airflow/.local/lib/python3.6/site-packages/airflow/example_dags/example_python_operator.py took 0.088 seconds
[2024-04-27 22:40:46,774] {scheduler_job.py:182} INFO - Started process (PID=1274) to work on /home/airflow/.local/lib/python3.6/site-packages/airflow/example_dags/example_python_operator.py
[2024-04-27 22:40:46,776] {scheduler_job.py:629} INFO - Processing file /home/airflow/.local/lib/python3.6/site-packages/airflow/example_dags/example_python_operator.py for tasks to queue
[2024-04-27 22:40:46,777] {logging_mixin.py:104} INFO - [2024-04-27 22:40:46,777] {dagbag.py:451} INFO - Filling up the DagBag from /home/airflow/.local/lib/python3.6/site-packages/airflow/example_dags/example_python_operator.py
[2024-04-27 22:40:46,794] {scheduler_job.py:639} INFO - DAG(s) dict_keys(['example_python_operator']) retrieved from /home/airflow/.local/lib/python3.6/site-packages/airflow/example_dags/example_python_operator.py
[2024-04-27 22:40:46,819] {logging_mixin.py:104} INFO - [2024-04-27 22:40:46,819] {dag.py:1824} INFO - Sync 1 DAGs
[2024-04-27 22:40:46,839] {logging_mixin.py:104} INFO - [2024-04-27 22:40:46,839] {dag.py:2280} INFO - Setting next_dagrun for example_python_operator to None
[2024-04-27 22:40:46,854] {scheduler_job.py:190} INFO - Processing /home/airflow/.local/lib/python3.6/site-packages/airflow/example_dags/example_python_operator.py took 0.085 seconds
[2024-04-27 22:41:16,980] {scheduler_job.py:182} INFO - Started process (PID=1300) to work on /home/airflow/.local/lib/python3.6/site-packages/airflow/example_dags/example_python_operator.py
[2024-04-27 22:41:16,982] {scheduler_job.py:629} INFO - Processing file /home/airflow/.local/lib/python3.6/site-packages/airflow/example_dags/example_python_operator.py for tasks to queue
[2024-04-27 22:41:16,984] {logging_mixin.py:104} INFO - [2024-04-27 22:41:16,983] {dagbag.py:451} INFO - Filling up the DagBag from /home/airflow/.local/lib/python3.6/site-packages/airflow/example_dags/example_python_operator.py
[2024-04-27 22:41:17,002] {scheduler_job.py:639} INFO - DAG(s) dict_keys(['example_python_operator']) retrieved from /home/airflow/.local/lib/python3.6/site-packages/airflow/example_dags/example_python_operator.py
[2024-04-27 22:41:17,037] {logging_mixin.py:104} INFO - [2024-04-27 22:41:17,037] {dag.py:1824} INFO - Sync 1 DAGs
[2024-04-27 22:41:17,060] {logging_mixin.py:104} INFO - [2024-04-27 22:41:17,059] {dag.py:2280} INFO - Setting next_dagrun for example_python_operator to None
[2024-04-27 22:41:17,088] {scheduler_job.py:190} INFO - Processing /home/airflow/.local/lib/python3.6/site-packages/airflow/example_dags/example_python_operator.py took 0.113 seconds
[2024-04-27 22:41:47,735] {scheduler_job.py:182} INFO - Started process (PID=1326) to work on /home/airflow/.local/lib/python3.6/site-packages/airflow/example_dags/example_python_operator.py
[2024-04-27 22:41:47,738] {scheduler_job.py:629} INFO - Processing file /home/airflow/.local/lib/python3.6/site-packages/airflow/example_dags/example_python_operator.py for tasks to queue
[2024-04-27 22:41:47,739] {logging_mixin.py:104} INFO - [2024-04-27 22:41:47,739] {dagbag.py:451} INFO - Filling up the DagBag from /home/airflow/.local/lib/python3.6/site-packages/airflow/example_dags/example_python_operator.py
[2024-04-27 22:41:47,761] {scheduler_job.py:639} INFO - DAG(s) dict_keys(['example_python_operator']) retrieved from /home/airflow/.local/lib/python3.6/site-packages/airflow/example_dags/example_python_operator.py
[2024-04-27 22:41:47,790] {logging_mixin.py:104} INFO - [2024-04-27 22:41:47,790] {dag.py:1824} INFO - Sync 1 DAGs
[2024-04-27 22:41:47,810] {logging_mixin.py:104} INFO - [2024-04-27 22:41:47,810] {dag.py:2280} INFO - Setting next_dagrun for example_python_operator to None
[2024-04-27 22:41:47,828] {scheduler_job.py:190} INFO - Processing /home/airflow/.local/lib/python3.6/site-packages/airflow/example_dags/example_python_operator.py took 0.098 seconds
[2024-04-27 22:42:18,779] {scheduler_job.py:182} INFO - Started process (PID=1352) to work on /home/airflow/.local/lib/python3.6/site-packages/airflow/example_dags/example_python_operator.py
[2024-04-27 22:42:18,783] {scheduler_job.py:629} INFO - Processing file /home/airflow/.local/lib/python3.6/site-packages/airflow/example_dags/example_python_operator.py for tasks to queue
[2024-04-27 22:42:18,787] {logging_mixin.py:104} INFO - [2024-04-27 22:42:18,786] {dagbag.py:451} INFO - Filling up the DagBag from /home/airflow/.local/lib/python3.6/site-packages/airflow/example_dags/example_python_operator.py
[2024-04-27 22:42:18,847] {scheduler_job.py:639} INFO - DAG(s) dict_keys(['example_python_operator']) retrieved from /home/airflow/.local/lib/python3.6/site-packages/airflow/example_dags/example_python_operator.py
[2024-04-27 22:42:19,032] {logging_mixin.py:104} INFO - [2024-04-27 22:42:19,024] {dag.py:1824} INFO - Sync 1 DAGs
[2024-04-27 22:42:19,206] {logging_mixin.py:104} INFO - [2024-04-27 22:42:19,205] {dag.py:2280} INFO - Setting next_dagrun for example_python_operator to None
[2024-04-27 22:42:19,295] {scheduler_job.py:190} INFO - Processing /home/airflow/.local/lib/python3.6/site-packages/airflow/example_dags/example_python_operator.py took 0.532 seconds
[2024-04-27 22:42:49,471] {scheduler_job.py:182} INFO - Started process (PID=1378) to work on /home/airflow/.local/lib/python3.6/site-packages/airflow/example_dags/example_python_operator.py
[2024-04-27 22:42:49,474] {scheduler_job.py:629} INFO - Processing file /home/airflow/.local/lib/python3.6/site-packages/airflow/example_dags/example_python_operator.py for tasks to queue
[2024-04-27 22:42:49,476] {logging_mixin.py:104} INFO - [2024-04-27 22:42:49,476] {dagbag.py:451} INFO - Filling up the DagBag from /home/airflow/.local/lib/python3.6/site-packages/airflow/example_dags/example_python_operator.py
[2024-04-27 22:42:49,503] {scheduler_job.py:639} INFO - DAG(s) dict_keys(['example_python_operator']) retrieved from /home/airflow/.local/lib/python3.6/site-packages/airflow/example_dags/example_python_operator.py
[2024-04-27 22:42:49,540] {logging_mixin.py:104} INFO - [2024-04-27 22:42:49,540] {dag.py:1824} INFO - Sync 1 DAGs
[2024-04-27 22:42:49,567] {logging_mixin.py:104} INFO - [2024-04-27 22:42:49,567] {dag.py:2280} INFO - Setting next_dagrun for example_python_operator to None
[2024-04-27 22:42:49,584] {scheduler_job.py:190} INFO - Processing /home/airflow/.local/lib/python3.6/site-packages/airflow/example_dags/example_python_operator.py took 0.118 seconds
[2024-04-27 22:43:20,611] {scheduler_job.py:182} INFO - Started process (PID=1405) to work on /home/airflow/.local/lib/python3.6/site-packages/airflow/example_dags/example_python_operator.py
[2024-04-27 22:43:20,614] {scheduler_job.py:629} INFO - Processing file /home/airflow/.local/lib/python3.6/site-packages/airflow/example_dags/example_python_operator.py for tasks to queue
[2024-04-27 22:43:20,616] {logging_mixin.py:104} INFO - [2024-04-27 22:43:20,616] {dagbag.py:451} INFO - Filling up the DagBag from /home/airflow/.local/lib/python3.6/site-packages/airflow/example_dags/example_python_operator.py
[2024-04-27 22:43:20,643] {scheduler_job.py:639} INFO - DAG(s) dict_keys(['example_python_operator']) retrieved from /home/airflow/.local/lib/python3.6/site-packages/airflow/example_dags/example_python_operator.py
[2024-04-27 22:43:20,685] {logging_mixin.py:104} INFO - [2024-04-27 22:43:20,685] {dag.py:1824} INFO - Sync 1 DAGs
[2024-04-27 22:43:20,724] {logging_mixin.py:104} INFO - [2024-04-27 22:43:20,724] {dag.py:2280} INFO - Setting next_dagrun for example_python_operator to None
[2024-04-27 22:43:20,754] {scheduler_job.py:190} INFO - Processing /home/airflow/.local/lib/python3.6/site-packages/airflow/example_dags/example_python_operator.py took 0.150 seconds
[2024-04-27 22:43:51,306] {scheduler_job.py:182} INFO - Started process (PID=1430) to work on /home/airflow/.local/lib/python3.6/site-packages/airflow/example_dags/example_python_operator.py
[2024-04-27 22:43:51,311] {scheduler_job.py:629} INFO - Processing file /home/airflow/.local/lib/python3.6/site-packages/airflow/example_dags/example_python_operator.py for tasks to queue
[2024-04-27 22:43:51,313] {logging_mixin.py:104} INFO - [2024-04-27 22:43:51,313] {dagbag.py:451} INFO - Filling up the DagBag from /home/airflow/.local/lib/python3.6/site-packages/airflow/example_dags/example_python_operator.py
[2024-04-27 22:43:51,339] {scheduler_job.py:639} INFO - DAG(s) dict_keys(['example_python_operator']) retrieved from /home/airflow/.local/lib/python3.6/site-packages/airflow/example_dags/example_python_operator.py
[2024-04-27 22:43:51,380] {logging_mixin.py:104} INFO - [2024-04-27 22:43:51,380] {dag.py:1824} INFO - Sync 1 DAGs
[2024-04-27 22:43:51,412] {logging_mixin.py:104} INFO - [2024-04-27 22:43:51,412] {dag.py:2280} INFO - Setting next_dagrun for example_python_operator to None
[2024-04-27 22:43:51,431] {scheduler_job.py:190} INFO - Processing /home/airflow/.local/lib/python3.6/site-packages/airflow/example_dags/example_python_operator.py took 0.131 seconds
[2024-04-27 22:44:23,143] {scheduler_job.py:182} INFO - Started process (PID=1457) to work on /home/airflow/.local/lib/python3.6/site-packages/airflow/example_dags/example_python_operator.py
[2024-04-27 22:44:23,148] {scheduler_job.py:629} INFO - Processing file /home/airflow/.local/lib/python3.6/site-packages/airflow/example_dags/example_python_operator.py for tasks to queue
[2024-04-27 22:44:23,151] {logging_mixin.py:104} INFO - [2024-04-27 22:44:23,151] {dagbag.py:451} INFO - Filling up the DagBag from /home/airflow/.local/lib/python3.6/site-packages/airflow/example_dags/example_python_operator.py
[2024-04-27 22:44:23,190] {scheduler_job.py:639} INFO - DAG(s) dict_keys(['example_python_operator']) retrieved from /home/airflow/.local/lib/python3.6/site-packages/airflow/example_dags/example_python_operator.py
[2024-04-27 22:44:23,238] {logging_mixin.py:104} INFO - [2024-04-27 22:44:23,238] {dag.py:1824} INFO - Sync 1 DAGs
[2024-04-27 22:44:23,274] {logging_mixin.py:104} INFO - [2024-04-27 22:44:23,273] {dag.py:2280} INFO - Setting next_dagrun for example_python_operator to None
[2024-04-27 22:44:23,303] {scheduler_job.py:190} INFO - Processing /home/airflow/.local/lib/python3.6/site-packages/airflow/example_dags/example_python_operator.py took 0.170 seconds
[2024-04-27 22:44:53,578] {scheduler_job.py:182} INFO - Started process (PID=1483) to work on /home/airflow/.local/lib/python3.6/site-packages/airflow/example_dags/example_python_operator.py
[2024-04-27 22:44:53,581] {scheduler_job.py:629} INFO - Processing file /home/airflow/.local/lib/python3.6/site-packages/airflow/example_dags/example_python_operator.py for tasks to queue
[2024-04-27 22:44:53,583] {logging_mixin.py:104} INFO - [2024-04-27 22:44:53,583] {dagbag.py:451} INFO - Filling up the DagBag from /home/airflow/.local/lib/python3.6/site-packages/airflow/example_dags/example_python_operator.py
[2024-04-27 22:44:53,604] {scheduler_job.py:639} INFO - DAG(s) dict_keys(['example_python_operator']) retrieved from /home/airflow/.local/lib/python3.6/site-packages/airflow/example_dags/example_python_operator.py
[2024-04-27 22:44:53,638] {logging_mixin.py:104} INFO - [2024-04-27 22:44:53,638] {dag.py:1824} INFO - Sync 1 DAGs
[2024-04-27 22:44:53,666] {logging_mixin.py:104} INFO - [2024-04-27 22:44:53,666] {dag.py:2280} INFO - Setting next_dagrun for example_python_operator to None
[2024-04-27 22:44:53,692] {scheduler_job.py:190} INFO - Processing /home/airflow/.local/lib/python3.6/site-packages/airflow/example_dags/example_python_operator.py took 0.120 seconds
[2024-04-27 22:45:24,596] {scheduler_job.py:182} INFO - Started process (PID=1509) to work on /home/airflow/.local/lib/python3.6/site-packages/airflow/example_dags/example_python_operator.py
[2024-04-27 22:45:24,598] {scheduler_job.py:629} INFO - Processing file /home/airflow/.local/lib/python3.6/site-packages/airflow/example_dags/example_python_operator.py for tasks to queue
[2024-04-27 22:45:24,603] {logging_mixin.py:104} INFO - [2024-04-27 22:45:24,602] {dagbag.py:451} INFO - Filling up the DagBag from /home/airflow/.local/lib/python3.6/site-packages/airflow/example_dags/example_python_operator.py
[2024-04-27 22:45:24,631] {scheduler_job.py:639} INFO - DAG(s) dict_keys(['example_python_operator']) retrieved from /home/airflow/.local/lib/python3.6/site-packages/airflow/example_dags/example_python_operator.py
[2024-04-27 22:45:24,668] {logging_mixin.py:104} INFO - [2024-04-27 22:45:24,668] {dag.py:1824} INFO - Sync 1 DAGs
[2024-04-27 22:45:24,695] {logging_mixin.py:104} INFO - [2024-04-27 22:45:24,695] {dag.py:2280} INFO - Setting next_dagrun for example_python_operator to None
[2024-04-27 22:45:24,717] {scheduler_job.py:190} INFO - Processing /home/airflow/.local/lib/python3.6/site-packages/airflow/example_dags/example_python_operator.py took 0.128 seconds
[2024-04-27 22:45:55,000] {scheduler_job.py:182} INFO - Started process (PID=1535) to work on /home/airflow/.local/lib/python3.6/site-packages/airflow/example_dags/example_python_operator.py
[2024-04-27 22:45:55,002] {scheduler_job.py:629} INFO - Processing file /home/airflow/.local/lib/python3.6/site-packages/airflow/example_dags/example_python_operator.py for tasks to queue
[2024-04-27 22:45:55,004] {logging_mixin.py:104} INFO - [2024-04-27 22:45:55,004] {dagbag.py:451} INFO - Filling up the DagBag from /home/airflow/.local/lib/python3.6/site-packages/airflow/example_dags/example_python_operator.py
[2024-04-27 22:45:55,027] {scheduler_job.py:639} INFO - DAG(s) dict_keys(['example_python_operator']) retrieved from /home/airflow/.local/lib/python3.6/site-packages/airflow/example_dags/example_python_operator.py
[2024-04-27 22:45:55,059] {logging_mixin.py:104} INFO - [2024-04-27 22:45:55,059] {dag.py:1824} INFO - Sync 1 DAGs
[2024-04-27 22:45:55,082] {logging_mixin.py:104} INFO - [2024-04-27 22:45:55,082] {dag.py:2280} INFO - Setting next_dagrun for example_python_operator to None
[2024-04-27 22:45:55,102] {scheduler_job.py:190} INFO - Processing /home/airflow/.local/lib/python3.6/site-packages/airflow/example_dags/example_python_operator.py took 0.107 seconds
[2024-04-27 22:46:26,405] {scheduler_job.py:182} INFO - Started process (PID=1561) to work on /home/airflow/.local/lib/python3.6/site-packages/airflow/example_dags/example_python_operator.py
[2024-04-27 22:46:26,410] {scheduler_job.py:629} INFO - Processing file /home/airflow/.local/lib/python3.6/site-packages/airflow/example_dags/example_python_operator.py for tasks to queue
[2024-04-27 22:46:26,413] {logging_mixin.py:104} INFO - [2024-04-27 22:46:26,413] {dagbag.py:451} INFO - Filling up the DagBag from /home/airflow/.local/lib/python3.6/site-packages/airflow/example_dags/example_python_operator.py
[2024-04-27 22:46:26,449] {scheduler_job.py:639} INFO - DAG(s) dict_keys(['example_python_operator']) retrieved from /home/airflow/.local/lib/python3.6/site-packages/airflow/example_dags/example_python_operator.py
[2024-04-27 22:46:26,495] {logging_mixin.py:104} INFO - [2024-04-27 22:46:26,495] {dag.py:1824} INFO - Sync 1 DAGs
[2024-04-27 22:46:26,527] {logging_mixin.py:104} INFO - [2024-04-27 22:46:26,527] {dag.py:2280} INFO - Setting next_dagrun for example_python_operator to None
[2024-04-27 22:46:26,547] {scheduler_job.py:190} INFO - Processing /home/airflow/.local/lib/python3.6/site-packages/airflow/example_dags/example_python_operator.py took 0.150 seconds
[2024-04-27 22:46:57,089] {scheduler_job.py:182} INFO - Started process (PID=1588) to work on /home/airflow/.local/lib/python3.6/site-packages/airflow/example_dags/example_python_operator.py
[2024-04-27 22:46:57,093] {scheduler_job.py:629} INFO - Processing file /home/airflow/.local/lib/python3.6/site-packages/airflow/example_dags/example_python_operator.py for tasks to queue
[2024-04-27 22:46:57,095] {logging_mixin.py:104} INFO - [2024-04-27 22:46:57,095] {dagbag.py:451} INFO - Filling up the DagBag from /home/airflow/.local/lib/python3.6/site-packages/airflow/example_dags/example_python_operator.py
[2024-04-27 22:46:57,126] {scheduler_job.py:639} INFO - DAG(s) dict_keys(['example_python_operator']) retrieved from /home/airflow/.local/lib/python3.6/site-packages/airflow/example_dags/example_python_operator.py
[2024-04-27 22:46:57,181] {logging_mixin.py:104} INFO - [2024-04-27 22:46:57,181] {dag.py:1824} INFO - Sync 1 DAGs
[2024-04-27 22:46:57,229] {logging_mixin.py:104} INFO - [2024-04-27 22:46:57,228] {dag.py:2280} INFO - Setting next_dagrun for example_python_operator to None
[2024-04-27 22:46:57,259] {scheduler_job.py:190} INFO - Processing /home/airflow/.local/lib/python3.6/site-packages/airflow/example_dags/example_python_operator.py took 0.182 seconds
[2024-04-27 22:47:27,653] {scheduler_job.py:182} INFO - Started process (PID=1615) to work on /home/airflow/.local/lib/python3.6/site-packages/airflow/example_dags/example_python_operator.py
[2024-04-27 22:47:27,657] {scheduler_job.py:629} INFO - Processing file /home/airflow/.local/lib/python3.6/site-packages/airflow/example_dags/example_python_operator.py for tasks to queue
[2024-04-27 22:47:27,662] {logging_mixin.py:104} INFO - [2024-04-27 22:47:27,661] {dagbag.py:451} INFO - Filling up the DagBag from /home/airflow/.local/lib/python3.6/site-packages/airflow/example_dags/example_python_operator.py
[2024-04-27 22:47:27,697] {scheduler_job.py:639} INFO - DAG(s) dict_keys(['example_python_operator']) retrieved from /home/airflow/.local/lib/python3.6/site-packages/airflow/example_dags/example_python_operator.py
[2024-04-27 22:47:27,748] {logging_mixin.py:104} INFO - [2024-04-27 22:47:27,748] {dag.py:1824} INFO - Sync 1 DAGs
[2024-04-27 22:47:27,785] {logging_mixin.py:104} INFO - [2024-04-27 22:47:27,785] {dag.py:2280} INFO - Setting next_dagrun for example_python_operator to None
[2024-04-27 22:47:27,807] {scheduler_job.py:190} INFO - Processing /home/airflow/.local/lib/python3.6/site-packages/airflow/example_dags/example_python_operator.py took 0.160 seconds
[2024-04-27 22:47:58,702] {scheduler_job.py:182} INFO - Started process (PID=1642) to work on /home/airflow/.local/lib/python3.6/site-packages/airflow/example_dags/example_python_operator.py
[2024-04-27 22:47:58,712] {scheduler_job.py:629} INFO - Processing file /home/airflow/.local/lib/python3.6/site-packages/airflow/example_dags/example_python_operator.py for tasks to queue
[2024-04-27 22:47:58,714] {logging_mixin.py:104} INFO - [2024-04-27 22:47:58,714] {dagbag.py:451} INFO - Filling up the DagBag from /home/airflow/.local/lib/python3.6/site-packages/airflow/example_dags/example_python_operator.py
[2024-04-27 22:47:58,756] {scheduler_job.py:639} INFO - DAG(s) dict_keys(['example_python_operator']) retrieved from /home/airflow/.local/lib/python3.6/site-packages/airflow/example_dags/example_python_operator.py
[2024-04-27 22:47:58,814] {logging_mixin.py:104} INFO - [2024-04-27 22:47:58,813] {dag.py:1824} INFO - Sync 1 DAGs
[2024-04-27 22:47:58,852] {logging_mixin.py:104} INFO - [2024-04-27 22:47:58,851] {dag.py:2280} INFO - Setting next_dagrun for example_python_operator to None
[2024-04-27 22:47:58,878] {scheduler_job.py:190} INFO - Processing /home/airflow/.local/lib/python3.6/site-packages/airflow/example_dags/example_python_operator.py took 0.184 seconds
[2024-04-27 22:48:29,022] {scheduler_job.py:182} INFO - Started process (PID=1669) to work on /home/airflow/.local/lib/python3.6/site-packages/airflow/example_dags/example_python_operator.py
[2024-04-27 22:48:29,025] {scheduler_job.py:629} INFO - Processing file /home/airflow/.local/lib/python3.6/site-packages/airflow/example_dags/example_python_operator.py for tasks to queue
[2024-04-27 22:48:29,029] {logging_mixin.py:104} INFO - [2024-04-27 22:48:29,029] {dagbag.py:451} INFO - Filling up the DagBag from /home/airflow/.local/lib/python3.6/site-packages/airflow/example_dags/example_python_operator.py
[2024-04-27 22:48:29,060] {scheduler_job.py:639} INFO - DAG(s) dict_keys(['example_python_operator']) retrieved from /home/airflow/.local/lib/python3.6/site-packages/airflow/example_dags/example_python_operator.py
[2024-04-27 22:48:29,097] {logging_mixin.py:104} INFO - [2024-04-27 22:48:29,097] {dag.py:1824} INFO - Sync 1 DAGs
[2024-04-27 22:48:29,124] {logging_mixin.py:104} INFO - [2024-04-27 22:48:29,124] {dag.py:2280} INFO - Setting next_dagrun for example_python_operator to None
[2024-04-27 22:48:29,144] {scheduler_job.py:190} INFO - Processing /home/airflow/.local/lib/python3.6/site-packages/airflow/example_dags/example_python_operator.py took 0.128 seconds
[2024-04-27 22:49:00,406] {scheduler_job.py:182} INFO - Started process (PID=1695) to work on /home/airflow/.local/lib/python3.6/site-packages/airflow/example_dags/example_python_operator.py
[2024-04-27 22:49:00,410] {scheduler_job.py:629} INFO - Processing file /home/airflow/.local/lib/python3.6/site-packages/airflow/example_dags/example_python_operator.py for tasks to queue
[2024-04-27 22:49:00,412] {logging_mixin.py:104} INFO - [2024-04-27 22:49:00,412] {dagbag.py:451} INFO - Filling up the DagBag from /home/airflow/.local/lib/python3.6/site-packages/airflow/example_dags/example_python_operator.py
[2024-04-27 22:49:00,437] {scheduler_job.py:639} INFO - DAG(s) dict_keys(['example_python_operator']) retrieved from /home/airflow/.local/lib/python3.6/site-packages/airflow/example_dags/example_python_operator.py
[2024-04-27 22:49:00,491] {logging_mixin.py:104} INFO - [2024-04-27 22:49:00,491] {dag.py:1824} INFO - Sync 1 DAGs
[2024-04-27 22:49:00,535] {logging_mixin.py:104} INFO - [2024-04-27 22:49:00,535] {dag.py:2280} INFO - Setting next_dagrun for example_python_operator to None
[2024-04-27 22:49:00,554] {scheduler_job.py:190} INFO - Processing /home/airflow/.local/lib/python3.6/site-packages/airflow/example_dags/example_python_operator.py took 0.153 seconds
[2024-04-27 22:49:31,330] {scheduler_job.py:182} INFO - Started process (PID=1721) to work on /home/airflow/.local/lib/python3.6/site-packages/airflow/example_dags/example_python_operator.py
[2024-04-27 22:49:31,333] {scheduler_job.py:629} INFO - Processing file /home/airflow/.local/lib/python3.6/site-packages/airflow/example_dags/example_python_operator.py for tasks to queue
[2024-04-27 22:49:31,335] {logging_mixin.py:104} INFO - [2024-04-27 22:49:31,334] {dagbag.py:451} INFO - Filling up the DagBag from /home/airflow/.local/lib/python3.6/site-packages/airflow/example_dags/example_python_operator.py
[2024-04-27 22:49:31,360] {scheduler_job.py:639} INFO - DAG(s) dict_keys(['example_python_operator']) retrieved from /home/airflow/.local/lib/python3.6/site-packages/airflow/example_dags/example_python_operator.py
[2024-04-27 22:49:31,390] {logging_mixin.py:104} INFO - [2024-04-27 22:49:31,390] {dag.py:1824} INFO - Sync 1 DAGs
[2024-04-27 22:49:31,412] {logging_mixin.py:104} INFO - [2024-04-27 22:49:31,412] {dag.py:2280} INFO - Setting next_dagrun for example_python_operator to None
[2024-04-27 22:49:31,430] {scheduler_job.py:190} INFO - Processing /home/airflow/.local/lib/python3.6/site-packages/airflow/example_dags/example_python_operator.py took 0.106 seconds
