[2024-04-27 22:16:40,766] {scheduler_job.py:182} INFO - Started process (PID=31) to work on /home/airflow/.local/lib/python3.6/site-packages/airflow/example_dags/example_nested_branch_dag.py
[2024-04-27 22:16:40,778] {scheduler_job.py:629} INFO - Processing file /home/airflow/.local/lib/python3.6/site-packages/airflow/example_dags/example_nested_branch_dag.py for tasks to queue
[2024-04-27 22:16:40,802] {logging_mixin.py:104} INFO - [2024-04-27 22:16:40,801] {dagbag.py:451} INFO - Filling up the DagBag from /home/airflow/.local/lib/python3.6/site-packages/airflow/example_dags/example_nested_branch_dag.py
[2024-04-27 22:16:40,963] {scheduler_job.py:639} INFO - DAG(s) dict_keys(['example_nested_branch_dag']) retrieved from /home/airflow/.local/lib/python3.6/site-packages/airflow/example_dags/example_nested_branch_dag.py
[2024-04-27 22:16:41,088] {logging_mixin.py:104} INFO - [2024-04-27 22:16:41,088] {dag.py:1824} INFO - Sync 1 DAGs
[2024-04-27 22:16:41,128] {logging_mixin.py:104} INFO - [2024-04-27 22:16:41,128] {dag.py:1843} INFO - Creating ORM DAG for example_nested_branch_dag
[2024-04-27 22:16:41,188] {logging_mixin.py:104} INFO - [2024-04-27 22:16:41,188] {dag.py:2280} INFO - Setting next_dagrun for example_nested_branch_dag to 2024-04-25 00:00:00+00:00
[2024-04-27 22:16:41,216] {scheduler_job.py:190} INFO - Processing /home/airflow/.local/lib/python3.6/site-packages/airflow/example_dags/example_nested_branch_dag.py took 0.482 seconds
[2024-04-27 22:17:12,188] {scheduler_job.py:182} INFO - Started process (PID=57) to work on /home/airflow/.local/lib/python3.6/site-packages/airflow/example_dags/example_nested_branch_dag.py
[2024-04-27 22:17:12,195] {scheduler_job.py:629} INFO - Processing file /home/airflow/.local/lib/python3.6/site-packages/airflow/example_dags/example_nested_branch_dag.py for tasks to queue
[2024-04-27 22:17:12,202] {logging_mixin.py:104} INFO - [2024-04-27 22:17:12,200] {dagbag.py:451} INFO - Filling up the DagBag from /home/airflow/.local/lib/python3.6/site-packages/airflow/example_dags/example_nested_branch_dag.py
[2024-04-27 22:17:12,310] {scheduler_job.py:639} INFO - DAG(s) dict_keys(['example_nested_branch_dag']) retrieved from /home/airflow/.local/lib/python3.6/site-packages/airflow/example_dags/example_nested_branch_dag.py
[2024-04-27 22:17:12,695] {logging_mixin.py:104} INFO - [2024-04-27 22:17:12,695] {dag.py:1824} INFO - Sync 1 DAGs
[2024-04-27 22:17:12,949] {logging_mixin.py:104} INFO - [2024-04-27 22:17:12,948] {dag.py:2280} INFO - Setting next_dagrun for example_nested_branch_dag to 2024-04-25 00:00:00+00:00
[2024-04-27 22:17:13,064] {scheduler_job.py:190} INFO - Processing /home/airflow/.local/lib/python3.6/site-packages/airflow/example_dags/example_nested_branch_dag.py took 0.934 seconds
[2024-04-27 22:17:43,700] {scheduler_job.py:182} INFO - Started process (PID=84) to work on /home/airflow/.local/lib/python3.6/site-packages/airflow/example_dags/example_nested_branch_dag.py
[2024-04-27 22:17:43,703] {scheduler_job.py:629} INFO - Processing file /home/airflow/.local/lib/python3.6/site-packages/airflow/example_dags/example_nested_branch_dag.py for tasks to queue
[2024-04-27 22:17:43,705] {logging_mixin.py:104} INFO - [2024-04-27 22:17:43,705] {dagbag.py:451} INFO - Filling up the DagBag from /home/airflow/.local/lib/python3.6/site-packages/airflow/example_dags/example_nested_branch_dag.py
[2024-04-27 22:17:43,753] {scheduler_job.py:639} INFO - DAG(s) dict_keys(['example_nested_branch_dag']) retrieved from /home/airflow/.local/lib/python3.6/site-packages/airflow/example_dags/example_nested_branch_dag.py
[2024-04-27 22:17:43,794] {logging_mixin.py:104} INFO - [2024-04-27 22:17:43,794] {dag.py:1824} INFO - Sync 1 DAGs
[2024-04-27 22:17:43,845] {logging_mixin.py:104} INFO - [2024-04-27 22:17:43,844] {dag.py:2280} INFO - Setting next_dagrun for example_nested_branch_dag to 2024-04-25 00:00:00+00:00
[2024-04-27 22:17:43,871] {scheduler_job.py:190} INFO - Processing /home/airflow/.local/lib/python3.6/site-packages/airflow/example_dags/example_nested_branch_dag.py took 0.177 seconds
[2024-04-27 22:18:14,893] {scheduler_job.py:182} INFO - Started process (PID=111) to work on /home/airflow/.local/lib/python3.6/site-packages/airflow/example_dags/example_nested_branch_dag.py
[2024-04-27 22:18:14,897] {scheduler_job.py:629} INFO - Processing file /home/airflow/.local/lib/python3.6/site-packages/airflow/example_dags/example_nested_branch_dag.py for tasks to queue
[2024-04-27 22:18:14,899] {logging_mixin.py:104} INFO - [2024-04-27 22:18:14,898] {dagbag.py:451} INFO - Filling up the DagBag from /home/airflow/.local/lib/python3.6/site-packages/airflow/example_dags/example_nested_branch_dag.py
[2024-04-27 22:18:14,924] {scheduler_job.py:639} INFO - DAG(s) dict_keys(['example_nested_branch_dag']) retrieved from /home/airflow/.local/lib/python3.6/site-packages/airflow/example_dags/example_nested_branch_dag.py
[2024-04-27 22:18:14,958] {logging_mixin.py:104} INFO - [2024-04-27 22:18:14,958] {dag.py:1824} INFO - Sync 1 DAGs
[2024-04-27 22:18:14,989] {logging_mixin.py:104} INFO - [2024-04-27 22:18:14,989] {dag.py:2280} INFO - Setting next_dagrun for example_nested_branch_dag to 2024-04-25 00:00:00+00:00
[2024-04-27 22:18:15,006] {scheduler_job.py:190} INFO - Processing /home/airflow/.local/lib/python3.6/site-packages/airflow/example_dags/example_nested_branch_dag.py took 0.118 seconds
[2024-04-27 22:18:45,220] {scheduler_job.py:182} INFO - Started process (PID=137) to work on /home/airflow/.local/lib/python3.6/site-packages/airflow/example_dags/example_nested_branch_dag.py
[2024-04-27 22:18:45,223] {scheduler_job.py:629} INFO - Processing file /home/airflow/.local/lib/python3.6/site-packages/airflow/example_dags/example_nested_branch_dag.py for tasks to queue
[2024-04-27 22:18:45,224] {logging_mixin.py:104} INFO - [2024-04-27 22:18:45,224] {dagbag.py:451} INFO - Filling up the DagBag from /home/airflow/.local/lib/python3.6/site-packages/airflow/example_dags/example_nested_branch_dag.py
[2024-04-27 22:18:45,251] {scheduler_job.py:639} INFO - DAG(s) dict_keys(['example_nested_branch_dag']) retrieved from /home/airflow/.local/lib/python3.6/site-packages/airflow/example_dags/example_nested_branch_dag.py
[2024-04-27 22:18:45,288] {logging_mixin.py:104} INFO - [2024-04-27 22:18:45,287] {dag.py:1824} INFO - Sync 1 DAGs
[2024-04-27 22:18:45,315] {logging_mixin.py:104} INFO - [2024-04-27 22:18:45,315] {dag.py:2280} INFO - Setting next_dagrun for example_nested_branch_dag to 2024-04-25 00:00:00+00:00
[2024-04-27 22:18:45,333] {scheduler_job.py:190} INFO - Processing /home/airflow/.local/lib/python3.6/site-packages/airflow/example_dags/example_nested_branch_dag.py took 0.118 seconds
[2024-04-27 22:19:15,602] {scheduler_job.py:182} INFO - Started process (PID=163) to work on /home/airflow/.local/lib/python3.6/site-packages/airflow/example_dags/example_nested_branch_dag.py
[2024-04-27 22:19:15,605] {scheduler_job.py:629} INFO - Processing file /home/airflow/.local/lib/python3.6/site-packages/airflow/example_dags/example_nested_branch_dag.py for tasks to queue
[2024-04-27 22:19:15,607] {logging_mixin.py:104} INFO - [2024-04-27 22:19:15,607] {dagbag.py:451} INFO - Filling up the DagBag from /home/airflow/.local/lib/python3.6/site-packages/airflow/example_dags/example_nested_branch_dag.py
[2024-04-27 22:19:15,636] {scheduler_job.py:639} INFO - DAG(s) dict_keys(['example_nested_branch_dag']) retrieved from /home/airflow/.local/lib/python3.6/site-packages/airflow/example_dags/example_nested_branch_dag.py
[2024-04-27 22:19:15,683] {logging_mixin.py:104} INFO - [2024-04-27 22:19:15,683] {dag.py:1824} INFO - Sync 1 DAGs
[2024-04-27 22:19:15,724] {logging_mixin.py:104} INFO - [2024-04-27 22:19:15,724] {dag.py:2280} INFO - Setting next_dagrun for example_nested_branch_dag to 2024-04-25 00:00:00+00:00
[2024-04-27 22:19:15,743] {scheduler_job.py:190} INFO - Processing /home/airflow/.local/lib/python3.6/site-packages/airflow/example_dags/example_nested_branch_dag.py took 0.147 seconds
[2024-04-27 22:19:45,942] {scheduler_job.py:182} INFO - Started process (PID=189) to work on /home/airflow/.local/lib/python3.6/site-packages/airflow/example_dags/example_nested_branch_dag.py
[2024-04-27 22:19:45,945] {scheduler_job.py:629} INFO - Processing file /home/airflow/.local/lib/python3.6/site-packages/airflow/example_dags/example_nested_branch_dag.py for tasks to queue
[2024-04-27 22:19:45,947] {logging_mixin.py:104} INFO - [2024-04-27 22:19:45,947] {dagbag.py:451} INFO - Filling up the DagBag from /home/airflow/.local/lib/python3.6/site-packages/airflow/example_dags/example_nested_branch_dag.py
[2024-04-27 22:19:45,972] {scheduler_job.py:639} INFO - DAG(s) dict_keys(['example_nested_branch_dag']) retrieved from /home/airflow/.local/lib/python3.6/site-packages/airflow/example_dags/example_nested_branch_dag.py
[2024-04-27 22:19:46,005] {logging_mixin.py:104} INFO - [2024-04-27 22:19:46,005] {dag.py:1824} INFO - Sync 1 DAGs
[2024-04-27 22:19:46,032] {logging_mixin.py:104} INFO - [2024-04-27 22:19:46,032] {dag.py:2280} INFO - Setting next_dagrun for example_nested_branch_dag to 2024-04-25 00:00:00+00:00
[2024-04-27 22:19:46,050] {scheduler_job.py:190} INFO - Processing /home/airflow/.local/lib/python3.6/site-packages/airflow/example_dags/example_nested_branch_dag.py took 0.112 seconds
[2024-04-27 22:20:16,829] {scheduler_job.py:182} INFO - Started process (PID=215) to work on /home/airflow/.local/lib/python3.6/site-packages/airflow/example_dags/example_nested_branch_dag.py
[2024-04-27 22:20:16,831] {scheduler_job.py:629} INFO - Processing file /home/airflow/.local/lib/python3.6/site-packages/airflow/example_dags/example_nested_branch_dag.py for tasks to queue
[2024-04-27 22:20:16,833] {logging_mixin.py:104} INFO - [2024-04-27 22:20:16,832] {dagbag.py:451} INFO - Filling up the DagBag from /home/airflow/.local/lib/python3.6/site-packages/airflow/example_dags/example_nested_branch_dag.py
[2024-04-27 22:20:16,866] {scheduler_job.py:639} INFO - DAG(s) dict_keys(['example_nested_branch_dag']) retrieved from /home/airflow/.local/lib/python3.6/site-packages/airflow/example_dags/example_nested_branch_dag.py
[2024-04-27 22:20:16,912] {logging_mixin.py:104} INFO - [2024-04-27 22:20:16,912] {dag.py:1824} INFO - Sync 1 DAGs
[2024-04-27 22:20:16,944] {logging_mixin.py:104} INFO - [2024-04-27 22:20:16,944] {dag.py:2280} INFO - Setting next_dagrun for example_nested_branch_dag to 2024-04-25 00:00:00+00:00
[2024-04-27 22:20:16,961] {scheduler_job.py:190} INFO - Processing /home/airflow/.local/lib/python3.6/site-packages/airflow/example_dags/example_nested_branch_dag.py took 0.141 seconds
[2024-04-27 22:20:47,694] {scheduler_job.py:182} INFO - Started process (PID=241) to work on /home/airflow/.local/lib/python3.6/site-packages/airflow/example_dags/example_nested_branch_dag.py
[2024-04-27 22:20:47,697] {scheduler_job.py:629} INFO - Processing file /home/airflow/.local/lib/python3.6/site-packages/airflow/example_dags/example_nested_branch_dag.py for tasks to queue
[2024-04-27 22:20:47,700] {logging_mixin.py:104} INFO - [2024-04-27 22:20:47,700] {dagbag.py:451} INFO - Filling up the DagBag from /home/airflow/.local/lib/python3.6/site-packages/airflow/example_dags/example_nested_branch_dag.py
[2024-04-27 22:20:47,728] {scheduler_job.py:639} INFO - DAG(s) dict_keys(['example_nested_branch_dag']) retrieved from /home/airflow/.local/lib/python3.6/site-packages/airflow/example_dags/example_nested_branch_dag.py
[2024-04-27 22:20:47,760] {logging_mixin.py:104} INFO - [2024-04-27 22:20:47,760] {dag.py:1824} INFO - Sync 1 DAGs
[2024-04-27 22:20:47,788] {logging_mixin.py:104} INFO - [2024-04-27 22:20:47,788] {dag.py:2280} INFO - Setting next_dagrun for example_nested_branch_dag to 2024-04-25 00:00:00+00:00
[2024-04-27 22:20:47,805] {scheduler_job.py:190} INFO - Processing /home/airflow/.local/lib/python3.6/site-packages/airflow/example_dags/example_nested_branch_dag.py took 0.116 seconds
[2024-04-27 22:21:19,007] {scheduler_job.py:182} INFO - Started process (PID=267) to work on /home/airflow/.local/lib/python3.6/site-packages/airflow/example_dags/example_nested_branch_dag.py
[2024-04-27 22:21:19,014] {scheduler_job.py:629} INFO - Processing file /home/airflow/.local/lib/python3.6/site-packages/airflow/example_dags/example_nested_branch_dag.py for tasks to queue
[2024-04-27 22:21:19,017] {logging_mixin.py:104} INFO - [2024-04-27 22:21:19,017] {dagbag.py:451} INFO - Filling up the DagBag from /home/airflow/.local/lib/python3.6/site-packages/airflow/example_dags/example_nested_branch_dag.py
[2024-04-27 22:21:19,066] {scheduler_job.py:639} INFO - DAG(s) dict_keys(['example_nested_branch_dag']) retrieved from /home/airflow/.local/lib/python3.6/site-packages/airflow/example_dags/example_nested_branch_dag.py
[2024-04-27 22:21:19,115] {logging_mixin.py:104} INFO - [2024-04-27 22:21:19,114] {dag.py:1824} INFO - Sync 1 DAGs
[2024-04-27 22:21:19,169] {logging_mixin.py:104} INFO - [2024-04-27 22:21:19,169] {dag.py:2280} INFO - Setting next_dagrun for example_nested_branch_dag to 2024-04-25 00:00:00+00:00
[2024-04-27 22:21:19,193] {scheduler_job.py:190} INFO - Processing /home/airflow/.local/lib/python3.6/site-packages/airflow/example_dags/example_nested_branch_dag.py took 0.194 seconds
[2024-04-27 22:21:49,411] {scheduler_job.py:182} INFO - Started process (PID=293) to work on /home/airflow/.local/lib/python3.6/site-packages/airflow/example_dags/example_nested_branch_dag.py
[2024-04-27 22:21:49,416] {scheduler_job.py:629} INFO - Processing file /home/airflow/.local/lib/python3.6/site-packages/airflow/example_dags/example_nested_branch_dag.py for tasks to queue
[2024-04-27 22:21:49,418] {logging_mixin.py:104} INFO - [2024-04-27 22:21:49,418] {dagbag.py:451} INFO - Filling up the DagBag from /home/airflow/.local/lib/python3.6/site-packages/airflow/example_dags/example_nested_branch_dag.py
[2024-04-27 22:21:49,450] {scheduler_job.py:639} INFO - DAG(s) dict_keys(['example_nested_branch_dag']) retrieved from /home/airflow/.local/lib/python3.6/site-packages/airflow/example_dags/example_nested_branch_dag.py
[2024-04-27 22:21:49,484] {logging_mixin.py:104} INFO - [2024-04-27 22:21:49,484] {dag.py:1824} INFO - Sync 1 DAGs
[2024-04-27 22:21:49,517] {logging_mixin.py:104} INFO - [2024-04-27 22:21:49,517] {dag.py:2280} INFO - Setting next_dagrun for example_nested_branch_dag to 2024-04-25 00:00:00+00:00
[2024-04-27 22:21:49,535] {scheduler_job.py:190} INFO - Processing /home/airflow/.local/lib/python3.6/site-packages/airflow/example_dags/example_nested_branch_dag.py took 0.128 seconds
[2024-04-27 22:22:20,469] {scheduler_job.py:182} INFO - Started process (PID=319) to work on /home/airflow/.local/lib/python3.6/site-packages/airflow/example_dags/example_nested_branch_dag.py
[2024-04-27 22:22:20,472] {scheduler_job.py:629} INFO - Processing file /home/airflow/.local/lib/python3.6/site-packages/airflow/example_dags/example_nested_branch_dag.py for tasks to queue
[2024-04-27 22:22:20,474] {logging_mixin.py:104} INFO - [2024-04-27 22:22:20,474] {dagbag.py:451} INFO - Filling up the DagBag from /home/airflow/.local/lib/python3.6/site-packages/airflow/example_dags/example_nested_branch_dag.py
[2024-04-27 22:22:20,508] {scheduler_job.py:639} INFO - DAG(s) dict_keys(['example_nested_branch_dag']) retrieved from /home/airflow/.local/lib/python3.6/site-packages/airflow/example_dags/example_nested_branch_dag.py
[2024-04-27 22:22:20,538] {logging_mixin.py:104} INFO - [2024-04-27 22:22:20,538] {dag.py:1824} INFO - Sync 1 DAGs
[2024-04-27 22:22:20,577] {logging_mixin.py:104} INFO - [2024-04-27 22:22:20,577] {dag.py:2280} INFO - Setting next_dagrun for example_nested_branch_dag to 2024-04-25 00:00:00+00:00
[2024-04-27 22:22:20,601] {scheduler_job.py:190} INFO - Processing /home/airflow/.local/lib/python3.6/site-packages/airflow/example_dags/example_nested_branch_dag.py took 0.138 seconds
[2024-04-27 22:22:50,647] {scheduler_job.py:182} INFO - Started process (PID=345) to work on /home/airflow/.local/lib/python3.6/site-packages/airflow/example_dags/example_nested_branch_dag.py
[2024-04-27 22:22:50,648] {scheduler_job.py:629} INFO - Processing file /home/airflow/.local/lib/python3.6/site-packages/airflow/example_dags/example_nested_branch_dag.py for tasks to queue
[2024-04-27 22:22:50,650] {logging_mixin.py:104} INFO - [2024-04-27 22:22:50,650] {dagbag.py:451} INFO - Filling up the DagBag from /home/airflow/.local/lib/python3.6/site-packages/airflow/example_dags/example_nested_branch_dag.py
[2024-04-27 22:22:50,681] {scheduler_job.py:639} INFO - DAG(s) dict_keys(['example_nested_branch_dag']) retrieved from /home/airflow/.local/lib/python3.6/site-packages/airflow/example_dags/example_nested_branch_dag.py
[2024-04-27 22:22:50,708] {logging_mixin.py:104} INFO - [2024-04-27 22:22:50,708] {dag.py:1824} INFO - Sync 1 DAGs
[2024-04-27 22:22:50,733] {logging_mixin.py:104} INFO - [2024-04-27 22:22:50,733] {dag.py:2280} INFO - Setting next_dagrun for example_nested_branch_dag to 2024-04-25 00:00:00+00:00
[2024-04-27 22:22:50,749] {scheduler_job.py:190} INFO - Processing /home/airflow/.local/lib/python3.6/site-packages/airflow/example_dags/example_nested_branch_dag.py took 0.107 seconds
[2024-04-27 22:23:21,482] {scheduler_job.py:182} INFO - Started process (PID=371) to work on /home/airflow/.local/lib/python3.6/site-packages/airflow/example_dags/example_nested_branch_dag.py
[2024-04-27 22:23:21,484] {scheduler_job.py:629} INFO - Processing file /home/airflow/.local/lib/python3.6/site-packages/airflow/example_dags/example_nested_branch_dag.py for tasks to queue
[2024-04-27 22:23:21,485] {logging_mixin.py:104} INFO - [2024-04-27 22:23:21,485] {dagbag.py:451} INFO - Filling up the DagBag from /home/airflow/.local/lib/python3.6/site-packages/airflow/example_dags/example_nested_branch_dag.py
[2024-04-27 22:23:21,512] {scheduler_job.py:639} INFO - DAG(s) dict_keys(['example_nested_branch_dag']) retrieved from /home/airflow/.local/lib/python3.6/site-packages/airflow/example_dags/example_nested_branch_dag.py
[2024-04-27 22:23:21,541] {logging_mixin.py:104} INFO - [2024-04-27 22:23:21,541] {dag.py:1824} INFO - Sync 1 DAGs
[2024-04-27 22:23:21,567] {logging_mixin.py:104} INFO - [2024-04-27 22:23:21,566] {dag.py:2280} INFO - Setting next_dagrun for example_nested_branch_dag to 2024-04-25 00:00:00+00:00
[2024-04-27 22:23:21,583] {scheduler_job.py:190} INFO - Processing /home/airflow/.local/lib/python3.6/site-packages/airflow/example_dags/example_nested_branch_dag.py took 0.105 seconds
[2024-04-27 22:23:52,090] {scheduler_job.py:182} INFO - Started process (PID=397) to work on /home/airflow/.local/lib/python3.6/site-packages/airflow/example_dags/example_nested_branch_dag.py
[2024-04-27 22:23:52,098] {scheduler_job.py:629} INFO - Processing file /home/airflow/.local/lib/python3.6/site-packages/airflow/example_dags/example_nested_branch_dag.py for tasks to queue
[2024-04-27 22:23:52,100] {logging_mixin.py:104} INFO - [2024-04-27 22:23:52,100] {dagbag.py:451} INFO - Filling up the DagBag from /home/airflow/.local/lib/python3.6/site-packages/airflow/example_dags/example_nested_branch_dag.py
[2024-04-27 22:23:52,122] {scheduler_job.py:639} INFO - DAG(s) dict_keys(['example_nested_branch_dag']) retrieved from /home/airflow/.local/lib/python3.6/site-packages/airflow/example_dags/example_nested_branch_dag.py
[2024-04-27 22:23:52,150] {logging_mixin.py:104} INFO - [2024-04-27 22:23:52,150] {dag.py:1824} INFO - Sync 1 DAGs
[2024-04-27 22:23:52,179] {logging_mixin.py:104} INFO - [2024-04-27 22:23:52,179] {dag.py:2280} INFO - Setting next_dagrun for example_nested_branch_dag to 2024-04-25 00:00:00+00:00
[2024-04-27 22:23:52,201] {scheduler_job.py:190} INFO - Processing /home/airflow/.local/lib/python3.6/site-packages/airflow/example_dags/example_nested_branch_dag.py took 0.116 seconds
[2024-04-27 22:24:22,263] {scheduler_job.py:182} INFO - Started process (PID=423) to work on /home/airflow/.local/lib/python3.6/site-packages/airflow/example_dags/example_nested_branch_dag.py
[2024-04-27 22:24:22,265] {scheduler_job.py:629} INFO - Processing file /home/airflow/.local/lib/python3.6/site-packages/airflow/example_dags/example_nested_branch_dag.py for tasks to queue
[2024-04-27 22:24:22,267] {logging_mixin.py:104} INFO - [2024-04-27 22:24:22,267] {dagbag.py:451} INFO - Filling up the DagBag from /home/airflow/.local/lib/python3.6/site-packages/airflow/example_dags/example_nested_branch_dag.py
[2024-04-27 22:24:22,295] {scheduler_job.py:639} INFO - DAG(s) dict_keys(['example_nested_branch_dag']) retrieved from /home/airflow/.local/lib/python3.6/site-packages/airflow/example_dags/example_nested_branch_dag.py
[2024-04-27 22:24:22,330] {logging_mixin.py:104} INFO - [2024-04-27 22:24:22,329] {dag.py:1824} INFO - Sync 1 DAGs
[2024-04-27 22:24:22,369] {logging_mixin.py:104} INFO - [2024-04-27 22:24:22,368] {dag.py:2280} INFO - Setting next_dagrun for example_nested_branch_dag to 2024-04-25 00:00:00+00:00
[2024-04-27 22:24:22,391] {scheduler_job.py:190} INFO - Processing /home/airflow/.local/lib/python3.6/site-packages/airflow/example_dags/example_nested_branch_dag.py took 0.133 seconds
[2024-04-27 22:24:52,687] {scheduler_job.py:182} INFO - Started process (PID=449) to work on /home/airflow/.local/lib/python3.6/site-packages/airflow/example_dags/example_nested_branch_dag.py
[2024-04-27 22:24:52,689] {scheduler_job.py:629} INFO - Processing file /home/airflow/.local/lib/python3.6/site-packages/airflow/example_dags/example_nested_branch_dag.py for tasks to queue
[2024-04-27 22:24:52,690] {logging_mixin.py:104} INFO - [2024-04-27 22:24:52,690] {dagbag.py:451} INFO - Filling up the DagBag from /home/airflow/.local/lib/python3.6/site-packages/airflow/example_dags/example_nested_branch_dag.py
[2024-04-27 22:24:52,713] {scheduler_job.py:639} INFO - DAG(s) dict_keys(['example_nested_branch_dag']) retrieved from /home/airflow/.local/lib/python3.6/site-packages/airflow/example_dags/example_nested_branch_dag.py
[2024-04-27 22:24:52,740] {logging_mixin.py:104} INFO - [2024-04-27 22:24:52,740] {dag.py:1824} INFO - Sync 1 DAGs
[2024-04-27 22:24:52,769] {logging_mixin.py:104} INFO - [2024-04-27 22:24:52,769] {dag.py:2280} INFO - Setting next_dagrun for example_nested_branch_dag to 2024-04-25 00:00:00+00:00
[2024-04-27 22:24:52,787] {scheduler_job.py:190} INFO - Processing /home/airflow/.local/lib/python3.6/site-packages/airflow/example_dags/example_nested_branch_dag.py took 0.105 seconds
[2024-04-27 22:25:22,867] {scheduler_job.py:182} INFO - Started process (PID=475) to work on /home/airflow/.local/lib/python3.6/site-packages/airflow/example_dags/example_nested_branch_dag.py
[2024-04-27 22:25:22,870] {scheduler_job.py:629} INFO - Processing file /home/airflow/.local/lib/python3.6/site-packages/airflow/example_dags/example_nested_branch_dag.py for tasks to queue
[2024-04-27 22:25:22,871] {logging_mixin.py:104} INFO - [2024-04-27 22:25:22,871] {dagbag.py:451} INFO - Filling up the DagBag from /home/airflow/.local/lib/python3.6/site-packages/airflow/example_dags/example_nested_branch_dag.py
[2024-04-27 22:25:22,896] {scheduler_job.py:639} INFO - DAG(s) dict_keys(['example_nested_branch_dag']) retrieved from /home/airflow/.local/lib/python3.6/site-packages/airflow/example_dags/example_nested_branch_dag.py
[2024-04-27 22:25:22,925] {logging_mixin.py:104} INFO - [2024-04-27 22:25:22,925] {dag.py:1824} INFO - Sync 1 DAGs
[2024-04-27 22:25:22,953] {logging_mixin.py:104} INFO - [2024-04-27 22:25:22,953] {dag.py:2280} INFO - Setting next_dagrun for example_nested_branch_dag to 2024-04-25 00:00:00+00:00
[2024-04-27 22:25:22,969] {scheduler_job.py:190} INFO - Processing /home/airflow/.local/lib/python3.6/site-packages/airflow/example_dags/example_nested_branch_dag.py took 0.109 seconds
[2024-04-27 22:25:53,120] {scheduler_job.py:182} INFO - Started process (PID=501) to work on /home/airflow/.local/lib/python3.6/site-packages/airflow/example_dags/example_nested_branch_dag.py
[2024-04-27 22:25:53,122] {scheduler_job.py:629} INFO - Processing file /home/airflow/.local/lib/python3.6/site-packages/airflow/example_dags/example_nested_branch_dag.py for tasks to queue
[2024-04-27 22:25:53,124] {logging_mixin.py:104} INFO - [2024-04-27 22:25:53,123] {dagbag.py:451} INFO - Filling up the DagBag from /home/airflow/.local/lib/python3.6/site-packages/airflow/example_dags/example_nested_branch_dag.py
[2024-04-27 22:25:53,143] {scheduler_job.py:639} INFO - DAG(s) dict_keys(['example_nested_branch_dag']) retrieved from /home/airflow/.local/lib/python3.6/site-packages/airflow/example_dags/example_nested_branch_dag.py
[2024-04-27 22:25:53,170] {logging_mixin.py:104} INFO - [2024-04-27 22:25:53,169] {dag.py:1824} INFO - Sync 1 DAGs
[2024-04-27 22:25:53,194] {logging_mixin.py:104} INFO - [2024-04-27 22:25:53,194] {dag.py:2280} INFO - Setting next_dagrun for example_nested_branch_dag to 2024-04-25 00:00:00+00:00
[2024-04-27 22:25:53,208] {scheduler_job.py:190} INFO - Processing /home/airflow/.local/lib/python3.6/site-packages/airflow/example_dags/example_nested_branch_dag.py took 0.093 seconds
[2024-04-27 22:26:23,470] {scheduler_job.py:182} INFO - Started process (PID=527) to work on /home/airflow/.local/lib/python3.6/site-packages/airflow/example_dags/example_nested_branch_dag.py
[2024-04-27 22:26:23,472] {scheduler_job.py:629} INFO - Processing file /home/airflow/.local/lib/python3.6/site-packages/airflow/example_dags/example_nested_branch_dag.py for tasks to queue
[2024-04-27 22:26:23,474] {logging_mixin.py:104} INFO - [2024-04-27 22:26:23,474] {dagbag.py:451} INFO - Filling up the DagBag from /home/airflow/.local/lib/python3.6/site-packages/airflow/example_dags/example_nested_branch_dag.py
[2024-04-27 22:26:23,518] {scheduler_job.py:639} INFO - DAG(s) dict_keys(['example_nested_branch_dag']) retrieved from /home/airflow/.local/lib/python3.6/site-packages/airflow/example_dags/example_nested_branch_dag.py
[2024-04-27 22:26:23,569] {logging_mixin.py:104} INFO - [2024-04-27 22:26:23,569] {dag.py:1824} INFO - Sync 1 DAGs
[2024-04-27 22:26:23,599] {logging_mixin.py:104} INFO - [2024-04-27 22:26:23,599] {dag.py:2280} INFO - Setting next_dagrun for example_nested_branch_dag to 2024-04-25 00:00:00+00:00
[2024-04-27 22:26:23,626] {scheduler_job.py:190} INFO - Processing /home/airflow/.local/lib/python3.6/site-packages/airflow/example_dags/example_nested_branch_dag.py took 0.162 seconds
[2024-04-27 22:26:53,758] {scheduler_job.py:182} INFO - Started process (PID=553) to work on /home/airflow/.local/lib/python3.6/site-packages/airflow/example_dags/example_nested_branch_dag.py
[2024-04-27 22:26:53,761] {scheduler_job.py:629} INFO - Processing file /home/airflow/.local/lib/python3.6/site-packages/airflow/example_dags/example_nested_branch_dag.py for tasks to queue
[2024-04-27 22:26:53,763] {logging_mixin.py:104} INFO - [2024-04-27 22:26:53,763] {dagbag.py:451} INFO - Filling up the DagBag from /home/airflow/.local/lib/python3.6/site-packages/airflow/example_dags/example_nested_branch_dag.py
[2024-04-27 22:26:53,806] {scheduler_job.py:639} INFO - DAG(s) dict_keys(['example_nested_branch_dag']) retrieved from /home/airflow/.local/lib/python3.6/site-packages/airflow/example_dags/example_nested_branch_dag.py
[2024-04-27 22:26:53,851] {logging_mixin.py:104} INFO - [2024-04-27 22:26:53,851] {dag.py:1824} INFO - Sync 1 DAGs
[2024-04-27 22:26:53,886] {logging_mixin.py:104} INFO - [2024-04-27 22:26:53,886] {dag.py:2280} INFO - Setting next_dagrun for example_nested_branch_dag to 2024-04-25 00:00:00+00:00
[2024-04-27 22:26:53,909] {scheduler_job.py:190} INFO - Processing /home/airflow/.local/lib/python3.6/site-packages/airflow/example_dags/example_nested_branch_dag.py took 0.157 seconds
[2024-04-27 22:27:24,146] {scheduler_job.py:182} INFO - Started process (PID=579) to work on /home/airflow/.local/lib/python3.6/site-packages/airflow/example_dags/example_nested_branch_dag.py
[2024-04-27 22:27:24,148] {scheduler_job.py:629} INFO - Processing file /home/airflow/.local/lib/python3.6/site-packages/airflow/example_dags/example_nested_branch_dag.py for tasks to queue
[2024-04-27 22:27:24,150] {logging_mixin.py:104} INFO - [2024-04-27 22:27:24,150] {dagbag.py:451} INFO - Filling up the DagBag from /home/airflow/.local/lib/python3.6/site-packages/airflow/example_dags/example_nested_branch_dag.py
[2024-04-27 22:27:24,196] {scheduler_job.py:639} INFO - DAG(s) dict_keys(['example_nested_branch_dag']) retrieved from /home/airflow/.local/lib/python3.6/site-packages/airflow/example_dags/example_nested_branch_dag.py
[2024-04-27 22:27:24,244] {logging_mixin.py:104} INFO - [2024-04-27 22:27:24,244] {dag.py:1824} INFO - Sync 1 DAGs
[2024-04-27 22:27:24,272] {logging_mixin.py:104} INFO - [2024-04-27 22:27:24,272] {dag.py:2280} INFO - Setting next_dagrun for example_nested_branch_dag to 2024-04-25 00:00:00+00:00
[2024-04-27 22:27:24,290] {scheduler_job.py:190} INFO - Processing /home/airflow/.local/lib/python3.6/site-packages/airflow/example_dags/example_nested_branch_dag.py took 0.150 seconds
[2024-04-27 22:27:55,236] {scheduler_job.py:182} INFO - Started process (PID=605) to work on /home/airflow/.local/lib/python3.6/site-packages/airflow/example_dags/example_nested_branch_dag.py
[2024-04-27 22:27:55,239] {scheduler_job.py:629} INFO - Processing file /home/airflow/.local/lib/python3.6/site-packages/airflow/example_dags/example_nested_branch_dag.py for tasks to queue
[2024-04-27 22:27:55,240] {logging_mixin.py:104} INFO - [2024-04-27 22:27:55,240] {dagbag.py:451} INFO - Filling up the DagBag from /home/airflow/.local/lib/python3.6/site-packages/airflow/example_dags/example_nested_branch_dag.py
[2024-04-27 22:27:55,279] {scheduler_job.py:639} INFO - DAG(s) dict_keys(['example_nested_branch_dag']) retrieved from /home/airflow/.local/lib/python3.6/site-packages/airflow/example_dags/example_nested_branch_dag.py
[2024-04-27 22:27:55,325] {logging_mixin.py:104} INFO - [2024-04-27 22:27:55,325] {dag.py:1824} INFO - Sync 1 DAGs
[2024-04-27 22:27:55,359] {logging_mixin.py:104} INFO - [2024-04-27 22:27:55,358] {dag.py:2280} INFO - Setting next_dagrun for example_nested_branch_dag to 2024-04-25 00:00:00+00:00
[2024-04-27 22:27:55,389] {scheduler_job.py:190} INFO - Processing /home/airflow/.local/lib/python3.6/site-packages/airflow/example_dags/example_nested_branch_dag.py took 0.160 seconds
[2024-04-27 22:28:26,015] {scheduler_job.py:182} INFO - Started process (PID=631) to work on /home/airflow/.local/lib/python3.6/site-packages/airflow/example_dags/example_nested_branch_dag.py
[2024-04-27 22:28:26,018] {scheduler_job.py:629} INFO - Processing file /home/airflow/.local/lib/python3.6/site-packages/airflow/example_dags/example_nested_branch_dag.py for tasks to queue
[2024-04-27 22:28:26,019] {logging_mixin.py:104} INFO - [2024-04-27 22:28:26,019] {dagbag.py:451} INFO - Filling up the DagBag from /home/airflow/.local/lib/python3.6/site-packages/airflow/example_dags/example_nested_branch_dag.py
[2024-04-27 22:28:26,056] {scheduler_job.py:639} INFO - DAG(s) dict_keys(['example_nested_branch_dag']) retrieved from /home/airflow/.local/lib/python3.6/site-packages/airflow/example_dags/example_nested_branch_dag.py
[2024-04-27 22:28:26,090] {logging_mixin.py:104} INFO - [2024-04-27 22:28:26,090] {dag.py:1824} INFO - Sync 1 DAGs
[2024-04-27 22:28:26,119] {logging_mixin.py:104} INFO - [2024-04-27 22:28:26,118] {dag.py:2280} INFO - Setting next_dagrun for example_nested_branch_dag to 2024-04-25 00:00:00+00:00
[2024-04-27 22:28:26,134] {scheduler_job.py:190} INFO - Processing /home/airflow/.local/lib/python3.6/site-packages/airflow/example_dags/example_nested_branch_dag.py took 0.124 seconds
[2024-04-27 22:28:56,398] {scheduler_job.py:182} INFO - Started process (PID=657) to work on /home/airflow/.local/lib/python3.6/site-packages/airflow/example_dags/example_nested_branch_dag.py
[2024-04-27 22:28:56,402] {scheduler_job.py:629} INFO - Processing file /home/airflow/.local/lib/python3.6/site-packages/airflow/example_dags/example_nested_branch_dag.py for tasks to queue
[2024-04-27 22:28:56,404] {logging_mixin.py:104} INFO - [2024-04-27 22:28:56,404] {dagbag.py:451} INFO - Filling up the DagBag from /home/airflow/.local/lib/python3.6/site-packages/airflow/example_dags/example_nested_branch_dag.py
[2024-04-27 22:28:56,474] {scheduler_job.py:639} INFO - DAG(s) dict_keys(['example_nested_branch_dag']) retrieved from /home/airflow/.local/lib/python3.6/site-packages/airflow/example_dags/example_nested_branch_dag.py
[2024-04-27 22:28:56,512] {logging_mixin.py:104} INFO - [2024-04-27 22:28:56,512] {dag.py:1824} INFO - Sync 1 DAGs
[2024-04-27 22:28:56,544] {logging_mixin.py:104} INFO - [2024-04-27 22:28:56,543] {dag.py:2280} INFO - Setting next_dagrun for example_nested_branch_dag to 2024-04-25 00:00:00+00:00
[2024-04-27 22:28:56,563] {scheduler_job.py:190} INFO - Processing /home/airflow/.local/lib/python3.6/site-packages/airflow/example_dags/example_nested_branch_dag.py took 0.170 seconds
[2024-04-27 22:29:27,215] {scheduler_job.py:182} INFO - Started process (PID=683) to work on /home/airflow/.local/lib/python3.6/site-packages/airflow/example_dags/example_nested_branch_dag.py
[2024-04-27 22:29:27,220] {scheduler_job.py:629} INFO - Processing file /home/airflow/.local/lib/python3.6/site-packages/airflow/example_dags/example_nested_branch_dag.py for tasks to queue
[2024-04-27 22:29:27,222] {logging_mixin.py:104} INFO - [2024-04-27 22:29:27,222] {dagbag.py:451} INFO - Filling up the DagBag from /home/airflow/.local/lib/python3.6/site-packages/airflow/example_dags/example_nested_branch_dag.py
[2024-04-27 22:29:27,301] {scheduler_job.py:639} INFO - DAG(s) dict_keys(['example_nested_branch_dag']) retrieved from /home/airflow/.local/lib/python3.6/site-packages/airflow/example_dags/example_nested_branch_dag.py
[2024-04-27 22:29:27,401] {logging_mixin.py:104} INFO - [2024-04-27 22:29:27,401] {dag.py:1824} INFO - Sync 1 DAGs
[2024-04-27 22:29:27,509] {logging_mixin.py:104} INFO - [2024-04-27 22:29:27,509] {dag.py:2280} INFO - Setting next_dagrun for example_nested_branch_dag to 2024-04-25 00:00:00+00:00
[2024-04-27 22:29:27,554] {scheduler_job.py:190} INFO - Processing /home/airflow/.local/lib/python3.6/site-packages/airflow/example_dags/example_nested_branch_dag.py took 0.352 seconds
[2024-04-27 22:29:57,657] {scheduler_job.py:182} INFO - Started process (PID=709) to work on /home/airflow/.local/lib/python3.6/site-packages/airflow/example_dags/example_nested_branch_dag.py
[2024-04-27 22:29:57,659] {scheduler_job.py:629} INFO - Processing file /home/airflow/.local/lib/python3.6/site-packages/airflow/example_dags/example_nested_branch_dag.py for tasks to queue
[2024-04-27 22:29:57,661] {logging_mixin.py:104} INFO - [2024-04-27 22:29:57,661] {dagbag.py:451} INFO - Filling up the DagBag from /home/airflow/.local/lib/python3.6/site-packages/airflow/example_dags/example_nested_branch_dag.py
[2024-04-27 22:29:57,705] {scheduler_job.py:639} INFO - DAG(s) dict_keys(['example_nested_branch_dag']) retrieved from /home/airflow/.local/lib/python3.6/site-packages/airflow/example_dags/example_nested_branch_dag.py
[2024-04-27 22:29:57,745] {logging_mixin.py:104} INFO - [2024-04-27 22:29:57,745] {dag.py:1824} INFO - Sync 1 DAGs
[2024-04-27 22:29:57,781] {logging_mixin.py:104} INFO - [2024-04-27 22:29:57,780] {dag.py:2280} INFO - Setting next_dagrun for example_nested_branch_dag to 2024-04-25 00:00:00+00:00
[2024-04-27 22:29:57,799] {scheduler_job.py:190} INFO - Processing /home/airflow/.local/lib/python3.6/site-packages/airflow/example_dags/example_nested_branch_dag.py took 0.149 seconds
[2024-04-27 22:30:28,364] {scheduler_job.py:182} INFO - Started process (PID=735) to work on /home/airflow/.local/lib/python3.6/site-packages/airflow/example_dags/example_nested_branch_dag.py
[2024-04-27 22:30:28,366] {scheduler_job.py:629} INFO - Processing file /home/airflow/.local/lib/python3.6/site-packages/airflow/example_dags/example_nested_branch_dag.py for tasks to queue
[2024-04-27 22:30:28,368] {logging_mixin.py:104} INFO - [2024-04-27 22:30:28,368] {dagbag.py:451} INFO - Filling up the DagBag from /home/airflow/.local/lib/python3.6/site-packages/airflow/example_dags/example_nested_branch_dag.py
[2024-04-27 22:30:28,391] {scheduler_job.py:639} INFO - DAG(s) dict_keys(['example_nested_branch_dag']) retrieved from /home/airflow/.local/lib/python3.6/site-packages/airflow/example_dags/example_nested_branch_dag.py
[2024-04-27 22:30:28,420] {logging_mixin.py:104} INFO - [2024-04-27 22:30:28,420] {dag.py:1824} INFO - Sync 1 DAGs
[2024-04-27 22:30:28,446] {logging_mixin.py:104} INFO - [2024-04-27 22:30:28,446] {dag.py:2280} INFO - Setting next_dagrun for example_nested_branch_dag to 2024-04-25 00:00:00+00:00
[2024-04-27 22:30:28,462] {scheduler_job.py:190} INFO - Processing /home/airflow/.local/lib/python3.6/site-packages/airflow/example_dags/example_nested_branch_dag.py took 0.103 seconds
