[2024-04-27 22:16:43,003] {scheduler_job.py:182} INFO - Started process (PID=39) to work on /home/airflow/.local/lib/python3.6/site-packages/airflow/example_dags/tutorial_etl_dag.py
[2024-04-27 22:16:43,025] {scheduler_job.py:629} INFO - Processing file /home/airflow/.local/lib/python3.6/site-packages/airflow/example_dags/tutorial_etl_dag.py for tasks to queue
[2024-04-27 22:16:43,038] {logging_mixin.py:104} INFO - [2024-04-27 22:16:43,037] {dagbag.py:451} INFO - Filling up the DagBag from /home/airflow/.local/lib/python3.6/site-packages/airflow/example_dags/tutorial_etl_dag.py
[2024-04-27 22:16:43,106] {scheduler_job.py:639} INFO - DAG(s) dict_keys(['tutorial_etl_dag']) retrieved from /home/airflow/.local/lib/python3.6/site-packages/airflow/example_dags/tutorial_etl_dag.py
[2024-04-27 22:16:43,207] {logging_mixin.py:104} INFO - [2024-04-27 22:16:43,206] {dag.py:1824} INFO - Sync 1 DAGs
[2024-04-27 22:16:43,264] {logging_mixin.py:104} INFO - [2024-04-27 22:16:43,264] {dag.py:1843} INFO - Creating ORM DAG for tutorial_etl_dag
[2024-04-27 22:16:43,301] {logging_mixin.py:104} INFO - [2024-04-27 22:16:43,300] {dag.py:2280} INFO - Setting next_dagrun for tutorial_etl_dag to None
[2024-04-27 22:16:43,394] {scheduler_job.py:190} INFO - Processing /home/airflow/.local/lib/python3.6/site-packages/airflow/example_dags/tutorial_etl_dag.py took 0.404 seconds
[2024-04-27 22:17:14,764] {scheduler_job.py:182} INFO - Started process (PID=64) to work on /home/airflow/.local/lib/python3.6/site-packages/airflow/example_dags/tutorial_etl_dag.py
[2024-04-27 22:17:14,779] {scheduler_job.py:629} INFO - Processing file /home/airflow/.local/lib/python3.6/site-packages/airflow/example_dags/tutorial_etl_dag.py for tasks to queue
[2024-04-27 22:17:14,786] {logging_mixin.py:104} INFO - [2024-04-27 22:17:14,786] {dagbag.py:451} INFO - Filling up the DagBag from /home/airflow/.local/lib/python3.6/site-packages/airflow/example_dags/tutorial_etl_dag.py
[2024-04-27 22:17:14,937] {scheduler_job.py:639} INFO - DAG(s) dict_keys(['tutorial_etl_dag']) retrieved from /home/airflow/.local/lib/python3.6/site-packages/airflow/example_dags/tutorial_etl_dag.py
[2024-04-27 22:17:15,055] {logging_mixin.py:104} INFO - [2024-04-27 22:17:15,054] {dag.py:1824} INFO - Sync 1 DAGs
[2024-04-27 22:17:15,144] {logging_mixin.py:104} INFO - [2024-04-27 22:17:15,142] {dag.py:2280} INFO - Setting next_dagrun for tutorial_etl_dag to None
[2024-04-27 22:17:15,205] {scheduler_job.py:190} INFO - Processing /home/airflow/.local/lib/python3.6/site-packages/airflow/example_dags/tutorial_etl_dag.py took 0.458 seconds
[2024-04-27 22:17:45,481] {scheduler_job.py:182} INFO - Started process (PID=90) to work on /home/airflow/.local/lib/python3.6/site-packages/airflow/example_dags/tutorial_etl_dag.py
[2024-04-27 22:17:45,484] {scheduler_job.py:629} INFO - Processing file /home/airflow/.local/lib/python3.6/site-packages/airflow/example_dags/tutorial_etl_dag.py for tasks to queue
[2024-04-27 22:17:45,486] {logging_mixin.py:104} INFO - [2024-04-27 22:17:45,486] {dagbag.py:451} INFO - Filling up the DagBag from /home/airflow/.local/lib/python3.6/site-packages/airflow/example_dags/tutorial_etl_dag.py
[2024-04-27 22:17:45,511] {scheduler_job.py:639} INFO - DAG(s) dict_keys(['tutorial_etl_dag']) retrieved from /home/airflow/.local/lib/python3.6/site-packages/airflow/example_dags/tutorial_etl_dag.py
[2024-04-27 22:17:45,546] {logging_mixin.py:104} INFO - [2024-04-27 22:17:45,545] {dag.py:1824} INFO - Sync 1 DAGs
[2024-04-27 22:17:45,570] {logging_mixin.py:104} INFO - [2024-04-27 22:17:45,570] {dag.py:2280} INFO - Setting next_dagrun for tutorial_etl_dag to None
[2024-04-27 22:17:45,587] {scheduler_job.py:190} INFO - Processing /home/airflow/.local/lib/python3.6/site-packages/airflow/example_dags/tutorial_etl_dag.py took 0.112 seconds
[2024-04-27 22:18:16,100] {scheduler_job.py:182} INFO - Started process (PID=114) to work on /home/airflow/.local/lib/python3.6/site-packages/airflow/example_dags/tutorial_etl_dag.py
[2024-04-27 22:18:16,102] {scheduler_job.py:629} INFO - Processing file /home/airflow/.local/lib/python3.6/site-packages/airflow/example_dags/tutorial_etl_dag.py for tasks to queue
[2024-04-27 22:18:16,105] {logging_mixin.py:104} INFO - [2024-04-27 22:18:16,105] {dagbag.py:451} INFO - Filling up the DagBag from /home/airflow/.local/lib/python3.6/site-packages/airflow/example_dags/tutorial_etl_dag.py
[2024-04-27 22:18:16,134] {scheduler_job.py:639} INFO - DAG(s) dict_keys(['tutorial_etl_dag']) retrieved from /home/airflow/.local/lib/python3.6/site-packages/airflow/example_dags/tutorial_etl_dag.py
[2024-04-27 22:18:16,168] {logging_mixin.py:104} INFO - [2024-04-27 22:18:16,168] {dag.py:1824} INFO - Sync 1 DAGs
[2024-04-27 22:18:16,197] {logging_mixin.py:104} INFO - [2024-04-27 22:18:16,197] {dag.py:2280} INFO - Setting next_dagrun for tutorial_etl_dag to None
[2024-04-27 22:18:16,220] {scheduler_job.py:190} INFO - Processing /home/airflow/.local/lib/python3.6/site-packages/airflow/example_dags/tutorial_etl_dag.py took 0.127 seconds
[2024-04-27 22:18:46,398] {scheduler_job.py:182} INFO - Started process (PID=140) to work on /home/airflow/.local/lib/python3.6/site-packages/airflow/example_dags/tutorial_etl_dag.py
[2024-04-27 22:18:46,400] {scheduler_job.py:629} INFO - Processing file /home/airflow/.local/lib/python3.6/site-packages/airflow/example_dags/tutorial_etl_dag.py for tasks to queue
[2024-04-27 22:18:46,402] {logging_mixin.py:104} INFO - [2024-04-27 22:18:46,402] {dagbag.py:451} INFO - Filling up the DagBag from /home/airflow/.local/lib/python3.6/site-packages/airflow/example_dags/tutorial_etl_dag.py
[2024-04-27 22:18:46,424] {scheduler_job.py:639} INFO - DAG(s) dict_keys(['tutorial_etl_dag']) retrieved from /home/airflow/.local/lib/python3.6/site-packages/airflow/example_dags/tutorial_etl_dag.py
[2024-04-27 22:18:46,456] {logging_mixin.py:104} INFO - [2024-04-27 22:18:46,456] {dag.py:1824} INFO - Sync 1 DAGs
[2024-04-27 22:18:46,497] {logging_mixin.py:104} INFO - [2024-04-27 22:18:46,496] {dag.py:2280} INFO - Setting next_dagrun for tutorial_etl_dag to None
[2024-04-27 22:18:46,518] {scheduler_job.py:190} INFO - Processing /home/airflow/.local/lib/python3.6/site-packages/airflow/example_dags/tutorial_etl_dag.py took 0.125 seconds
[2024-04-27 22:19:16,809] {scheduler_job.py:182} INFO - Started process (PID=166) to work on /home/airflow/.local/lib/python3.6/site-packages/airflow/example_dags/tutorial_etl_dag.py
[2024-04-27 22:19:16,815] {scheduler_job.py:629} INFO - Processing file /home/airflow/.local/lib/python3.6/site-packages/airflow/example_dags/tutorial_etl_dag.py for tasks to queue
[2024-04-27 22:19:16,819] {logging_mixin.py:104} INFO - [2024-04-27 22:19:16,819] {dagbag.py:451} INFO - Filling up the DagBag from /home/airflow/.local/lib/python3.6/site-packages/airflow/example_dags/tutorial_etl_dag.py
[2024-04-27 22:19:16,844] {scheduler_job.py:639} INFO - DAG(s) dict_keys(['tutorial_etl_dag']) retrieved from /home/airflow/.local/lib/python3.6/site-packages/airflow/example_dags/tutorial_etl_dag.py
[2024-04-27 22:19:16,886] {logging_mixin.py:104} INFO - [2024-04-27 22:19:16,886] {dag.py:1824} INFO - Sync 1 DAGs
[2024-04-27 22:19:16,917] {logging_mixin.py:104} INFO - [2024-04-27 22:19:16,917] {dag.py:2280} INFO - Setting next_dagrun for tutorial_etl_dag to None
[2024-04-27 22:19:16,937] {scheduler_job.py:190} INFO - Processing /home/airflow/.local/lib/python3.6/site-packages/airflow/example_dags/tutorial_etl_dag.py took 0.134 seconds
[2024-04-27 22:19:47,167] {scheduler_job.py:182} INFO - Started process (PID=192) to work on /home/airflow/.local/lib/python3.6/site-packages/airflow/example_dags/tutorial_etl_dag.py
[2024-04-27 22:19:47,169] {scheduler_job.py:629} INFO - Processing file /home/airflow/.local/lib/python3.6/site-packages/airflow/example_dags/tutorial_etl_dag.py for tasks to queue
[2024-04-27 22:19:47,171] {logging_mixin.py:104} INFO - [2024-04-27 22:19:47,171] {dagbag.py:451} INFO - Filling up the DagBag from /home/airflow/.local/lib/python3.6/site-packages/airflow/example_dags/tutorial_etl_dag.py
[2024-04-27 22:19:47,190] {scheduler_job.py:639} INFO - DAG(s) dict_keys(['tutorial_etl_dag']) retrieved from /home/airflow/.local/lib/python3.6/site-packages/airflow/example_dags/tutorial_etl_dag.py
[2024-04-27 22:19:47,227] {logging_mixin.py:104} INFO - [2024-04-27 22:19:47,227] {dag.py:1824} INFO - Sync 1 DAGs
[2024-04-27 22:19:47,248] {logging_mixin.py:104} INFO - [2024-04-27 22:19:47,248] {dag.py:2280} INFO - Setting next_dagrun for tutorial_etl_dag to None
[2024-04-27 22:19:47,265] {scheduler_job.py:190} INFO - Processing /home/airflow/.local/lib/python3.6/site-packages/airflow/example_dags/tutorial_etl_dag.py took 0.103 seconds
[2024-04-27 22:20:17,990] {scheduler_job.py:182} INFO - Started process (PID=218) to work on /home/airflow/.local/lib/python3.6/site-packages/airflow/example_dags/tutorial_etl_dag.py
[2024-04-27 22:20:17,993] {scheduler_job.py:629} INFO - Processing file /home/airflow/.local/lib/python3.6/site-packages/airflow/example_dags/tutorial_etl_dag.py for tasks to queue
[2024-04-27 22:20:17,995] {logging_mixin.py:104} INFO - [2024-04-27 22:20:17,994] {dagbag.py:451} INFO - Filling up the DagBag from /home/airflow/.local/lib/python3.6/site-packages/airflow/example_dags/tutorial_etl_dag.py
[2024-04-27 22:20:18,017] {scheduler_job.py:639} INFO - DAG(s) dict_keys(['tutorial_etl_dag']) retrieved from /home/airflow/.local/lib/python3.6/site-packages/airflow/example_dags/tutorial_etl_dag.py
[2024-04-27 22:20:18,055] {logging_mixin.py:104} INFO - [2024-04-27 22:20:18,055] {dag.py:1824} INFO - Sync 1 DAGs
[2024-04-27 22:20:18,077] {logging_mixin.py:104} INFO - [2024-04-27 22:20:18,077] {dag.py:2280} INFO - Setting next_dagrun for tutorial_etl_dag to None
[2024-04-27 22:20:18,094] {scheduler_job.py:190} INFO - Processing /home/airflow/.local/lib/python3.6/site-packages/airflow/example_dags/tutorial_etl_dag.py took 0.109 seconds
[2024-04-27 22:20:49,009] {scheduler_job.py:182} INFO - Started process (PID=246) to work on /home/airflow/.local/lib/python3.6/site-packages/airflow/example_dags/tutorial_etl_dag.py
[2024-04-27 22:20:49,011] {scheduler_job.py:629} INFO - Processing file /home/airflow/.local/lib/python3.6/site-packages/airflow/example_dags/tutorial_etl_dag.py for tasks to queue
[2024-04-27 22:20:49,014] {logging_mixin.py:104} INFO - [2024-04-27 22:20:49,014] {dagbag.py:451} INFO - Filling up the DagBag from /home/airflow/.local/lib/python3.6/site-packages/airflow/example_dags/tutorial_etl_dag.py
[2024-04-27 22:20:49,040] {scheduler_job.py:639} INFO - DAG(s) dict_keys(['tutorial_etl_dag']) retrieved from /home/airflow/.local/lib/python3.6/site-packages/airflow/example_dags/tutorial_etl_dag.py
[2024-04-27 22:20:49,078] {logging_mixin.py:104} INFO - [2024-04-27 22:20:49,078] {dag.py:1824} INFO - Sync 1 DAGs
[2024-04-27 22:20:49,099] {logging_mixin.py:104} INFO - [2024-04-27 22:20:49,099] {dag.py:2280} INFO - Setting next_dagrun for tutorial_etl_dag to None
[2024-04-27 22:20:49,117] {scheduler_job.py:190} INFO - Processing /home/airflow/.local/lib/python3.6/site-packages/airflow/example_dags/tutorial_etl_dag.py took 0.116 seconds
[2024-04-27 22:21:19,605] {scheduler_job.py:182} INFO - Started process (PID=270) to work on /home/airflow/.local/lib/python3.6/site-packages/airflow/example_dags/tutorial_etl_dag.py
[2024-04-27 22:21:19,608] {scheduler_job.py:629} INFO - Processing file /home/airflow/.local/lib/python3.6/site-packages/airflow/example_dags/tutorial_etl_dag.py for tasks to queue
[2024-04-27 22:21:19,613] {logging_mixin.py:104} INFO - [2024-04-27 22:21:19,613] {dagbag.py:451} INFO - Filling up the DagBag from /home/airflow/.local/lib/python3.6/site-packages/airflow/example_dags/tutorial_etl_dag.py
[2024-04-27 22:21:19,647] {scheduler_job.py:639} INFO - DAG(s) dict_keys(['tutorial_etl_dag']) retrieved from /home/airflow/.local/lib/python3.6/site-packages/airflow/example_dags/tutorial_etl_dag.py
[2024-04-27 22:21:19,702] {logging_mixin.py:104} INFO - [2024-04-27 22:21:19,701] {dag.py:1824} INFO - Sync 1 DAGs
[2024-04-27 22:21:19,738] {logging_mixin.py:104} INFO - [2024-04-27 22:21:19,738] {dag.py:2280} INFO - Setting next_dagrun for tutorial_etl_dag to None
[2024-04-27 22:21:19,768] {scheduler_job.py:190} INFO - Processing /home/airflow/.local/lib/python3.6/site-packages/airflow/example_dags/tutorial_etl_dag.py took 0.171 seconds
[2024-04-27 22:21:50,631] {scheduler_job.py:182} INFO - Started process (PID=296) to work on /home/airflow/.local/lib/python3.6/site-packages/airflow/example_dags/tutorial_etl_dag.py
[2024-04-27 22:21:50,634] {scheduler_job.py:629} INFO - Processing file /home/airflow/.local/lib/python3.6/site-packages/airflow/example_dags/tutorial_etl_dag.py for tasks to queue
[2024-04-27 22:21:50,636] {logging_mixin.py:104} INFO - [2024-04-27 22:21:50,636] {dagbag.py:451} INFO - Filling up the DagBag from /home/airflow/.local/lib/python3.6/site-packages/airflow/example_dags/tutorial_etl_dag.py
[2024-04-27 22:21:50,665] {scheduler_job.py:639} INFO - DAG(s) dict_keys(['tutorial_etl_dag']) retrieved from /home/airflow/.local/lib/python3.6/site-packages/airflow/example_dags/tutorial_etl_dag.py
[2024-04-27 22:21:50,702] {logging_mixin.py:104} INFO - [2024-04-27 22:21:50,702] {dag.py:1824} INFO - Sync 1 DAGs
[2024-04-27 22:21:50,729] {logging_mixin.py:104} INFO - [2024-04-27 22:21:50,729] {dag.py:2280} INFO - Setting next_dagrun for tutorial_etl_dag to None
[2024-04-27 22:21:50,750] {scheduler_job.py:190} INFO - Processing /home/airflow/.local/lib/python3.6/site-packages/airflow/example_dags/tutorial_etl_dag.py took 0.126 seconds
[2024-04-27 22:22:20,881] {scheduler_job.py:182} INFO - Started process (PID=322) to work on /home/airflow/.local/lib/python3.6/site-packages/airflow/example_dags/tutorial_etl_dag.py
[2024-04-27 22:22:20,885] {scheduler_job.py:629} INFO - Processing file /home/airflow/.local/lib/python3.6/site-packages/airflow/example_dags/tutorial_etl_dag.py for tasks to queue
[2024-04-27 22:22:20,887] {logging_mixin.py:104} INFO - [2024-04-27 22:22:20,886] {dagbag.py:451} INFO - Filling up the DagBag from /home/airflow/.local/lib/python3.6/site-packages/airflow/example_dags/tutorial_etl_dag.py
[2024-04-27 22:22:20,925] {scheduler_job.py:639} INFO - DAG(s) dict_keys(['tutorial_etl_dag']) retrieved from /home/airflow/.local/lib/python3.6/site-packages/airflow/example_dags/tutorial_etl_dag.py
[2024-04-27 22:22:20,965] {logging_mixin.py:104} INFO - [2024-04-27 22:22:20,965] {dag.py:1824} INFO - Sync 1 DAGs
[2024-04-27 22:22:20,995] {logging_mixin.py:104} INFO - [2024-04-27 22:22:20,995] {dag.py:2280} INFO - Setting next_dagrun for tutorial_etl_dag to None
[2024-04-27 22:22:21,018] {scheduler_job.py:190} INFO - Processing /home/airflow/.local/lib/python3.6/site-packages/airflow/example_dags/tutorial_etl_dag.py took 0.143 seconds
[2024-04-27 22:22:51,819] {scheduler_job.py:182} INFO - Started process (PID=348) to work on /home/airflow/.local/lib/python3.6/site-packages/airflow/example_dags/tutorial_etl_dag.py
[2024-04-27 22:22:51,822] {scheduler_job.py:629} INFO - Processing file /home/airflow/.local/lib/python3.6/site-packages/airflow/example_dags/tutorial_etl_dag.py for tasks to queue
[2024-04-27 22:22:51,823] {logging_mixin.py:104} INFO - [2024-04-27 22:22:51,823] {dagbag.py:451} INFO - Filling up the DagBag from /home/airflow/.local/lib/python3.6/site-packages/airflow/example_dags/tutorial_etl_dag.py
[2024-04-27 22:22:51,847] {scheduler_job.py:639} INFO - DAG(s) dict_keys(['tutorial_etl_dag']) retrieved from /home/airflow/.local/lib/python3.6/site-packages/airflow/example_dags/tutorial_etl_dag.py
[2024-04-27 22:22:51,874] {logging_mixin.py:104} INFO - [2024-04-27 22:22:51,874] {dag.py:1824} INFO - Sync 1 DAGs
[2024-04-27 22:22:51,893] {logging_mixin.py:104} INFO - [2024-04-27 22:22:51,892] {dag.py:2280} INFO - Setting next_dagrun for tutorial_etl_dag to None
[2024-04-27 22:22:51,907] {scheduler_job.py:190} INFO - Processing /home/airflow/.local/lib/python3.6/site-packages/airflow/example_dags/tutorial_etl_dag.py took 0.092 seconds
[2024-04-27 22:23:22,684] {scheduler_job.py:182} INFO - Started process (PID=374) to work on /home/airflow/.local/lib/python3.6/site-packages/airflow/example_dags/tutorial_etl_dag.py
[2024-04-27 22:23:22,686] {scheduler_job.py:629} INFO - Processing file /home/airflow/.local/lib/python3.6/site-packages/airflow/example_dags/tutorial_etl_dag.py for tasks to queue
[2024-04-27 22:23:22,690] {logging_mixin.py:104} INFO - [2024-04-27 22:23:22,690] {dagbag.py:451} INFO - Filling up the DagBag from /home/airflow/.local/lib/python3.6/site-packages/airflow/example_dags/tutorial_etl_dag.py
[2024-04-27 22:23:22,717] {scheduler_job.py:639} INFO - DAG(s) dict_keys(['tutorial_etl_dag']) retrieved from /home/airflow/.local/lib/python3.6/site-packages/airflow/example_dags/tutorial_etl_dag.py
[2024-04-27 22:23:22,779] {logging_mixin.py:104} INFO - [2024-04-27 22:23:22,779] {dag.py:1824} INFO - Sync 1 DAGs
[2024-04-27 22:23:22,825] {logging_mixin.py:104} INFO - [2024-04-27 22:23:22,825] {dag.py:2280} INFO - Setting next_dagrun for tutorial_etl_dag to None
[2024-04-27 22:23:22,865] {scheduler_job.py:190} INFO - Processing /home/airflow/.local/lib/python3.6/site-packages/airflow/example_dags/tutorial_etl_dag.py took 0.187 seconds
[2024-04-27 22:23:53,234] {scheduler_job.py:182} INFO - Started process (PID=400) to work on /home/airflow/.local/lib/python3.6/site-packages/airflow/example_dags/tutorial_etl_dag.py
[2024-04-27 22:23:53,242] {scheduler_job.py:629} INFO - Processing file /home/airflow/.local/lib/python3.6/site-packages/airflow/example_dags/tutorial_etl_dag.py for tasks to queue
[2024-04-27 22:23:53,244] {logging_mixin.py:104} INFO - [2024-04-27 22:23:53,243] {dagbag.py:451} INFO - Filling up the DagBag from /home/airflow/.local/lib/python3.6/site-packages/airflow/example_dags/tutorial_etl_dag.py
[2024-04-27 22:23:53,260] {scheduler_job.py:639} INFO - DAG(s) dict_keys(['tutorial_etl_dag']) retrieved from /home/airflow/.local/lib/python3.6/site-packages/airflow/example_dags/tutorial_etl_dag.py
[2024-04-27 22:23:53,288] {logging_mixin.py:104} INFO - [2024-04-27 22:23:53,288] {dag.py:1824} INFO - Sync 1 DAGs
[2024-04-27 22:23:53,306] {logging_mixin.py:104} INFO - [2024-04-27 22:23:53,306] {dag.py:2280} INFO - Setting next_dagrun for tutorial_etl_dag to None
[2024-04-27 22:23:53,321] {scheduler_job.py:190} INFO - Processing /home/airflow/.local/lib/python3.6/site-packages/airflow/example_dags/tutorial_etl_dag.py took 0.092 seconds
[2024-04-27 22:24:23,555] {scheduler_job.py:182} INFO - Started process (PID=426) to work on /home/airflow/.local/lib/python3.6/site-packages/airflow/example_dags/tutorial_etl_dag.py
[2024-04-27 22:24:23,557] {scheduler_job.py:629} INFO - Processing file /home/airflow/.local/lib/python3.6/site-packages/airflow/example_dags/tutorial_etl_dag.py for tasks to queue
[2024-04-27 22:24:23,559] {logging_mixin.py:104} INFO - [2024-04-27 22:24:23,559] {dagbag.py:451} INFO - Filling up the DagBag from /home/airflow/.local/lib/python3.6/site-packages/airflow/example_dags/tutorial_etl_dag.py
[2024-04-27 22:24:23,582] {scheduler_job.py:639} INFO - DAG(s) dict_keys(['tutorial_etl_dag']) retrieved from /home/airflow/.local/lib/python3.6/site-packages/airflow/example_dags/tutorial_etl_dag.py
[2024-04-27 22:24:23,617] {logging_mixin.py:104} INFO - [2024-04-27 22:24:23,617] {dag.py:1824} INFO - Sync 1 DAGs
[2024-04-27 22:24:23,642] {logging_mixin.py:104} INFO - [2024-04-27 22:24:23,642] {dag.py:2280} INFO - Setting next_dagrun for tutorial_etl_dag to None
[2024-04-27 22:24:23,661] {scheduler_job.py:190} INFO - Processing /home/airflow/.local/lib/python3.6/site-packages/airflow/example_dags/tutorial_etl_dag.py took 0.112 seconds
[2024-04-27 22:24:53,835] {scheduler_job.py:182} INFO - Started process (PID=452) to work on /home/airflow/.local/lib/python3.6/site-packages/airflow/example_dags/tutorial_etl_dag.py
[2024-04-27 22:24:53,837] {scheduler_job.py:629} INFO - Processing file /home/airflow/.local/lib/python3.6/site-packages/airflow/example_dags/tutorial_etl_dag.py for tasks to queue
[2024-04-27 22:24:53,838] {logging_mixin.py:104} INFO - [2024-04-27 22:24:53,838] {dagbag.py:451} INFO - Filling up the DagBag from /home/airflow/.local/lib/python3.6/site-packages/airflow/example_dags/tutorial_etl_dag.py
[2024-04-27 22:24:53,854] {scheduler_job.py:639} INFO - DAG(s) dict_keys(['tutorial_etl_dag']) retrieved from /home/airflow/.local/lib/python3.6/site-packages/airflow/example_dags/tutorial_etl_dag.py
[2024-04-27 22:24:53,881] {logging_mixin.py:104} INFO - [2024-04-27 22:24:53,881] {dag.py:1824} INFO - Sync 1 DAGs
[2024-04-27 22:24:53,900] {logging_mixin.py:104} INFO - [2024-04-27 22:24:53,900] {dag.py:2280} INFO - Setting next_dagrun for tutorial_etl_dag to None
[2024-04-27 22:24:53,917] {scheduler_job.py:190} INFO - Processing /home/airflow/.local/lib/python3.6/site-packages/airflow/example_dags/tutorial_etl_dag.py took 0.087 seconds
[2024-04-27 22:25:24,010] {scheduler_job.py:182} INFO - Started process (PID=478) to work on /home/airflow/.local/lib/python3.6/site-packages/airflow/example_dags/tutorial_etl_dag.py
[2024-04-27 22:25:24,012] {scheduler_job.py:629} INFO - Processing file /home/airflow/.local/lib/python3.6/site-packages/airflow/example_dags/tutorial_etl_dag.py for tasks to queue
[2024-04-27 22:25:24,014] {logging_mixin.py:104} INFO - [2024-04-27 22:25:24,014] {dagbag.py:451} INFO - Filling up the DagBag from /home/airflow/.local/lib/python3.6/site-packages/airflow/example_dags/tutorial_etl_dag.py
[2024-04-27 22:25:24,032] {scheduler_job.py:639} INFO - DAG(s) dict_keys(['tutorial_etl_dag']) retrieved from /home/airflow/.local/lib/python3.6/site-packages/airflow/example_dags/tutorial_etl_dag.py
[2024-04-27 22:25:24,060] {logging_mixin.py:104} INFO - [2024-04-27 22:25:24,060] {dag.py:1824} INFO - Sync 1 DAGs
[2024-04-27 22:25:24,081] {logging_mixin.py:104} INFO - [2024-04-27 22:25:24,081] {dag.py:2280} INFO - Setting next_dagrun for tutorial_etl_dag to None
[2024-04-27 22:25:24,097] {scheduler_job.py:190} INFO - Processing /home/airflow/.local/lib/python3.6/site-packages/airflow/example_dags/tutorial_etl_dag.py took 0.092 seconds
[2024-04-27 22:25:54,265] {scheduler_job.py:182} INFO - Started process (PID=504) to work on /home/airflow/.local/lib/python3.6/site-packages/airflow/example_dags/tutorial_etl_dag.py
[2024-04-27 22:25:54,267] {scheduler_job.py:629} INFO - Processing file /home/airflow/.local/lib/python3.6/site-packages/airflow/example_dags/tutorial_etl_dag.py for tasks to queue
[2024-04-27 22:25:54,269] {logging_mixin.py:104} INFO - [2024-04-27 22:25:54,268] {dagbag.py:451} INFO - Filling up the DagBag from /home/airflow/.local/lib/python3.6/site-packages/airflow/example_dags/tutorial_etl_dag.py
[2024-04-27 22:25:54,287] {scheduler_job.py:639} INFO - DAG(s) dict_keys(['tutorial_etl_dag']) retrieved from /home/airflow/.local/lib/python3.6/site-packages/airflow/example_dags/tutorial_etl_dag.py
[2024-04-27 22:25:54,317] {logging_mixin.py:104} INFO - [2024-04-27 22:25:54,317] {dag.py:1824} INFO - Sync 1 DAGs
[2024-04-27 22:25:54,338] {logging_mixin.py:104} INFO - [2024-04-27 22:25:54,338] {dag.py:2280} INFO - Setting next_dagrun for tutorial_etl_dag to None
[2024-04-27 22:25:54,354] {scheduler_job.py:190} INFO - Processing /home/airflow/.local/lib/python3.6/site-packages/airflow/example_dags/tutorial_etl_dag.py took 0.093 seconds
[2024-04-27 22:26:24,619] {scheduler_job.py:182} INFO - Started process (PID=530) to work on /home/airflow/.local/lib/python3.6/site-packages/airflow/example_dags/tutorial_etl_dag.py
[2024-04-27 22:26:24,621] {scheduler_job.py:629} INFO - Processing file /home/airflow/.local/lib/python3.6/site-packages/airflow/example_dags/tutorial_etl_dag.py for tasks to queue
[2024-04-27 22:26:24,623] {logging_mixin.py:104} INFO - [2024-04-27 22:26:24,623] {dagbag.py:451} INFO - Filling up the DagBag from /home/airflow/.local/lib/python3.6/site-packages/airflow/example_dags/tutorial_etl_dag.py
[2024-04-27 22:26:24,644] {scheduler_job.py:639} INFO - DAG(s) dict_keys(['tutorial_etl_dag']) retrieved from /home/airflow/.local/lib/python3.6/site-packages/airflow/example_dags/tutorial_etl_dag.py
[2024-04-27 22:26:24,674] {logging_mixin.py:104} INFO - [2024-04-27 22:26:24,674] {dag.py:1824} INFO - Sync 1 DAGs
[2024-04-27 22:26:24,695] {logging_mixin.py:104} INFO - [2024-04-27 22:26:24,695] {dag.py:2280} INFO - Setting next_dagrun for tutorial_etl_dag to None
[2024-04-27 22:26:24,711] {scheduler_job.py:190} INFO - Processing /home/airflow/.local/lib/python3.6/site-packages/airflow/example_dags/tutorial_etl_dag.py took 0.097 seconds
[2024-04-27 22:26:54,999] {scheduler_job.py:182} INFO - Started process (PID=556) to work on /home/airflow/.local/lib/python3.6/site-packages/airflow/example_dags/tutorial_etl_dag.py
[2024-04-27 22:26:55,002] {scheduler_job.py:629} INFO - Processing file /home/airflow/.local/lib/python3.6/site-packages/airflow/example_dags/tutorial_etl_dag.py for tasks to queue
[2024-04-27 22:26:55,003] {logging_mixin.py:104} INFO - [2024-04-27 22:26:55,003] {dagbag.py:451} INFO - Filling up the DagBag from /home/airflow/.local/lib/python3.6/site-packages/airflow/example_dags/tutorial_etl_dag.py
[2024-04-27 22:26:55,037] {scheduler_job.py:639} INFO - DAG(s) dict_keys(['tutorial_etl_dag']) retrieved from /home/airflow/.local/lib/python3.6/site-packages/airflow/example_dags/tutorial_etl_dag.py
[2024-04-27 22:26:55,085] {logging_mixin.py:104} INFO - [2024-04-27 22:26:55,085] {dag.py:1824} INFO - Sync 1 DAGs
[2024-04-27 22:26:55,112] {logging_mixin.py:104} INFO - [2024-04-27 22:26:55,111] {dag.py:2280} INFO - Setting next_dagrun for tutorial_etl_dag to None
[2024-04-27 22:26:55,127] {scheduler_job.py:190} INFO - Processing /home/airflow/.local/lib/python3.6/site-packages/airflow/example_dags/tutorial_etl_dag.py took 0.133 seconds
[2024-04-27 22:27:25,292] {scheduler_job.py:182} INFO - Started process (PID=582) to work on /home/airflow/.local/lib/python3.6/site-packages/airflow/example_dags/tutorial_etl_dag.py
[2024-04-27 22:27:25,294] {scheduler_job.py:629} INFO - Processing file /home/airflow/.local/lib/python3.6/site-packages/airflow/example_dags/tutorial_etl_dag.py for tasks to queue
[2024-04-27 22:27:25,296] {logging_mixin.py:104} INFO - [2024-04-27 22:27:25,295] {dagbag.py:451} INFO - Filling up the DagBag from /home/airflow/.local/lib/python3.6/site-packages/airflow/example_dags/tutorial_etl_dag.py
[2024-04-27 22:27:25,312] {scheduler_job.py:639} INFO - DAG(s) dict_keys(['tutorial_etl_dag']) retrieved from /home/airflow/.local/lib/python3.6/site-packages/airflow/example_dags/tutorial_etl_dag.py
[2024-04-27 22:27:25,338] {logging_mixin.py:104} INFO - [2024-04-27 22:27:25,338] {dag.py:1824} INFO - Sync 1 DAGs
[2024-04-27 22:27:25,357] {logging_mixin.py:104} INFO - [2024-04-27 22:27:25,357] {dag.py:2280} INFO - Setting next_dagrun for tutorial_etl_dag to None
[2024-04-27 22:27:25,372] {scheduler_job.py:190} INFO - Processing /home/airflow/.local/lib/python3.6/site-packages/airflow/example_dags/tutorial_etl_dag.py took 0.084 seconds
[2024-04-27 22:27:55,828] {scheduler_job.py:182} INFO - Started process (PID=608) to work on /home/airflow/.local/lib/python3.6/site-packages/airflow/example_dags/tutorial_etl_dag.py
[2024-04-27 22:27:55,830] {scheduler_job.py:629} INFO - Processing file /home/airflow/.local/lib/python3.6/site-packages/airflow/example_dags/tutorial_etl_dag.py for tasks to queue
[2024-04-27 22:27:55,832] {logging_mixin.py:104} INFO - [2024-04-27 22:27:55,832] {dagbag.py:451} INFO - Filling up the DagBag from /home/airflow/.local/lib/python3.6/site-packages/airflow/example_dags/tutorial_etl_dag.py
[2024-04-27 22:27:55,874] {scheduler_job.py:639} INFO - DAG(s) dict_keys(['tutorial_etl_dag']) retrieved from /home/airflow/.local/lib/python3.6/site-packages/airflow/example_dags/tutorial_etl_dag.py
[2024-04-27 22:27:55,911] {logging_mixin.py:104} INFO - [2024-04-27 22:27:55,911] {dag.py:1824} INFO - Sync 1 DAGs
[2024-04-27 22:27:55,933] {logging_mixin.py:104} INFO - [2024-04-27 22:27:55,933] {dag.py:2280} INFO - Setting next_dagrun for tutorial_etl_dag to None
[2024-04-27 22:27:55,948] {scheduler_job.py:190} INFO - Processing /home/airflow/.local/lib/python3.6/site-packages/airflow/example_dags/tutorial_etl_dag.py took 0.127 seconds
[2024-04-27 22:28:26,367] {scheduler_job.py:182} INFO - Started process (PID=634) to work on /home/airflow/.local/lib/python3.6/site-packages/airflow/example_dags/tutorial_etl_dag.py
[2024-04-27 22:28:26,370] {scheduler_job.py:629} INFO - Processing file /home/airflow/.local/lib/python3.6/site-packages/airflow/example_dags/tutorial_etl_dag.py for tasks to queue
[2024-04-27 22:28:26,373] {logging_mixin.py:104} INFO - [2024-04-27 22:28:26,372] {dagbag.py:451} INFO - Filling up the DagBag from /home/airflow/.local/lib/python3.6/site-packages/airflow/example_dags/tutorial_etl_dag.py
[2024-04-27 22:28:26,407] {scheduler_job.py:639} INFO - DAG(s) dict_keys(['tutorial_etl_dag']) retrieved from /home/airflow/.local/lib/python3.6/site-packages/airflow/example_dags/tutorial_etl_dag.py
[2024-04-27 22:28:26,444] {logging_mixin.py:104} INFO - [2024-04-27 22:28:26,444] {dag.py:1824} INFO - Sync 1 DAGs
[2024-04-27 22:28:26,471] {logging_mixin.py:104} INFO - [2024-04-27 22:28:26,471] {dag.py:2280} INFO - Setting next_dagrun for tutorial_etl_dag to None
[2024-04-27 22:28:26,493] {scheduler_job.py:190} INFO - Processing /home/airflow/.local/lib/python3.6/site-packages/airflow/example_dags/tutorial_etl_dag.py took 0.131 seconds
[2024-04-27 22:28:56,883] {scheduler_job.py:182} INFO - Started process (PID=660) to work on /home/airflow/.local/lib/python3.6/site-packages/airflow/example_dags/tutorial_etl_dag.py
[2024-04-27 22:28:56,889] {scheduler_job.py:629} INFO - Processing file /home/airflow/.local/lib/python3.6/site-packages/airflow/example_dags/tutorial_etl_dag.py for tasks to queue
[2024-04-27 22:28:56,892] {logging_mixin.py:104} INFO - [2024-04-27 22:28:56,892] {dagbag.py:451} INFO - Filling up the DagBag from /home/airflow/.local/lib/python3.6/site-packages/airflow/example_dags/tutorial_etl_dag.py
[2024-04-27 22:28:56,943] {scheduler_job.py:639} INFO - DAG(s) dict_keys(['tutorial_etl_dag']) retrieved from /home/airflow/.local/lib/python3.6/site-packages/airflow/example_dags/tutorial_etl_dag.py
[2024-04-27 22:28:57,044] {logging_mixin.py:104} INFO - [2024-04-27 22:28:57,043] {dag.py:1824} INFO - Sync 1 DAGs
[2024-04-27 22:28:57,081] {logging_mixin.py:104} INFO - [2024-04-27 22:28:57,081] {dag.py:2280} INFO - Setting next_dagrun for tutorial_etl_dag to None
[2024-04-27 22:28:57,110] {scheduler_job.py:190} INFO - Processing /home/airflow/.local/lib/python3.6/site-packages/airflow/example_dags/tutorial_etl_dag.py took 0.268 seconds
[2024-04-27 22:29:27,925] {scheduler_job.py:182} INFO - Started process (PID=686) to work on /home/airflow/.local/lib/python3.6/site-packages/airflow/example_dags/tutorial_etl_dag.py
[2024-04-27 22:29:27,928] {scheduler_job.py:629} INFO - Processing file /home/airflow/.local/lib/python3.6/site-packages/airflow/example_dags/tutorial_etl_dag.py for tasks to queue
[2024-04-27 22:29:27,930] {logging_mixin.py:104} INFO - [2024-04-27 22:29:27,930] {dagbag.py:451} INFO - Filling up the DagBag from /home/airflow/.local/lib/python3.6/site-packages/airflow/example_dags/tutorial_etl_dag.py
[2024-04-27 22:29:27,973] {scheduler_job.py:639} INFO - DAG(s) dict_keys(['tutorial_etl_dag']) retrieved from /home/airflow/.local/lib/python3.6/site-packages/airflow/example_dags/tutorial_etl_dag.py
[2024-04-27 22:29:28,023] {logging_mixin.py:104} INFO - [2024-04-27 22:29:28,023] {dag.py:1824} INFO - Sync 1 DAGs
[2024-04-27 22:29:28,049] {logging_mixin.py:104} INFO - [2024-04-27 22:29:28,049] {dag.py:2280} INFO - Setting next_dagrun for tutorial_etl_dag to None
[2024-04-27 22:29:28,068] {scheduler_job.py:190} INFO - Processing /home/airflow/.local/lib/python3.6/site-packages/airflow/example_dags/tutorial_etl_dag.py took 0.149 seconds
[2024-04-27 22:29:59,230] {scheduler_job.py:182} INFO - Started process (PID=712) to work on /home/airflow/.local/lib/python3.6/site-packages/airflow/example_dags/tutorial_etl_dag.py
[2024-04-27 22:29:59,233] {scheduler_job.py:629} INFO - Processing file /home/airflow/.local/lib/python3.6/site-packages/airflow/example_dags/tutorial_etl_dag.py for tasks to queue
[2024-04-27 22:29:59,235] {logging_mixin.py:104} INFO - [2024-04-27 22:29:59,234] {dagbag.py:451} INFO - Filling up the DagBag from /home/airflow/.local/lib/python3.6/site-packages/airflow/example_dags/tutorial_etl_dag.py
[2024-04-27 22:29:59,282] {scheduler_job.py:639} INFO - DAG(s) dict_keys(['tutorial_etl_dag']) retrieved from /home/airflow/.local/lib/python3.6/site-packages/airflow/example_dags/tutorial_etl_dag.py
[2024-04-27 22:29:59,401] {logging_mixin.py:104} INFO - [2024-04-27 22:29:59,401] {dag.py:1824} INFO - Sync 1 DAGs
[2024-04-27 22:29:59,439] {logging_mixin.py:104} INFO - [2024-04-27 22:29:59,439] {dag.py:2280} INFO - Setting next_dagrun for tutorial_etl_dag to None
[2024-04-27 22:29:59,469] {scheduler_job.py:190} INFO - Processing /home/airflow/.local/lib/python3.6/site-packages/airflow/example_dags/tutorial_etl_dag.py took 0.246 seconds
[2024-04-27 22:30:29,522] {scheduler_job.py:182} INFO - Started process (PID=738) to work on /home/airflow/.local/lib/python3.6/site-packages/airflow/example_dags/tutorial_etl_dag.py
[2024-04-27 22:30:29,524] {scheduler_job.py:629} INFO - Processing file /home/airflow/.local/lib/python3.6/site-packages/airflow/example_dags/tutorial_etl_dag.py for tasks to queue
[2024-04-27 22:30:29,526] {logging_mixin.py:104} INFO - [2024-04-27 22:30:29,525] {dagbag.py:451} INFO - Filling up the DagBag from /home/airflow/.local/lib/python3.6/site-packages/airflow/example_dags/tutorial_etl_dag.py
[2024-04-27 22:30:29,548] {scheduler_job.py:639} INFO - DAG(s) dict_keys(['tutorial_etl_dag']) retrieved from /home/airflow/.local/lib/python3.6/site-packages/airflow/example_dags/tutorial_etl_dag.py
[2024-04-27 22:30:29,582] {logging_mixin.py:104} INFO - [2024-04-27 22:30:29,582] {dag.py:1824} INFO - Sync 1 DAGs
[2024-04-27 22:30:29,605] {logging_mixin.py:104} INFO - [2024-04-27 22:30:29,605] {dag.py:2280} INFO - Setting next_dagrun for tutorial_etl_dag to None
[2024-04-27 22:30:29,622] {scheduler_job.py:190} INFO - Processing /home/airflow/.local/lib/python3.6/site-packages/airflow/example_dags/tutorial_etl_dag.py took 0.105 seconds
[2024-04-27 22:30:59,841] {scheduler_job.py:182} INFO - Started process (PID=764) to work on /home/airflow/.local/lib/python3.6/site-packages/airflow/example_dags/tutorial_etl_dag.py
[2024-04-27 22:30:59,846] {scheduler_job.py:629} INFO - Processing file /home/airflow/.local/lib/python3.6/site-packages/airflow/example_dags/tutorial_etl_dag.py for tasks to queue
[2024-04-27 22:30:59,861] {logging_mixin.py:104} INFO - [2024-04-27 22:30:59,860] {dagbag.py:451} INFO - Filling up the DagBag from /home/airflow/.local/lib/python3.6/site-packages/airflow/example_dags/tutorial_etl_dag.py
[2024-04-27 22:30:59,904] {scheduler_job.py:639} INFO - DAG(s) dict_keys(['tutorial_etl_dag']) retrieved from /home/airflow/.local/lib/python3.6/site-packages/airflow/example_dags/tutorial_etl_dag.py
[2024-04-27 22:30:59,948] {logging_mixin.py:104} INFO - [2024-04-27 22:30:59,948] {dag.py:1824} INFO - Sync 1 DAGs
[2024-04-27 22:30:59,976] {logging_mixin.py:104} INFO - [2024-04-27 22:30:59,976] {dag.py:2280} INFO - Setting next_dagrun for tutorial_etl_dag to None
[2024-04-27 22:31:00,000] {scheduler_job.py:190} INFO - Processing /home/airflow/.local/lib/python3.6/site-packages/airflow/example_dags/tutorial_etl_dag.py took 0.167 seconds
[2024-04-27 22:31:30,348] {scheduler_job.py:182} INFO - Started process (PID=790) to work on /home/airflow/.local/lib/python3.6/site-packages/airflow/example_dags/tutorial_etl_dag.py
[2024-04-27 22:31:30,351] {scheduler_job.py:629} INFO - Processing file /home/airflow/.local/lib/python3.6/site-packages/airflow/example_dags/tutorial_etl_dag.py for tasks to queue
[2024-04-27 22:31:30,354] {logging_mixin.py:104} INFO - [2024-04-27 22:31:30,353] {dagbag.py:451} INFO - Filling up the DagBag from /home/airflow/.local/lib/python3.6/site-packages/airflow/example_dags/tutorial_etl_dag.py
[2024-04-27 22:31:30,384] {scheduler_job.py:639} INFO - DAG(s) dict_keys(['tutorial_etl_dag']) retrieved from /home/airflow/.local/lib/python3.6/site-packages/airflow/example_dags/tutorial_etl_dag.py
[2024-04-27 22:31:30,434] {logging_mixin.py:104} INFO - [2024-04-27 22:31:30,434] {dag.py:1824} INFO - Sync 1 DAGs
[2024-04-27 22:31:30,471] {logging_mixin.py:104} INFO - [2024-04-27 22:31:30,471] {dag.py:2280} INFO - Setting next_dagrun for tutorial_etl_dag to None
[2024-04-27 22:31:30,498] {scheduler_job.py:190} INFO - Processing /home/airflow/.local/lib/python3.6/site-packages/airflow/example_dags/tutorial_etl_dag.py took 0.158 seconds
[2024-04-27 22:32:01,351] {scheduler_job.py:182} INFO - Started process (PID=816) to work on /home/airflow/.local/lib/python3.6/site-packages/airflow/example_dags/tutorial_etl_dag.py
[2024-04-27 22:32:01,353] {scheduler_job.py:629} INFO - Processing file /home/airflow/.local/lib/python3.6/site-packages/airflow/example_dags/tutorial_etl_dag.py for tasks to queue
[2024-04-27 22:32:01,355] {logging_mixin.py:104} INFO - [2024-04-27 22:32:01,354] {dagbag.py:451} INFO - Filling up the DagBag from /home/airflow/.local/lib/python3.6/site-packages/airflow/example_dags/tutorial_etl_dag.py
[2024-04-27 22:32:01,373] {scheduler_job.py:639} INFO - DAG(s) dict_keys(['tutorial_etl_dag']) retrieved from /home/airflow/.local/lib/python3.6/site-packages/airflow/example_dags/tutorial_etl_dag.py
[2024-04-27 22:32:01,400] {logging_mixin.py:104} INFO - [2024-04-27 22:32:01,400] {dag.py:1824} INFO - Sync 1 DAGs
[2024-04-27 22:32:01,423] {logging_mixin.py:104} INFO - [2024-04-27 22:32:01,423] {dag.py:2280} INFO - Setting next_dagrun for tutorial_etl_dag to None
[2024-04-27 22:32:01,439] {scheduler_job.py:190} INFO - Processing /home/airflow/.local/lib/python3.6/site-packages/airflow/example_dags/tutorial_etl_dag.py took 0.093 seconds
[2024-04-27 22:32:31,824] {scheduler_job.py:182} INFO - Started process (PID=842) to work on /home/airflow/.local/lib/python3.6/site-packages/airflow/example_dags/tutorial_etl_dag.py
[2024-04-27 22:32:31,827] {scheduler_job.py:629} INFO - Processing file /home/airflow/.local/lib/python3.6/site-packages/airflow/example_dags/tutorial_etl_dag.py for tasks to queue
[2024-04-27 22:32:31,829] {logging_mixin.py:104} INFO - [2024-04-27 22:32:31,829] {dagbag.py:451} INFO - Filling up the DagBag from /home/airflow/.local/lib/python3.6/site-packages/airflow/example_dags/tutorial_etl_dag.py
[2024-04-27 22:32:31,879] {scheduler_job.py:639} INFO - DAG(s) dict_keys(['tutorial_etl_dag']) retrieved from /home/airflow/.local/lib/python3.6/site-packages/airflow/example_dags/tutorial_etl_dag.py
[2024-04-27 22:32:31,951] {logging_mixin.py:104} INFO - [2024-04-27 22:32:31,950] {dag.py:1824} INFO - Sync 1 DAGs
[2024-04-27 22:32:31,974] {logging_mixin.py:104} INFO - [2024-04-27 22:32:31,974] {dag.py:2280} INFO - Setting next_dagrun for tutorial_etl_dag to None
[2024-04-27 22:32:31,992] {scheduler_job.py:190} INFO - Processing /home/airflow/.local/lib/python3.6/site-packages/airflow/example_dags/tutorial_etl_dag.py took 0.175 seconds
[2024-04-27 22:33:02,877] {scheduler_job.py:182} INFO - Started process (PID=868) to work on /home/airflow/.local/lib/python3.6/site-packages/airflow/example_dags/tutorial_etl_dag.py
[2024-04-27 22:33:02,879] {scheduler_job.py:629} INFO - Processing file /home/airflow/.local/lib/python3.6/site-packages/airflow/example_dags/tutorial_etl_dag.py for tasks to queue
[2024-04-27 22:33:02,881] {logging_mixin.py:104} INFO - [2024-04-27 22:33:02,881] {dagbag.py:451} INFO - Filling up the DagBag from /home/airflow/.local/lib/python3.6/site-packages/airflow/example_dags/tutorial_etl_dag.py
[2024-04-27 22:33:02,918] {scheduler_job.py:639} INFO - DAG(s) dict_keys(['tutorial_etl_dag']) retrieved from /home/airflow/.local/lib/python3.6/site-packages/airflow/example_dags/tutorial_etl_dag.py
[2024-04-27 22:33:02,994] {logging_mixin.py:104} INFO - [2024-04-27 22:33:02,993] {dag.py:1824} INFO - Sync 1 DAGs
[2024-04-27 22:33:03,022] {logging_mixin.py:104} INFO - [2024-04-27 22:33:03,022] {dag.py:2280} INFO - Setting next_dagrun for tutorial_etl_dag to None
[2024-04-27 22:33:03,046] {scheduler_job.py:190} INFO - Processing /home/airflow/.local/lib/python3.6/site-packages/airflow/example_dags/tutorial_etl_dag.py took 0.176 seconds
[2024-04-27 22:33:33,543] {scheduler_job.py:182} INFO - Started process (PID=894) to work on /home/airflow/.local/lib/python3.6/site-packages/airflow/example_dags/tutorial_etl_dag.py
[2024-04-27 22:33:33,546] {scheduler_job.py:629} INFO - Processing file /home/airflow/.local/lib/python3.6/site-packages/airflow/example_dags/tutorial_etl_dag.py for tasks to queue
[2024-04-27 22:33:33,548] {logging_mixin.py:104} INFO - [2024-04-27 22:33:33,548] {dagbag.py:451} INFO - Filling up the DagBag from /home/airflow/.local/lib/python3.6/site-packages/airflow/example_dags/tutorial_etl_dag.py
[2024-04-27 22:33:33,571] {scheduler_job.py:639} INFO - DAG(s) dict_keys(['tutorial_etl_dag']) retrieved from /home/airflow/.local/lib/python3.6/site-packages/airflow/example_dags/tutorial_etl_dag.py
[2024-04-27 22:33:33,612] {logging_mixin.py:104} INFO - [2024-04-27 22:33:33,612] {dag.py:1824} INFO - Sync 1 DAGs
[2024-04-27 22:33:33,637] {logging_mixin.py:104} INFO - [2024-04-27 22:33:33,637] {dag.py:2280} INFO - Setting next_dagrun for tutorial_etl_dag to None
[2024-04-27 22:33:33,652] {scheduler_job.py:190} INFO - Processing /home/airflow/.local/lib/python3.6/site-packages/airflow/example_dags/tutorial_etl_dag.py took 0.114 seconds
[2024-04-27 22:34:04,615] {scheduler_job.py:182} INFO - Started process (PID=921) to work on /home/airflow/.local/lib/python3.6/site-packages/airflow/example_dags/tutorial_etl_dag.py
[2024-04-27 22:34:04,618] {scheduler_job.py:629} INFO - Processing file /home/airflow/.local/lib/python3.6/site-packages/airflow/example_dags/tutorial_etl_dag.py for tasks to queue
[2024-04-27 22:34:04,620] {logging_mixin.py:104} INFO - [2024-04-27 22:34:04,620] {dagbag.py:451} INFO - Filling up the DagBag from /home/airflow/.local/lib/python3.6/site-packages/airflow/example_dags/tutorial_etl_dag.py
[2024-04-27 22:34:04,640] {scheduler_job.py:639} INFO - DAG(s) dict_keys(['tutorial_etl_dag']) retrieved from /home/airflow/.local/lib/python3.6/site-packages/airflow/example_dags/tutorial_etl_dag.py
[2024-04-27 22:34:04,667] {logging_mixin.py:104} INFO - [2024-04-27 22:34:04,667] {dag.py:1824} INFO - Sync 1 DAGs
[2024-04-27 22:34:04,688] {logging_mixin.py:104} INFO - [2024-04-27 22:34:04,688] {dag.py:2280} INFO - Setting next_dagrun for tutorial_etl_dag to None
[2024-04-27 22:34:04,704] {scheduler_job.py:190} INFO - Processing /home/airflow/.local/lib/python3.6/site-packages/airflow/example_dags/tutorial_etl_dag.py took 0.094 seconds
[2024-04-27 22:34:35,496] {scheduler_job.py:182} INFO - Started process (PID=947) to work on /home/airflow/.local/lib/python3.6/site-packages/airflow/example_dags/tutorial_etl_dag.py
[2024-04-27 22:34:35,498] {scheduler_job.py:629} INFO - Processing file /home/airflow/.local/lib/python3.6/site-packages/airflow/example_dags/tutorial_etl_dag.py for tasks to queue
[2024-04-27 22:34:35,499] {logging_mixin.py:104} INFO - [2024-04-27 22:34:35,499] {dagbag.py:451} INFO - Filling up the DagBag from /home/airflow/.local/lib/python3.6/site-packages/airflow/example_dags/tutorial_etl_dag.py
[2024-04-27 22:34:35,514] {scheduler_job.py:639} INFO - DAG(s) dict_keys(['tutorial_etl_dag']) retrieved from /home/airflow/.local/lib/python3.6/site-packages/airflow/example_dags/tutorial_etl_dag.py
[2024-04-27 22:34:35,538] {logging_mixin.py:104} INFO - [2024-04-27 22:34:35,538] {dag.py:1824} INFO - Sync 1 DAGs
[2024-04-27 22:34:35,557] {logging_mixin.py:104} INFO - [2024-04-27 22:34:35,556] {dag.py:2280} INFO - Setting next_dagrun for tutorial_etl_dag to None
[2024-04-27 22:34:35,570] {scheduler_job.py:190} INFO - Processing /home/airflow/.local/lib/python3.6/site-packages/airflow/example_dags/tutorial_etl_dag.py took 0.079 seconds
[2024-04-27 22:35:06,539] {scheduler_job.py:182} INFO - Started process (PID=973) to work on /home/airflow/.local/lib/python3.6/site-packages/airflow/example_dags/tutorial_etl_dag.py
[2024-04-27 22:35:06,542] {scheduler_job.py:629} INFO - Processing file /home/airflow/.local/lib/python3.6/site-packages/airflow/example_dags/tutorial_etl_dag.py for tasks to queue
[2024-04-27 22:35:06,544] {logging_mixin.py:104} INFO - [2024-04-27 22:35:06,543] {dagbag.py:451} INFO - Filling up the DagBag from /home/airflow/.local/lib/python3.6/site-packages/airflow/example_dags/tutorial_etl_dag.py
[2024-04-27 22:35:06,565] {scheduler_job.py:639} INFO - DAG(s) dict_keys(['tutorial_etl_dag']) retrieved from /home/airflow/.local/lib/python3.6/site-packages/airflow/example_dags/tutorial_etl_dag.py
[2024-04-27 22:35:06,594] {logging_mixin.py:104} INFO - [2024-04-27 22:35:06,594] {dag.py:1824} INFO - Sync 1 DAGs
[2024-04-27 22:35:06,621] {logging_mixin.py:104} INFO - [2024-04-27 22:35:06,621] {dag.py:2280} INFO - Setting next_dagrun for tutorial_etl_dag to None
[2024-04-27 22:35:06,641] {scheduler_job.py:190} INFO - Processing /home/airflow/.local/lib/python3.6/site-packages/airflow/example_dags/tutorial_etl_dag.py took 0.107 seconds
[2024-04-27 22:35:37,720] {scheduler_job.py:182} INFO - Started process (PID=999) to work on /home/airflow/.local/lib/python3.6/site-packages/airflow/example_dags/tutorial_etl_dag.py
[2024-04-27 22:35:37,722] {scheduler_job.py:629} INFO - Processing file /home/airflow/.local/lib/python3.6/site-packages/airflow/example_dags/tutorial_etl_dag.py for tasks to queue
[2024-04-27 22:35:37,724] {logging_mixin.py:104} INFO - [2024-04-27 22:35:37,724] {dagbag.py:451} INFO - Filling up the DagBag from /home/airflow/.local/lib/python3.6/site-packages/airflow/example_dags/tutorial_etl_dag.py
[2024-04-27 22:35:37,760] {scheduler_job.py:639} INFO - DAG(s) dict_keys(['tutorial_etl_dag']) retrieved from /home/airflow/.local/lib/python3.6/site-packages/airflow/example_dags/tutorial_etl_dag.py
[2024-04-27 22:35:37,857] {logging_mixin.py:104} INFO - [2024-04-27 22:35:37,856] {dag.py:1824} INFO - Sync 1 DAGs
[2024-04-27 22:35:37,920] {logging_mixin.py:104} INFO - [2024-04-27 22:35:37,920] {dag.py:2280} INFO - Setting next_dagrun for tutorial_etl_dag to None
[2024-04-27 22:35:37,963] {scheduler_job.py:190} INFO - Processing /home/airflow/.local/lib/python3.6/site-packages/airflow/example_dags/tutorial_etl_dag.py took 0.250 seconds
[2024-04-27 22:36:08,509] {scheduler_job.py:182} INFO - Started process (PID=1026) to work on /home/airflow/.local/lib/python3.6/site-packages/airflow/example_dags/tutorial_etl_dag.py
[2024-04-27 22:36:08,511] {scheduler_job.py:629} INFO - Processing file /home/airflow/.local/lib/python3.6/site-packages/airflow/example_dags/tutorial_etl_dag.py for tasks to queue
[2024-04-27 22:36:08,513] {logging_mixin.py:104} INFO - [2024-04-27 22:36:08,513] {dagbag.py:451} INFO - Filling up the DagBag from /home/airflow/.local/lib/python3.6/site-packages/airflow/example_dags/tutorial_etl_dag.py
[2024-04-27 22:36:08,535] {scheduler_job.py:639} INFO - DAG(s) dict_keys(['tutorial_etl_dag']) retrieved from /home/airflow/.local/lib/python3.6/site-packages/airflow/example_dags/tutorial_etl_dag.py
[2024-04-27 22:36:08,561] {logging_mixin.py:104} INFO - [2024-04-27 22:36:08,561] {dag.py:1824} INFO - Sync 1 DAGs
[2024-04-27 22:36:08,581] {logging_mixin.py:104} INFO - [2024-04-27 22:36:08,581] {dag.py:2280} INFO - Setting next_dagrun for tutorial_etl_dag to None
[2024-04-27 22:36:08,597] {scheduler_job.py:190} INFO - Processing /home/airflow/.local/lib/python3.6/site-packages/airflow/example_dags/tutorial_etl_dag.py took 0.093 seconds
[2024-04-27 22:36:39,134] {scheduler_job.py:182} INFO - Started process (PID=1052) to work on /home/airflow/.local/lib/python3.6/site-packages/airflow/example_dags/tutorial_etl_dag.py
[2024-04-27 22:36:39,138] {scheduler_job.py:629} INFO - Processing file /home/airflow/.local/lib/python3.6/site-packages/airflow/example_dags/tutorial_etl_dag.py for tasks to queue
[2024-04-27 22:36:39,141] {logging_mixin.py:104} INFO - [2024-04-27 22:36:39,141] {dagbag.py:451} INFO - Filling up the DagBag from /home/airflow/.local/lib/python3.6/site-packages/airflow/example_dags/tutorial_etl_dag.py
[2024-04-27 22:36:39,168] {scheduler_job.py:639} INFO - DAG(s) dict_keys(['tutorial_etl_dag']) retrieved from /home/airflow/.local/lib/python3.6/site-packages/airflow/example_dags/tutorial_etl_dag.py
[2024-04-27 22:36:39,211] {logging_mixin.py:104} INFO - [2024-04-27 22:36:39,210] {dag.py:1824} INFO - Sync 1 DAGs
[2024-04-27 22:36:39,241] {logging_mixin.py:104} INFO - [2024-04-27 22:36:39,241] {dag.py:2280} INFO - Setting next_dagrun for tutorial_etl_dag to None
[2024-04-27 22:36:39,262] {scheduler_job.py:190} INFO - Processing /home/airflow/.local/lib/python3.6/site-packages/airflow/example_dags/tutorial_etl_dag.py took 0.135 seconds
[2024-04-27 22:37:09,563] {scheduler_job.py:182} INFO - Started process (PID=1078) to work on /home/airflow/.local/lib/python3.6/site-packages/airflow/example_dags/tutorial_etl_dag.py
[2024-04-27 22:37:09,565] {scheduler_job.py:629} INFO - Processing file /home/airflow/.local/lib/python3.6/site-packages/airflow/example_dags/tutorial_etl_dag.py for tasks to queue
[2024-04-27 22:37:09,567] {logging_mixin.py:104} INFO - [2024-04-27 22:37:09,567] {dagbag.py:451} INFO - Filling up the DagBag from /home/airflow/.local/lib/python3.6/site-packages/airflow/example_dags/tutorial_etl_dag.py
[2024-04-27 22:37:09,585] {scheduler_job.py:639} INFO - DAG(s) dict_keys(['tutorial_etl_dag']) retrieved from /home/airflow/.local/lib/python3.6/site-packages/airflow/example_dags/tutorial_etl_dag.py
[2024-04-27 22:37:09,611] {logging_mixin.py:104} INFO - [2024-04-27 22:37:09,611] {dag.py:1824} INFO - Sync 1 DAGs
[2024-04-27 22:37:09,630] {logging_mixin.py:104} INFO - [2024-04-27 22:37:09,630] {dag.py:2280} INFO - Setting next_dagrun for tutorial_etl_dag to None
[2024-04-27 22:37:09,646] {scheduler_job.py:190} INFO - Processing /home/airflow/.local/lib/python3.6/site-packages/airflow/example_dags/tutorial_etl_dag.py took 0.088 seconds
[2024-04-27 22:37:39,746] {scheduler_job.py:182} INFO - Started process (PID=1104) to work on /home/airflow/.local/lib/python3.6/site-packages/airflow/example_dags/tutorial_etl_dag.py
[2024-04-27 22:37:39,748] {scheduler_job.py:629} INFO - Processing file /home/airflow/.local/lib/python3.6/site-packages/airflow/example_dags/tutorial_etl_dag.py for tasks to queue
[2024-04-27 22:37:39,750] {logging_mixin.py:104} INFO - [2024-04-27 22:37:39,750] {dagbag.py:451} INFO - Filling up the DagBag from /home/airflow/.local/lib/python3.6/site-packages/airflow/example_dags/tutorial_etl_dag.py
[2024-04-27 22:37:39,771] {scheduler_job.py:639} INFO - DAG(s) dict_keys(['tutorial_etl_dag']) retrieved from /home/airflow/.local/lib/python3.6/site-packages/airflow/example_dags/tutorial_etl_dag.py
[2024-04-27 22:37:39,799] {logging_mixin.py:104} INFO - [2024-04-27 22:37:39,799] {dag.py:1824} INFO - Sync 1 DAGs
[2024-04-27 22:37:39,819] {logging_mixin.py:104} INFO - [2024-04-27 22:37:39,819] {dag.py:2280} INFO - Setting next_dagrun for tutorial_etl_dag to None
[2024-04-27 22:37:39,835] {scheduler_job.py:190} INFO - Processing /home/airflow/.local/lib/python3.6/site-packages/airflow/example_dags/tutorial_etl_dag.py took 0.094 seconds
[2024-04-27 22:38:10,883] {scheduler_job.py:182} INFO - Started process (PID=1129) to work on /home/airflow/.local/lib/python3.6/site-packages/airflow/example_dags/tutorial_etl_dag.py
[2024-04-27 22:38:10,886] {scheduler_job.py:629} INFO - Processing file /home/airflow/.local/lib/python3.6/site-packages/airflow/example_dags/tutorial_etl_dag.py for tasks to queue
[2024-04-27 22:38:10,893] {logging_mixin.py:104} INFO - [2024-04-27 22:38:10,893] {dagbag.py:451} INFO - Filling up the DagBag from /home/airflow/.local/lib/python3.6/site-packages/airflow/example_dags/tutorial_etl_dag.py
[2024-04-27 22:38:10,930] {scheduler_job.py:639} INFO - DAG(s) dict_keys(['tutorial_etl_dag']) retrieved from /home/airflow/.local/lib/python3.6/site-packages/airflow/example_dags/tutorial_etl_dag.py
[2024-04-27 22:38:10,977] {logging_mixin.py:104} INFO - [2024-04-27 22:38:10,977] {dag.py:1824} INFO - Sync 1 DAGs
[2024-04-27 22:38:11,027] {logging_mixin.py:104} INFO - [2024-04-27 22:38:11,027] {dag.py:2280} INFO - Setting next_dagrun for tutorial_etl_dag to None
[2024-04-27 22:38:11,061] {scheduler_job.py:190} INFO - Processing /home/airflow/.local/lib/python3.6/site-packages/airflow/example_dags/tutorial_etl_dag.py took 0.185 seconds
[2024-04-27 22:38:41,313] {scheduler_job.py:182} INFO - Started process (PID=1155) to work on /home/airflow/.local/lib/python3.6/site-packages/airflow/example_dags/tutorial_etl_dag.py
[2024-04-27 22:38:41,317] {scheduler_job.py:629} INFO - Processing file /home/airflow/.local/lib/python3.6/site-packages/airflow/example_dags/tutorial_etl_dag.py for tasks to queue
[2024-04-27 22:38:41,321] {logging_mixin.py:104} INFO - [2024-04-27 22:38:41,320] {dagbag.py:451} INFO - Filling up the DagBag from /home/airflow/.local/lib/python3.6/site-packages/airflow/example_dags/tutorial_etl_dag.py
[2024-04-27 22:38:41,349] {scheduler_job.py:639} INFO - DAG(s) dict_keys(['tutorial_etl_dag']) retrieved from /home/airflow/.local/lib/python3.6/site-packages/airflow/example_dags/tutorial_etl_dag.py
[2024-04-27 22:38:41,385] {logging_mixin.py:104} INFO - [2024-04-27 22:38:41,385] {dag.py:1824} INFO - Sync 1 DAGs
[2024-04-27 22:38:41,417] {logging_mixin.py:104} INFO - [2024-04-27 22:38:41,417] {dag.py:2280} INFO - Setting next_dagrun for tutorial_etl_dag to None
[2024-04-27 22:38:41,436] {scheduler_job.py:190} INFO - Processing /home/airflow/.local/lib/python3.6/site-packages/airflow/example_dags/tutorial_etl_dag.py took 0.130 seconds
[2024-04-27 22:39:12,635] {scheduler_job.py:182} INFO - Started process (PID=1181) to work on /home/airflow/.local/lib/python3.6/site-packages/airflow/example_dags/tutorial_etl_dag.py
[2024-04-27 22:39:12,638] {scheduler_job.py:629} INFO - Processing file /home/airflow/.local/lib/python3.6/site-packages/airflow/example_dags/tutorial_etl_dag.py for tasks to queue
[2024-04-27 22:39:12,639] {logging_mixin.py:104} INFO - [2024-04-27 22:39:12,639] {dagbag.py:451} INFO - Filling up the DagBag from /home/airflow/.local/lib/python3.6/site-packages/airflow/example_dags/tutorial_etl_dag.py
[2024-04-27 22:39:12,664] {scheduler_job.py:639} INFO - DAG(s) dict_keys(['tutorial_etl_dag']) retrieved from /home/airflow/.local/lib/python3.6/site-packages/airflow/example_dags/tutorial_etl_dag.py
[2024-04-27 22:39:12,761] {logging_mixin.py:104} INFO - [2024-04-27 22:39:12,760] {dag.py:1824} INFO - Sync 1 DAGs
[2024-04-27 22:39:12,792] {logging_mixin.py:104} INFO - [2024-04-27 22:39:12,792] {dag.py:2280} INFO - Setting next_dagrun for tutorial_etl_dag to None
[2024-04-27 22:39:12,820] {scheduler_job.py:190} INFO - Processing /home/airflow/.local/lib/python3.6/site-packages/airflow/example_dags/tutorial_etl_dag.py took 0.191 seconds
[2024-04-27 22:39:43,955] {scheduler_job.py:182} INFO - Started process (PID=1210) to work on /home/airflow/.local/lib/python3.6/site-packages/airflow/example_dags/tutorial_etl_dag.py
[2024-04-27 22:39:43,958] {scheduler_job.py:629} INFO - Processing file /home/airflow/.local/lib/python3.6/site-packages/airflow/example_dags/tutorial_etl_dag.py for tasks to queue
[2024-04-27 22:39:43,960] {logging_mixin.py:104} INFO - [2024-04-27 22:39:43,960] {dagbag.py:451} INFO - Filling up the DagBag from /home/airflow/.local/lib/python3.6/site-packages/airflow/example_dags/tutorial_etl_dag.py
[2024-04-27 22:39:43,983] {scheduler_job.py:639} INFO - DAG(s) dict_keys(['tutorial_etl_dag']) retrieved from /home/airflow/.local/lib/python3.6/site-packages/airflow/example_dags/tutorial_etl_dag.py
[2024-04-27 22:39:44,017] {logging_mixin.py:104} INFO - [2024-04-27 22:39:44,017] {dag.py:1824} INFO - Sync 1 DAGs
[2024-04-27 22:39:44,040] {logging_mixin.py:104} INFO - [2024-04-27 22:39:44,040] {dag.py:2280} INFO - Setting next_dagrun for tutorial_etl_dag to None
[2024-04-27 22:39:44,058] {scheduler_job.py:190} INFO - Processing /home/airflow/.local/lib/python3.6/site-packages/airflow/example_dags/tutorial_etl_dag.py took 0.110 seconds
[2024-04-27 22:40:14,345] {scheduler_job.py:182} INFO - Started process (PID=1236) to work on /home/airflow/.local/lib/python3.6/site-packages/airflow/example_dags/tutorial_etl_dag.py
[2024-04-27 22:40:14,347] {scheduler_job.py:629} INFO - Processing file /home/airflow/.local/lib/python3.6/site-packages/airflow/example_dags/tutorial_etl_dag.py for tasks to queue
[2024-04-27 22:40:14,349] {logging_mixin.py:104} INFO - [2024-04-27 22:40:14,349] {dagbag.py:451} INFO - Filling up the DagBag from /home/airflow/.local/lib/python3.6/site-packages/airflow/example_dags/tutorial_etl_dag.py
[2024-04-27 22:40:14,367] {scheduler_job.py:639} INFO - DAG(s) dict_keys(['tutorial_etl_dag']) retrieved from /home/airflow/.local/lib/python3.6/site-packages/airflow/example_dags/tutorial_etl_dag.py
[2024-04-27 22:40:14,394] {logging_mixin.py:104} INFO - [2024-04-27 22:40:14,394] {dag.py:1824} INFO - Sync 1 DAGs
[2024-04-27 22:40:14,414] {logging_mixin.py:104} INFO - [2024-04-27 22:40:14,414] {dag.py:2280} INFO - Setting next_dagrun for tutorial_etl_dag to None
[2024-04-27 22:40:14,430] {scheduler_job.py:190} INFO - Processing /home/airflow/.local/lib/python3.6/site-packages/airflow/example_dags/tutorial_etl_dag.py took 0.089 seconds
[2024-04-27 22:40:44,900] {scheduler_job.py:182} INFO - Started process (PID=1264) to work on /home/airflow/.local/lib/python3.6/site-packages/airflow/example_dags/tutorial_etl_dag.py
[2024-04-27 22:40:44,902] {scheduler_job.py:629} INFO - Processing file /home/airflow/.local/lib/python3.6/site-packages/airflow/example_dags/tutorial_etl_dag.py for tasks to queue
[2024-04-27 22:40:44,904] {logging_mixin.py:104} INFO - [2024-04-27 22:40:44,904] {dagbag.py:451} INFO - Filling up the DagBag from /home/airflow/.local/lib/python3.6/site-packages/airflow/example_dags/tutorial_etl_dag.py
[2024-04-27 22:40:44,929] {scheduler_job.py:639} INFO - DAG(s) dict_keys(['tutorial_etl_dag']) retrieved from /home/airflow/.local/lib/python3.6/site-packages/airflow/example_dags/tutorial_etl_dag.py
[2024-04-27 22:40:44,964] {logging_mixin.py:104} INFO - [2024-04-27 22:40:44,964] {dag.py:1824} INFO - Sync 1 DAGs
[2024-04-27 22:40:44,990] {logging_mixin.py:104} INFO - [2024-04-27 22:40:44,990] {dag.py:2280} INFO - Setting next_dagrun for tutorial_etl_dag to None
[2024-04-27 22:40:45,010] {scheduler_job.py:190} INFO - Processing /home/airflow/.local/lib/python3.6/site-packages/airflow/example_dags/tutorial_etl_dag.py took 0.115 seconds
[2024-04-27 22:41:15,243] {scheduler_job.py:182} INFO - Started process (PID=1290) to work on /home/airflow/.local/lib/python3.6/site-packages/airflow/example_dags/tutorial_etl_dag.py
[2024-04-27 22:41:15,246] {scheduler_job.py:629} INFO - Processing file /home/airflow/.local/lib/python3.6/site-packages/airflow/example_dags/tutorial_etl_dag.py for tasks to queue
[2024-04-27 22:41:15,248] {logging_mixin.py:104} INFO - [2024-04-27 22:41:15,248] {dagbag.py:451} INFO - Filling up the DagBag from /home/airflow/.local/lib/python3.6/site-packages/airflow/example_dags/tutorial_etl_dag.py
[2024-04-27 22:41:15,273] {scheduler_job.py:639} INFO - DAG(s) dict_keys(['tutorial_etl_dag']) retrieved from /home/airflow/.local/lib/python3.6/site-packages/airflow/example_dags/tutorial_etl_dag.py
[2024-04-27 22:41:15,305] {logging_mixin.py:104} INFO - [2024-04-27 22:41:15,305] {dag.py:1824} INFO - Sync 1 DAGs
[2024-04-27 22:41:15,328] {logging_mixin.py:104} INFO - [2024-04-27 22:41:15,328] {dag.py:2280} INFO - Setting next_dagrun for tutorial_etl_dag to None
[2024-04-27 22:41:15,344] {scheduler_job.py:190} INFO - Processing /home/airflow/.local/lib/python3.6/site-packages/airflow/example_dags/tutorial_etl_dag.py took 0.106 seconds
[2024-04-27 22:41:45,620] {scheduler_job.py:182} INFO - Started process (PID=1316) to work on /home/airflow/.local/lib/python3.6/site-packages/airflow/example_dags/tutorial_etl_dag.py
[2024-04-27 22:41:45,623] {scheduler_job.py:629} INFO - Processing file /home/airflow/.local/lib/python3.6/site-packages/airflow/example_dags/tutorial_etl_dag.py for tasks to queue
[2024-04-27 22:41:45,625] {logging_mixin.py:104} INFO - [2024-04-27 22:41:45,625] {dagbag.py:451} INFO - Filling up the DagBag from /home/airflow/.local/lib/python3.6/site-packages/airflow/example_dags/tutorial_etl_dag.py
[2024-04-27 22:41:45,653] {scheduler_job.py:639} INFO - DAG(s) dict_keys(['tutorial_etl_dag']) retrieved from /home/airflow/.local/lib/python3.6/site-packages/airflow/example_dags/tutorial_etl_dag.py
[2024-04-27 22:41:45,702] {logging_mixin.py:104} INFO - [2024-04-27 22:41:45,702] {dag.py:1824} INFO - Sync 1 DAGs
[2024-04-27 22:41:45,733] {logging_mixin.py:104} INFO - [2024-04-27 22:41:45,733] {dag.py:2280} INFO - Setting next_dagrun for tutorial_etl_dag to None
[2024-04-27 22:41:45,754] {scheduler_job.py:190} INFO - Processing /home/airflow/.local/lib/python3.6/site-packages/airflow/example_dags/tutorial_etl_dag.py took 0.139 seconds
[2024-04-27 22:42:17,138] {scheduler_job.py:182} INFO - Started process (PID=1343) to work on /home/airflow/.local/lib/python3.6/site-packages/airflow/example_dags/tutorial_etl_dag.py
[2024-04-27 22:42:17,140] {scheduler_job.py:629} INFO - Processing file /home/airflow/.local/lib/python3.6/site-packages/airflow/example_dags/tutorial_etl_dag.py for tasks to queue
[2024-04-27 22:42:17,142] {logging_mixin.py:104} INFO - [2024-04-27 22:42:17,142] {dagbag.py:451} INFO - Filling up the DagBag from /home/airflow/.local/lib/python3.6/site-packages/airflow/example_dags/tutorial_etl_dag.py
[2024-04-27 22:42:17,179] {scheduler_job.py:639} INFO - DAG(s) dict_keys(['tutorial_etl_dag']) retrieved from /home/airflow/.local/lib/python3.6/site-packages/airflow/example_dags/tutorial_etl_dag.py
[2024-04-27 22:42:17,220] {logging_mixin.py:104} INFO - [2024-04-27 22:42:17,220] {dag.py:1824} INFO - Sync 1 DAGs
[2024-04-27 22:42:17,250] {logging_mixin.py:104} INFO - [2024-04-27 22:42:17,250] {dag.py:2280} INFO - Setting next_dagrun for tutorial_etl_dag to None
[2024-04-27 22:42:17,272] {scheduler_job.py:190} INFO - Processing /home/airflow/.local/lib/python3.6/site-packages/airflow/example_dags/tutorial_etl_dag.py took 0.140 seconds
[2024-04-27 22:42:47,846] {scheduler_job.py:182} INFO - Started process (PID=1371) to work on /home/airflow/.local/lib/python3.6/site-packages/airflow/example_dags/tutorial_etl_dag.py
[2024-04-27 22:42:47,848] {scheduler_job.py:629} INFO - Processing file /home/airflow/.local/lib/python3.6/site-packages/airflow/example_dags/tutorial_etl_dag.py for tasks to queue
[2024-04-27 22:42:47,850] {logging_mixin.py:104} INFO - [2024-04-27 22:42:47,850] {dagbag.py:451} INFO - Filling up the DagBag from /home/airflow/.local/lib/python3.6/site-packages/airflow/example_dags/tutorial_etl_dag.py
[2024-04-27 22:42:47,871] {scheduler_job.py:639} INFO - DAG(s) dict_keys(['tutorial_etl_dag']) retrieved from /home/airflow/.local/lib/python3.6/site-packages/airflow/example_dags/tutorial_etl_dag.py
[2024-04-27 22:42:47,901] {logging_mixin.py:104} INFO - [2024-04-27 22:42:47,901] {dag.py:1824} INFO - Sync 1 DAGs
[2024-04-27 22:42:47,926] {logging_mixin.py:104} INFO - [2024-04-27 22:42:47,926] {dag.py:2280} INFO - Setting next_dagrun for tutorial_etl_dag to None
[2024-04-27 22:42:47,943] {scheduler_job.py:190} INFO - Processing /home/airflow/.local/lib/python3.6/site-packages/airflow/example_dags/tutorial_etl_dag.py took 0.102 seconds
[2024-04-27 22:43:19,531] {scheduler_job.py:182} INFO - Started process (PID=1395) to work on /home/airflow/.local/lib/python3.6/site-packages/airflow/example_dags/tutorial_etl_dag.py
[2024-04-27 22:43:19,534] {scheduler_job.py:629} INFO - Processing file /home/airflow/.local/lib/python3.6/site-packages/airflow/example_dags/tutorial_etl_dag.py for tasks to queue
[2024-04-27 22:43:19,536] {logging_mixin.py:104} INFO - [2024-04-27 22:43:19,536] {dagbag.py:451} INFO - Filling up the DagBag from /home/airflow/.local/lib/python3.6/site-packages/airflow/example_dags/tutorial_etl_dag.py
[2024-04-27 22:43:19,578] {scheduler_job.py:639} INFO - DAG(s) dict_keys(['tutorial_etl_dag']) retrieved from /home/airflow/.local/lib/python3.6/site-packages/airflow/example_dags/tutorial_etl_dag.py
[2024-04-27 22:43:19,647] {logging_mixin.py:104} INFO - [2024-04-27 22:43:19,647] {dag.py:1824} INFO - Sync 1 DAGs
[2024-04-27 22:43:19,673] {logging_mixin.py:104} INFO - [2024-04-27 22:43:19,673] {dag.py:2280} INFO - Setting next_dagrun for tutorial_etl_dag to None
[2024-04-27 22:43:19,691] {scheduler_job.py:190} INFO - Processing /home/airflow/.local/lib/python3.6/site-packages/airflow/example_dags/tutorial_etl_dag.py took 0.168 seconds
