[2024-04-27 22:16:48,518] {scheduler_job.py:182} INFO - Started process (PID=53) to work on /home/airflow/.local/lib/python3.6/site-packages/airflow/example_dags/tutorial.py
[2024-04-27 22:16:48,521] {scheduler_job.py:629} INFO - Processing file /home/airflow/.local/lib/python3.6/site-packages/airflow/example_dags/tutorial.py for tasks to queue
[2024-04-27 22:16:48,524] {logging_mixin.py:104} INFO - [2024-04-27 22:16:48,524] {dagbag.py:451} INFO - Filling up the DagBag from /home/airflow/.local/lib/python3.6/site-packages/airflow/example_dags/tutorial.py
[2024-04-27 22:16:48,546] {scheduler_job.py:639} INFO - DAG(s) dict_keys(['tutorial']) retrieved from /home/airflow/.local/lib/python3.6/site-packages/airflow/example_dags/tutorial.py
[2024-04-27 22:16:48,593] {logging_mixin.py:104} INFO - [2024-04-27 22:16:48,593] {dag.py:1824} INFO - Sync 1 DAGs
[2024-04-27 22:16:48,618] {logging_mixin.py:104} INFO - [2024-04-27 22:16:48,618] {dag.py:1843} INFO - Creating ORM DAG for tutorial
[2024-04-27 22:16:48,632] {logging_mixin.py:104} INFO - [2024-04-27 22:16:48,632] {dag.py:2280} INFO - Setting next_dagrun for tutorial to 2024-04-25 00:00:00+00:00
[2024-04-27 22:16:48,659] {scheduler_job.py:190} INFO - Processing /home/airflow/.local/lib/python3.6/site-packages/airflow/example_dags/tutorial.py took 0.150 seconds
[2024-04-27 22:17:20,003] {scheduler_job.py:182} INFO - Started process (PID=79) to work on /home/airflow/.local/lib/python3.6/site-packages/airflow/example_dags/tutorial.py
[2024-04-27 22:17:20,008] {scheduler_job.py:629} INFO - Processing file /home/airflow/.local/lib/python3.6/site-packages/airflow/example_dags/tutorial.py for tasks to queue
[2024-04-27 22:17:20,013] {logging_mixin.py:104} INFO - [2024-04-27 22:17:20,013] {dagbag.py:451} INFO - Filling up the DagBag from /home/airflow/.local/lib/python3.6/site-packages/airflow/example_dags/tutorial.py
[2024-04-27 22:17:20,067] {scheduler_job.py:639} INFO - DAG(s) dict_keys(['tutorial']) retrieved from /home/airflow/.local/lib/python3.6/site-packages/airflow/example_dags/tutorial.py
[2024-04-27 22:17:20,139] {logging_mixin.py:104} INFO - [2024-04-27 22:17:20,139] {dag.py:1824} INFO - Sync 1 DAGs
[2024-04-27 22:17:20,192] {logging_mixin.py:104} INFO - [2024-04-27 22:17:20,190] {dag.py:2280} INFO - Setting next_dagrun for tutorial to 2024-04-25 00:00:00+00:00
[2024-04-27 22:17:20,234] {scheduler_job.py:190} INFO - Processing /home/airflow/.local/lib/python3.6/site-packages/airflow/example_dags/tutorial.py took 0.265 seconds
[2024-04-27 22:17:51,238] {scheduler_job.py:182} INFO - Started process (PID=105) to work on /home/airflow/.local/lib/python3.6/site-packages/airflow/example_dags/tutorial.py
[2024-04-27 22:17:51,241] {scheduler_job.py:629} INFO - Processing file /home/airflow/.local/lib/python3.6/site-packages/airflow/example_dags/tutorial.py for tasks to queue
[2024-04-27 22:17:51,243] {logging_mixin.py:104} INFO - [2024-04-27 22:17:51,243] {dagbag.py:451} INFO - Filling up the DagBag from /home/airflow/.local/lib/python3.6/site-packages/airflow/example_dags/tutorial.py
[2024-04-27 22:17:51,263] {scheduler_job.py:639} INFO - DAG(s) dict_keys(['tutorial']) retrieved from /home/airflow/.local/lib/python3.6/site-packages/airflow/example_dags/tutorial.py
[2024-04-27 22:17:51,309] {logging_mixin.py:104} INFO - [2024-04-27 22:17:51,299] {dag.py:1824} INFO - Sync 1 DAGs
[2024-04-27 22:17:51,362] {logging_mixin.py:104} INFO - [2024-04-27 22:17:51,362] {dag.py:2280} INFO - Setting next_dagrun for tutorial to 2024-04-25 00:00:00+00:00
[2024-04-27 22:17:51,391] {scheduler_job.py:190} INFO - Processing /home/airflow/.local/lib/python3.6/site-packages/airflow/example_dags/tutorial.py took 0.156 seconds
[2024-04-27 22:18:21,768] {scheduler_job.py:182} INFO - Started process (PID=131) to work on /home/airflow/.local/lib/python3.6/site-packages/airflow/example_dags/tutorial.py
[2024-04-27 22:18:21,770] {scheduler_job.py:629} INFO - Processing file /home/airflow/.local/lib/python3.6/site-packages/airflow/example_dags/tutorial.py for tasks to queue
[2024-04-27 22:18:21,772] {logging_mixin.py:104} INFO - [2024-04-27 22:18:21,772] {dagbag.py:451} INFO - Filling up the DagBag from /home/airflow/.local/lib/python3.6/site-packages/airflow/example_dags/tutorial.py
[2024-04-27 22:18:21,793] {scheduler_job.py:639} INFO - DAG(s) dict_keys(['tutorial']) retrieved from /home/airflow/.local/lib/python3.6/site-packages/airflow/example_dags/tutorial.py
[2024-04-27 22:18:21,833] {logging_mixin.py:104} INFO - [2024-04-27 22:18:21,833] {dag.py:1824} INFO - Sync 1 DAGs
[2024-04-27 22:18:21,868] {logging_mixin.py:104} INFO - [2024-04-27 22:18:21,867] {dag.py:2280} INFO - Setting next_dagrun for tutorial to 2024-04-25 00:00:00+00:00
[2024-04-27 22:18:21,891] {scheduler_job.py:190} INFO - Processing /home/airflow/.local/lib/python3.6/site-packages/airflow/example_dags/tutorial.py took 0.128 seconds
[2024-04-27 22:18:52,103] {scheduler_job.py:182} INFO - Started process (PID=157) to work on /home/airflow/.local/lib/python3.6/site-packages/airflow/example_dags/tutorial.py
[2024-04-27 22:18:52,106] {scheduler_job.py:629} INFO - Processing file /home/airflow/.local/lib/python3.6/site-packages/airflow/example_dags/tutorial.py for tasks to queue
[2024-04-27 22:18:52,109] {logging_mixin.py:104} INFO - [2024-04-27 22:18:52,109] {dagbag.py:451} INFO - Filling up the DagBag from /home/airflow/.local/lib/python3.6/site-packages/airflow/example_dags/tutorial.py
[2024-04-27 22:18:52,135] {scheduler_job.py:639} INFO - DAG(s) dict_keys(['tutorial']) retrieved from /home/airflow/.local/lib/python3.6/site-packages/airflow/example_dags/tutorial.py
[2024-04-27 22:18:52,190] {logging_mixin.py:104} INFO - [2024-04-27 22:18:52,189] {dag.py:1824} INFO - Sync 1 DAGs
[2024-04-27 22:18:52,225] {logging_mixin.py:104} INFO - [2024-04-27 22:18:52,225] {dag.py:2280} INFO - Setting next_dagrun for tutorial to 2024-04-25 00:00:00+00:00
[2024-04-27 22:18:52,249] {scheduler_job.py:190} INFO - Processing /home/airflow/.local/lib/python3.6/site-packages/airflow/example_dags/tutorial.py took 0.157 seconds
[2024-04-27 22:19:22,304] {scheduler_job.py:182} INFO - Started process (PID=183) to work on /home/airflow/.local/lib/python3.6/site-packages/airflow/example_dags/tutorial.py
[2024-04-27 22:19:22,307] {scheduler_job.py:629} INFO - Processing file /home/airflow/.local/lib/python3.6/site-packages/airflow/example_dags/tutorial.py for tasks to queue
[2024-04-27 22:19:22,309] {logging_mixin.py:104} INFO - [2024-04-27 22:19:22,309] {dagbag.py:451} INFO - Filling up the DagBag from /home/airflow/.local/lib/python3.6/site-packages/airflow/example_dags/tutorial.py
[2024-04-27 22:19:22,323] {scheduler_job.py:639} INFO - DAG(s) dict_keys(['tutorial']) retrieved from /home/airflow/.local/lib/python3.6/site-packages/airflow/example_dags/tutorial.py
[2024-04-27 22:19:22,352] {logging_mixin.py:104} INFO - [2024-04-27 22:19:22,352] {dag.py:1824} INFO - Sync 1 DAGs
[2024-04-27 22:19:22,374] {logging_mixin.py:104} INFO - [2024-04-27 22:19:22,374] {dag.py:2280} INFO - Setting next_dagrun for tutorial to 2024-04-25 00:00:00+00:00
[2024-04-27 22:19:22,390] {scheduler_job.py:190} INFO - Processing /home/airflow/.local/lib/python3.6/site-packages/airflow/example_dags/tutorial.py took 0.090 seconds
[2024-04-27 22:19:53,170] {scheduler_job.py:182} INFO - Started process (PID=209) to work on /home/airflow/.local/lib/python3.6/site-packages/airflow/example_dags/tutorial.py
[2024-04-27 22:19:53,174] {scheduler_job.py:629} INFO - Processing file /home/airflow/.local/lib/python3.6/site-packages/airflow/example_dags/tutorial.py for tasks to queue
[2024-04-27 22:19:53,176] {logging_mixin.py:104} INFO - [2024-04-27 22:19:53,175] {dagbag.py:451} INFO - Filling up the DagBag from /home/airflow/.local/lib/python3.6/site-packages/airflow/example_dags/tutorial.py
[2024-04-27 22:19:53,204] {scheduler_job.py:639} INFO - DAG(s) dict_keys(['tutorial']) retrieved from /home/airflow/.local/lib/python3.6/site-packages/airflow/example_dags/tutorial.py
[2024-04-27 22:19:53,257] {logging_mixin.py:104} INFO - [2024-04-27 22:19:53,257] {dag.py:1824} INFO - Sync 1 DAGs
[2024-04-27 22:19:53,306] {logging_mixin.py:104} INFO - [2024-04-27 22:19:53,306] {dag.py:2280} INFO - Setting next_dagrun for tutorial to 2024-04-25 00:00:00+00:00
[2024-04-27 22:19:53,337] {scheduler_job.py:190} INFO - Processing /home/airflow/.local/lib/python3.6/site-packages/airflow/example_dags/tutorial.py took 0.175 seconds
[2024-04-27 22:20:24,220] {scheduler_job.py:182} INFO - Started process (PID=235) to work on /home/airflow/.local/lib/python3.6/site-packages/airflow/example_dags/tutorial.py
[2024-04-27 22:20:24,222] {scheduler_job.py:629} INFO - Processing file /home/airflow/.local/lib/python3.6/site-packages/airflow/example_dags/tutorial.py for tasks to queue
[2024-04-27 22:20:24,224] {logging_mixin.py:104} INFO - [2024-04-27 22:20:24,224] {dagbag.py:451} INFO - Filling up the DagBag from /home/airflow/.local/lib/python3.6/site-packages/airflow/example_dags/tutorial.py
[2024-04-27 22:20:24,243] {scheduler_job.py:639} INFO - DAG(s) dict_keys(['tutorial']) retrieved from /home/airflow/.local/lib/python3.6/site-packages/airflow/example_dags/tutorial.py
[2024-04-27 22:20:24,281] {logging_mixin.py:104} INFO - [2024-04-27 22:20:24,281] {dag.py:1824} INFO - Sync 1 DAGs
[2024-04-27 22:20:24,302] {logging_mixin.py:104} INFO - [2024-04-27 22:20:24,302] {dag.py:2280} INFO - Setting next_dagrun for tutorial to 2024-04-25 00:00:00+00:00
[2024-04-27 22:20:24,319] {scheduler_job.py:190} INFO - Processing /home/airflow/.local/lib/python3.6/site-packages/airflow/example_dags/tutorial.py took 0.104 seconds
[2024-04-27 22:20:55,167] {scheduler_job.py:182} INFO - Started process (PID=261) to work on /home/airflow/.local/lib/python3.6/site-packages/airflow/example_dags/tutorial.py
[2024-04-27 22:20:55,169] {scheduler_job.py:629} INFO - Processing file /home/airflow/.local/lib/python3.6/site-packages/airflow/example_dags/tutorial.py for tasks to queue
[2024-04-27 22:20:55,170] {logging_mixin.py:104} INFO - [2024-04-27 22:20:55,170] {dagbag.py:451} INFO - Filling up the DagBag from /home/airflow/.local/lib/python3.6/site-packages/airflow/example_dags/tutorial.py
[2024-04-27 22:20:55,188] {scheduler_job.py:639} INFO - DAG(s) dict_keys(['tutorial']) retrieved from /home/airflow/.local/lib/python3.6/site-packages/airflow/example_dags/tutorial.py
[2024-04-27 22:20:55,224] {logging_mixin.py:104} INFO - [2024-04-27 22:20:55,224] {dag.py:1824} INFO - Sync 1 DAGs
[2024-04-27 22:20:55,243] {logging_mixin.py:104} INFO - [2024-04-27 22:20:55,242] {dag.py:2280} INFO - Setting next_dagrun for tutorial to 2024-04-25 00:00:00+00:00
[2024-04-27 22:20:55,263] {scheduler_job.py:190} INFO - Processing /home/airflow/.local/lib/python3.6/site-packages/airflow/example_dags/tutorial.py took 0.100 seconds
[2024-04-27 22:21:25,557] {scheduler_job.py:182} INFO - Started process (PID=287) to work on /home/airflow/.local/lib/python3.6/site-packages/airflow/example_dags/tutorial.py
[2024-04-27 22:21:25,559] {scheduler_job.py:629} INFO - Processing file /home/airflow/.local/lib/python3.6/site-packages/airflow/example_dags/tutorial.py for tasks to queue
[2024-04-27 22:21:25,560] {logging_mixin.py:104} INFO - [2024-04-27 22:21:25,560] {dagbag.py:451} INFO - Filling up the DagBag from /home/airflow/.local/lib/python3.6/site-packages/airflow/example_dags/tutorial.py
[2024-04-27 22:21:25,575] {scheduler_job.py:639} INFO - DAG(s) dict_keys(['tutorial']) retrieved from /home/airflow/.local/lib/python3.6/site-packages/airflow/example_dags/tutorial.py
[2024-04-27 22:21:25,611] {logging_mixin.py:104} INFO - [2024-04-27 22:21:25,611] {dag.py:1824} INFO - Sync 1 DAGs
[2024-04-27 22:21:25,636] {logging_mixin.py:104} INFO - [2024-04-27 22:21:25,636] {dag.py:2280} INFO - Setting next_dagrun for tutorial to 2024-04-25 00:00:00+00:00
[2024-04-27 22:21:25,653] {scheduler_job.py:190} INFO - Processing /home/airflow/.local/lib/python3.6/site-packages/airflow/example_dags/tutorial.py took 0.101 seconds
[2024-04-27 22:21:55,974] {scheduler_job.py:182} INFO - Started process (PID=313) to work on /home/airflow/.local/lib/python3.6/site-packages/airflow/example_dags/tutorial.py
[2024-04-27 22:21:55,976] {scheduler_job.py:629} INFO - Processing file /home/airflow/.local/lib/python3.6/site-packages/airflow/example_dags/tutorial.py for tasks to queue
[2024-04-27 22:21:55,978] {logging_mixin.py:104} INFO - [2024-04-27 22:21:55,978] {dagbag.py:451} INFO - Filling up the DagBag from /home/airflow/.local/lib/python3.6/site-packages/airflow/example_dags/tutorial.py
[2024-04-27 22:21:55,994] {scheduler_job.py:639} INFO - DAG(s) dict_keys(['tutorial']) retrieved from /home/airflow/.local/lib/python3.6/site-packages/airflow/example_dags/tutorial.py
[2024-04-27 22:21:56,022] {logging_mixin.py:104} INFO - [2024-04-27 22:21:56,022] {dag.py:1824} INFO - Sync 1 DAGs
[2024-04-27 22:21:56,040] {logging_mixin.py:104} INFO - [2024-04-27 22:21:56,039] {dag.py:2280} INFO - Setting next_dagrun for tutorial to 2024-04-25 00:00:00+00:00
[2024-04-27 22:21:56,055] {scheduler_job.py:190} INFO - Processing /home/airflow/.local/lib/python3.6/site-packages/airflow/example_dags/tutorial.py took 0.085 seconds
[2024-04-27 22:22:26,222] {scheduler_job.py:182} INFO - Started process (PID=339) to work on /home/airflow/.local/lib/python3.6/site-packages/airflow/example_dags/tutorial.py
[2024-04-27 22:22:26,224] {scheduler_job.py:629} INFO - Processing file /home/airflow/.local/lib/python3.6/site-packages/airflow/example_dags/tutorial.py for tasks to queue
[2024-04-27 22:22:26,225] {logging_mixin.py:104} INFO - [2024-04-27 22:22:26,225] {dagbag.py:451} INFO - Filling up the DagBag from /home/airflow/.local/lib/python3.6/site-packages/airflow/example_dags/tutorial.py
[2024-04-27 22:22:26,248] {scheduler_job.py:639} INFO - DAG(s) dict_keys(['tutorial']) retrieved from /home/airflow/.local/lib/python3.6/site-packages/airflow/example_dags/tutorial.py
[2024-04-27 22:22:26,276] {logging_mixin.py:104} INFO - [2024-04-27 22:22:26,276] {dag.py:1824} INFO - Sync 1 DAGs
[2024-04-27 22:22:26,293] {logging_mixin.py:104} INFO - [2024-04-27 22:22:26,293] {dag.py:2280} INFO - Setting next_dagrun for tutorial to 2024-04-25 00:00:00+00:00
[2024-04-27 22:22:26,307] {scheduler_job.py:190} INFO - Processing /home/airflow/.local/lib/python3.6/site-packages/airflow/example_dags/tutorial.py took 0.090 seconds
[2024-04-27 22:22:57,001] {scheduler_job.py:182} INFO - Started process (PID=365) to work on /home/airflow/.local/lib/python3.6/site-packages/airflow/example_dags/tutorial.py
[2024-04-27 22:22:57,003] {scheduler_job.py:629} INFO - Processing file /home/airflow/.local/lib/python3.6/site-packages/airflow/example_dags/tutorial.py for tasks to queue
[2024-04-27 22:22:57,005] {logging_mixin.py:104} INFO - [2024-04-27 22:22:57,005] {dagbag.py:451} INFO - Filling up the DagBag from /home/airflow/.local/lib/python3.6/site-packages/airflow/example_dags/tutorial.py
[2024-04-27 22:22:57,025] {scheduler_job.py:639} INFO - DAG(s) dict_keys(['tutorial']) retrieved from /home/airflow/.local/lib/python3.6/site-packages/airflow/example_dags/tutorial.py
[2024-04-27 22:22:57,050] {logging_mixin.py:104} INFO - [2024-04-27 22:22:57,050] {dag.py:1824} INFO - Sync 1 DAGs
[2024-04-27 22:22:57,066] {logging_mixin.py:104} INFO - [2024-04-27 22:22:57,066] {dag.py:2280} INFO - Setting next_dagrun for tutorial to 2024-04-25 00:00:00+00:00
[2024-04-27 22:22:57,081] {scheduler_job.py:190} INFO - Processing /home/airflow/.local/lib/python3.6/site-packages/airflow/example_dags/tutorial.py took 0.083 seconds
[2024-04-27 22:23:27,616] {scheduler_job.py:182} INFO - Started process (PID=391) to work on /home/airflow/.local/lib/python3.6/site-packages/airflow/example_dags/tutorial.py
[2024-04-27 22:23:27,619] {scheduler_job.py:629} INFO - Processing file /home/airflow/.local/lib/python3.6/site-packages/airflow/example_dags/tutorial.py for tasks to queue
[2024-04-27 22:23:27,621] {logging_mixin.py:104} INFO - [2024-04-27 22:23:27,621] {dagbag.py:451} INFO - Filling up the DagBag from /home/airflow/.local/lib/python3.6/site-packages/airflow/example_dags/tutorial.py
[2024-04-27 22:23:27,649] {scheduler_job.py:639} INFO - DAG(s) dict_keys(['tutorial']) retrieved from /home/airflow/.local/lib/python3.6/site-packages/airflow/example_dags/tutorial.py
[2024-04-27 22:23:27,680] {logging_mixin.py:104} INFO - [2024-04-27 22:23:27,680] {dag.py:1824} INFO - Sync 1 DAGs
[2024-04-27 22:23:27,699] {logging_mixin.py:104} INFO - [2024-04-27 22:23:27,699] {dag.py:2280} INFO - Setting next_dagrun for tutorial to 2024-04-25 00:00:00+00:00
[2024-04-27 22:23:27,715] {scheduler_job.py:190} INFO - Processing /home/airflow/.local/lib/python3.6/site-packages/airflow/example_dags/tutorial.py took 0.104 seconds
[2024-04-27 22:23:57,767] {scheduler_job.py:182} INFO - Started process (PID=417) to work on /home/airflow/.local/lib/python3.6/site-packages/airflow/example_dags/tutorial.py
[2024-04-27 22:23:57,775] {scheduler_job.py:629} INFO - Processing file /home/airflow/.local/lib/python3.6/site-packages/airflow/example_dags/tutorial.py for tasks to queue
[2024-04-27 22:23:57,776] {logging_mixin.py:104} INFO - [2024-04-27 22:23:57,776] {dagbag.py:451} INFO - Filling up the DagBag from /home/airflow/.local/lib/python3.6/site-packages/airflow/example_dags/tutorial.py
[2024-04-27 22:23:57,788] {scheduler_job.py:639} INFO - DAG(s) dict_keys(['tutorial']) retrieved from /home/airflow/.local/lib/python3.6/site-packages/airflow/example_dags/tutorial.py
[2024-04-27 22:23:57,814] {logging_mixin.py:104} INFO - [2024-04-27 22:23:57,814] {dag.py:1824} INFO - Sync 1 DAGs
[2024-04-27 22:23:57,834] {logging_mixin.py:104} INFO - [2024-04-27 22:23:57,834] {dag.py:2280} INFO - Setting next_dagrun for tutorial to 2024-04-25 00:00:00+00:00
[2024-04-27 22:23:57,854] {scheduler_job.py:190} INFO - Processing /home/airflow/.local/lib/python3.6/site-packages/airflow/example_dags/tutorial.py took 0.090 seconds
[2024-04-27 22:24:28,082] {scheduler_job.py:182} INFO - Started process (PID=443) to work on /home/airflow/.local/lib/python3.6/site-packages/airflow/example_dags/tutorial.py
[2024-04-27 22:24:28,085] {scheduler_job.py:629} INFO - Processing file /home/airflow/.local/lib/python3.6/site-packages/airflow/example_dags/tutorial.py for tasks to queue
[2024-04-27 22:24:28,087] {logging_mixin.py:104} INFO - [2024-04-27 22:24:28,087] {dagbag.py:451} INFO - Filling up the DagBag from /home/airflow/.local/lib/python3.6/site-packages/airflow/example_dags/tutorial.py
[2024-04-27 22:24:28,110] {scheduler_job.py:639} INFO - DAG(s) dict_keys(['tutorial']) retrieved from /home/airflow/.local/lib/python3.6/site-packages/airflow/example_dags/tutorial.py
[2024-04-27 22:24:28,157] {logging_mixin.py:104} INFO - [2024-04-27 22:24:28,157] {dag.py:1824} INFO - Sync 1 DAGs
[2024-04-27 22:24:28,197] {logging_mixin.py:104} INFO - [2024-04-27 22:24:28,197] {dag.py:2280} INFO - Setting next_dagrun for tutorial to 2024-04-25 00:00:00+00:00
[2024-04-27 22:24:28,220] {scheduler_job.py:190} INFO - Processing /home/airflow/.local/lib/python3.6/site-packages/airflow/example_dags/tutorial.py took 0.150 seconds
[2024-04-27 22:24:58,269] {scheduler_job.py:182} INFO - Started process (PID=469) to work on /home/airflow/.local/lib/python3.6/site-packages/airflow/example_dags/tutorial.py
[2024-04-27 22:24:58,271] {scheduler_job.py:629} INFO - Processing file /home/airflow/.local/lib/python3.6/site-packages/airflow/example_dags/tutorial.py for tasks to queue
[2024-04-27 22:24:58,273] {logging_mixin.py:104} INFO - [2024-04-27 22:24:58,273] {dagbag.py:451} INFO - Filling up the DagBag from /home/airflow/.local/lib/python3.6/site-packages/airflow/example_dags/tutorial.py
[2024-04-27 22:24:58,294] {scheduler_job.py:639} INFO - DAG(s) dict_keys(['tutorial']) retrieved from /home/airflow/.local/lib/python3.6/site-packages/airflow/example_dags/tutorial.py
[2024-04-27 22:24:58,318] {logging_mixin.py:104} INFO - [2024-04-27 22:24:58,318] {dag.py:1824} INFO - Sync 1 DAGs
[2024-04-27 22:24:58,335] {logging_mixin.py:104} INFO - [2024-04-27 22:24:58,335] {dag.py:2280} INFO - Setting next_dagrun for tutorial to 2024-04-25 00:00:00+00:00
[2024-04-27 22:24:58,348] {scheduler_job.py:190} INFO - Processing /home/airflow/.local/lib/python3.6/site-packages/airflow/example_dags/tutorial.py took 0.084 seconds
[2024-04-27 22:25:28,413] {scheduler_job.py:182} INFO - Started process (PID=495) to work on /home/airflow/.local/lib/python3.6/site-packages/airflow/example_dags/tutorial.py
[2024-04-27 22:25:28,416] {scheduler_job.py:629} INFO - Processing file /home/airflow/.local/lib/python3.6/site-packages/airflow/example_dags/tutorial.py for tasks to queue
[2024-04-27 22:25:28,418] {logging_mixin.py:104} INFO - [2024-04-27 22:25:28,417] {dagbag.py:451} INFO - Filling up the DagBag from /home/airflow/.local/lib/python3.6/site-packages/airflow/example_dags/tutorial.py
[2024-04-27 22:25:28,432] {scheduler_job.py:639} INFO - DAG(s) dict_keys(['tutorial']) retrieved from /home/airflow/.local/lib/python3.6/site-packages/airflow/example_dags/tutorial.py
[2024-04-27 22:25:28,460] {logging_mixin.py:104} INFO - [2024-04-27 22:25:28,460] {dag.py:1824} INFO - Sync 1 DAGs
[2024-04-27 22:25:28,479] {logging_mixin.py:104} INFO - [2024-04-27 22:25:28,478] {dag.py:2280} INFO - Setting next_dagrun for tutorial to 2024-04-25 00:00:00+00:00
[2024-04-27 22:25:28,492] {scheduler_job.py:190} INFO - Processing /home/airflow/.local/lib/python3.6/site-packages/airflow/example_dags/tutorial.py took 0.084 seconds
[2024-04-27 22:25:58,700] {scheduler_job.py:182} INFO - Started process (PID=521) to work on /home/airflow/.local/lib/python3.6/site-packages/airflow/example_dags/tutorial.py
[2024-04-27 22:25:58,702] {scheduler_job.py:629} INFO - Processing file /home/airflow/.local/lib/python3.6/site-packages/airflow/example_dags/tutorial.py for tasks to queue
[2024-04-27 22:25:58,704] {logging_mixin.py:104} INFO - [2024-04-27 22:25:58,704] {dagbag.py:451} INFO - Filling up the DagBag from /home/airflow/.local/lib/python3.6/site-packages/airflow/example_dags/tutorial.py
[2024-04-27 22:25:58,725] {scheduler_job.py:639} INFO - DAG(s) dict_keys(['tutorial']) retrieved from /home/airflow/.local/lib/python3.6/site-packages/airflow/example_dags/tutorial.py
[2024-04-27 22:25:58,762] {logging_mixin.py:104} INFO - [2024-04-27 22:25:58,762] {dag.py:1824} INFO - Sync 1 DAGs
[2024-04-27 22:25:58,787] {logging_mixin.py:104} INFO - [2024-04-27 22:25:58,787] {dag.py:2280} INFO - Setting next_dagrun for tutorial to 2024-04-25 00:00:00+00:00
[2024-04-27 22:25:58,806] {scheduler_job.py:190} INFO - Processing /home/airflow/.local/lib/python3.6/site-packages/airflow/example_dags/tutorial.py took 0.111 seconds
[2024-04-27 22:26:28,874] {scheduler_job.py:182} INFO - Started process (PID=547) to work on /home/airflow/.local/lib/python3.6/site-packages/airflow/example_dags/tutorial.py
[2024-04-27 22:26:28,876] {scheduler_job.py:629} INFO - Processing file /home/airflow/.local/lib/python3.6/site-packages/airflow/example_dags/tutorial.py for tasks to queue
[2024-04-27 22:26:28,878] {logging_mixin.py:104} INFO - [2024-04-27 22:26:28,878] {dagbag.py:451} INFO - Filling up the DagBag from /home/airflow/.local/lib/python3.6/site-packages/airflow/example_dags/tutorial.py
[2024-04-27 22:26:28,896] {scheduler_job.py:639} INFO - DAG(s) dict_keys(['tutorial']) retrieved from /home/airflow/.local/lib/python3.6/site-packages/airflow/example_dags/tutorial.py
[2024-04-27 22:26:28,928] {logging_mixin.py:104} INFO - [2024-04-27 22:26:28,928] {dag.py:1824} INFO - Sync 1 DAGs
[2024-04-27 22:26:28,950] {logging_mixin.py:104} INFO - [2024-04-27 22:26:28,950] {dag.py:2280} INFO - Setting next_dagrun for tutorial to 2024-04-25 00:00:00+00:00
[2024-04-27 22:26:28,967] {scheduler_job.py:190} INFO - Processing /home/airflow/.local/lib/python3.6/site-packages/airflow/example_dags/tutorial.py took 0.099 seconds
[2024-04-27 22:26:59,229] {scheduler_job.py:182} INFO - Started process (PID=571) to work on /home/airflow/.local/lib/python3.6/site-packages/airflow/example_dags/tutorial.py
[2024-04-27 22:26:59,231] {scheduler_job.py:629} INFO - Processing file /home/airflow/.local/lib/python3.6/site-packages/airflow/example_dags/tutorial.py for tasks to queue
[2024-04-27 22:26:59,233] {logging_mixin.py:104} INFO - [2024-04-27 22:26:59,233] {dagbag.py:451} INFO - Filling up the DagBag from /home/airflow/.local/lib/python3.6/site-packages/airflow/example_dags/tutorial.py
[2024-04-27 22:26:59,250] {scheduler_job.py:639} INFO - DAG(s) dict_keys(['tutorial']) retrieved from /home/airflow/.local/lib/python3.6/site-packages/airflow/example_dags/tutorial.py
[2024-04-27 22:26:59,284] {logging_mixin.py:104} INFO - [2024-04-27 22:26:59,284] {dag.py:1824} INFO - Sync 1 DAGs
[2024-04-27 22:26:59,309] {logging_mixin.py:104} INFO - [2024-04-27 22:26:59,309] {dag.py:2280} INFO - Setting next_dagrun for tutorial to 2024-04-25 00:00:00+00:00
[2024-04-27 22:26:59,327] {scheduler_job.py:190} INFO - Processing /home/airflow/.local/lib/python3.6/site-packages/airflow/example_dags/tutorial.py took 0.105 seconds
[2024-04-27 22:27:30,225] {scheduler_job.py:182} INFO - Started process (PID=597) to work on /home/airflow/.local/lib/python3.6/site-packages/airflow/example_dags/tutorial.py
[2024-04-27 22:27:30,227] {scheduler_job.py:629} INFO - Processing file /home/airflow/.local/lib/python3.6/site-packages/airflow/example_dags/tutorial.py for tasks to queue
[2024-04-27 22:27:30,229] {logging_mixin.py:104} INFO - [2024-04-27 22:27:30,229] {dagbag.py:451} INFO - Filling up the DagBag from /home/airflow/.local/lib/python3.6/site-packages/airflow/example_dags/tutorial.py
[2024-04-27 22:27:30,245] {scheduler_job.py:639} INFO - DAG(s) dict_keys(['tutorial']) retrieved from /home/airflow/.local/lib/python3.6/site-packages/airflow/example_dags/tutorial.py
[2024-04-27 22:27:30,277] {logging_mixin.py:104} INFO - [2024-04-27 22:27:30,277] {dag.py:1824} INFO - Sync 1 DAGs
[2024-04-27 22:27:30,297] {logging_mixin.py:104} INFO - [2024-04-27 22:27:30,297] {dag.py:2280} INFO - Setting next_dagrun for tutorial to 2024-04-25 00:00:00+00:00
[2024-04-27 22:27:30,312] {scheduler_job.py:190} INFO - Processing /home/airflow/.local/lib/python3.6/site-packages/airflow/example_dags/tutorial.py took 0.094 seconds
[2024-04-27 22:28:01,170] {scheduler_job.py:182} INFO - Started process (PID=623) to work on /home/airflow/.local/lib/python3.6/site-packages/airflow/example_dags/tutorial.py
[2024-04-27 22:28:01,172] {scheduler_job.py:629} INFO - Processing file /home/airflow/.local/lib/python3.6/site-packages/airflow/example_dags/tutorial.py for tasks to queue
[2024-04-27 22:28:01,174] {logging_mixin.py:104} INFO - [2024-04-27 22:28:01,174] {dagbag.py:451} INFO - Filling up the DagBag from /home/airflow/.local/lib/python3.6/site-packages/airflow/example_dags/tutorial.py
[2024-04-27 22:28:01,192] {scheduler_job.py:639} INFO - DAG(s) dict_keys(['tutorial']) retrieved from /home/airflow/.local/lib/python3.6/site-packages/airflow/example_dags/tutorial.py
[2024-04-27 22:28:01,224] {logging_mixin.py:104} INFO - [2024-04-27 22:28:01,224] {dag.py:1824} INFO - Sync 1 DAGs
[2024-04-27 22:28:01,247] {logging_mixin.py:104} INFO - [2024-04-27 22:28:01,247] {dag.py:2280} INFO - Setting next_dagrun for tutorial to 2024-04-25 00:00:00+00:00
[2024-04-27 22:28:01,264] {scheduler_job.py:190} INFO - Processing /home/airflow/.local/lib/python3.6/site-packages/airflow/example_dags/tutorial.py took 0.099 seconds
[2024-04-27 22:28:31,353] {scheduler_job.py:182} INFO - Started process (PID=648) to work on /home/airflow/.local/lib/python3.6/site-packages/airflow/example_dags/tutorial.py
[2024-04-27 22:28:31,356] {scheduler_job.py:629} INFO - Processing file /home/airflow/.local/lib/python3.6/site-packages/airflow/example_dags/tutorial.py for tasks to queue
[2024-04-27 22:28:31,357] {logging_mixin.py:104} INFO - [2024-04-27 22:28:31,357] {dagbag.py:451} INFO - Filling up the DagBag from /home/airflow/.local/lib/python3.6/site-packages/airflow/example_dags/tutorial.py
[2024-04-27 22:28:31,373] {scheduler_job.py:639} INFO - DAG(s) dict_keys(['tutorial']) retrieved from /home/airflow/.local/lib/python3.6/site-packages/airflow/example_dags/tutorial.py
[2024-04-27 22:28:31,405] {logging_mixin.py:104} INFO - [2024-04-27 22:28:31,405] {dag.py:1824} INFO - Sync 1 DAGs
[2024-04-27 22:28:31,427] {logging_mixin.py:104} INFO - [2024-04-27 22:28:31,427] {dag.py:2280} INFO - Setting next_dagrun for tutorial to 2024-04-25 00:00:00+00:00
[2024-04-27 22:28:31,443] {scheduler_job.py:190} INFO - Processing /home/airflow/.local/lib/python3.6/site-packages/airflow/example_dags/tutorial.py took 0.095 seconds
[2024-04-27 22:29:02,064] {scheduler_job.py:182} INFO - Started process (PID=675) to work on /home/airflow/.local/lib/python3.6/site-packages/airflow/example_dags/tutorial.py
[2024-04-27 22:29:02,068] {scheduler_job.py:629} INFO - Processing file /home/airflow/.local/lib/python3.6/site-packages/airflow/example_dags/tutorial.py for tasks to queue
[2024-04-27 22:29:02,069] {logging_mixin.py:104} INFO - [2024-04-27 22:29:02,069] {dagbag.py:451} INFO - Filling up the DagBag from /home/airflow/.local/lib/python3.6/site-packages/airflow/example_dags/tutorial.py
[2024-04-27 22:29:02,086] {scheduler_job.py:639} INFO - DAG(s) dict_keys(['tutorial']) retrieved from /home/airflow/.local/lib/python3.6/site-packages/airflow/example_dags/tutorial.py
[2024-04-27 22:29:02,116] {logging_mixin.py:104} INFO - [2024-04-27 22:29:02,116] {dag.py:1824} INFO - Sync 1 DAGs
[2024-04-27 22:29:02,137] {logging_mixin.py:104} INFO - [2024-04-27 22:29:02,137] {dag.py:2280} INFO - Setting next_dagrun for tutorial to 2024-04-25 00:00:00+00:00
[2024-04-27 22:29:02,154] {scheduler_job.py:190} INFO - Processing /home/airflow/.local/lib/python3.6/site-packages/airflow/example_dags/tutorial.py took 0.095 seconds
[2024-04-27 22:29:32,356] {scheduler_job.py:182} INFO - Started process (PID=701) to work on /home/airflow/.local/lib/python3.6/site-packages/airflow/example_dags/tutorial.py
[2024-04-27 22:29:32,359] {scheduler_job.py:629} INFO - Processing file /home/airflow/.local/lib/python3.6/site-packages/airflow/example_dags/tutorial.py for tasks to queue
[2024-04-27 22:29:32,361] {logging_mixin.py:104} INFO - [2024-04-27 22:29:32,361] {dagbag.py:451} INFO - Filling up the DagBag from /home/airflow/.local/lib/python3.6/site-packages/airflow/example_dags/tutorial.py
[2024-04-27 22:29:32,379] {scheduler_job.py:639} INFO - DAG(s) dict_keys(['tutorial']) retrieved from /home/airflow/.local/lib/python3.6/site-packages/airflow/example_dags/tutorial.py
[2024-04-27 22:29:32,412] {logging_mixin.py:104} INFO - [2024-04-27 22:29:32,411] {dag.py:1824} INFO - Sync 1 DAGs
[2024-04-27 22:29:32,436] {logging_mixin.py:104} INFO - [2024-04-27 22:29:32,436] {dag.py:2280} INFO - Setting next_dagrun for tutorial to 2024-04-25 00:00:00+00:00
[2024-04-27 22:29:32,456] {scheduler_job.py:190} INFO - Processing /home/airflow/.local/lib/python3.6/site-packages/airflow/example_dags/tutorial.py took 0.105 seconds
[2024-04-27 22:30:02,965] {scheduler_job.py:182} INFO - Started process (PID=725) to work on /home/airflow/.local/lib/python3.6/site-packages/airflow/example_dags/tutorial.py
[2024-04-27 22:30:02,970] {scheduler_job.py:629} INFO - Processing file /home/airflow/.local/lib/python3.6/site-packages/airflow/example_dags/tutorial.py for tasks to queue
[2024-04-27 22:30:02,973] {logging_mixin.py:104} INFO - [2024-04-27 22:30:02,972] {dagbag.py:451} INFO - Filling up the DagBag from /home/airflow/.local/lib/python3.6/site-packages/airflow/example_dags/tutorial.py
[2024-04-27 22:30:03,011] {scheduler_job.py:639} INFO - DAG(s) dict_keys(['tutorial']) retrieved from /home/airflow/.local/lib/python3.6/site-packages/airflow/example_dags/tutorial.py
[2024-04-27 22:30:03,116] {logging_mixin.py:104} INFO - [2024-04-27 22:30:03,116] {dag.py:1824} INFO - Sync 1 DAGs
[2024-04-27 22:30:03,207] {logging_mixin.py:104} INFO - [2024-04-27 22:30:03,205] {dag.py:2280} INFO - Setting next_dagrun for tutorial to 2024-04-25 00:00:00+00:00
[2024-04-27 22:30:03,270] {scheduler_job.py:190} INFO - Processing /home/airflow/.local/lib/python3.6/site-packages/airflow/example_dags/tutorial.py took 0.320 seconds
[2024-04-27 22:30:33,445] {scheduler_job.py:182} INFO - Started process (PID=751) to work on /home/airflow/.local/lib/python3.6/site-packages/airflow/example_dags/tutorial.py
[2024-04-27 22:30:33,448] {scheduler_job.py:629} INFO - Processing file /home/airflow/.local/lib/python3.6/site-packages/airflow/example_dags/tutorial.py for tasks to queue
[2024-04-27 22:30:33,450] {logging_mixin.py:104} INFO - [2024-04-27 22:30:33,449] {dagbag.py:451} INFO - Filling up the DagBag from /home/airflow/.local/lib/python3.6/site-packages/airflow/example_dags/tutorial.py
[2024-04-27 22:30:33,467] {scheduler_job.py:639} INFO - DAG(s) dict_keys(['tutorial']) retrieved from /home/airflow/.local/lib/python3.6/site-packages/airflow/example_dags/tutorial.py
[2024-04-27 22:30:33,497] {logging_mixin.py:104} INFO - [2024-04-27 22:30:33,496] {dag.py:1824} INFO - Sync 1 DAGs
[2024-04-27 22:30:33,519] {logging_mixin.py:104} INFO - [2024-04-27 22:30:33,519] {dag.py:2280} INFO - Setting next_dagrun for tutorial to 2024-04-25 00:00:00+00:00
[2024-04-27 22:30:33,534] {scheduler_job.py:190} INFO - Processing /home/airflow/.local/lib/python3.6/site-packages/airflow/example_dags/tutorial.py took 0.094 seconds
[2024-04-27 22:31:03,889] {scheduler_job.py:182} INFO - Started process (PID=777) to work on /home/airflow/.local/lib/python3.6/site-packages/airflow/example_dags/tutorial.py
[2024-04-27 22:31:03,891] {scheduler_job.py:629} INFO - Processing file /home/airflow/.local/lib/python3.6/site-packages/airflow/example_dags/tutorial.py for tasks to queue
[2024-04-27 22:31:03,893] {logging_mixin.py:104} INFO - [2024-04-27 22:31:03,893] {dagbag.py:451} INFO - Filling up the DagBag from /home/airflow/.local/lib/python3.6/site-packages/airflow/example_dags/tutorial.py
[2024-04-27 22:31:03,910] {scheduler_job.py:639} INFO - DAG(s) dict_keys(['tutorial']) retrieved from /home/airflow/.local/lib/python3.6/site-packages/airflow/example_dags/tutorial.py
[2024-04-27 22:31:03,942] {logging_mixin.py:104} INFO - [2024-04-27 22:31:03,942] {dag.py:1824} INFO - Sync 1 DAGs
[2024-04-27 22:31:03,964] {logging_mixin.py:104} INFO - [2024-04-27 22:31:03,964] {dag.py:2280} INFO - Setting next_dagrun for tutorial to 2024-04-25 00:00:00+00:00
[2024-04-27 22:31:03,981] {scheduler_job.py:190} INFO - Processing /home/airflow/.local/lib/python3.6/site-packages/airflow/example_dags/tutorial.py took 0.098 seconds
[2024-04-27 22:31:34,852] {scheduler_job.py:182} INFO - Started process (PID=802) to work on /home/airflow/.local/lib/python3.6/site-packages/airflow/example_dags/tutorial.py
[2024-04-27 22:31:34,856] {scheduler_job.py:629} INFO - Processing file /home/airflow/.local/lib/python3.6/site-packages/airflow/example_dags/tutorial.py for tasks to queue
[2024-04-27 22:31:34,858] {logging_mixin.py:104} INFO - [2024-04-27 22:31:34,858] {dagbag.py:451} INFO - Filling up the DagBag from /home/airflow/.local/lib/python3.6/site-packages/airflow/example_dags/tutorial.py
[2024-04-27 22:31:34,906] {scheduler_job.py:639} INFO - DAG(s) dict_keys(['tutorial']) retrieved from /home/airflow/.local/lib/python3.6/site-packages/airflow/example_dags/tutorial.py
[2024-04-27 22:31:35,072] {logging_mixin.py:104} INFO - [2024-04-27 22:31:35,068] {dag.py:1824} INFO - Sync 1 DAGs
[2024-04-27 22:31:35,157] {logging_mixin.py:104} INFO - [2024-04-27 22:31:35,155] {dag.py:2280} INFO - Setting next_dagrun for tutorial to 2024-04-25 00:00:00+00:00
[2024-04-27 22:31:35,213] {scheduler_job.py:190} INFO - Processing /home/airflow/.local/lib/python3.6/site-packages/airflow/example_dags/tutorial.py took 0.368 seconds
[2024-04-27 22:32:06,051] {scheduler_job.py:182} INFO - Started process (PID=827) to work on /home/airflow/.local/lib/python3.6/site-packages/airflow/example_dags/tutorial.py
[2024-04-27 22:32:06,053] {scheduler_job.py:629} INFO - Processing file /home/airflow/.local/lib/python3.6/site-packages/airflow/example_dags/tutorial.py for tasks to queue
[2024-04-27 22:32:06,055] {logging_mixin.py:104} INFO - [2024-04-27 22:32:06,055] {dagbag.py:451} INFO - Filling up the DagBag from /home/airflow/.local/lib/python3.6/site-packages/airflow/example_dags/tutorial.py
[2024-04-27 22:32:06,073] {scheduler_job.py:639} INFO - DAG(s) dict_keys(['tutorial']) retrieved from /home/airflow/.local/lib/python3.6/site-packages/airflow/example_dags/tutorial.py
[2024-04-27 22:32:06,107] {logging_mixin.py:104} INFO - [2024-04-27 22:32:06,107] {dag.py:1824} INFO - Sync 1 DAGs
[2024-04-27 22:32:06,134] {logging_mixin.py:104} INFO - [2024-04-27 22:32:06,134] {dag.py:2280} INFO - Setting next_dagrun for tutorial to 2024-04-25 00:00:00+00:00
[2024-04-27 22:32:06,160] {scheduler_job.py:190} INFO - Processing /home/airflow/.local/lib/python3.6/site-packages/airflow/example_dags/tutorial.py took 0.116 seconds
[2024-04-27 22:32:36,447] {scheduler_job.py:182} INFO - Started process (PID=853) to work on /home/airflow/.local/lib/python3.6/site-packages/airflow/example_dags/tutorial.py
[2024-04-27 22:32:36,449] {scheduler_job.py:629} INFO - Processing file /home/airflow/.local/lib/python3.6/site-packages/airflow/example_dags/tutorial.py for tasks to queue
[2024-04-27 22:32:36,451] {logging_mixin.py:104} INFO - [2024-04-27 22:32:36,451] {dagbag.py:451} INFO - Filling up the DagBag from /home/airflow/.local/lib/python3.6/site-packages/airflow/example_dags/tutorial.py
[2024-04-27 22:32:36,464] {scheduler_job.py:639} INFO - DAG(s) dict_keys(['tutorial']) retrieved from /home/airflow/.local/lib/python3.6/site-packages/airflow/example_dags/tutorial.py
[2024-04-27 22:32:36,490] {logging_mixin.py:104} INFO - [2024-04-27 22:32:36,490] {dag.py:1824} INFO - Sync 1 DAGs
[2024-04-27 22:32:36,507] {logging_mixin.py:104} INFO - [2024-04-27 22:32:36,507] {dag.py:2280} INFO - Setting next_dagrun for tutorial to 2024-04-25 00:00:00+00:00
[2024-04-27 22:32:36,521] {scheduler_job.py:190} INFO - Processing /home/airflow/.local/lib/python3.6/site-packages/airflow/example_dags/tutorial.py took 0.077 seconds
[2024-04-27 22:33:06,867] {scheduler_job.py:182} INFO - Started process (PID=879) to work on /home/airflow/.local/lib/python3.6/site-packages/airflow/example_dags/tutorial.py
[2024-04-27 22:33:06,868] {scheduler_job.py:629} INFO - Processing file /home/airflow/.local/lib/python3.6/site-packages/airflow/example_dags/tutorial.py for tasks to queue
[2024-04-27 22:33:06,870] {logging_mixin.py:104} INFO - [2024-04-27 22:33:06,870] {dagbag.py:451} INFO - Filling up the DagBag from /home/airflow/.local/lib/python3.6/site-packages/airflow/example_dags/tutorial.py
[2024-04-27 22:33:06,883] {scheduler_job.py:639} INFO - DAG(s) dict_keys(['tutorial']) retrieved from /home/airflow/.local/lib/python3.6/site-packages/airflow/example_dags/tutorial.py
[2024-04-27 22:33:06,915] {logging_mixin.py:104} INFO - [2024-04-27 22:33:06,914] {dag.py:1824} INFO - Sync 1 DAGs
[2024-04-27 22:33:06,936] {logging_mixin.py:104} INFO - [2024-04-27 22:33:06,936] {dag.py:2280} INFO - Setting next_dagrun for tutorial to 2024-04-25 00:00:00+00:00
[2024-04-27 22:33:06,955] {scheduler_job.py:190} INFO - Processing /home/airflow/.local/lib/python3.6/site-packages/airflow/example_dags/tutorial.py took 0.091 seconds
[2024-04-27 22:33:37,269] {scheduler_job.py:182} INFO - Started process (PID=905) to work on /home/airflow/.local/lib/python3.6/site-packages/airflow/example_dags/tutorial.py
[2024-04-27 22:33:37,271] {scheduler_job.py:629} INFO - Processing file /home/airflow/.local/lib/python3.6/site-packages/airflow/example_dags/tutorial.py for tasks to queue
[2024-04-27 22:33:37,273] {logging_mixin.py:104} INFO - [2024-04-27 22:33:37,273] {dagbag.py:451} INFO - Filling up the DagBag from /home/airflow/.local/lib/python3.6/site-packages/airflow/example_dags/tutorial.py
[2024-04-27 22:33:37,288] {scheduler_job.py:639} INFO - DAG(s) dict_keys(['tutorial']) retrieved from /home/airflow/.local/lib/python3.6/site-packages/airflow/example_dags/tutorial.py
[2024-04-27 22:33:37,320] {logging_mixin.py:104} INFO - [2024-04-27 22:33:37,320] {dag.py:1824} INFO - Sync 1 DAGs
[2024-04-27 22:33:37,340] {logging_mixin.py:104} INFO - [2024-04-27 22:33:37,340] {dag.py:2280} INFO - Setting next_dagrun for tutorial to 2024-04-25 00:00:00+00:00
[2024-04-27 22:33:37,357] {scheduler_job.py:190} INFO - Processing /home/airflow/.local/lib/python3.6/site-packages/airflow/example_dags/tutorial.py took 0.092 seconds
[2024-04-27 22:34:08,582] {scheduler_job.py:182} INFO - Started process (PID=936) to work on /home/airflow/.local/lib/python3.6/site-packages/airflow/example_dags/tutorial.py
[2024-04-27 22:34:08,584] {scheduler_job.py:629} INFO - Processing file /home/airflow/.local/lib/python3.6/site-packages/airflow/example_dags/tutorial.py for tasks to queue
[2024-04-27 22:34:08,586] {logging_mixin.py:104} INFO - [2024-04-27 22:34:08,585] {dagbag.py:451} INFO - Filling up the DagBag from /home/airflow/.local/lib/python3.6/site-packages/airflow/example_dags/tutorial.py
[2024-04-27 22:34:08,599] {scheduler_job.py:639} INFO - DAG(s) dict_keys(['tutorial']) retrieved from /home/airflow/.local/lib/python3.6/site-packages/airflow/example_dags/tutorial.py
[2024-04-27 22:34:08,627] {logging_mixin.py:104} INFO - [2024-04-27 22:34:08,627] {dag.py:1824} INFO - Sync 1 DAGs
[2024-04-27 22:34:08,646] {logging_mixin.py:104} INFO - [2024-04-27 22:34:08,645] {dag.py:2280} INFO - Setting next_dagrun for tutorial to 2024-04-25 00:00:00+00:00
[2024-04-27 22:34:08,660] {scheduler_job.py:190} INFO - Processing /home/airflow/.local/lib/python3.6/site-packages/airflow/example_dags/tutorial.py took 0.083 seconds
[2024-04-27 22:34:39,487] {scheduler_job.py:182} INFO - Started process (PID=962) to work on /home/airflow/.local/lib/python3.6/site-packages/airflow/example_dags/tutorial.py
[2024-04-27 22:34:39,489] {scheduler_job.py:629} INFO - Processing file /home/airflow/.local/lib/python3.6/site-packages/airflow/example_dags/tutorial.py for tasks to queue
[2024-04-27 22:34:39,491] {logging_mixin.py:104} INFO - [2024-04-27 22:34:39,490] {dagbag.py:451} INFO - Filling up the DagBag from /home/airflow/.local/lib/python3.6/site-packages/airflow/example_dags/tutorial.py
[2024-04-27 22:34:39,506] {scheduler_job.py:639} INFO - DAG(s) dict_keys(['tutorial']) retrieved from /home/airflow/.local/lib/python3.6/site-packages/airflow/example_dags/tutorial.py
[2024-04-27 22:34:39,537] {logging_mixin.py:104} INFO - [2024-04-27 22:34:39,537] {dag.py:1824} INFO - Sync 1 DAGs
[2024-04-27 22:34:39,560] {logging_mixin.py:104} INFO - [2024-04-27 22:34:39,559] {dag.py:2280} INFO - Setting next_dagrun for tutorial to 2024-04-25 00:00:00+00:00
[2024-04-27 22:34:39,576] {scheduler_job.py:190} INFO - Processing /home/airflow/.local/lib/python3.6/site-packages/airflow/example_dags/tutorial.py took 0.094 seconds
[2024-04-27 22:35:10,528] {scheduler_job.py:182} INFO - Started process (PID=988) to work on /home/airflow/.local/lib/python3.6/site-packages/airflow/example_dags/tutorial.py
[2024-04-27 22:35:10,531] {scheduler_job.py:629} INFO - Processing file /home/airflow/.local/lib/python3.6/site-packages/airflow/example_dags/tutorial.py for tasks to queue
[2024-04-27 22:35:10,532] {logging_mixin.py:104} INFO - [2024-04-27 22:35:10,532] {dagbag.py:451} INFO - Filling up the DagBag from /home/airflow/.local/lib/python3.6/site-packages/airflow/example_dags/tutorial.py
[2024-04-27 22:35:10,545] {scheduler_job.py:639} INFO - DAG(s) dict_keys(['tutorial']) retrieved from /home/airflow/.local/lib/python3.6/site-packages/airflow/example_dags/tutorial.py
[2024-04-27 22:35:10,573] {logging_mixin.py:104} INFO - [2024-04-27 22:35:10,573] {dag.py:1824} INFO - Sync 1 DAGs
[2024-04-27 22:35:10,593] {logging_mixin.py:104} INFO - [2024-04-27 22:35:10,593] {dag.py:2280} INFO - Setting next_dagrun for tutorial to 2024-04-25 00:00:00+00:00
[2024-04-27 22:35:10,608] {scheduler_job.py:190} INFO - Processing /home/airflow/.local/lib/python3.6/site-packages/airflow/example_dags/tutorial.py took 0.084 seconds
[2024-04-27 22:35:40,781] {scheduler_job.py:182} INFO - Started process (PID=1009) to work on /home/airflow/.local/lib/python3.6/site-packages/airflow/example_dags/tutorial.py
[2024-04-27 22:35:40,783] {scheduler_job.py:629} INFO - Processing file /home/airflow/.local/lib/python3.6/site-packages/airflow/example_dags/tutorial.py for tasks to queue
[2024-04-27 22:35:40,784] {logging_mixin.py:104} INFO - [2024-04-27 22:35:40,784] {dagbag.py:451} INFO - Filling up the DagBag from /home/airflow/.local/lib/python3.6/site-packages/airflow/example_dags/tutorial.py
[2024-04-27 22:35:40,799] {scheduler_job.py:639} INFO - DAG(s) dict_keys(['tutorial']) retrieved from /home/airflow/.local/lib/python3.6/site-packages/airflow/example_dags/tutorial.py
[2024-04-27 22:35:40,832] {logging_mixin.py:104} INFO - [2024-04-27 22:35:40,832] {dag.py:1824} INFO - Sync 1 DAGs
[2024-04-27 22:35:40,869] {logging_mixin.py:104} INFO - [2024-04-27 22:35:40,869] {dag.py:2280} INFO - Setting next_dagrun for tutorial to 2024-04-25 00:00:00+00:00
[2024-04-27 22:35:40,890] {scheduler_job.py:190} INFO - Processing /home/airflow/.local/lib/python3.6/site-packages/airflow/example_dags/tutorial.py took 0.114 seconds
[2024-04-27 22:36:11,298] {scheduler_job.py:182} INFO - Started process (PID=1035) to work on /home/airflow/.local/lib/python3.6/site-packages/airflow/example_dags/tutorial.py
[2024-04-27 22:36:11,300] {scheduler_job.py:629} INFO - Processing file /home/airflow/.local/lib/python3.6/site-packages/airflow/example_dags/tutorial.py for tasks to queue
[2024-04-27 22:36:11,302] {logging_mixin.py:104} INFO - [2024-04-27 22:36:11,302] {dagbag.py:451} INFO - Filling up the DagBag from /home/airflow/.local/lib/python3.6/site-packages/airflow/example_dags/tutorial.py
[2024-04-27 22:36:11,321] {scheduler_job.py:639} INFO - DAG(s) dict_keys(['tutorial']) retrieved from /home/airflow/.local/lib/python3.6/site-packages/airflow/example_dags/tutorial.py
[2024-04-27 22:36:11,357] {logging_mixin.py:104} INFO - [2024-04-27 22:36:11,357] {dag.py:1824} INFO - Sync 1 DAGs
[2024-04-27 22:36:11,379] {logging_mixin.py:104} INFO - [2024-04-27 22:36:11,379] {dag.py:2280} INFO - Setting next_dagrun for tutorial to 2024-04-25 00:00:00+00:00
[2024-04-27 22:36:11,397] {scheduler_job.py:190} INFO - Processing /home/airflow/.local/lib/python3.6/site-packages/airflow/example_dags/tutorial.py took 0.105 seconds
[2024-04-27 22:36:42,187] {scheduler_job.py:182} INFO - Started process (PID=1061) to work on /home/airflow/.local/lib/python3.6/site-packages/airflow/example_dags/tutorial.py
[2024-04-27 22:36:42,190] {scheduler_job.py:629} INFO - Processing file /home/airflow/.local/lib/python3.6/site-packages/airflow/example_dags/tutorial.py for tasks to queue
[2024-04-27 22:36:42,191] {logging_mixin.py:104} INFO - [2024-04-27 22:36:42,191] {dagbag.py:451} INFO - Filling up the DagBag from /home/airflow/.local/lib/python3.6/site-packages/airflow/example_dags/tutorial.py
[2024-04-27 22:36:42,204] {scheduler_job.py:639} INFO - DAG(s) dict_keys(['tutorial']) retrieved from /home/airflow/.local/lib/python3.6/site-packages/airflow/example_dags/tutorial.py
[2024-04-27 22:36:42,231] {logging_mixin.py:104} INFO - [2024-04-27 22:36:42,231] {dag.py:1824} INFO - Sync 1 DAGs
[2024-04-27 22:36:42,251] {logging_mixin.py:104} INFO - [2024-04-27 22:36:42,251] {dag.py:2280} INFO - Setting next_dagrun for tutorial to 2024-04-25 00:00:00+00:00
[2024-04-27 22:36:42,266] {scheduler_job.py:190} INFO - Processing /home/airflow/.local/lib/python3.6/site-packages/airflow/example_dags/tutorial.py took 0.083 seconds
[2024-04-27 22:37:12,333] {scheduler_job.py:182} INFO - Started process (PID=1087) to work on /home/airflow/.local/lib/python3.6/site-packages/airflow/example_dags/tutorial.py
[2024-04-27 22:37:12,335] {scheduler_job.py:629} INFO - Processing file /home/airflow/.local/lib/python3.6/site-packages/airflow/example_dags/tutorial.py for tasks to queue
[2024-04-27 22:37:12,336] {logging_mixin.py:104} INFO - [2024-04-27 22:37:12,336] {dagbag.py:451} INFO - Filling up the DagBag from /home/airflow/.local/lib/python3.6/site-packages/airflow/example_dags/tutorial.py
[2024-04-27 22:37:12,351] {scheduler_job.py:639} INFO - DAG(s) dict_keys(['tutorial']) retrieved from /home/airflow/.local/lib/python3.6/site-packages/airflow/example_dags/tutorial.py
[2024-04-27 22:37:12,378] {logging_mixin.py:104} INFO - [2024-04-27 22:37:12,378] {dag.py:1824} INFO - Sync 1 DAGs
[2024-04-27 22:37:12,403] {logging_mixin.py:104} INFO - [2024-04-27 22:37:12,402] {dag.py:2280} INFO - Setting next_dagrun for tutorial to 2024-04-25 00:00:00+00:00
[2024-04-27 22:37:12,424] {scheduler_job.py:190} INFO - Processing /home/airflow/.local/lib/python3.6/site-packages/airflow/example_dags/tutorial.py took 0.094 seconds
[2024-04-27 22:37:42,494] {scheduler_job.py:182} INFO - Started process (PID=1113) to work on /home/airflow/.local/lib/python3.6/site-packages/airflow/example_dags/tutorial.py
[2024-04-27 22:37:42,497] {scheduler_job.py:629} INFO - Processing file /home/airflow/.local/lib/python3.6/site-packages/airflow/example_dags/tutorial.py for tasks to queue
[2024-04-27 22:37:42,498] {logging_mixin.py:104} INFO - [2024-04-27 22:37:42,498] {dagbag.py:451} INFO - Filling up the DagBag from /home/airflow/.local/lib/python3.6/site-packages/airflow/example_dags/tutorial.py
[2024-04-27 22:37:42,522] {scheduler_job.py:639} INFO - DAG(s) dict_keys(['tutorial']) retrieved from /home/airflow/.local/lib/python3.6/site-packages/airflow/example_dags/tutorial.py
[2024-04-27 22:37:42,564] {logging_mixin.py:104} INFO - [2024-04-27 22:37:42,564] {dag.py:1824} INFO - Sync 1 DAGs
[2024-04-27 22:37:42,590] {logging_mixin.py:104} INFO - [2024-04-27 22:37:42,589] {dag.py:2280} INFO - Setting next_dagrun for tutorial to 2024-04-25 00:00:00+00:00
[2024-04-27 22:37:42,608] {scheduler_job.py:190} INFO - Processing /home/airflow/.local/lib/python3.6/site-packages/airflow/example_dags/tutorial.py took 0.117 seconds
[2024-04-27 22:38:13,047] {scheduler_job.py:182} INFO - Started process (PID=1139) to work on /home/airflow/.local/lib/python3.6/site-packages/airflow/example_dags/tutorial.py
[2024-04-27 22:38:13,050] {scheduler_job.py:629} INFO - Processing file /home/airflow/.local/lib/python3.6/site-packages/airflow/example_dags/tutorial.py for tasks to queue
[2024-04-27 22:38:13,052] {logging_mixin.py:104} INFO - [2024-04-27 22:38:13,051] {dagbag.py:451} INFO - Filling up the DagBag from /home/airflow/.local/lib/python3.6/site-packages/airflow/example_dags/tutorial.py
[2024-04-27 22:38:13,068] {scheduler_job.py:639} INFO - DAG(s) dict_keys(['tutorial']) retrieved from /home/airflow/.local/lib/python3.6/site-packages/airflow/example_dags/tutorial.py
[2024-04-27 22:38:13,098] {logging_mixin.py:104} INFO - [2024-04-27 22:38:13,098] {dag.py:1824} INFO - Sync 1 DAGs
[2024-04-27 22:38:13,121] {logging_mixin.py:104} INFO - [2024-04-27 22:38:13,121] {dag.py:2280} INFO - Setting next_dagrun for tutorial to 2024-04-25 00:00:00+00:00
[2024-04-27 22:38:13,140] {scheduler_job.py:190} INFO - Processing /home/airflow/.local/lib/python3.6/site-packages/airflow/example_dags/tutorial.py took 0.097 seconds
[2024-04-27 22:38:43,435] {scheduler_job.py:182} INFO - Started process (PID=1165) to work on /home/airflow/.local/lib/python3.6/site-packages/airflow/example_dags/tutorial.py
[2024-04-27 22:38:43,437] {scheduler_job.py:629} INFO - Processing file /home/airflow/.local/lib/python3.6/site-packages/airflow/example_dags/tutorial.py for tasks to queue
[2024-04-27 22:38:43,439] {logging_mixin.py:104} INFO - [2024-04-27 22:38:43,439] {dagbag.py:451} INFO - Filling up the DagBag from /home/airflow/.local/lib/python3.6/site-packages/airflow/example_dags/tutorial.py
[2024-04-27 22:38:43,455] {scheduler_job.py:639} INFO - DAG(s) dict_keys(['tutorial']) retrieved from /home/airflow/.local/lib/python3.6/site-packages/airflow/example_dags/tutorial.py
[2024-04-27 22:38:43,487] {logging_mixin.py:104} INFO - [2024-04-27 22:38:43,487] {dag.py:1824} INFO - Sync 1 DAGs
[2024-04-27 22:38:43,509] {logging_mixin.py:104} INFO - [2024-04-27 22:38:43,509] {dag.py:2280} INFO - Setting next_dagrun for tutorial to 2024-04-25 00:00:00+00:00
[2024-04-27 22:38:43,526] {scheduler_job.py:190} INFO - Processing /home/airflow/.local/lib/python3.6/site-packages/airflow/example_dags/tutorial.py took 0.096 seconds
[2024-04-27 22:39:14,188] {scheduler_job.py:182} INFO - Started process (PID=1191) to work on /home/airflow/.local/lib/python3.6/site-packages/airflow/example_dags/tutorial.py
[2024-04-27 22:39:14,191] {scheduler_job.py:629} INFO - Processing file /home/airflow/.local/lib/python3.6/site-packages/airflow/example_dags/tutorial.py for tasks to queue
[2024-04-27 22:39:14,192] {logging_mixin.py:104} INFO - [2024-04-27 22:39:14,192] {dagbag.py:451} INFO - Filling up the DagBag from /home/airflow/.local/lib/python3.6/site-packages/airflow/example_dags/tutorial.py
[2024-04-27 22:39:14,209] {scheduler_job.py:639} INFO - DAG(s) dict_keys(['tutorial']) retrieved from /home/airflow/.local/lib/python3.6/site-packages/airflow/example_dags/tutorial.py
[2024-04-27 22:39:14,242] {logging_mixin.py:104} INFO - [2024-04-27 22:39:14,242] {dag.py:1824} INFO - Sync 1 DAGs
[2024-04-27 22:39:14,274] {logging_mixin.py:104} INFO - [2024-04-27 22:39:14,274] {dag.py:2280} INFO - Setting next_dagrun for tutorial to 2024-04-25 00:00:00+00:00
[2024-04-27 22:39:14,296] {scheduler_job.py:190} INFO - Processing /home/airflow/.local/lib/python3.6/site-packages/airflow/example_dags/tutorial.py took 0.114 seconds
[2024-04-27 22:39:44,707] {scheduler_job.py:182} INFO - Started process (PID=1217) to work on /home/airflow/.local/lib/python3.6/site-packages/airflow/example_dags/tutorial.py
[2024-04-27 22:39:44,710] {scheduler_job.py:629} INFO - Processing file /home/airflow/.local/lib/python3.6/site-packages/airflow/example_dags/tutorial.py for tasks to queue
[2024-04-27 22:39:44,712] {logging_mixin.py:104} INFO - [2024-04-27 22:39:44,711] {dagbag.py:451} INFO - Filling up the DagBag from /home/airflow/.local/lib/python3.6/site-packages/airflow/example_dags/tutorial.py
[2024-04-27 22:39:44,730] {scheduler_job.py:639} INFO - DAG(s) dict_keys(['tutorial']) retrieved from /home/airflow/.local/lib/python3.6/site-packages/airflow/example_dags/tutorial.py
[2024-04-27 22:39:44,773] {logging_mixin.py:104} INFO - [2024-04-27 22:39:44,773] {dag.py:1824} INFO - Sync 1 DAGs
[2024-04-27 22:39:44,805] {logging_mixin.py:104} INFO - [2024-04-27 22:39:44,805] {dag.py:2280} INFO - Setting next_dagrun for tutorial to 2024-04-25 00:00:00+00:00
[2024-04-27 22:39:44,834] {scheduler_job.py:190} INFO - Processing /home/airflow/.local/lib/python3.6/site-packages/airflow/example_dags/tutorial.py took 0.134 seconds
[2024-04-27 22:40:14,895] {scheduler_job.py:182} INFO - Started process (PID=1243) to work on /home/airflow/.local/lib/python3.6/site-packages/airflow/example_dags/tutorial.py
[2024-04-27 22:40:14,898] {scheduler_job.py:629} INFO - Processing file /home/airflow/.local/lib/python3.6/site-packages/airflow/example_dags/tutorial.py for tasks to queue
[2024-04-27 22:40:14,900] {logging_mixin.py:104} INFO - [2024-04-27 22:40:14,899] {dagbag.py:451} INFO - Filling up the DagBag from /home/airflow/.local/lib/python3.6/site-packages/airflow/example_dags/tutorial.py
[2024-04-27 22:40:14,926] {scheduler_job.py:639} INFO - DAG(s) dict_keys(['tutorial']) retrieved from /home/airflow/.local/lib/python3.6/site-packages/airflow/example_dags/tutorial.py
[2024-04-27 22:40:14,966] {logging_mixin.py:104} INFO - [2024-04-27 22:40:14,966] {dag.py:1824} INFO - Sync 1 DAGs
[2024-04-27 22:40:14,996] {logging_mixin.py:104} INFO - [2024-04-27 22:40:14,996] {dag.py:2280} INFO - Setting next_dagrun for tutorial to 2024-04-25 00:00:00+00:00
[2024-04-27 22:40:15,016] {scheduler_job.py:190} INFO - Processing /home/airflow/.local/lib/python3.6/site-packages/airflow/example_dags/tutorial.py took 0.129 seconds
[2024-04-27 22:40:45,319] {scheduler_job.py:182} INFO - Started process (PID=1269) to work on /home/airflow/.local/lib/python3.6/site-packages/airflow/example_dags/tutorial.py
[2024-04-27 22:40:45,322] {scheduler_job.py:629} INFO - Processing file /home/airflow/.local/lib/python3.6/site-packages/airflow/example_dags/tutorial.py for tasks to queue
[2024-04-27 22:40:45,324] {logging_mixin.py:104} INFO - [2024-04-27 22:40:45,324] {dagbag.py:451} INFO - Filling up the DagBag from /home/airflow/.local/lib/python3.6/site-packages/airflow/example_dags/tutorial.py
[2024-04-27 22:40:45,347] {scheduler_job.py:639} INFO - DAG(s) dict_keys(['tutorial']) retrieved from /home/airflow/.local/lib/python3.6/site-packages/airflow/example_dags/tutorial.py
[2024-04-27 22:40:45,389] {logging_mixin.py:104} INFO - [2024-04-27 22:40:45,389] {dag.py:1824} INFO - Sync 1 DAGs
[2024-04-27 22:40:45,417] {logging_mixin.py:104} INFO - [2024-04-27 22:40:45,417] {dag.py:2280} INFO - Setting next_dagrun for tutorial to 2024-04-25 00:00:00+00:00
[2024-04-27 22:40:45,436] {scheduler_job.py:190} INFO - Processing /home/airflow/.local/lib/python3.6/site-packages/airflow/example_dags/tutorial.py took 0.123 seconds
[2024-04-27 22:41:15,564] {scheduler_job.py:182} INFO - Started process (PID=1295) to work on /home/airflow/.local/lib/python3.6/site-packages/airflow/example_dags/tutorial.py
[2024-04-27 22:41:15,567] {scheduler_job.py:629} INFO - Processing file /home/airflow/.local/lib/python3.6/site-packages/airflow/example_dags/tutorial.py for tasks to queue
[2024-04-27 22:41:15,569] {logging_mixin.py:104} INFO - [2024-04-27 22:41:15,569] {dagbag.py:451} INFO - Filling up the DagBag from /home/airflow/.local/lib/python3.6/site-packages/airflow/example_dags/tutorial.py
[2024-04-27 22:41:15,586] {scheduler_job.py:639} INFO - DAG(s) dict_keys(['tutorial']) retrieved from /home/airflow/.local/lib/python3.6/site-packages/airflow/example_dags/tutorial.py
[2024-04-27 22:41:15,617] {logging_mixin.py:104} INFO - [2024-04-27 22:41:15,616] {dag.py:1824} INFO - Sync 1 DAGs
[2024-04-27 22:41:15,639] {logging_mixin.py:104} INFO - [2024-04-27 22:41:15,639] {dag.py:2280} INFO - Setting next_dagrun for tutorial to 2024-04-25 00:00:00+00:00
[2024-04-27 22:41:15,658] {scheduler_job.py:190} INFO - Processing /home/airflow/.local/lib/python3.6/site-packages/airflow/example_dags/tutorial.py took 0.099 seconds
[2024-04-27 22:41:45,827] {scheduler_job.py:182} INFO - Started process (PID=1319) to work on /home/airflow/.local/lib/python3.6/site-packages/airflow/example_dags/tutorial.py
[2024-04-27 22:41:45,829] {scheduler_job.py:629} INFO - Processing file /home/airflow/.local/lib/python3.6/site-packages/airflow/example_dags/tutorial.py for tasks to queue
[2024-04-27 22:41:45,831] {logging_mixin.py:104} INFO - [2024-04-27 22:41:45,831] {dagbag.py:451} INFO - Filling up the DagBag from /home/airflow/.local/lib/python3.6/site-packages/airflow/example_dags/tutorial.py
[2024-04-27 22:41:45,852] {scheduler_job.py:639} INFO - DAG(s) dict_keys(['tutorial']) retrieved from /home/airflow/.local/lib/python3.6/site-packages/airflow/example_dags/tutorial.py
[2024-04-27 22:41:45,886] {logging_mixin.py:104} INFO - [2024-04-27 22:41:45,886] {dag.py:1824} INFO - Sync 1 DAGs
[2024-04-27 22:41:45,911] {logging_mixin.py:104} INFO - [2024-04-27 22:41:45,911] {dag.py:2280} INFO - Setting next_dagrun for tutorial to 2024-04-25 00:00:00+00:00
[2024-04-27 22:41:45,930] {scheduler_job.py:190} INFO - Processing /home/airflow/.local/lib/python3.6/site-packages/airflow/example_dags/tutorial.py took 0.110 seconds
[2024-04-27 22:42:17,385] {scheduler_job.py:182} INFO - Started process (PID=1345) to work on /home/airflow/.local/lib/python3.6/site-packages/airflow/example_dags/tutorial.py
[2024-04-27 22:42:17,388] {scheduler_job.py:629} INFO - Processing file /home/airflow/.local/lib/python3.6/site-packages/airflow/example_dags/tutorial.py for tasks to queue
[2024-04-27 22:42:17,390] {logging_mixin.py:104} INFO - [2024-04-27 22:42:17,390] {dagbag.py:451} INFO - Filling up the DagBag from /home/airflow/.local/lib/python3.6/site-packages/airflow/example_dags/tutorial.py
[2024-04-27 22:42:17,412] {scheduler_job.py:639} INFO - DAG(s) dict_keys(['tutorial']) retrieved from /home/airflow/.local/lib/python3.6/site-packages/airflow/example_dags/tutorial.py
[2024-04-27 22:42:17,458] {logging_mixin.py:104} INFO - [2024-04-27 22:42:17,457] {dag.py:1824} INFO - Sync 1 DAGs
[2024-04-27 22:42:17,512] {logging_mixin.py:104} INFO - [2024-04-27 22:42:17,511] {dag.py:2280} INFO - Setting next_dagrun for tutorial to 2024-04-25 00:00:00+00:00
[2024-04-27 22:42:17,550] {scheduler_job.py:190} INFO - Processing /home/airflow/.local/lib/python3.6/site-packages/airflow/example_dags/tutorial.py took 0.171 seconds
[2024-04-27 22:42:47,705] {scheduler_job.py:182} INFO - Started process (PID=1369) to work on /home/airflow/.local/lib/python3.6/site-packages/airflow/example_dags/tutorial.py
[2024-04-27 22:42:47,708] {scheduler_job.py:629} INFO - Processing file /home/airflow/.local/lib/python3.6/site-packages/airflow/example_dags/tutorial.py for tasks to queue
[2024-04-27 22:42:47,709] {logging_mixin.py:104} INFO - [2024-04-27 22:42:47,709] {dagbag.py:451} INFO - Filling up the DagBag from /home/airflow/.local/lib/python3.6/site-packages/airflow/example_dags/tutorial.py
[2024-04-27 22:42:47,726] {scheduler_job.py:639} INFO - DAG(s) dict_keys(['tutorial']) retrieved from /home/airflow/.local/lib/python3.6/site-packages/airflow/example_dags/tutorial.py
[2024-04-27 22:42:47,759] {logging_mixin.py:104} INFO - [2024-04-27 22:42:47,759] {dag.py:1824} INFO - Sync 1 DAGs
[2024-04-27 22:42:47,783] {logging_mixin.py:104} INFO - [2024-04-27 22:42:47,783] {dag.py:2280} INFO - Setting next_dagrun for tutorial to 2024-04-25 00:00:00+00:00
[2024-04-27 22:42:47,801] {scheduler_job.py:190} INFO - Processing /home/airflow/.local/lib/python3.6/site-packages/airflow/example_dags/tutorial.py took 0.102 seconds
[2024-04-27 22:43:19,746] {scheduler_job.py:182} INFO - Started process (PID=1397) to work on /home/airflow/.local/lib/python3.6/site-packages/airflow/example_dags/tutorial.py
[2024-04-27 22:43:19,748] {scheduler_job.py:629} INFO - Processing file /home/airflow/.local/lib/python3.6/site-packages/airflow/example_dags/tutorial.py for tasks to queue
[2024-04-27 22:43:19,751] {logging_mixin.py:104} INFO - [2024-04-27 22:43:19,750] {dagbag.py:451} INFO - Filling up the DagBag from /home/airflow/.local/lib/python3.6/site-packages/airflow/example_dags/tutorial.py
[2024-04-27 22:43:19,770] {scheduler_job.py:639} INFO - DAG(s) dict_keys(['tutorial']) retrieved from /home/airflow/.local/lib/python3.6/site-packages/airflow/example_dags/tutorial.py
[2024-04-27 22:43:19,812] {logging_mixin.py:104} INFO - [2024-04-27 22:43:19,812] {dag.py:1824} INFO - Sync 1 DAGs
[2024-04-27 22:43:19,847] {logging_mixin.py:104} INFO - [2024-04-27 22:43:19,846] {dag.py:2280} INFO - Setting next_dagrun for tutorial to 2024-04-25 00:00:00+00:00
[2024-04-27 22:43:19,883] {scheduler_job.py:190} INFO - Processing /home/airflow/.local/lib/python3.6/site-packages/airflow/example_dags/tutorial.py took 0.143 seconds
