[2024-04-27 23:02:41,252] {taskinstance.py:877} INFO - Dependencies all met for <TaskInstance: hello.hello_task 2022-02-04T00:00:00+00:00 [queued]>
[2024-04-27 23:02:41,412] {taskinstance.py:877} INFO - Dependencies all met for <TaskInstance: hello.hello_task 2022-02-04T00:00:00+00:00 [queued]>
[2024-04-27 23:02:41,419] {taskinstance.py:1068} INFO - 
--------------------------------------------------------------------------------
[2024-04-27 23:02:41,420] {taskinstance.py:1069} INFO - Starting attempt 1 of 2
[2024-04-27 23:02:41,423] {taskinstance.py:1070} INFO - 
--------------------------------------------------------------------------------
[2024-04-27 23:02:41,495] {taskinstance.py:1089} INFO - Executing <Task(PythonOperator): hello_task> on 2022-02-04T00:00:00+00:00
[2024-04-27 23:02:41,533] {standard_task_runner.py:52} INFO - Started process 104 to run task
[2024-04-27 23:02:41,699] {standard_task_runner.py:76} INFO - Running: ['airflow', 'tasks', 'run', 'hello', 'hello_task', '2022-02-04T00:00:00+00:00', '--job-id', '29', '--pool', 'default_pool', '--raw', '--subdir', 'DAGS_FOLDER/hello.py', '--cfg-path', '/tmp/tmpp92bhapa', '--error-file', '/tmp/tmpr7x2lk7r']
[2024-04-27 23:02:41,711] {standard_task_runner.py:77} INFO - Job 29: Subtask hello_task
[2024-04-27 23:02:42,168] {logging_mixin.py:104} INFO - Running <TaskInstance: hello.hello_task 2022-02-04T00:00:00+00:00 [running]> on host 10d8235a57dc
[2024-04-27 23:02:42,708] {taskinstance.py:1283} INFO - Exporting the following env vars:
AIRFLOW_CTX_DAG_OWNER=airflow
AIRFLOW_CTX_DAG_ID=hello
AIRFLOW_CTX_TASK_ID=hello_task
AIRFLOW_CTX_EXECUTION_DATE=2022-02-04T00:00:00+00:00
AIRFLOW_CTX_DAG_RUN_ID=scheduled__2022-02-04T00:00:00+00:00
[2024-04-27 23:02:42,731] {python.py:118} INFO - Done. Returned value was: Hello Airflow!
[2024-04-27 23:02:42,849] {taskinstance.py:1192} INFO - Marking task as SUCCESS. dag_id=hello, task_id=hello_task, execution_date=20220204T000000, start_date=20240427T230241, end_date=20240427T230242
[2024-04-27 23:02:43,408] {taskinstance.py:1246} INFO - 0 downstream tasks scheduled from follow-on schedule check
[2024-04-27 23:02:43,606] {local_task_job.py:146} INFO - Task exited with return code 0
