[2024-04-27 22:16:40,451] {dag_processing.py:601} INFO - Processing files using up to 2 processes at a time 
[2024-04-27 22:16:40,470] {dag_processing.py:602} INFO - Process each file at most once every 30 seconds
[2024-04-27 22:16:40,487] {dag_processing.py:604} INFO - Checking for new files in /opt/airflow/dags every 300 seconds
[2024-04-27 22:16:40,489] {dag_processing.py:752} INFO - Searching for files in /opt/airflow/dags
[2024-04-27 22:16:40,524] {dag_processing.py:755} INFO - There are 26 files in /opt/airflow/dags
[2024-04-27 22:16:40,677] {dag_processing.py:1092} INFO - Finding 'running' jobs without a recent heartbeat
[2024-04-27 22:16:40,697] {dag_processing.py:1096} INFO - Failing jobs without heartbeat after 2024-04-27 22:11:40.697230+00:00
[2024-04-27 22:16:40,860] {dag_processing.py:859} INFO - 
================================================================================
DAG File Processing Stats

File Path                                                                                                           PID  Runtime      # DAGs    # Errors  Last Runtime    Last Run
----------------------------------------------------------------------------------------------------------------  -----  ---------  --------  ----------  --------------  ----------
/home/airflow/.local/lib/python3.6/site-packages/airflow/example_dags/example_subdag_operator.py                                           0           0
/home/airflow/.local/lib/python3.6/site-packages/airflow/example_dags/example_dag_decorator.py                                             0           0
/home/airflow/.local/lib/python3.6/site-packages/airflow/example_dags/example_latest_only.py                                               0           0
/home/airflow/.local/lib/python3.6/site-packages/airflow/example_dags/example_kubernetes_executor_config.py                                0           0
/home/airflow/.local/lib/python3.6/site-packages/airflow/example_dags/example_xcomargs.py                                                  0           0
/home/airflow/.local/lib/python3.6/site-packages/airflow/example_dags/example_complex.py                                                   0           0
/home/airflow/.local/lib/python3.6/site-packages/airflow/example_dags/test_utils.py                                  30  0.18s             0           0
/home/airflow/.local/lib/python3.6/site-packages/airflow/example_dags/tutorial_taskflow_api_etl.py                                         0           0
/home/airflow/.local/lib/python3.6/site-packages/airflow/example_dags/example_kubernetes_executor.py                                       0           0
/home/airflow/.local/lib/python3.6/site-packages/airflow/example_dags/example_nested_branch_dag.py                   31  0.17s             0           0
/home/airflow/.local/lib/python3.6/site-packages/airflow/example_dags/example_passing_params_via_test_command.py                           0           0
/home/airflow/.local/lib/python3.6/site-packages/airflow/example_dags/example_skip_dag.py                                                  0           0
/home/airflow/.local/lib/python3.6/site-packages/airflow/example_dags/example_trigger_target_dag.py                                        0           0
/home/airflow/.local/lib/python3.6/site-packages/airflow/example_dags/tutorial.py                                                          0           0
/home/airflow/.local/lib/python3.6/site-packages/airflow/example_dags/tutorial_etl_dag.py                                                  0           0
/home/airflow/.local/lib/python3.6/site-packages/airflow/example_dags/example_python_operator.py                                           0           0
/home/airflow/.local/lib/python3.6/site-packages/airflow/example_dags/example_branch_operator.py                                           0           0
/home/airflow/.local/lib/python3.6/site-packages/airflow/example_dags/example_branch_python_dop_operator_3.py                              0           0
/home/airflow/.local/lib/python3.6/site-packages/airflow/example_dags/example_external_task_marker_dag.py                                  0           0
/home/airflow/.local/lib/python3.6/site-packages/airflow/example_dags/example_trigger_controller_dag.py                                    0           0
/home/airflow/.local/lib/python3.6/site-packages/airflow/example_dags/example_task_group.py                                                0           0
/home/airflow/.local/lib/python3.6/site-packages/airflow/example_dags/example_latest_only_with_trigger.py                                  0           0
/home/airflow/.local/lib/python3.6/site-packages/airflow/example_dags/example_xcom.py                                                      0           0
/home/airflow/.local/lib/python3.6/site-packages/airflow/example_dags/example_short_circuit_operator.py                                    0           0
/home/airflow/.local/lib/python3.6/site-packages/airflow/example_dags/example_bash_operator.py                                             0           0
/home/airflow/.local/lib/python3.6/site-packages/airflow/example_dags/subdags/subdag.py                                                    0           0
================================================================================
[2024-04-27 22:16:51,256] {dag_processing.py:1092} INFO - Finding 'running' jobs without a recent heartbeat
[2024-04-27 22:16:51,264] {dag_processing.py:1096} INFO - Failing jobs without heartbeat after 2024-04-27 22:11:51.263892+00:00
[2024-04-27 22:17:01,312] {dag_processing.py:1092} INFO - Finding 'running' jobs without a recent heartbeat
[2024-04-27 22:17:01,315] {dag_processing.py:1096} INFO - Failing jobs without heartbeat after 2024-04-27 22:12:01.315772+00:00
[2024-04-27 22:17:11,356] {dag_processing.py:1092} INFO - Finding 'running' jobs without a recent heartbeat
[2024-04-27 22:17:11,367] {dag_processing.py:1096} INFO - Failing jobs without heartbeat after 2024-04-27 22:12:11.367761+00:00
[2024-04-27 22:17:11,450] {dag_processing.py:859} INFO - 
================================================================================
DAG File Processing Stats

File Path                                                                                                           PID  Runtime      # DAGs    # Errors  Last Runtime    Last Run
----------------------------------------------------------------------------------------------------------------  -----  ---------  --------  ----------  --------------  -------------------
/home/airflow/.local/lib/python3.6/site-packages/airflow/example_dags/subdags/subdag.py                                                    0           0  0.25s           2024-04-27T22:16:41
/home/airflow/.local/lib/python3.6/site-packages/airflow/example_dags/example_dag_decorator.py                                             1           0  0.71s           2024-04-27T22:16:42
/home/airflow/.local/lib/python3.6/site-packages/airflow/example_dags/example_latest_only.py                                               1           0  0.83s           2024-04-27T22:16:47
/home/airflow/.local/lib/python3.6/site-packages/airflow/example_dags/example_kubernetes_executor_config.py                                1           0  0.41s           2024-04-27T22:16:44
/home/airflow/.local/lib/python3.6/site-packages/airflow/example_dags/example_complex.py                                                   1           0  0.60s           2024-04-27T22:16:43
/home/airflow/.local/lib/python3.6/site-packages/airflow/example_dags/test_utils.py                                  56  0.03s             1           0  0.57s           2024-04-27T22:16:41
/home/airflow/.local/lib/python3.6/site-packages/airflow/example_dags/tutorial_taskflow_api_etl.py                                         1           0  0.98s           2024-04-27T22:16:46
/home/airflow/.local/lib/python3.6/site-packages/airflow/example_dags/example_kubernetes_executor.py                                       1           0  0.55s           2024-04-27T22:16:43
/home/airflow/.local/lib/python3.6/site-packages/airflow/example_dags/example_nested_branch_dag.py                   57  0.01s             1           0  0.59s           2024-04-27T22:16:41
/home/airflow/.local/lib/python3.6/site-packages/airflow/example_dags/example_passing_params_via_test_command.py                           1           0  0.62s           2024-04-27T22:16:45
/home/airflow/.local/lib/python3.6/site-packages/airflow/example_dags/example_skip_dag.py                                                  1           0  0.46s           2024-04-27T22:16:44
/home/airflow/.local/lib/python3.6/site-packages/airflow/example_dags/example_trigger_target_dag.py                                        1           0  0.32s           2024-04-27T22:16:48
/home/airflow/.local/lib/python3.6/site-packages/airflow/example_dags/tutorial.py                                                          1           0  0.26s           2024-04-27T22:16:48
/home/airflow/.local/lib/python3.6/site-packages/airflow/example_dags/tutorial_etl_dag.py                                                  1           0  0.50s           2024-04-27T22:16:43
/home/airflow/.local/lib/python3.6/site-packages/airflow/example_dags/example_python_operator.py                                           1           0  0.58s           2024-04-27T22:16:49
/home/airflow/.local/lib/python3.6/site-packages/airflow/example_dags/example_branch_operator.py                                           1           0  0.60s           2024-04-27T22:16:42
/home/airflow/.local/lib/python3.6/site-packages/airflow/example_dags/example_branch_python_dop_operator_3.py                              1           0  0.55s           2024-04-27T22:16:43
/home/airflow/.local/lib/python3.6/site-packages/airflow/example_dags/example_trigger_controller_dag.py                                    1           0  0.40s           2024-04-27T22:16:48
/home/airflow/.local/lib/python3.6/site-packages/airflow/example_dags/example_task_group.py                                                1           0  0.40s           2024-04-27T22:16:48
/home/airflow/.local/lib/python3.6/site-packages/airflow/example_dags/example_latest_only_with_trigger.py                                  1           0  0.56s           2024-04-27T22:16:41
/home/airflow/.local/lib/python3.6/site-packages/airflow/example_dags/example_xcom.py                                                      1           0  0.54s           2024-04-27T22:16:42
/home/airflow/.local/lib/python3.6/site-packages/airflow/example_dags/example_short_circuit_operator.py                                    1           0  0.58s           2024-04-27T22:16:49
/home/airflow/.local/lib/python3.6/site-packages/airflow/example_dags/example_bash_operator.py                                             1           0  1.65s           2024-04-27T22:16:47
/home/airflow/.local/lib/python3.6/site-packages/airflow/example_dags/example_xcomargs.py                                                  2           0  1.25s           2024-04-27T22:16:46
/home/airflow/.local/lib/python3.6/site-packages/airflow/example_dags/example_external_task_marker_dag.py                                  2           0  0.54s           2024-04-27T22:16:42
/home/airflow/.local/lib/python3.6/site-packages/airflow/example_dags/example_subdag_operator.py                                           3           0  0.48s           2024-04-27T22:16:44
================================================================================
[2024-04-27 22:17:21,704] {dag_processing.py:1092} INFO - Finding 'running' jobs without a recent heartbeat
[2024-04-27 22:17:21,707] {dag_processing.py:1096} INFO - Failing jobs without heartbeat after 2024-04-27 22:12:21.707175+00:00
[2024-04-27 22:17:31,747] {dag_processing.py:1092} INFO - Finding 'running' jobs without a recent heartbeat
[2024-04-27 22:17:31,750] {dag_processing.py:1096} INFO - Failing jobs without heartbeat after 2024-04-27 22:12:31.749972+00:00
[2024-04-27 22:17:41,773] {dag_processing.py:1092} INFO - Finding 'running' jobs without a recent heartbeat
[2024-04-27 22:17:41,776] {dag_processing.py:1096} INFO - Failing jobs without heartbeat after 2024-04-27 22:12:41.776871+00:00
[2024-04-27 22:17:41,793] {dag_processing.py:859} INFO - 
================================================================================
DAG File Processing Stats

File Path                                                                                                         PID    Runtime      # DAGs    # Errors  Last Runtime    Last Run
----------------------------------------------------------------------------------------------------------------  -----  ---------  --------  ----------  --------------  -------------------
/home/airflow/.local/lib/python3.6/site-packages/airflow/example_dags/subdags/subdag.py                                                    0           0  0.16s           2024-04-27T22:17:13
/home/airflow/.local/lib/python3.6/site-packages/airflow/example_dags/example_dag_decorator.py                                             1           0  0.80s           2024-04-27T22:17:14
/home/airflow/.local/lib/python3.6/site-packages/airflow/example_dags/example_latest_only.py                                               1           0  0.75s           2024-04-27T22:17:19
/home/airflow/.local/lib/python3.6/site-packages/airflow/example_dags/example_kubernetes_executor_config.py                                1           0  0.68s           2024-04-27T22:17:16
/home/airflow/.local/lib/python3.6/site-packages/airflow/example_dags/example_complex.py                                                   1           0  0.55s           2024-04-27T22:17:15
/home/airflow/.local/lib/python3.6/site-packages/airflow/example_dags/test_utils.py                                                        1           0  1.70s           2024-04-27T22:17:13
/home/airflow/.local/lib/python3.6/site-packages/airflow/example_dags/tutorial_taskflow_api_etl.py                                         1           0  0.46s           2024-04-27T22:17:17
/home/airflow/.local/lib/python3.6/site-packages/airflow/example_dags/example_kubernetes_executor.py                                       1           0  0.39s           2024-04-27T22:17:15
/home/airflow/.local/lib/python3.6/site-packages/airflow/example_dags/example_nested_branch_dag.py                                         1           0  1.72s           2024-04-27T22:17:13
/home/airflow/.local/lib/python3.6/site-packages/airflow/example_dags/example_passing_params_via_test_command.py                           1           0  0.40s           2024-04-27T22:17:16
/home/airflow/.local/lib/python3.6/site-packages/airflow/example_dags/example_skip_dag.py                                                  1           0  0.53s           2024-04-27T22:17:16
/home/airflow/.local/lib/python3.6/site-packages/airflow/example_dags/example_trigger_target_dag.py                                        1           0  0.50s           2024-04-27T22:17:19
/home/airflow/.local/lib/python3.6/site-packages/airflow/example_dags/tutorial.py                                                          1           0  0.36s           2024-04-27T22:17:20
/home/airflow/.local/lib/python3.6/site-packages/airflow/example_dags/tutorial_etl_dag.py                                                  1           0  0.67s           2024-04-27T22:17:15
/home/airflow/.local/lib/python3.6/site-packages/airflow/example_dags/example_python_operator.py                                           1           0  0.33s           2024-04-27T22:17:20
/home/airflow/.local/lib/python3.6/site-packages/airflow/example_dags/example_branch_operator.py                                           1           0  0.50s           2024-04-27T22:17:14
/home/airflow/.local/lib/python3.6/site-packages/airflow/example_dags/example_branch_python_dop_operator_3.py                              1           0  0.74s           2024-04-27T22:17:15
/home/airflow/.local/lib/python3.6/site-packages/airflow/example_dags/example_trigger_controller_dag.py                                    1           0  0.43s           2024-04-27T22:17:19
/home/airflow/.local/lib/python3.6/site-packages/airflow/example_dags/example_task_group.py                                                1           0  0.40s           2024-04-27T22:17:20
/home/airflow/.local/lib/python3.6/site-packages/airflow/example_dags/example_latest_only_with_trigger.py                                  1           0  0.46s           2024-04-27T22:17:14
/home/airflow/.local/lib/python3.6/site-packages/airflow/example_dags/example_xcom.py                                                      1           0  0.54s           2024-04-27T22:17:13
/home/airflow/.local/lib/python3.6/site-packages/airflow/example_dags/example_short_circuit_operator.py                                    1           0  0.44s           2024-04-27T22:17:20
/home/airflow/.local/lib/python3.6/site-packages/airflow/example_dags/example_bash_operator.py                                             1           0  0.75s           2024-04-27T22:17:19
/home/airflow/.local/lib/python3.6/site-packages/airflow/example_dags/example_xcomargs.py                                                  2           0  0.46s           2024-04-27T22:17:17
/home/airflow/.local/lib/python3.6/site-packages/airflow/example_dags/example_external_task_marker_dag.py                                  2           0  0.43s           2024-04-27T22:17:15
/home/airflow/.local/lib/python3.6/site-packages/airflow/example_dags/example_subdag_operator.py                                           3           0  0.60s           2024-04-27T22:17:16
================================================================================
[2024-04-27 22:17:52,424] {dag_processing.py:1092} INFO - Finding 'running' jobs without a recent heartbeat
[2024-04-27 22:17:52,426] {dag_processing.py:1096} INFO - Failing jobs without heartbeat after 2024-04-27 22:12:52.426924+00:00
[2024-04-27 22:18:02,465] {dag_processing.py:1092} INFO - Finding 'running' jobs without a recent heartbeat
[2024-04-27 22:18:02,468] {dag_processing.py:1096} INFO - Failing jobs without heartbeat after 2024-04-27 22:13:02.468405+00:00
[2024-04-27 22:18:12,544] {dag_processing.py:1092} INFO - Finding 'running' jobs without a recent heartbeat
[2024-04-27 22:18:12,552] {dag_processing.py:1096} INFO - Failing jobs without heartbeat after 2024-04-27 22:13:12.552220+00:00
[2024-04-27 22:18:12,563] {dag_processing.py:859} INFO - 
================================================================================
DAG File Processing Stats

File Path                                                                                                         PID    Runtime      # DAGs    # Errors  Last Runtime    Last Run
----------------------------------------------------------------------------------------------------------------  -----  ---------  --------  ----------  --------------  -------------------
/home/airflow/.local/lib/python3.6/site-packages/airflow/example_dags/subdags/subdag.py                                                    0           0  0.26s           2024-04-27T22:17:43
/home/airflow/.local/lib/python3.6/site-packages/airflow/example_dags/example_dag_decorator.py                                             1           0  0.18s           2024-04-27T22:17:45
/home/airflow/.local/lib/python3.6/site-packages/airflow/example_dags/example_latest_only.py                                               1           0  0.21s           2024-04-27T22:17:49
/home/airflow/.local/lib/python3.6/site-packages/airflow/example_dags/example_kubernetes_executor_config.py                                1           0  0.18s           2024-04-27T22:17:47
/home/airflow/.local/lib/python3.6/site-packages/airflow/example_dags/example_complex.py                                                   1           0  0.16s           2024-04-27T22:17:45
/home/airflow/.local/lib/python3.6/site-packages/airflow/example_dags/test_utils.py                                                        1           0  0.43s           2024-04-27T22:17:43
/home/airflow/.local/lib/python3.6/site-packages/airflow/example_dags/tutorial_taskflow_api_etl.py                                         1           0  0.20s           2024-04-27T22:17:47
/home/airflow/.local/lib/python3.6/site-packages/airflow/example_dags/example_kubernetes_executor.py                                       1           0  0.18s           2024-04-27T22:17:46
/home/airflow/.local/lib/python3.6/site-packages/airflow/example_dags/example_nested_branch_dag.py                                         1           0  0.23s           2024-04-27T22:17:43
/home/airflow/.local/lib/python3.6/site-packages/airflow/example_dags/example_passing_params_via_test_command.py                           1           0  0.23s           2024-04-27T22:17:47
/home/airflow/.local/lib/python3.6/site-packages/airflow/example_dags/example_skip_dag.py                                                  1           0  0.19s           2024-04-27T22:17:47
/home/airflow/.local/lib/python3.6/site-packages/airflow/example_dags/example_trigger_target_dag.py                                        1           0  0.21s           2024-04-27T22:17:50
/home/airflow/.local/lib/python3.6/site-packages/airflow/example_dags/tutorial.py                                                          1           0  0.21s           2024-04-27T22:17:51
/home/airflow/.local/lib/python3.6/site-packages/airflow/example_dags/tutorial_etl_dag.py                                                  1           0  0.15s           2024-04-27T22:17:45
/home/airflow/.local/lib/python3.6/site-packages/airflow/example_dags/example_python_operator.py                                           1           0  0.21s           2024-04-27T22:17:51
/home/airflow/.local/lib/python3.6/site-packages/airflow/example_dags/example_branch_operator.py                                           1           0  0.19s           2024-04-27T22:17:45
/home/airflow/.local/lib/python3.6/site-packages/airflow/example_dags/example_branch_python_dop_operator_3.py                              1           0  0.21s           2024-04-27T22:17:45
/home/airflow/.local/lib/python3.6/site-packages/airflow/example_dags/example_trigger_controller_dag.py                                    1           0  0.17s           2024-04-27T22:17:50
/home/airflow/.local/lib/python3.6/site-packages/airflow/example_dags/example_task_group.py                                                1           0  0.18s           2024-04-27T22:17:50
/home/airflow/.local/lib/python3.6/site-packages/airflow/example_dags/example_latest_only_with_trigger.py                                  1           0  0.16s           2024-04-27T22:17:45
/home/airflow/.local/lib/python3.6/site-packages/airflow/example_dags/example_xcom.py                                                      1           0  0.16s           2024-04-27T22:17:43
/home/airflow/.local/lib/python3.6/site-packages/airflow/example_dags/example_short_circuit_operator.py                                    1           0  0.21s           2024-04-27T22:17:51
/home/airflow/.local/lib/python3.6/site-packages/airflow/example_dags/example_bash_operator.py                                             1           0  0.23s           2024-04-27T22:17:49
/home/airflow/.local/lib/python3.6/site-packages/airflow/example_dags/example_xcomargs.py                                                  2           0  0.19s           2024-04-27T22:17:47
/home/airflow/.local/lib/python3.6/site-packages/airflow/example_dags/example_external_task_marker_dag.py                                  2           0  0.24s           2024-04-27T22:17:46
/home/airflow/.local/lib/python3.6/site-packages/airflow/example_dags/example_subdag_operator.py                                           3           0  0.23s           2024-04-27T22:17:47
================================================================================
[2024-04-27 22:18:22,923] {dag_processing.py:1092} INFO - Finding 'running' jobs without a recent heartbeat
[2024-04-27 22:18:22,926] {dag_processing.py:1096} INFO - Failing jobs without heartbeat after 2024-04-27 22:13:22.926421+00:00
[2024-04-27 22:18:32,960] {dag_processing.py:1092} INFO - Finding 'running' jobs without a recent heartbeat
[2024-04-27 22:18:32,963] {dag_processing.py:1096} INFO - Failing jobs without heartbeat after 2024-04-27 22:13:32.963725+00:00
[2024-04-27 22:18:42,997] {dag_processing.py:1092} INFO - Finding 'running' jobs without a recent heartbeat
[2024-04-27 22:18:43,006] {dag_processing.py:1096} INFO - Failing jobs without heartbeat after 2024-04-27 22:13:43.006652+00:00
[2024-04-27 22:18:43,017] {dag_processing.py:859} INFO - 
================================================================================
DAG File Processing Stats

File Path                                                                                                         PID    Runtime      # DAGs    # Errors  Last Runtime    Last Run
----------------------------------------------------------------------------------------------------------------  -----  ---------  --------  ----------  --------------  -------------------
/home/airflow/.local/lib/python3.6/site-packages/airflow/example_dags/subdags/subdag.py                                                    0           0  0.16s           2024-04-27T22:18:13
/home/airflow/.local/lib/python3.6/site-packages/airflow/example_dags/example_dag_decorator.py                                             1           0  0.22s           2024-04-27T22:18:16
/home/airflow/.local/lib/python3.6/site-packages/airflow/example_dags/example_latest_only.py                                               1           0  0.21s           2024-04-27T22:18:20
/home/airflow/.local/lib/python3.6/site-packages/airflow/example_dags/example_kubernetes_executor_config.py                                1           0  0.21s           2024-04-27T22:18:18
/home/airflow/.local/lib/python3.6/site-packages/airflow/example_dags/example_complex.py                                                   1           0  0.20s           2024-04-27T22:18:16
/home/airflow/.local/lib/python3.6/site-packages/airflow/example_dags/test_utils.py                                                        1           0  0.18s           2024-04-27T22:18:14
/home/airflow/.local/lib/python3.6/site-packages/airflow/example_dags/tutorial_taskflow_api_etl.py                                         1           0  0.20s           2024-04-27T22:18:18
/home/airflow/.local/lib/python3.6/site-packages/airflow/example_dags/example_kubernetes_executor.py                                       1           0  0.21s           2024-04-27T22:18:16
/home/airflow/.local/lib/python3.6/site-packages/airflow/example_dags/example_nested_branch_dag.py                                         1           0  0.15s           2024-04-27T22:18:15
/home/airflow/.local/lib/python3.6/site-packages/airflow/example_dags/example_passing_params_via_test_command.py                           1           0  0.22s           2024-04-27T22:18:18
/home/airflow/.local/lib/python3.6/site-packages/airflow/example_dags/example_skip_dag.py                                                  1           0  0.19s           2024-04-27T22:18:17
/home/airflow/.local/lib/python3.6/site-packages/airflow/example_dags/example_trigger_target_dag.py                                        1           0  0.19s           2024-04-27T22:18:20
/home/airflow/.local/lib/python3.6/site-packages/airflow/example_dags/tutorial.py                                                          1           0  0.17s           2024-04-27T22:18:21
/home/airflow/.local/lib/python3.6/site-packages/airflow/example_dags/tutorial_etl_dag.py                                                  1           0  0.17s           2024-04-27T22:18:16
/home/airflow/.local/lib/python3.6/site-packages/airflow/example_dags/example_python_operator.py                                           1           0  0.18s           2024-04-27T22:18:21
/home/airflow/.local/lib/python3.6/site-packages/airflow/example_dags/example_branch_operator.py                                           1           0  0.19s           2024-04-27T22:18:16
/home/airflow/.local/lib/python3.6/site-packages/airflow/example_dags/example_branch_python_dop_operator_3.py                              1           0  0.20s           2024-04-27T22:18:16
/home/airflow/.local/lib/python3.6/site-packages/airflow/example_dags/example_trigger_controller_dag.py                                    1           0  0.20s           2024-04-27T22:18:20
/home/airflow/.local/lib/python3.6/site-packages/airflow/example_dags/example_task_group.py                                                1           0  0.22s           2024-04-27T22:18:20
/home/airflow/.local/lib/python3.6/site-packages/airflow/example_dags/example_latest_only_with_trigger.py                                  1           0  0.17s           2024-04-27T22:18:16
/home/airflow/.local/lib/python3.6/site-packages/airflow/example_dags/example_xcom.py                                                      1           0  0.18s           2024-04-27T22:18:14
/home/airflow/.local/lib/python3.6/site-packages/airflow/example_dags/example_short_circuit_operator.py                                    1           0  0.18s           2024-04-27T22:18:22
/home/airflow/.local/lib/python3.6/site-packages/airflow/example_dags/example_bash_operator.py                                             1           0  0.23s           2024-04-27T22:18:20
/home/airflow/.local/lib/python3.6/site-packages/airflow/example_dags/example_xcomargs.py                                                  2           0  0.20s           2024-04-27T22:18:18
/home/airflow/.local/lib/python3.6/site-packages/airflow/example_dags/example_external_task_marker_dag.py                                  2           0  0.20s           2024-04-27T22:18:16
/home/airflow/.local/lib/python3.6/site-packages/airflow/example_dags/example_subdag_operator.py                                           3           0  0.25s           2024-04-27T22:18:17
================================================================================
[2024-04-27 22:18:53,285] {dag_processing.py:1092} INFO - Finding 'running' jobs without a recent heartbeat
[2024-04-27 22:18:53,287] {dag_processing.py:1096} INFO - Failing jobs without heartbeat after 2024-04-27 22:13:53.287219+00:00
[2024-04-27 22:19:03,317] {dag_processing.py:1092} INFO - Finding 'running' jobs without a recent heartbeat
[2024-04-27 22:19:03,321] {dag_processing.py:1096} INFO - Failing jobs without heartbeat after 2024-04-27 22:14:03.320947+00:00
[2024-04-27 22:19:13,356] {dag_processing.py:1092} INFO - Finding 'running' jobs without a recent heartbeat
[2024-04-27 22:19:13,367] {dag_processing.py:1096} INFO - Failing jobs without heartbeat after 2024-04-27 22:14:13.367762+00:00
[2024-04-27 22:19:13,377] {dag_processing.py:859} INFO - 
================================================================================
DAG File Processing Stats

File Path                                                                                                         PID    Runtime      # DAGs    # Errors  Last Runtime    Last Run
----------------------------------------------------------------------------------------------------------------  -----  ---------  --------  ----------  --------------  -------------------
/home/airflow/.local/lib/python3.6/site-packages/airflow/example_dags/subdags/subdag.py                                                    0           0  0.08s           2024-04-27T22:18:44
/home/airflow/.local/lib/python3.6/site-packages/airflow/example_dags/example_dag_decorator.py                                             1           0  0.17s           2024-04-27T22:18:46
/home/airflow/.local/lib/python3.6/site-packages/airflow/example_dags/example_latest_only.py                                               1           0  0.15s           2024-04-27T22:18:50
/home/airflow/.local/lib/python3.6/site-packages/airflow/example_dags/example_kubernetes_executor_config.py                                1           0  0.23s           2024-04-27T22:18:48
/home/airflow/.local/lib/python3.6/site-packages/airflow/example_dags/example_complex.py                                                   1           0  0.19s           2024-04-27T22:18:46
/home/airflow/.local/lib/python3.6/site-packages/airflow/example_dags/test_utils.py                                                        1           0  0.16s           2024-04-27T22:18:45
/home/airflow/.local/lib/python3.6/site-packages/airflow/example_dags/tutorial_taskflow_api_etl.py                                         1           0  0.17s           2024-04-27T22:18:48
/home/airflow/.local/lib/python3.6/site-packages/airflow/example_dags/example_kubernetes_executor.py                                       1           0  0.15s           2024-04-27T22:18:46
/home/airflow/.local/lib/python3.6/site-packages/airflow/example_dags/example_nested_branch_dag.py                                         1           0  0.15s           2024-04-27T22:18:45
/home/airflow/.local/lib/python3.6/site-packages/airflow/example_dags/example_passing_params_via_test_command.py                           1           0  0.21s           2024-04-27T22:18:48
/home/airflow/.local/lib/python3.6/site-packages/airflow/example_dags/example_skip_dag.py                                                  1           0  0.13s           2024-04-27T22:18:48
/home/airflow/.local/lib/python3.6/site-packages/airflow/example_dags/example_trigger_target_dag.py                                        1           0  0.22s           2024-04-27T22:18:51
/home/airflow/.local/lib/python3.6/site-packages/airflow/example_dags/tutorial.py                                                          1           0  0.22s           2024-04-27T22:18:52
/home/airflow/.local/lib/python3.6/site-packages/airflow/example_dags/tutorial_etl_dag.py                                                  1           0  0.17s           2024-04-27T22:18:46
/home/airflow/.local/lib/python3.6/site-packages/airflow/example_dags/example_python_operator.py                                           1           0  0.24s           2024-04-27T22:18:52
/home/airflow/.local/lib/python3.6/site-packages/airflow/example_dags/example_branch_operator.py                                           1           0  0.16s           2024-04-27T22:18:46
/home/airflow/.local/lib/python3.6/site-packages/airflow/example_dags/example_branch_python_dop_operator_3.py                              1           0  0.17s           2024-04-27T22:18:46
/home/airflow/.local/lib/python3.6/site-packages/airflow/example_dags/example_trigger_controller_dag.py                                    1           0  0.21s           2024-04-27T22:18:51
/home/airflow/.local/lib/python3.6/site-packages/airflow/example_dags/example_task_group.py                                                1           0  0.15s           2024-04-27T22:18:51
/home/airflow/.local/lib/python3.6/site-packages/airflow/example_dags/example_latest_only_with_trigger.py                                  1           0  0.17s           2024-04-27T22:18:46
/home/airflow/.local/lib/python3.6/site-packages/airflow/example_dags/example_xcom.py                                                      1           0  0.16s           2024-04-27T22:18:45
/home/airflow/.local/lib/python3.6/site-packages/airflow/example_dags/example_short_circuit_operator.py                                    1           0  0.18s           2024-04-27T22:18:52
/home/airflow/.local/lib/python3.6/site-packages/airflow/example_dags/example_bash_operator.py                                             1           0  0.18s           2024-04-27T22:18:50
/home/airflow/.local/lib/python3.6/site-packages/airflow/example_dags/example_xcomargs.py                                                  2           0  0.25s           2024-04-27T22:18:48
/home/airflow/.local/lib/python3.6/site-packages/airflow/example_dags/example_external_task_marker_dag.py                                  2           0  0.16s           2024-04-27T22:18:47
/home/airflow/.local/lib/python3.6/site-packages/airflow/example_dags/example_subdag_operator.py                                           3           0  0.19s           2024-04-27T22:18:48
================================================================================
[2024-04-27 22:19:23,562] {dag_processing.py:1092} INFO - Finding 'running' jobs without a recent heartbeat
[2024-04-27 22:19:23,564] {dag_processing.py:1096} INFO - Failing jobs without heartbeat after 2024-04-27 22:14:23.564437+00:00
[2024-04-27 22:19:33,595] {dag_processing.py:1092} INFO - Finding 'running' jobs without a recent heartbeat
[2024-04-27 22:19:33,598] {dag_processing.py:1096} INFO - Failing jobs without heartbeat after 2024-04-27 22:14:33.598046+00:00
[2024-04-27 22:19:43,629] {dag_processing.py:1092} INFO - Finding 'running' jobs without a recent heartbeat
[2024-04-27 22:19:43,642] {dag_processing.py:1096} INFO - Failing jobs without heartbeat after 2024-04-27 22:14:43.642400+00:00
[2024-04-27 22:19:43,655] {dag_processing.py:859} INFO - 
================================================================================
DAG File Processing Stats

File Path                                                                                                         PID    Runtime      # DAGs    # Errors  Last Runtime    Last Run
----------------------------------------------------------------------------------------------------------------  -----  ---------  --------  ----------  --------------  -------------------
/home/airflow/.local/lib/python3.6/site-packages/airflow/example_dags/subdags/subdag.py                                                    0           0  0.07s           2024-04-27T22:19:14
/home/airflow/.local/lib/python3.6/site-packages/airflow/example_dags/example_dag_decorator.py                                             1           0  0.18s           2024-04-27T22:19:17
/home/airflow/.local/lib/python3.6/site-packages/airflow/example_dags/example_latest_only.py                                               1           0  0.16s           2024-04-27T22:19:21
/home/airflow/.local/lib/python3.6/site-packages/airflow/example_dags/example_kubernetes_executor_config.py                                1           0  0.18s           2024-04-27T22:19:18
/home/airflow/.local/lib/python3.6/site-packages/airflow/example_dags/example_complex.py                                                   1           0  0.21s           2024-04-27T22:19:17
/home/airflow/.local/lib/python3.6/site-packages/airflow/example_dags/test_utils.py                                                        1           0  0.15s           2024-04-27T22:19:15
/home/airflow/.local/lib/python3.6/site-packages/airflow/example_dags/tutorial_taskflow_api_etl.py                                         1           0  0.18s           2024-04-27T22:19:18
/home/airflow/.local/lib/python3.6/site-packages/airflow/example_dags/example_kubernetes_executor.py                                       1           0  0.16s           2024-04-27T22:19:17
/home/airflow/.local/lib/python3.6/site-packages/airflow/example_dags/example_nested_branch_dag.py                                         1           0  0.21s           2024-04-27T22:19:15
/home/airflow/.local/lib/python3.6/site-packages/airflow/example_dags/example_passing_params_via_test_command.py                           1           0  0.21s           2024-04-27T22:19:18
/home/airflow/.local/lib/python3.6/site-packages/airflow/example_dags/example_skip_dag.py                                                  1           0  0.17s           2024-04-27T22:19:18
/home/airflow/.local/lib/python3.6/site-packages/airflow/example_dags/example_trigger_target_dag.py                                        1           0  0.16s           2024-04-27T22:19:21
/home/airflow/.local/lib/python3.6/site-packages/airflow/example_dags/tutorial.py                                                          1           0  0.12s           2024-04-27T22:19:22
/home/airflow/.local/lib/python3.6/site-packages/airflow/example_dags/tutorial_etl_dag.py                                                  1           0  0.18s           2024-04-27T22:19:16
/home/airflow/.local/lib/python3.6/site-packages/airflow/example_dags/example_python_operator.py                                           1           0  0.15s           2024-04-27T22:19:22
/home/airflow/.local/lib/python3.6/site-packages/airflow/example_dags/example_branch_operator.py                                           1           0  0.19s           2024-04-27T22:19:16
/home/airflow/.local/lib/python3.6/site-packages/airflow/example_dags/example_branch_python_dop_operator_3.py                              1           0  0.20s           2024-04-27T22:19:16
/home/airflow/.local/lib/python3.6/site-packages/airflow/example_dags/example_trigger_controller_dag.py                                    1           0  0.16s           2024-04-27T22:19:21
/home/airflow/.local/lib/python3.6/site-packages/airflow/example_dags/example_task_group.py                                                1           0  0.15s           2024-04-27T22:19:21
/home/airflow/.local/lib/python3.6/site-packages/airflow/example_dags/example_latest_only_with_trigger.py                                  1           0  0.18s           2024-04-27T22:19:16
/home/airflow/.local/lib/python3.6/site-packages/airflow/example_dags/example_xcom.py                                                      1           0  0.18s           2024-04-27T22:19:15
/home/airflow/.local/lib/python3.6/site-packages/airflow/example_dags/example_short_circuit_operator.py                                    1           0  0.15s           2024-04-27T22:19:22
/home/airflow/.local/lib/python3.6/site-packages/airflow/example_dags/example_bash_operator.py                                             1           0  0.18s           2024-04-27T22:19:21
/home/airflow/.local/lib/python3.6/site-packages/airflow/example_dags/example_xcomargs.py                                                  2           0  0.20s           2024-04-27T22:19:18
/home/airflow/.local/lib/python3.6/site-packages/airflow/example_dags/example_external_task_marker_dag.py                                  2           0  0.24s           2024-04-27T22:19:17
/home/airflow/.local/lib/python3.6/site-packages/airflow/example_dags/example_subdag_operator.py                                           3           0  0.24s           2024-04-27T22:19:18
================================================================================
[2024-04-27 22:19:54,376] {dag_processing.py:1092} INFO - Finding 'running' jobs without a recent heartbeat
[2024-04-27 22:19:54,379] {dag_processing.py:1096} INFO - Failing jobs without heartbeat after 2024-04-27 22:14:54.379247+00:00
