[2024-04-27 23:13:38,739] {scheduler_job.py:182} INFO - Started process (PID=278) to work on /opt/airflow/dags/helloAgain.py
[2024-04-27 23:13:38,743] {scheduler_job.py:629} INFO - Processing file /opt/airflow/dags/helloAgain.py for tasks to queue
[2024-04-27 23:13:38,753] {logging_mixin.py:104} INFO - [2024-04-27 23:13:38,751] {dagbag.py:451} INFO - Filling up the DagBag from /opt/airflow/dags/helloAgain.py
[2024-04-27 23:13:38,994] {scheduler_job.py:639} INFO - DAG(s) dict_keys(['example_one_time_dag']) retrieved from /opt/airflow/dags/helloAgain.py
[2024-04-27 23:13:39,123] {logging_mixin.py:104} INFO - [2024-04-27 23:13:39,122] {dag.py:1824} INFO - Sync 1 DAGs
[2024-04-27 23:13:39,151] {logging_mixin.py:104} INFO - [2024-04-27 23:13:39,151] {dag.py:1843} INFO - Creating ORM DAG for example_one_time_dag
[2024-04-27 23:13:39,170] {logging_mixin.py:104} INFO - [2024-04-27 23:13:39,170] {dag.py:2280} INFO - Setting next_dagrun for example_one_time_dag to None
[2024-04-27 23:13:39,223] {scheduler_job.py:190} INFO - Processing /opt/airflow/dags/helloAgain.py took 0.504 seconds
[2024-04-27 23:14:09,691] {scheduler_job.py:182} INFO - Started process (PID=305) to work on /opt/airflow/dags/helloAgain.py
[2024-04-27 23:14:09,698] {scheduler_job.py:629} INFO - Processing file /opt/airflow/dags/helloAgain.py for tasks to queue
[2024-04-27 23:14:09,701] {logging_mixin.py:104} INFO - [2024-04-27 23:14:09,700] {dagbag.py:451} INFO - Filling up the DagBag from /opt/airflow/dags/helloAgain.py
[2024-04-27 23:14:09,859] {scheduler_job.py:639} INFO - DAG(s) dict_keys(['example_one_time_dag']) retrieved from /opt/airflow/dags/helloAgain.py
[2024-04-27 23:14:09,945] {logging_mixin.py:104} INFO - [2024-04-27 23:14:09,945] {dag.py:1824} INFO - Sync 1 DAGs
[2024-04-27 23:14:09,991] {logging_mixin.py:104} INFO - [2024-04-27 23:14:09,991] {dag.py:2280} INFO - Setting next_dagrun for example_one_time_dag to None
[2024-04-27 23:14:10,014] {scheduler_job.py:190} INFO - Processing /opt/airflow/dags/helloAgain.py took 0.342 seconds
[2024-04-27 23:14:41,414] {scheduler_job.py:182} INFO - Started process (PID=335) to work on /opt/airflow/dags/helloAgain.py
[2024-04-27 23:14:41,417] {scheduler_job.py:629} INFO - Processing file /opt/airflow/dags/helloAgain.py for tasks to queue
[2024-04-27 23:14:41,419] {logging_mixin.py:104} INFO - [2024-04-27 23:14:41,419] {dagbag.py:451} INFO - Filling up the DagBag from /opt/airflow/dags/helloAgain.py
[2024-04-27 23:14:41,471] {scheduler_job.py:639} INFO - DAG(s) dict_keys(['example_one_time_dag']) retrieved from /opt/airflow/dags/helloAgain.py
[2024-04-27 23:14:41,504] {logging_mixin.py:104} INFO - [2024-04-27 23:14:41,504] {dag.py:1824} INFO - Sync 1 DAGs
[2024-04-27 23:14:41,523] {logging_mixin.py:104} INFO - [2024-04-27 23:14:41,522] {dag.py:2280} INFO - Setting next_dagrun for example_one_time_dag to None
[2024-04-27 23:14:41,537] {scheduler_job.py:190} INFO - Processing /opt/airflow/dags/helloAgain.py took 0.128 seconds
[2024-04-27 23:15:12,061] {scheduler_job.py:182} INFO - Started process (PID=362) to work on /opt/airflow/dags/helloAgain.py
[2024-04-27 23:15:12,068] {scheduler_job.py:629} INFO - Processing file /opt/airflow/dags/helloAgain.py for tasks to queue
[2024-04-27 23:15:12,070] {logging_mixin.py:104} INFO - [2024-04-27 23:15:12,070] {dagbag.py:451} INFO - Filling up the DagBag from /opt/airflow/dags/helloAgain.py
[2024-04-27 23:15:12,177] {scheduler_job.py:639} INFO - DAG(s) dict_keys(['example_one_time_dag']) retrieved from /opt/airflow/dags/helloAgain.py
[2024-04-27 23:15:12,250] {logging_mixin.py:104} INFO - [2024-04-27 23:15:12,250] {dag.py:1824} INFO - Sync 1 DAGs
[2024-04-27 23:15:12,278] {logging_mixin.py:104} INFO - [2024-04-27 23:15:12,278] {dag.py:2280} INFO - Setting next_dagrun for example_one_time_dag to None
[2024-04-27 23:15:12,312] {scheduler_job.py:190} INFO - Processing /opt/airflow/dags/helloAgain.py took 0.262 seconds
[2024-04-27 23:15:42,935] {scheduler_job.py:182} INFO - Started process (PID=391) to work on /opt/airflow/dags/helloAgain.py
[2024-04-27 23:15:42,938] {scheduler_job.py:629} INFO - Processing file /opt/airflow/dags/helloAgain.py for tasks to queue
[2024-04-27 23:15:42,944] {logging_mixin.py:104} INFO - [2024-04-27 23:15:42,943] {dagbag.py:451} INFO - Filling up the DagBag from /opt/airflow/dags/helloAgain.py
[2024-04-27 23:15:43,026] {scheduler_job.py:639} INFO - DAG(s) dict_keys(['example_one_time_dag']) retrieved from /opt/airflow/dags/helloAgain.py
[2024-04-27 23:15:43,068] {logging_mixin.py:104} INFO - [2024-04-27 23:15:43,068] {dag.py:1824} INFO - Sync 1 DAGs
[2024-04-27 23:15:43,095] {logging_mixin.py:104} INFO - [2024-04-27 23:15:43,094] {dag.py:2280} INFO - Setting next_dagrun for example_one_time_dag to None
[2024-04-27 23:15:43,110] {scheduler_job.py:190} INFO - Processing /opt/airflow/dags/helloAgain.py took 0.183 seconds
[2024-04-27 23:16:13,399] {scheduler_job.py:182} INFO - Started process (PID=415) to work on /opt/airflow/dags/helloAgain.py
[2024-04-27 23:16:13,405] {scheduler_job.py:629} INFO - Processing file /opt/airflow/dags/helloAgain.py for tasks to queue
[2024-04-27 23:16:13,411] {logging_mixin.py:104} INFO - [2024-04-27 23:16:13,411] {dagbag.py:451} INFO - Filling up the DagBag from /opt/airflow/dags/helloAgain.py
[2024-04-27 23:16:13,489] {scheduler_job.py:639} INFO - DAG(s) dict_keys(['example_one_time_dag']) retrieved from /opt/airflow/dags/helloAgain.py
[2024-04-27 23:16:13,532] {logging_mixin.py:104} INFO - [2024-04-27 23:16:13,531] {dag.py:1824} INFO - Sync 1 DAGs
[2024-04-27 23:16:13,555] {logging_mixin.py:104} INFO - [2024-04-27 23:16:13,555] {dag.py:2280} INFO - Setting next_dagrun for example_one_time_dag to None
[2024-04-27 23:16:13,577] {scheduler_job.py:190} INFO - Processing /opt/airflow/dags/helloAgain.py took 0.186 seconds
[2024-04-27 23:16:44,311] {scheduler_job.py:182} INFO - Started process (PID=440) to work on /opt/airflow/dags/helloAgain.py
[2024-04-27 23:16:44,321] {scheduler_job.py:629} INFO - Processing file /opt/airflow/dags/helloAgain.py for tasks to queue
[2024-04-27 23:16:44,328] {logging_mixin.py:104} INFO - [2024-04-27 23:16:44,328] {dagbag.py:451} INFO - Filling up the DagBag from /opt/airflow/dags/helloAgain.py
[2024-04-27 23:16:44,630] {scheduler_job.py:639} INFO - DAG(s) dict_keys(['exampleSimon']) retrieved from /opt/airflow/dags/helloAgain.py
[2024-04-27 23:16:44,726] {logging_mixin.py:104} INFO - [2024-04-27 23:16:44,726] {dag.py:1824} INFO - Sync 1 DAGs
[2024-04-27 23:16:44,746] {logging_mixin.py:104} INFO - [2024-04-27 23:16:44,745] {dag.py:1843} INFO - Creating ORM DAG for exampleSimon
[2024-04-27 23:16:44,771] {logging_mixin.py:104} INFO - [2024-04-27 23:16:44,770] {dag.py:2280} INFO - Setting next_dagrun for exampleSimon to 2024-04-25 00:00:00+00:00
[2024-04-27 23:16:44,815] {scheduler_job.py:190} INFO - Processing /opt/airflow/dags/helloAgain.py took 0.513 seconds
[2024-04-27 23:17:15,753] {scheduler_job.py:182} INFO - Started process (PID=467) to work on /opt/airflow/dags/helloAgain.py
[2024-04-27 23:17:15,760] {scheduler_job.py:629} INFO - Processing file /opt/airflow/dags/helloAgain.py for tasks to queue
[2024-04-27 23:17:15,763] {logging_mixin.py:104} INFO - [2024-04-27 23:17:15,762] {dagbag.py:451} INFO - Filling up the DagBag from /opt/airflow/dags/helloAgain.py
[2024-04-27 23:17:15,860] {scheduler_job.py:639} INFO - DAG(s) dict_keys(['exampleSimon']) retrieved from /opt/airflow/dags/helloAgain.py
[2024-04-27 23:17:15,912] {logging_mixin.py:104} INFO - [2024-04-27 23:17:15,911] {dag.py:1824} INFO - Sync 1 DAGs
[2024-04-27 23:17:15,954] {logging_mixin.py:104} INFO - [2024-04-27 23:17:15,954] {dag.py:2280} INFO - Setting next_dagrun for exampleSimon to 2024-04-25 00:00:00+00:00
[2024-04-27 23:17:16,006] {scheduler_job.py:190} INFO - Processing /opt/airflow/dags/helloAgain.py took 0.267 seconds
[2024-04-27 23:18:27,145] {scheduler_job.py:182} INFO - Started process (PID=506) to work on /opt/airflow/dags/helloAgain.py
[2024-04-27 23:18:27,152] {scheduler_job.py:629} INFO - Processing file /opt/airflow/dags/helloAgain.py for tasks to queue
[2024-04-27 23:18:27,156] {logging_mixin.py:104} INFO - [2024-04-27 23:18:27,155] {dagbag.py:451} INFO - Filling up the DagBag from /opt/airflow/dags/helloAgain.py
[2024-04-27 23:18:27,388] {scheduler_job.py:639} INFO - DAG(s) dict_keys(['exampleSimon']) retrieved from /opt/airflow/dags/helloAgain.py
[2024-04-27 23:19:52,281] {scheduler_job.py:182} INFO - Started process (PID=511) to work on /opt/airflow/dags/helloAgain.py
[2024-04-27 23:19:52,285] {scheduler_job.py:629} INFO - Processing file /opt/airflow/dags/helloAgain.py for tasks to queue
[2024-04-27 23:19:52,291] {logging_mixin.py:104} INFO - [2024-04-27 23:19:52,290] {dagbag.py:451} INFO - Filling up the DagBag from /opt/airflow/dags/helloAgain.py
[2024-04-27 23:19:52,363] {scheduler_job.py:639} INFO - DAG(s) dict_keys(['exampleSimon']) retrieved from /opt/airflow/dags/helloAgain.py
[2024-04-27 23:19:52,417] {logging_mixin.py:104} INFO - [2024-04-27 23:19:52,416] {dag.py:1824} INFO - Sync 1 DAGs
[2024-04-27 23:19:52,470] {logging_mixin.py:104} INFO - [2024-04-27 23:19:52,470] {dag.py:2280} INFO - Setting next_dagrun for exampleSimon to 2024-04-27 00:00:00+00:00
[2024-04-27 23:19:52,505] {scheduler_job.py:190} INFO - Processing /opt/airflow/dags/helloAgain.py took 0.232 seconds
[2024-04-27 23:20:22,593] {scheduler_job.py:182} INFO - Started process (PID=538) to work on /opt/airflow/dags/helloAgain.py
[2024-04-27 23:20:22,596] {scheduler_job.py:629} INFO - Processing file /opt/airflow/dags/helloAgain.py for tasks to queue
[2024-04-27 23:20:22,598] {logging_mixin.py:104} INFO - [2024-04-27 23:20:22,598] {dagbag.py:451} INFO - Filling up the DagBag from /opt/airflow/dags/helloAgain.py
[2024-04-27 23:20:22,691] {scheduler_job.py:639} INFO - DAG(s) dict_keys(['exampleSimon']) retrieved from /opt/airflow/dags/helloAgain.py
[2024-04-27 23:20:22,816] {logging_mixin.py:104} INFO - [2024-04-27 23:20:22,816] {dag.py:1824} INFO - Sync 1 DAGs
[2024-04-27 23:20:22,920] {logging_mixin.py:104} INFO - [2024-04-27 23:20:22,919] {dag.py:2280} INFO - Setting next_dagrun for exampleSimon to 2024-04-27 00:00:00+00:00
[2024-04-27 23:20:22,977] {scheduler_job.py:190} INFO - Processing /opt/airflow/dags/helloAgain.py took 0.393 seconds
[2024-04-27 23:20:53,810] {scheduler_job.py:182} INFO - Started process (PID=565) to work on /opt/airflow/dags/helloAgain.py
[2024-04-27 23:20:53,812] {scheduler_job.py:629} INFO - Processing file /opt/airflow/dags/helloAgain.py for tasks to queue
[2024-04-27 23:20:53,814] {logging_mixin.py:104} INFO - [2024-04-27 23:20:53,814] {dagbag.py:451} INFO - Filling up the DagBag from /opt/airflow/dags/helloAgain.py
[2024-04-27 23:20:53,852] {scheduler_job.py:639} INFO - DAG(s) dict_keys(['exampleSimon']) retrieved from /opt/airflow/dags/helloAgain.py
[2024-04-27 23:20:53,888] {logging_mixin.py:104} INFO - [2024-04-27 23:20:53,887] {dag.py:1824} INFO - Sync 1 DAGs
[2024-04-27 23:20:53,915] {logging_mixin.py:104} INFO - [2024-04-27 23:20:53,915] {dag.py:2280} INFO - Setting next_dagrun for exampleSimon to 2024-04-27 00:00:00+00:00
[2024-04-27 23:20:53,943] {scheduler_job.py:190} INFO - Processing /opt/airflow/dags/helloAgain.py took 0.137 seconds
[2024-04-27 23:21:24,337] {scheduler_job.py:182} INFO - Started process (PID=593) to work on /opt/airflow/dags/helloAgain.py
[2024-04-27 23:21:24,341] {scheduler_job.py:629} INFO - Processing file /opt/airflow/dags/helloAgain.py for tasks to queue
[2024-04-27 23:21:24,343] {logging_mixin.py:104} INFO - [2024-04-27 23:21:24,342] {dagbag.py:451} INFO - Filling up the DagBag from /opt/airflow/dags/helloAgain.py
[2024-04-27 23:21:24,381] {scheduler_job.py:639} INFO - DAG(s) dict_keys(['exampleSimon']) retrieved from /opt/airflow/dags/helloAgain.py
[2024-04-27 23:21:24,439] {logging_mixin.py:104} INFO - [2024-04-27 23:21:24,439] {dag.py:1824} INFO - Sync 1 DAGs
[2024-04-27 23:21:24,461] {logging_mixin.py:104} INFO - [2024-04-27 23:21:24,461] {dag.py:2280} INFO - Setting next_dagrun for exampleSimon to 2024-04-27 00:00:00+00:00
[2024-04-27 23:21:24,477] {scheduler_job.py:190} INFO - Processing /opt/airflow/dags/helloAgain.py took 0.144 seconds
[2024-04-27 23:21:54,935] {scheduler_job.py:182} INFO - Started process (PID=620) to work on /opt/airflow/dags/helloAgain.py
[2024-04-27 23:21:54,938] {scheduler_job.py:629} INFO - Processing file /opt/airflow/dags/helloAgain.py for tasks to queue
[2024-04-27 23:21:54,940] {logging_mixin.py:104} INFO - [2024-04-27 23:21:54,940] {dagbag.py:451} INFO - Filling up the DagBag from /opt/airflow/dags/helloAgain.py
[2024-04-27 23:21:54,983] {scheduler_job.py:639} INFO - DAG(s) dict_keys(['exampleSimon']) retrieved from /opt/airflow/dags/helloAgain.py
[2024-04-27 23:21:55,033] {logging_mixin.py:104} INFO - [2024-04-27 23:21:55,031] {dag.py:1824} INFO - Sync 1 DAGs
[2024-04-27 23:21:55,082] {logging_mixin.py:104} INFO - [2024-04-27 23:21:55,081] {dag.py:2280} INFO - Setting next_dagrun for exampleSimon to 2024-04-27 00:00:00+00:00
[2024-04-27 23:21:55,115] {scheduler_job.py:190} INFO - Processing /opt/airflow/dags/helloAgain.py took 0.185 seconds
[2024-04-27 23:22:25,909] {scheduler_job.py:182} INFO - Started process (PID=647) to work on /opt/airflow/dags/helloAgain.py
[2024-04-27 23:22:25,912] {scheduler_job.py:629} INFO - Processing file /opt/airflow/dags/helloAgain.py for tasks to queue
[2024-04-27 23:22:25,914] {logging_mixin.py:104} INFO - [2024-04-27 23:22:25,914] {dagbag.py:451} INFO - Filling up the DagBag from /opt/airflow/dags/helloAgain.py
[2024-04-27 23:22:25,957] {scheduler_job.py:639} INFO - DAG(s) dict_keys(['exampleSimon']) retrieved from /opt/airflow/dags/helloAgain.py
[2024-04-27 23:22:26,058] {logging_mixin.py:104} INFO - [2024-04-27 23:22:26,057] {dag.py:1824} INFO - Sync 1 DAGs
[2024-04-27 23:22:26,084] {logging_mixin.py:104} INFO - [2024-04-27 23:22:26,084] {dag.py:2280} INFO - Setting next_dagrun for exampleSimon to 2024-04-27 00:00:00+00:00
[2024-04-27 23:22:26,109] {scheduler_job.py:190} INFO - Processing /opt/airflow/dags/helloAgain.py took 0.206 seconds
[2024-04-27 23:22:56,408] {scheduler_job.py:182} INFO - Started process (PID=674) to work on /opt/airflow/dags/helloAgain.py
[2024-04-27 23:22:56,411] {scheduler_job.py:629} INFO - Processing file /opt/airflow/dags/helloAgain.py for tasks to queue
[2024-04-27 23:22:56,418] {logging_mixin.py:104} INFO - [2024-04-27 23:22:56,417] {dagbag.py:451} INFO - Filling up the DagBag from /opt/airflow/dags/helloAgain.py
[2024-04-27 23:22:56,487] {scheduler_job.py:639} INFO - DAG(s) dict_keys(['exampleSimon']) retrieved from /opt/airflow/dags/helloAgain.py
[2024-04-27 23:22:56,560] {logging_mixin.py:104} INFO - [2024-04-27 23:22:56,560] {dag.py:1824} INFO - Sync 1 DAGs
[2024-04-27 23:22:56,594] {logging_mixin.py:104} INFO - [2024-04-27 23:22:56,594] {dag.py:2280} INFO - Setting next_dagrun for exampleSimon to 2024-04-27 00:00:00+00:00
[2024-04-27 23:22:56,617] {scheduler_job.py:190} INFO - Processing /opt/airflow/dags/helloAgain.py took 0.236 seconds
[2024-04-27 23:23:27,455] {scheduler_job.py:182} INFO - Started process (PID=702) to work on /opt/airflow/dags/helloAgain.py
[2024-04-27 23:23:27,458] {scheduler_job.py:629} INFO - Processing file /opt/airflow/dags/helloAgain.py for tasks to queue
[2024-04-27 23:23:27,459] {logging_mixin.py:104} INFO - [2024-04-27 23:23:27,459] {dagbag.py:451} INFO - Filling up the DagBag from /opt/airflow/dags/helloAgain.py
[2024-04-27 23:23:27,499] {scheduler_job.py:639} INFO - DAG(s) dict_keys(['exampleSimon']) retrieved from /opt/airflow/dags/helloAgain.py
[2024-04-27 23:23:27,528] {logging_mixin.py:104} INFO - [2024-04-27 23:23:27,528] {dag.py:1824} INFO - Sync 1 DAGs
[2024-04-27 23:23:27,546] {logging_mixin.py:104} INFO - [2024-04-27 23:23:27,546] {dag.py:2280} INFO - Setting next_dagrun for exampleSimon to 2024-04-27 00:00:00+00:00
[2024-04-27 23:23:27,578] {scheduler_job.py:190} INFO - Processing /opt/airflow/dags/helloAgain.py took 0.128 seconds
[2024-04-27 23:23:57,901] {scheduler_job.py:182} INFO - Started process (PID=730) to work on /opt/airflow/dags/helloAgain.py
[2024-04-27 23:23:57,903] {scheduler_job.py:629} INFO - Processing file /opt/airflow/dags/helloAgain.py for tasks to queue
[2024-04-27 23:23:57,905] {logging_mixin.py:104} INFO - [2024-04-27 23:23:57,905] {dagbag.py:451} INFO - Filling up the DagBag from /opt/airflow/dags/helloAgain.py
[2024-04-27 23:23:57,945] {scheduler_job.py:639} INFO - DAG(s) dict_keys(['exampleSimon']) retrieved from /opt/airflow/dags/helloAgain.py
[2024-04-27 23:23:57,971] {logging_mixin.py:104} INFO - [2024-04-27 23:23:57,971] {dag.py:1824} INFO - Sync 1 DAGs
[2024-04-27 23:23:57,990] {logging_mixin.py:104} INFO - [2024-04-27 23:23:57,990] {dag.py:2280} INFO - Setting next_dagrun for exampleSimon to 2024-04-27 00:00:00+00:00
[2024-04-27 23:23:58,004] {scheduler_job.py:190} INFO - Processing /opt/airflow/dags/helloAgain.py took 0.108 seconds
[2024-04-27 23:24:28,177] {scheduler_job.py:182} INFO - Started process (PID=758) to work on /opt/airflow/dags/helloAgain.py
[2024-04-27 23:24:28,183] {scheduler_job.py:629} INFO - Processing file /opt/airflow/dags/helloAgain.py for tasks to queue
[2024-04-27 23:24:28,185] {logging_mixin.py:104} INFO - [2024-04-27 23:24:28,185] {dagbag.py:451} INFO - Filling up the DagBag from /opt/airflow/dags/helloAgain.py
[2024-04-27 23:24:28,219] {scheduler_job.py:639} INFO - DAG(s) dict_keys(['exampleSimon']) retrieved from /opt/airflow/dags/helloAgain.py
[2024-04-27 23:24:28,252] {logging_mixin.py:104} INFO - [2024-04-27 23:24:28,252] {dag.py:1824} INFO - Sync 1 DAGs
[2024-04-27 23:24:28,272] {logging_mixin.py:104} INFO - [2024-04-27 23:24:28,272] {dag.py:2280} INFO - Setting next_dagrun for exampleSimon to 2024-04-27 00:00:00+00:00
[2024-04-27 23:24:28,288] {scheduler_job.py:190} INFO - Processing /opt/airflow/dags/helloAgain.py took 0.115 seconds
[2024-04-27 23:24:58,377] {scheduler_job.py:182} INFO - Started process (PID=785) to work on /opt/airflow/dags/helloAgain.py
[2024-04-27 23:24:58,379] {scheduler_job.py:629} INFO - Processing file /opt/airflow/dags/helloAgain.py for tasks to queue
[2024-04-27 23:24:58,380] {logging_mixin.py:104} INFO - [2024-04-27 23:24:58,380] {dagbag.py:451} INFO - Filling up the DagBag from /opt/airflow/dags/helloAgain.py
[2024-04-27 23:24:58,420] {scheduler_job.py:639} INFO - DAG(s) dict_keys(['exampleSimon']) retrieved from /opt/airflow/dags/helloAgain.py
[2024-04-27 23:24:58,451] {logging_mixin.py:104} INFO - [2024-04-27 23:24:58,451] {dag.py:1824} INFO - Sync 1 DAGs
[2024-04-27 23:24:58,471] {logging_mixin.py:104} INFO - [2024-04-27 23:24:58,471] {dag.py:2280} INFO - Setting next_dagrun for exampleSimon to 2024-04-27 00:00:00+00:00
[2024-04-27 23:24:58,488] {scheduler_job.py:190} INFO - Processing /opt/airflow/dags/helloAgain.py took 0.115 seconds
[2024-04-27 23:25:29,012] {scheduler_job.py:182} INFO - Started process (PID=814) to work on /opt/airflow/dags/helloAgain.py
[2024-04-27 23:25:29,016] {scheduler_job.py:629} INFO - Processing file /opt/airflow/dags/helloAgain.py for tasks to queue
[2024-04-27 23:25:29,018] {logging_mixin.py:104} INFO - [2024-04-27 23:25:29,018] {dagbag.py:451} INFO - Filling up the DagBag from /opt/airflow/dags/helloAgain.py
[2024-04-27 23:25:29,075] {scheduler_job.py:639} INFO - DAG(s) dict_keys(['exampleSimon']) retrieved from /opt/airflow/dags/helloAgain.py
[2024-04-27 23:25:29,117] {logging_mixin.py:104} INFO - [2024-04-27 23:25:29,117] {dag.py:1824} INFO - Sync 1 DAGs
[2024-04-27 23:25:29,147] {logging_mixin.py:104} INFO - [2024-04-27 23:25:29,147] {dag.py:2280} INFO - Setting next_dagrun for exampleSimon to 2024-04-27 00:00:00+00:00
[2024-04-27 23:25:29,177] {scheduler_job.py:190} INFO - Processing /opt/airflow/dags/helloAgain.py took 0.171 seconds
[2024-04-27 23:25:59,288] {scheduler_job.py:182} INFO - Started process (PID=841) to work on /opt/airflow/dags/helloAgain.py
[2024-04-27 23:25:59,291] {scheduler_job.py:629} INFO - Processing file /opt/airflow/dags/helloAgain.py for tasks to queue
[2024-04-27 23:25:59,293] {logging_mixin.py:104} INFO - [2024-04-27 23:25:59,293] {dagbag.py:451} INFO - Filling up the DagBag from /opt/airflow/dags/helloAgain.py
[2024-04-27 23:25:59,324] {scheduler_job.py:639} INFO - DAG(s) dict_keys(['exampleSimon']) retrieved from /opt/airflow/dags/helloAgain.py
[2024-04-27 23:25:59,360] {logging_mixin.py:104} INFO - [2024-04-27 23:25:59,360] {dag.py:1824} INFO - Sync 1 DAGs
[2024-04-27 23:25:59,384] {logging_mixin.py:104} INFO - [2024-04-27 23:25:59,384] {dag.py:2280} INFO - Setting next_dagrun for exampleSimon to 2024-04-27 00:00:00+00:00
[2024-04-27 23:25:59,399] {scheduler_job.py:190} INFO - Processing /opt/airflow/dags/helloAgain.py took 0.117 seconds
