[2024-04-27 22:51:18,664] {scheduler_job.py:182} INFO - Started process (PID=36) to work on /opt/airflow/dags/hello.py
[2024-04-27 22:51:18,671] {scheduler_job.py:629} INFO - Processing file /opt/airflow/dags/hello.py for tasks to queue
[2024-04-27 22:51:18,679] {logging_mixin.py:104} INFO - [2024-04-27 22:51:18,678] {dagbag.py:451} INFO - Filling up the DagBag from /opt/airflow/dags/hello.py
[2024-04-27 22:51:18,840] {scheduler_job.py:639} INFO - DAG(s) dict_keys(['example_dag']) retrieved from /opt/airflow/dags/hello.py
[2024-04-27 22:51:18,957] {logging_mixin.py:104} INFO - [2024-04-27 22:51:18,956] {dag.py:1824} INFO - Sync 1 DAGs
[2024-04-27 22:51:19,004] {logging_mixin.py:104} INFO - [2024-04-27 22:51:19,003] {dag.py:1843} INFO - Creating ORM DAG for example_dag
[2024-04-27 22:51:19,053] {logging_mixin.py:104} INFO - [2024-04-27 22:51:19,053] {dag.py:2280} INFO - Setting next_dagrun for example_dag to 2022-01-01T00:00:00+00:00
[2024-04-27 22:51:19,145] {scheduler_job.py:190} INFO - Processing /opt/airflow/dags/hello.py took 0.495 seconds
[2024-04-27 22:51:50,418] {scheduler_job.py:182} INFO - Started process (PID=65) to work on /opt/airflow/dags/hello.py
[2024-04-27 22:51:50,421] {scheduler_job.py:629} INFO - Processing file /opt/airflow/dags/hello.py for tasks to queue
[2024-04-27 22:51:50,423] {logging_mixin.py:104} INFO - [2024-04-27 22:51:50,423] {dagbag.py:451} INFO - Filling up the DagBag from /opt/airflow/dags/hello.py
[2024-04-27 22:51:50,486] {scheduler_job.py:639} INFO - DAG(s) dict_keys(['example_dag']) retrieved from /opt/airflow/dags/hello.py
[2024-04-27 22:51:50,525] {logging_mixin.py:104} INFO - [2024-04-27 22:51:50,525] {dag.py:1824} INFO - Sync 1 DAGs
[2024-04-27 22:51:50,568] {logging_mixin.py:104} INFO - [2024-04-27 22:51:50,565] {dag.py:2280} INFO - Setting next_dagrun for example_dag to 2022-01-01T00:00:00+00:00
[2024-04-27 22:51:50,584] {scheduler_job.py:190} INFO - Processing /opt/airflow/dags/hello.py took 0.172 seconds
[2024-04-27 22:52:21,153] {scheduler_job.py:182} INFO - Started process (PID=93) to work on /opt/airflow/dags/hello.py
[2024-04-27 22:52:21,156] {scheduler_job.py:629} INFO - Processing file /opt/airflow/dags/hello.py for tasks to queue
[2024-04-27 22:52:21,158] {logging_mixin.py:104} INFO - [2024-04-27 22:52:21,158] {dagbag.py:451} INFO - Filling up the DagBag from /opt/airflow/dags/hello.py
[2024-04-27 22:52:21,208] {scheduler_job.py:639} INFO - DAG(s) dict_keys(['example_dag']) retrieved from /opt/airflow/dags/hello.py
[2024-04-27 22:52:21,246] {logging_mixin.py:104} INFO - [2024-04-27 22:52:21,245] {dag.py:1824} INFO - Sync 1 DAGs
[2024-04-27 22:52:21,276] {logging_mixin.py:104} INFO - [2024-04-27 22:52:21,276] {dag.py:2280} INFO - Setting next_dagrun for example_dag to 2022-01-01T00:00:00+00:00
[2024-04-27 22:52:21,293] {scheduler_job.py:190} INFO - Processing /opt/airflow/dags/hello.py took 0.147 seconds
[2024-04-27 22:52:51,954] {scheduler_job.py:182} INFO - Started process (PID=121) to work on /opt/airflow/dags/hello.py
[2024-04-27 22:52:51,956] {scheduler_job.py:629} INFO - Processing file /opt/airflow/dags/hello.py for tasks to queue
[2024-04-27 22:52:51,958] {logging_mixin.py:104} INFO - [2024-04-27 22:52:51,958] {dagbag.py:451} INFO - Filling up the DagBag from /opt/airflow/dags/hello.py
[2024-04-27 22:52:51,998] {scheduler_job.py:639} INFO - DAG(s) dict_keys(['example_dag']) retrieved from /opt/airflow/dags/hello.py
[2024-04-27 22:52:52,036] {logging_mixin.py:104} INFO - [2024-04-27 22:52:52,036] {dag.py:1824} INFO - Sync 1 DAGs
[2024-04-27 22:52:52,063] {logging_mixin.py:104} INFO - [2024-04-27 22:52:52,062] {dag.py:2280} INFO - Setting next_dagrun for example_dag to 2022-01-01T00:00:00+00:00
[2024-04-27 22:52:52,084] {scheduler_job.py:190} INFO - Processing /opt/airflow/dags/hello.py took 0.135 seconds
[2024-04-27 22:53:22,564] {scheduler_job.py:182} INFO - Started process (PID=148) to work on /opt/airflow/dags/hello.py
[2024-04-27 22:53:22,566] {scheduler_job.py:629} INFO - Processing file /opt/airflow/dags/hello.py for tasks to queue
[2024-04-27 22:53:22,570] {logging_mixin.py:104} INFO - [2024-04-27 22:53:22,569] {dagbag.py:451} INFO - Filling up the DagBag from /opt/airflow/dags/hello.py
[2024-04-27 22:53:22,606] {scheduler_job.py:639} INFO - DAG(s) dict_keys(['example_dag']) retrieved from /opt/airflow/dags/hello.py
[2024-04-27 22:53:22,635] {logging_mixin.py:104} INFO - [2024-04-27 22:53:22,635] {dag.py:1824} INFO - Sync 1 DAGs
[2024-04-27 22:53:22,658] {logging_mixin.py:104} INFO - [2024-04-27 22:53:22,658] {dag.py:2280} INFO - Setting next_dagrun for example_dag to 2022-01-01T00:00:00+00:00
[2024-04-27 22:53:22,678] {scheduler_job.py:190} INFO - Processing /opt/airflow/dags/hello.py took 0.119 seconds
[2024-04-27 22:53:53,327] {scheduler_job.py:182} INFO - Started process (PID=173) to work on /opt/airflow/dags/hello.py
[2024-04-27 22:53:53,330] {scheduler_job.py:629} INFO - Processing file /opt/airflow/dags/hello.py for tasks to queue
[2024-04-27 22:53:53,331] {logging_mixin.py:104} INFO - [2024-04-27 22:53:53,331] {dagbag.py:451} INFO - Filling up the DagBag from /opt/airflow/dags/hello.py
[2024-04-27 22:53:53,375] {scheduler_job.py:639} INFO - DAG(s) dict_keys(['example_dag']) retrieved from /opt/airflow/dags/hello.py
[2024-04-27 22:53:53,403] {logging_mixin.py:104} INFO - [2024-04-27 22:53:53,403] {dag.py:1824} INFO - Sync 1 DAGs
[2024-04-27 22:53:53,425] {logging_mixin.py:104} INFO - [2024-04-27 22:53:53,425] {dag.py:2280} INFO - Setting next_dagrun for example_dag to 2022-01-01T00:00:00+00:00
[2024-04-27 22:53:53,443] {scheduler_job.py:190} INFO - Processing /opt/airflow/dags/hello.py took 0.121 seconds
[2024-04-27 22:54:24,312] {scheduler_job.py:182} INFO - Started process (PID=200) to work on /opt/airflow/dags/hello.py
[2024-04-27 22:54:24,315] {scheduler_job.py:629} INFO - Processing file /opt/airflow/dags/hello.py for tasks to queue
[2024-04-27 22:54:24,317] {logging_mixin.py:104} INFO - [2024-04-27 22:54:24,316] {dagbag.py:451} INFO - Filling up the DagBag from /opt/airflow/dags/hello.py
[2024-04-27 22:54:24,355] {scheduler_job.py:639} INFO - DAG(s) dict_keys(['example_dag']) retrieved from /opt/airflow/dags/hello.py
[2024-04-27 22:54:24,388] {logging_mixin.py:104} INFO - [2024-04-27 22:54:24,388] {dag.py:1824} INFO - Sync 1 DAGs
[2024-04-27 22:54:24,416] {logging_mixin.py:104} INFO - [2024-04-27 22:54:24,416] {dag.py:2280} INFO - Setting next_dagrun for example_dag to 2022-01-01T00:00:00+00:00
[2024-04-27 22:54:24,440] {scheduler_job.py:190} INFO - Processing /opt/airflow/dags/hello.py took 0.132 seconds
[2024-04-27 22:54:54,539] {scheduler_job.py:182} INFO - Started process (PID=225) to work on /opt/airflow/dags/hello.py
[2024-04-27 22:54:54,541] {scheduler_job.py:629} INFO - Processing file /opt/airflow/dags/hello.py for tasks to queue
[2024-04-27 22:54:54,542] {logging_mixin.py:104} INFO - [2024-04-27 22:54:54,542] {dagbag.py:451} INFO - Filling up the DagBag from /opt/airflow/dags/hello.py
[2024-04-27 22:54:54,631] {scheduler_job.py:639} INFO - DAG(s) dict_keys(['hello']) retrieved from /opt/airflow/dags/hello.py
[2024-04-27 22:54:54,665] {logging_mixin.py:104} INFO - [2024-04-27 22:54:54,665] {dag.py:1824} INFO - Sync 1 DAGs
[2024-04-27 22:54:54,684] {logging_mixin.py:104} INFO - [2024-04-27 22:54:54,684] {dag.py:1843} INFO - Creating ORM DAG for hello
[2024-04-27 22:54:54,694] {logging_mixin.py:104} INFO - [2024-04-27 22:54:54,694] {dag.py:2280} INFO - Setting next_dagrun for hello to 2022-01-01T00:00:00+00:00
[2024-04-27 22:54:54,722] {scheduler_job.py:190} INFO - Processing /opt/airflow/dags/hello.py took 0.188 seconds
[2024-04-27 22:55:25,404] {scheduler_job.py:182} INFO - Started process (PID=255) to work on /opt/airflow/dags/hello.py
[2024-04-27 22:55:25,411] {scheduler_job.py:629} INFO - Processing file /opt/airflow/dags/hello.py for tasks to queue
[2024-04-27 22:55:25,414] {logging_mixin.py:104} INFO - [2024-04-27 22:55:25,414] {dagbag.py:451} INFO - Filling up the DagBag from /opt/airflow/dags/hello.py
[2024-04-27 22:55:25,504] {scheduler_job.py:639} INFO - DAG(s) dict_keys(['hello']) retrieved from /opt/airflow/dags/hello.py
[2024-04-27 22:55:25,571] {logging_mixin.py:104} INFO - [2024-04-27 22:55:25,571] {dag.py:1824} INFO - Sync 1 DAGs
[2024-04-27 22:55:25,632] {logging_mixin.py:104} INFO - [2024-04-27 22:55:25,631] {dag.py:2280} INFO - Setting next_dagrun for hello to 2022-01-01T00:00:00+00:00
[2024-04-27 22:55:25,664] {scheduler_job.py:190} INFO - Processing /opt/airflow/dags/hello.py took 0.267 seconds
[2024-04-27 23:00:13,056] {scheduler_job.py:182} INFO - Started process (PID=36) to work on /opt/airflow/dags/hello.py
[2024-04-27 23:00:13,097] {scheduler_job.py:629} INFO - Processing file /opt/airflow/dags/hello.py for tasks to queue
[2024-04-27 23:00:13,102] {logging_mixin.py:104} INFO - [2024-04-27 23:00:13,100] {dagbag.py:451} INFO - Filling up the DagBag from /opt/airflow/dags/hello.py
[2024-04-27 23:00:13,280] {scheduler_job.py:639} INFO - DAG(s) dict_keys(['hello']) retrieved from /opt/airflow/dags/hello.py
[2024-04-27 23:00:13,445] {logging_mixin.py:104} INFO - [2024-04-27 23:00:13,445] {dag.py:1824} INFO - Sync 1 DAGs
[2024-04-27 23:00:13,564] {logging_mixin.py:104} INFO - [2024-04-27 23:00:13,564] {dag.py:2280} INFO - Setting next_dagrun for hello to 2022-01-13 00:00:00+00:00
[2024-04-27 23:00:13,602] {scheduler_job.py:190} INFO - Processing /opt/airflow/dags/hello.py took 0.598 seconds
[2024-04-27 23:00:14,973] {scheduler_job.py:182} INFO - Started process (PID=48) to work on /opt/airflow/dags/hello.py
[2024-04-27 23:00:14,976] {scheduler_job.py:629} INFO - Processing file /opt/airflow/dags/hello.py for tasks to queue
[2024-04-27 23:00:14,979] {logging_mixin.py:104} INFO - [2024-04-27 23:00:14,979] {dagbag.py:451} INFO - Filling up the DagBag from /opt/airflow/dags/hello.py
[2024-04-27 23:00:15,049] {scheduler_job.py:639} INFO - DAG(s) dict_keys(['hello']) retrieved from /opt/airflow/dags/hello.py
[2024-04-27 23:00:15,190] {scheduler_job.py:596} INFO - Executed failure callback for <TaskInstance: hello.hello_task 2022-01-01 00:00:00+00:00 [failed]> in state failed
[2024-04-27 23:00:15,213] {scheduler_job.py:596} INFO - Executed failure callback for <TaskInstance: hello.hello_task 2022-01-02 00:00:00+00:00 [failed]> in state failed
[2024-04-27 23:00:15,249] {scheduler_job.py:596} INFO - Executed failure callback for <TaskInstance: hello.hello_task 2022-01-03 00:00:00+00:00 [failed]> in state failed
[2024-04-27 23:00:15,269] {scheduler_job.py:596} INFO - Executed failure callback for <TaskInstance: hello.hello_task 2022-01-04 00:00:00+00:00 [failed]> in state failed
[2024-04-27 23:00:15,301] {scheduler_job.py:596} INFO - Executed failure callback for <TaskInstance: hello.hello_task 2022-01-05 00:00:00+00:00 [failed]> in state failed
[2024-04-27 23:00:15,319] {scheduler_job.py:596} INFO - Executed failure callback for <TaskInstance: hello.hello_task 2022-01-06 00:00:00+00:00 [failed]> in state failed
[2024-04-27 23:00:15,344] {scheduler_job.py:596} INFO - Executed failure callback for <TaskInstance: hello.hello_task 2022-01-07 00:00:00+00:00 [failed]> in state failed
[2024-04-27 23:00:15,409] {scheduler_job.py:596} INFO - Executed failure callback for <TaskInstance: hello.hello_task 2022-01-08 00:00:00+00:00 [failed]> in state failed
[2024-04-27 23:00:15,562] {scheduler_job.py:596} INFO - Executed failure callback for <TaskInstance: hello.hello_task 2022-01-09 00:00:00+00:00 [failed]> in state failed
[2024-04-27 23:00:15,734] {logging_mixin.py:104} INFO - [2024-04-27 23:00:15,733] {dag.py:1824} INFO - Sync 1 DAGs
[2024-04-27 23:00:16,652] {logging_mixin.py:104} INFO - [2024-04-27 23:00:16,649] {dag.py:2280} INFO - Setting next_dagrun for hello to 2022-01-15 00:00:00+00:00
[2024-04-27 23:00:16,882] {scheduler_job.py:190} INFO - Processing /opt/airflow/dags/hello.py took 1.918 seconds
[2024-04-27 23:00:47,622] {scheduler_job.py:182} INFO - Started process (PID=76) to work on /opt/airflow/dags/hello.py
[2024-04-27 23:00:47,624] {scheduler_job.py:629} INFO - Processing file /opt/airflow/dags/hello.py for tasks to queue
[2024-04-27 23:00:47,627] {logging_mixin.py:104} INFO - [2024-04-27 23:00:47,627] {dagbag.py:451} INFO - Filling up the DagBag from /opt/airflow/dags/hello.py
[2024-04-27 23:00:47,731] {scheduler_job.py:639} INFO - DAG(s) dict_keys(['hello']) retrieved from /opt/airflow/dags/hello.py
[2024-04-27 23:00:47,979] {logging_mixin.py:104} INFO - [2024-04-27 23:00:47,971] {dag.py:1824} INFO - Sync 1 DAGs
[2024-04-27 23:00:48,218] {logging_mixin.py:104} INFO - [2024-04-27 23:00:48,216] {dag.py:2280} INFO - Setting next_dagrun for hello to 2022-01-26 00:00:00+00:00
[2024-04-27 23:00:48,498] {scheduler_job.py:190} INFO - Processing /opt/airflow/dags/hello.py took 0.887 seconds
[2024-04-27 23:02:15,695] {scheduler_job.py:182} INFO - Started process (PID=96) to work on /opt/airflow/dags/hello.py
[2024-04-27 23:02:15,715] {scheduler_job.py:629} INFO - Processing file /opt/airflow/dags/hello.py for tasks to queue
[2024-04-27 23:02:15,718] {logging_mixin.py:104} INFO - [2024-04-27 23:02:15,717] {dagbag.py:451} INFO - Filling up the DagBag from /opt/airflow/dags/hello.py
[2024-04-27 23:02:15,842] {scheduler_job.py:639} INFO - DAG(s) dict_keys(['hello']) retrieved from /opt/airflow/dags/hello.py
[2024-04-27 23:02:15,992] {logging_mixin.py:104} INFO - [2024-04-27 23:02:15,991] {dag.py:1824} INFO - Sync 1 DAGs
[2024-04-27 23:02:16,043] {logging_mixin.py:104} INFO - [2024-04-27 23:02:16,042] {dag.py:2280} INFO - Setting next_dagrun for hello to 2022-02-05 00:00:00+00:00
[2024-04-27 23:02:16,110] {scheduler_job.py:190} INFO - Processing /opt/airflow/dags/hello.py took 0.430 seconds
[2024-04-27 23:02:46,497] {scheduler_job.py:182} INFO - Started process (PID=123) to work on /opt/airflow/dags/hello.py
[2024-04-27 23:02:46,501] {scheduler_job.py:629} INFO - Processing file /opt/airflow/dags/hello.py for tasks to queue
[2024-04-27 23:02:46,506] {logging_mixin.py:104} INFO - [2024-04-27 23:02:46,506] {dagbag.py:451} INFO - Filling up the DagBag from /opt/airflow/dags/hello.py
[2024-04-27 23:02:46,605] {scheduler_job.py:639} INFO - DAG(s) dict_keys(['hello']) retrieved from /opt/airflow/dags/hello.py
[2024-04-27 23:02:46,694] {logging_mixin.py:104} INFO - [2024-04-27 23:02:46,694] {dag.py:1824} INFO - Sync 1 DAGs
[2024-04-27 23:02:46,726] {logging_mixin.py:104} INFO - [2024-04-27 23:02:46,726] {dag.py:2280} INFO - Setting next_dagrun for hello to 2022-02-17 00:00:00+00:00
[2024-04-27 23:02:46,759] {scheduler_job.py:190} INFO - Processing /opt/airflow/dags/hello.py took 0.282 seconds
[2024-04-27 23:05:02,547] {scheduler_job.py:182} INFO - Started process (PID=153) to work on /opt/airflow/dags/hello.py
[2024-04-27 23:05:02,554] {scheduler_job.py:629} INFO - Processing file /opt/airflow/dags/hello.py for tasks to queue
[2024-04-27 23:05:02,567] {logging_mixin.py:104} INFO - [2024-04-27 23:05:02,566] {dagbag.py:451} INFO - Filling up the DagBag from /opt/airflow/dags/hello.py
[2024-04-27 23:05:02,758] {scheduler_job.py:639} INFO - DAG(s) dict_keys(['hello']) retrieved from /opt/airflow/dags/hello.py
[2024-04-27 23:05:02,923] {logging_mixin.py:104} INFO - [2024-04-27 23:05:02,922] {dag.py:1824} INFO - Sync 1 DAGs
[2024-04-27 23:05:03,040] {logging_mixin.py:104} INFO - [2024-04-27 23:05:03,040] {dag.py:2280} INFO - Setting next_dagrun for hello to 2022-03-10 00:00:00+00:00
[2024-04-27 23:05:03,095] {scheduler_job.py:190} INFO - Processing /opt/airflow/dags/hello.py took 0.566 seconds
[2024-04-27 23:05:33,398] {scheduler_job.py:182} INFO - Started process (PID=179) to work on /opt/airflow/dags/hello.py
[2024-04-27 23:05:33,402] {scheduler_job.py:629} INFO - Processing file /opt/airflow/dags/hello.py for tasks to queue
[2024-04-27 23:05:33,406] {logging_mixin.py:104} INFO - [2024-04-27 23:05:33,406] {dagbag.py:451} INFO - Filling up the DagBag from /opt/airflow/dags/hello.py
[2024-04-27 23:05:33,491] {scheduler_job.py:639} INFO - DAG(s) dict_keys(['hello']) retrieved from /opt/airflow/dags/hello.py
[2024-04-27 23:05:33,659] {logging_mixin.py:104} INFO - [2024-04-27 23:05:33,651] {dag.py:1824} INFO - Sync 1 DAGs
[2024-04-27 23:05:33,758] {logging_mixin.py:104} INFO - [2024-04-27 23:05:33,757] {dag.py:2280} INFO - Setting next_dagrun for hello to 2022-03-26 00:00:00+00:00
[2024-04-27 23:05:34,081] {scheduler_job.py:190} INFO - Processing /opt/airflow/dags/hello.py took 0.693 seconds
[2024-04-27 23:09:17,465] {scheduler_job.py:182} INFO - Started process (PID=213) to work on /opt/airflow/dags/hello.py
[2024-04-27 23:09:17,468] {scheduler_job.py:629} INFO - Processing file /opt/airflow/dags/hello.py for tasks to queue
[2024-04-27 23:09:17,473] {logging_mixin.py:104} INFO - [2024-04-27 23:09:17,472] {dagbag.py:451} INFO - Filling up the DagBag from /opt/airflow/dags/hello.py
[2024-04-27 23:09:17,536] {scheduler_job.py:639} INFO - DAG(s) dict_keys(['hello']) retrieved from /opt/airflow/dags/hello.py
[2024-04-27 23:09:17,622] {logging_mixin.py:104} INFO - [2024-04-27 23:09:17,621] {dag.py:1824} INFO - Sync 1 DAGs
[2024-04-27 23:09:17,675] {logging_mixin.py:104} INFO - [2024-04-27 23:09:17,675] {dag.py:2280} INFO - Setting next_dagrun for hello to 2022-04-06 00:00:00+00:00
[2024-04-27 23:09:17,701] {scheduler_job.py:190} INFO - Processing /opt/airflow/dags/hello.py took 0.252 seconds
[2024-04-27 23:11:22,090] {scheduler_job.py:182} INFO - Started process (PID=243) to work on /opt/airflow/dags/hello.py
[2024-04-27 23:11:22,096] {scheduler_job.py:629} INFO - Processing file /opt/airflow/dags/hello.py for tasks to queue
[2024-04-27 23:11:22,099] {logging_mixin.py:104} INFO - [2024-04-27 23:11:22,098] {dagbag.py:451} INFO - Filling up the DagBag from /opt/airflow/dags/hello.py
[2024-04-27 23:11:22,152] {scheduler_job.py:639} INFO - DAG(s) dict_keys(['hello']) retrieved from /opt/airflow/dags/hello.py
[2024-04-27 23:11:22,225] {logging_mixin.py:104} INFO - [2024-04-27 23:11:22,225] {dag.py:1824} INFO - Sync 1 DAGs
[2024-04-27 23:11:22,244] {logging_mixin.py:104} INFO - [2024-04-27 23:11:22,244] {dag.py:1843} INFO - Creating ORM DAG for hello
[2024-04-27 23:11:22,275] {logging_mixin.py:104} INFO - [2024-04-27 23:11:22,268] {dag.py:2280} INFO - Setting next_dagrun for hello to 2022-01-01T00:00:00+00:00
[2024-04-27 23:11:22,319] {scheduler_job.py:190} INFO - Processing /opt/airflow/dags/hello.py took 0.237 seconds
[2024-04-27 23:11:54,553] {scheduler_job.py:182} INFO - Started process (PID=270) to work on /opt/airflow/dags/hello.py
[2024-04-27 23:11:54,558] {scheduler_job.py:629} INFO - Processing file /opt/airflow/dags/hello.py for tasks to queue
[2024-04-27 23:11:54,565] {logging_mixin.py:104} INFO - [2024-04-27 23:11:54,565] {dagbag.py:451} INFO - Filling up the DagBag from /opt/airflow/dags/hello.py
[2024-04-27 23:11:54,657] {scheduler_job.py:639} INFO - DAG(s) dict_keys(['hello']) retrieved from /opt/airflow/dags/hello.py
[2024-04-27 23:11:54,767] {logging_mixin.py:104} INFO - [2024-04-27 23:11:54,767] {dag.py:1824} INFO - Sync 1 DAGs
[2024-04-27 23:11:54,824] {logging_mixin.py:104} INFO - [2024-04-27 23:11:54,822] {dag.py:2280} INFO - Setting next_dagrun for hello to 2022-01-01T00:00:00+00:00
[2024-04-27 23:11:54,914] {scheduler_job.py:190} INFO - Processing /opt/airflow/dags/hello.py took 0.367 seconds
