[2024-04-27 23:19:56,620] {taskinstance.py:877} INFO - Dependencies all met for <TaskInstance: exampleSimon.run_after_loop 2024-04-26T00:00:00+00:00 [queued]>
[2024-04-27 23:19:56,653] {taskinstance.py:877} INFO - Dependencies all met for <TaskInstance: exampleSimon.run_after_loop 2024-04-26T00:00:00+00:00 [queued]>
[2024-04-27 23:19:56,654] {taskinstance.py:1068} INFO - 
--------------------------------------------------------------------------------
[2024-04-27 23:19:56,656] {taskinstance.py:1069} INFO - Starting attempt 1 of 1
[2024-04-27 23:19:56,657] {taskinstance.py:1070} INFO - 
--------------------------------------------------------------------------------
[2024-04-27 23:19:56,706] {taskinstance.py:1089} INFO - Executing <Task(BashOperator): run_after_loop> on 2024-04-26T00:00:00+00:00
[2024-04-27 23:19:56,718] {standard_task_runner.py:52} INFO - Started process 230 to run task
[2024-04-27 23:19:56,750] {standard_task_runner.py:76} INFO - Running: ['airflow', 'tasks', 'run', 'exampleSimon', 'run_after_loop', '2024-04-26T00:00:00+00:00', '--job-id', '94', '--pool', 'default_pool', '--raw', '--subdir', 'DAGS_FOLDER/helloAgain.py', '--cfg-path', '/tmp/tmpz6tcbu74', '--error-file', '/tmp/tmp4015gfua']
[2024-04-27 23:19:56,754] {standard_task_runner.py:77} INFO - Job 94: Subtask run_after_loop
[2024-04-27 23:19:56,877] {logging_mixin.py:104} INFO - Running <TaskInstance: exampleSimon.run_after_loop 2024-04-26T00:00:00+00:00 [running]> on host 10d8235a57dc
[2024-04-27 23:19:56,999] {taskinstance.py:1283} INFO - Exporting the following env vars:
AIRFLOW_CTX_DAG_OWNER=airflow
AIRFLOW_CTX_DAG_ID=exampleSimon
AIRFLOW_CTX_TASK_ID=run_after_loop
AIRFLOW_CTX_EXECUTION_DATE=2024-04-26T00:00:00+00:00
AIRFLOW_CTX_DAG_RUN_ID=scheduled__2024-04-26T00:00:00+00:00
[2024-04-27 23:19:57,005] {bash.py:135} INFO - Tmp dir root location: 
 /tmp
[2024-04-27 23:19:57,010] {bash.py:158} INFO - Running command: echo 1
[2024-04-27 23:19:57,030] {bash.py:169} INFO - Output:
[2024-04-27 23:19:57,033] {bash.py:173} INFO - 1
[2024-04-27 23:19:57,034] {bash.py:177} INFO - Command exited with return code 0
[2024-04-27 23:19:57,096] {taskinstance.py:1192} INFO - Marking task as SUCCESS. dag_id=exampleSimon, task_id=run_after_loop, execution_date=20240426T000000, start_date=20240427T231956, end_date=20240427T231957
[2024-04-27 23:19:57,153] {taskinstance.py:1246} INFO - 1 downstream tasks scheduled from follow-on schedule check
[2024-04-27 23:19:57,185] {local_task_job.py:146} INFO - Task exited with return code 0
