[2024-04-27 23:19:33,845] {taskinstance.py:877} INFO - Dependencies all met for <TaskInstance: exampleSimon.runme_1 2024-04-26T00:00:00+00:00 [queued]>
[2024-04-27 23:19:33,939] {taskinstance.py:877} INFO - Dependencies all met for <TaskInstance: exampleSimon.runme_1 2024-04-26T00:00:00+00:00 [queued]>
[2024-04-27 23:19:33,944] {taskinstance.py:1068} INFO - 
--------------------------------------------------------------------------------
[2024-04-27 23:19:33,957] {taskinstance.py:1069} INFO - Starting attempt 1 of 1
[2024-04-27 23:19:33,958] {taskinstance.py:1070} INFO - 
--------------------------------------------------------------------------------
[2024-04-27 23:19:34,059] {taskinstance.py:1089} INFO - Executing <Task(BashOperator): runme_1> on 2024-04-26T00:00:00+00:00
[2024-04-27 23:19:34,129] {standard_task_runner.py:52} INFO - Started process 223 to run task
[2024-04-27 23:19:34,256] {standard_task_runner.py:76} INFO - Running: ['airflow', 'tasks', 'run', 'exampleSimon', 'runme_1', '2024-04-26T00:00:00+00:00', '--job-id', '92', '--pool', 'default_pool', '--raw', '--subdir', 'DAGS_FOLDER/helloAgain.py', '--cfg-path', '/tmp/tmpf0nimeab', '--error-file', '/tmp/tmptsr8m1qb']
[2024-04-27 23:19:35,864] {standard_task_runner.py:77} INFO - Job 92: Subtask runme_1
[2024-04-27 23:19:51,278] {logging_mixin.py:104} INFO - Running <TaskInstance: exampleSimon.runme_1 2024-04-26T00:00:00+00:00 [running]> on host 10d8235a57dc
[2024-04-27 23:19:52,110] {taskinstance.py:1283} INFO - Exporting the following env vars:
AIRFLOW_CTX_DAG_OWNER=airflow
AIRFLOW_CTX_DAG_ID=exampleSimon
AIRFLOW_CTX_TASK_ID=runme_1
AIRFLOW_CTX_EXECUTION_DATE=2024-04-26T00:00:00+00:00
AIRFLOW_CTX_DAG_RUN_ID=scheduled__2024-04-26T00:00:00+00:00
[2024-04-27 23:19:52,138] {bash.py:135} INFO - Tmp dir root location: 
 /tmp
[2024-04-27 23:19:52,175] {bash.py:158} INFO - Running command: echo "exampleSimon__runme_1__20240426" && sleep 1
[2024-04-27 23:19:52,315] {bash.py:169} INFO - Output:
[2024-04-27 23:19:52,358] {bash.py:173} INFO - exampleSimon__runme_1__20240426
[2024-04-27 23:19:53,363] {bash.py:177} INFO - Command exited with return code 0
[2024-04-27 23:19:53,501] {taskinstance.py:1192} INFO - Marking task as SUCCESS. dag_id=exampleSimon, task_id=runme_1, execution_date=20240426T000000, start_date=20240427T231933, end_date=20240427T231953
[2024-04-27 23:19:53,720] {taskinstance.py:1246} INFO - 0 downstream tasks scheduled from follow-on schedule check
[2024-04-27 23:19:53,841] {local_task_job.py:146} INFO - Task exited with return code 0
