[2024-04-27 23:19:32,678] {taskinstance.py:877} INFO - Dependencies all met for <TaskInstance: exampleSimon.runme_0 2024-04-25T00:00:00+00:00 [queued]>
[2024-04-27 23:19:32,751] {taskinstance.py:877} INFO - Dependencies all met for <TaskInstance: exampleSimon.runme_0 2024-04-25T00:00:00+00:00 [queued]>
[2024-04-27 23:19:32,752] {taskinstance.py:1068} INFO - 
--------------------------------------------------------------------------------
[2024-04-27 23:19:32,759] {taskinstance.py:1069} INFO - Starting attempt 1 of 1
[2024-04-27 23:19:32,760] {taskinstance.py:1070} INFO - 
--------------------------------------------------------------------------------
[2024-04-27 23:19:32,822] {taskinstance.py:1089} INFO - Executing <Task(BashOperator): runme_0> on 2024-04-25T00:00:00+00:00
[2024-04-27 23:19:32,833] {standard_task_runner.py:52} INFO - Started process 217 to run task
[2024-04-27 23:19:32,857] {standard_task_runner.py:76} INFO - Running: ['airflow', 'tasks', 'run', 'exampleSimon', 'runme_0', '2024-04-25T00:00:00+00:00', '--job-id', '88', '--pool', 'default_pool', '--raw', '--subdir', 'DAGS_FOLDER/helloAgain.py', '--cfg-path', '/tmp/tmppa2m656h', '--error-file', '/tmp/tmptw56hf29']
[2024-04-27 23:19:32,859] {standard_task_runner.py:77} INFO - Job 88: Subtask runme_0
[2024-04-27 23:19:33,125] {logging_mixin.py:104} INFO - Running <TaskInstance: exampleSimon.runme_0 2024-04-25T00:00:00+00:00 [running]> on host 10d8235a57dc
[2024-04-27 23:19:33,458] {taskinstance.py:1283} INFO - Exporting the following env vars:
AIRFLOW_CTX_DAG_OWNER=airflow
AIRFLOW_CTX_DAG_ID=exampleSimon
AIRFLOW_CTX_TASK_ID=runme_0
AIRFLOW_CTX_EXECUTION_DATE=2024-04-25T00:00:00+00:00
AIRFLOW_CTX_DAG_RUN_ID=scheduled__2024-04-25T00:00:00+00:00
[2024-04-27 23:19:33,477] {bash.py:135} INFO - Tmp dir root location: 
 /tmp
[2024-04-27 23:19:33,496] {bash.py:158} INFO - Running command: echo "exampleSimon__runme_0__20240425" && sleep 1
[2024-04-27 23:19:33,622] {bash.py:169} INFO - Output:
[2024-04-27 23:19:33,707] {bash.py:173} INFO - exampleSimon__runme_0__20240425
[2024-04-27 23:19:34,788] {bash.py:177} INFO - Command exited with return code 0
[2024-04-27 23:19:51,387] {taskinstance.py:1192} INFO - Marking task as SUCCESS. dag_id=exampleSimon, task_id=runme_0, execution_date=20240425T000000, start_date=20240427T231932, end_date=20240427T231951
[2024-04-27 23:19:52,037] {taskinstance.py:1246} INFO - 0 downstream tasks scheduled from follow-on schedule check
[2024-04-27 23:19:52,143] {local_task_job.py:146} INFO - Task exited with return code 0
