[2024-04-27 23:09:17,464] {taskinstance.py:877} INFO - Dependencies all met for <TaskInstance: hello.hello_task 2022-04-01T00:00:00+00:00 [queued]>
[2024-04-27 23:09:17,571] {taskinstance.py:877} INFO - Dependencies all met for <TaskInstance: hello.hello_task 2022-04-01T00:00:00+00:00 [queued]>
[2024-04-27 23:09:17,576] {taskinstance.py:1068} INFO - 
--------------------------------------------------------------------------------
[2024-04-27 23:09:17,577] {taskinstance.py:1069} INFO - Starting attempt 1 of 2
[2024-04-27 23:09:17,578] {taskinstance.py:1070} INFO - 
--------------------------------------------------------------------------------
[2024-04-27 23:09:17,695] {taskinstance.py:1089} INFO - Executing <Task(PythonOperator): hello_task> on 2022-04-01T00:00:00+00:00
[2024-04-27 23:09:17,732] {standard_task_runner.py:52} INFO - Started process 206 to run task
[2024-04-27 23:09:17,829] {standard_task_runner.py:76} INFO - Running: ['airflow', 'tasks', 'run', 'hello', 'hello_task', '2022-04-01T00:00:00+00:00', '--job-id', '85', '--pool', 'default_pool', '--raw', '--subdir', 'DAGS_FOLDER/hello.py', '--cfg-path', '/tmp/tmp0iffcbce', '--error-file', '/tmp/tmpipmius2r']
[2024-04-27 23:09:17,831] {standard_task_runner.py:77} INFO - Job 85: Subtask hello_task
[2024-04-27 23:09:18,132] {logging_mixin.py:104} INFO - Running <TaskInstance: hello.hello_task 2022-04-01T00:00:00+00:00 [running]> on host 10d8235a57dc
[2024-04-27 23:09:18,490] {taskinstance.py:1283} INFO - Exporting the following env vars:
AIRFLOW_CTX_DAG_OWNER=airflow
AIRFLOW_CTX_DAG_ID=hello
AIRFLOW_CTX_TASK_ID=hello_task
AIRFLOW_CTX_EXECUTION_DATE=2022-04-01T00:00:00+00:00
AIRFLOW_CTX_DAG_RUN_ID=scheduled__2022-04-01T00:00:00+00:00
[2024-04-27 23:09:18,518] {python.py:118} INFO - Done. Returned value was: Hello Airflow!
[2024-04-27 23:09:18,664] {taskinstance.py:1192} INFO - Marking task as SUCCESS. dag_id=hello, task_id=hello_task, execution_date=20220401T000000, start_date=20240427T230917, end_date=20240427T230918
[2024-04-27 23:09:18,928] {taskinstance.py:1246} INFO - 1 downstream tasks scheduled from follow-on schedule check
[2024-04-27 23:09:19,099] {local_task_job.py:146} INFO - Task exited with return code 0
