[2024-04-27 23:09:15,156] {taskinstance.py:877} INFO - Dependencies all met for <TaskInstance: hello.hello_task 2022-03-28T00:00:00+00:00 [queued]>
[2024-04-27 23:09:15,418] {taskinstance.py:877} INFO - Dependencies all met for <TaskInstance: hello.hello_task 2022-03-28T00:00:00+00:00 [queued]>
[2024-04-27 23:09:15,420] {taskinstance.py:1068} INFO - 
--------------------------------------------------------------------------------
[2024-04-27 23:09:15,432] {taskinstance.py:1069} INFO - Starting attempt 1 of 2
[2024-04-27 23:09:15,436] {taskinstance.py:1070} INFO - 
--------------------------------------------------------------------------------
[2024-04-27 23:09:15,654] {taskinstance.py:1089} INFO - Executing <Task(PythonOperator): hello_task> on 2022-03-28T00:00:00+00:00
[2024-04-27 23:09:15,681] {standard_task_runner.py:52} INFO - Started process 203 to run task
[2024-04-27 23:09:15,843] {standard_task_runner.py:76} INFO - Running: ['airflow', 'tasks', 'run', 'hello', 'hello_task', '2022-03-28T00:00:00+00:00', '--job-id', '82', '--pool', 'default_pool', '--raw', '--subdir', 'DAGS_FOLDER/hello.py', '--cfg-path', '/tmp/tmp1g98t1pv', '--error-file', '/tmp/tmpcalpc52c']
[2024-04-27 23:09:15,848] {standard_task_runner.py:77} INFO - Job 82: Subtask hello_task
[2024-04-27 23:09:16,276] {logging_mixin.py:104} INFO - Running <TaskInstance: hello.hello_task 2022-03-28T00:00:00+00:00 [running]> on host 10d8235a57dc
[2024-04-27 23:09:16,760] {taskinstance.py:1283} INFO - Exporting the following env vars:
AIRFLOW_CTX_DAG_OWNER=airflow
AIRFLOW_CTX_DAG_ID=hello
AIRFLOW_CTX_TASK_ID=hello_task
AIRFLOW_CTX_EXECUTION_DATE=2022-03-28T00:00:00+00:00
AIRFLOW_CTX_DAG_RUN_ID=scheduled__2022-03-28T00:00:00+00:00
[2024-04-27 23:09:16,804] {python.py:118} INFO - Done. Returned value was: Hello Airflow!
[2024-04-27 23:09:17,033] {taskinstance.py:1192} INFO - Marking task as SUCCESS. dag_id=hello, task_id=hello_task, execution_date=20220328T000000, start_date=20240427T230915, end_date=20240427T230917
[2024-04-27 23:09:17,276] {taskinstance.py:1246} INFO - 1 downstream tasks scheduled from follow-on schedule check
[2024-04-27 23:09:17,490] {local_task_job.py:146} INFO - Task exited with return code 0
