[2024-04-27 23:19:32,822] {taskinstance.py:877} INFO - Dependencies all met for <TaskInstance: exampleSimon.also_run_this 2024-04-25T00:00:00+00:00 [queued]>
[2024-04-27 23:19:33,077] {taskinstance.py:877} INFO - Dependencies all met for <TaskInstance: exampleSimon.also_run_this 2024-04-25T00:00:00+00:00 [queued]>
[2024-04-27 23:19:33,079] {taskinstance.py:1068} INFO - 
--------------------------------------------------------------------------------
[2024-04-27 23:19:33,080] {taskinstance.py:1069} INFO - Starting attempt 1 of 1
[2024-04-27 23:19:33,081] {taskinstance.py:1070} INFO - 
--------------------------------------------------------------------------------
[2024-04-27 23:19:33,148] {taskinstance.py:1089} INFO - Executing <Task(BashOperator): also_run_this> on 2024-04-25T00:00:00+00:00
[2024-04-27 23:19:33,173] {standard_task_runner.py:52} INFO - Started process 218 to run task
[2024-04-27 23:19:33,245] {standard_task_runner.py:76} INFO - Running: ['airflow', 'tasks', 'run', 'exampleSimon', 'also_run_this', '2024-04-25T00:00:00+00:00', '--job-id', '89', '--pool', 'default_pool', '--raw', '--subdir', 'DAGS_FOLDER/helloAgain.py', '--cfg-path', '/tmp/tmpfsqerkhi', '--error-file', '/tmp/tmpfywcki1n']
[2024-04-27 23:19:33,252] {standard_task_runner.py:77} INFO - Job 89: Subtask also_run_this
[2024-04-27 23:19:33,512] {logging_mixin.py:104} INFO - Running <TaskInstance: exampleSimon.also_run_this 2024-04-25T00:00:00+00:00 [running]> on host 10d8235a57dc
[2024-04-27 23:19:33,833] {taskinstance.py:1283} INFO - Exporting the following env vars:
AIRFLOW_CTX_DAG_OWNER=airflow
AIRFLOW_CTX_DAG_ID=exampleSimon
AIRFLOW_CTX_TASK_ID=also_run_this
AIRFLOW_CTX_EXECUTION_DATE=2024-04-25T00:00:00+00:00
AIRFLOW_CTX_DAG_RUN_ID=scheduled__2024-04-25T00:00:00+00:00
[2024-04-27 23:19:33,843] {bash.py:135} INFO - Tmp dir root location: 
 /tmp
[2024-04-27 23:19:33,849] {bash.py:158} INFO - Running command: echo "run_id=scheduled__2024-04-25T00:00:00+00:00 | dag_run=<DagRun exampleSimon @ 2024-04-25 00:00:00+00:00: scheduled__2024-04-25T00:00:00+00:00, externally triggered: False>"
[2024-04-27 23:19:33,983] {bash.py:169} INFO - Output:
[2024-04-27 23:19:34,706] {bash.py:173} INFO - run_id=scheduled__2024-04-25T00:00:00+00:00 | dag_run=<DagRun exampleSimon @ 2024-04-25 00:00:00+00:00: scheduled__2024-04-25T00:00:00+00:00, externally triggered: False>
[2024-04-27 23:19:37,002] {bash.py:177} INFO - Command exited with return code 0
[2024-04-27 23:19:51,319] {taskinstance.py:1192} INFO - Marking task as SUCCESS. dag_id=exampleSimon, task_id=also_run_this, execution_date=20240425T000000, start_date=20240427T231932, end_date=20240427T231951
[2024-04-27 23:19:51,893] {taskinstance.py:1246} INFO - 0 downstream tasks scheduled from follow-on schedule check
[2024-04-27 23:19:52,052] {local_task_job.py:146} INFO - Task exited with return code 0
